Starting…
Running 'Verilator.Lint' at 'runs/wokwi/01-verilator-lint'…
Logging subprocess to [repr.filename]'runs/wokwi/01-verilator-lint/verilator-lint.log'[/repr.filename]…
Running 'Checker.LintTimingConstructs' at 'runs/wokwi/02-checker-linttimingconstructs'…
Check for Lint Timing Errors clear.
Running 'Checker.LintErrors' at 'runs/wokwi/03-checker-linterrors'…
Check for Lint errors clear.
Running 'Checker.LintWarnings' at 'runs/wokwi/04-checker-lintwarnings'…
4 Lint warnings found.
Running 'Yosys.JsonHeader' at 'runs/wokwi/05-yosys-jsonheader'…
Logging subprocess to [repr.filename]'runs/wokwi/05-yosys-jsonheader/yosys-jsonheader.log'[/repr.filename]…
Running 'Yosys.Synthesis' at 'runs/wokwi/06-yosys-synthesis'…
Logging subprocess to [repr.filename]'runs/wokwi/06-yosys-synthesis/yosys-synthesis.log'[/repr.filename]…
Parsing synthesis checks…
Running 'Checker.YosysUnmappedCells' at 'runs/wokwi/07-checker-yosysunmappedcells'…
Check for Unmapped Yosys instances clear.
Running 'Checker.YosysSynthChecks' at 'runs/wokwi/08-checker-yosyssynthchecks'…
Check for Yosys check errors clear.
Running 'Checker.NetlistAssignStatements' at 'runs/wokwi/09-checker-netlistassignstatements'…
Running 'OpenROAD.CheckSDCFiles' at 'runs/wokwi/10-openroad-checksdcfiles'…
'PNR_SDC_FILE' is not defined. Using generic fallback SDC for OpenROAD PnR steps.
'SIGNOFF_SDC_FILE' is not defined. Using generic fallback SDC for OpenROAD PnR steps.
Running 'OpenROAD.CheckMacroInstances' at 'runs/wokwi/11-openroad-checkmacroinstances'…
Netlists found for macro sky130_sram_256B_1rw_32x64, but no parasitics extraction found at corner nom_tt_025C_1v80. The netlist cannot be used for timing on this module.
No libs found for macro sky130_sram_256B_1rw_32x64 at corner nom_tt_025C_1v80. The module will be black-boxed.
Logging subprocess to [repr.filename]'runs/wokwi/11-openroad-checkmacroinstances/openroad-checkmacroinstances.log'[/repr.filename]…
Running 'OpenROAD.STAPrePNR' at 'runs/wokwi/12-openroad-staprepnr'…
Netlists found for macro sky130_sram_256B_1rw_32x64, but no parasitics extraction found at corner nom_tt_025C_1v80. The netlist cannot be used for timing on this module.
No libs found for macro sky130_sram_256B_1rw_32x64 at corner nom_tt_025C_1v80. The module will be black-boxed.
Starting STA for the nom_tt_025C_1v80 timing corner…
Netlists found for macro sky130_sram_256B_1rw_32x64, but no parasitics extraction found at corner nom_ss_100C_1v60. The netlist cannot be used for timing on this module.
No libs found for macro sky130_sram_256B_1rw_32x64 at corner nom_ss_100C_1v60. The module will be black-boxed.
Starting STA for the nom_ss_100C_1v60 timing corner…
Netlists found for macro sky130_sram_256B_1rw_32x64, but no parasitics extraction found at corner nom_ff_n40C_1v95. The netlist cannot be used for timing on this module.
No libs found for macro sky130_sram_256B_1rw_32x64 at corner nom_ff_n40C_1v95. The module will be black-boxed.
Starting STA for the nom_ff_n40C_1v95 timing corner…
Logging subprocess to [repr.filename]'runs/wokwi/12-openroad-staprepnr/nom_tt_025C_1v80/sta.log'[/repr.filename]…
Netlists found for macro sky130_sram_256B_1rw_32x64, but no parasitics extraction found at corner min_tt_025C_1v80. The netlist cannot be used for timing on this module.
No libs found for macro sky130_sram_256B_1rw_32x64 at corner min_tt_025C_1v80. The module will be black-boxed.
Logging subprocess to [repr.filename]'runs/wokwi/12-openroad-staprepnr/nom_ss_100C_1v60/sta.log'[/repr.filename]…
Skipping corner min_tt_025C_1v80 for STA (identical to nom_tt_025C_1v80 at this stage)…
Logging subprocess to [repr.filename]'runs/wokwi/12-openroad-staprepnr/nom_ff_n40C_1v95/sta.log'[/repr.filename]…
Netlists found for macro sky130_sram_256B_1rw_32x64, but no parasitics extraction found at corner min_ss_100C_1v60. The netlist cannot be used for timing on this module.
No libs found for macro sky130_sram_256B_1rw_32x64 at corner min_ss_100C_1v60. The module will be black-boxed.
Skipping corner min_ss_100C_1v60 for STA (identical to nom_ss_100C_1v60 at this stage)…
Netlists found for macro sky130_sram_256B_1rw_32x64, but no parasitics extraction found at corner min_ff_n40C_1v95. The netlist cannot be used for timing on this module.
No libs found for macro sky130_sram_256B_1rw_32x64 at corner min_ff_n40C_1v95. The module will be black-boxed.
Skipping corner min_ff_n40C_1v95 for STA (identical to nom_ff_n40C_1v95 at this stage)…
Netlists found for macro sky130_sram_256B_1rw_32x64, but no parasitics extraction found at corner max_tt_025C_1v80. The netlist cannot be used for timing on this module.
No libs found for macro sky130_sram_256B_1rw_32x64 at corner max_tt_025C_1v80. The module will be black-boxed.
Skipping corner max_tt_025C_1v80 for STA (identical to nom_tt_025C_1v80 at this stage)…
Netlists found for macro sky130_sram_256B_1rw_32x64, but no parasitics extraction found at corner max_ss_100C_1v60. The netlist cannot be used for timing on this module.
No libs found for macro sky130_sram_256B_1rw_32x64 at corner max_ss_100C_1v60. The module will be black-boxed.
Skipping corner max_ss_100C_1v60 for STA (identical to nom_ss_100C_1v60 at this stage)…
Netlists found for macro sky130_sram_256B_1rw_32x64, but no parasitics extraction found at corner max_ff_n40C_1v95. The netlist cannot be used for timing on this module.
No libs found for macro sky130_sram_256B_1rw_32x64 at corner max_ff_n40C_1v95. The module will be black-boxed.
Skipping corner max_ff_n40C_1v95 for STA (identical to nom_ff_n40C_1v95 at this stage)…
Finished STA for the nom_tt_025C_1v80 timing corner.
Finished STA for the nom_ff_n40C_1v95 timing corner.
Finished STA for the nom_ss_100C_1v60 timing corner.
Running 'OpenROAD.Floorplan' at 'runs/wokwi/13-openroad-floorplan'…
Logging subprocess to [repr.filename]'runs/wokwi/13-openroad-floorplan/openroad-floorplan.log'[/repr.filename]…
[ODB-0229] Error: library (sky130_sram_256B_1rw_32x64) already exists
[ORD-2011] LEF master sky130_sram_256B_1rw_32x64 has no liberty cell.
[STA-0441] set_input_delay relative to a clock defined on the same port/pin not allowed.
[STA-0441] set_input_delay relative to a clock defined on the same port/pin not allowed.
Running 'Odb.CheckMacroAntennaProperties' at 'runs/wokwi/14-odb-checkmacroantennaproperties'…
Logging subprocess to [repr.filename]'runs/wokwi/14-odb-checkmacroantennaproperties/odb-checkmacroantennaproperties.log'[/repr.filename]…
Cell 'sky130_sram_256B_1rw_32x64' has (47) input pin(s) without antenna gate information. They might not be connected to a gate.
Cell 'sky130_sram_256B_1rw_32x64' has (33) output pin(s) without antenna diffusion information. They might not be driven.
Running 'Odb.SetPowerConnections' at 'runs/wokwi/15-odb-setpowerconnections'…
Logging subprocess to [repr.filename]'runs/wokwi/15-odb-setpowerconnections/odb-setpowerconnections.log'[/repr.filename]…
Running 'Odb.ManualMacroPlacement' at 'runs/wokwi/16-odb-manualmacroplacement'…
Logging subprocess to [repr.filename]'runs/wokwi/16-odb-manualmacroplacement/odb-manualmacroplacement.log'[/repr.filename]…
Running 'OpenROAD.CutRows' at 'runs/wokwi/17-openroad-cutrows'…
Logging subprocess to [repr.filename]'runs/wokwi/17-openroad-cutrows/openroad-cutrows.log'[/repr.filename]…
[STA-0441] set_input_delay relative to a clock defined on the same port/pin not allowed.
[STA-0441] set_input_delay relative to a clock defined on the same port/pin not allowed.
Running 'OpenROAD.TapEndcapInsertion' at 'runs/wokwi/18-openroad-tapendcapinsertion'…
Logging subprocess to [repr.filename]'runs/wokwi/18-openroad-tapendcapinsertion/openroad-tapendcapinsertion.log'[/repr.filename]…
[STA-0441] set_input_delay relative to a clock defined on the same port/pin not allowed.
[STA-0441] set_input_delay relative to a clock defined on the same port/pin not allowed.
Running 'Odb.AddPDNObstructions' at 'runs/wokwi/19-odb-addpdnobstructions'…
'PDN_OBSTRUCTIONS' is not defined. Skipping 'Odb.AddPDNObstructions'…
Running 'OpenROAD.GeneratePDN' at 'runs/wokwi/20-openroad-generatepdn'…
Logging subprocess to [repr.filename]'runs/wokwi/20-openroad-generatepdn/openroad-generatepdn.log'[/repr.filename]…
[STA-0441] set_input_delay relative to a clock defined on the same port/pin not allowed.
[STA-0441] set_input_delay relative to a clock defined on the same port/pin not allowed.
Running 'Odb.RemovePDNObstructions' at 'runs/wokwi/21-odb-removepdnobstructions'…
'PDN_OBSTRUCTIONS' is not defined. Skipping 'Odb.RemovePDNObstructions'…
Running 'Odb.AddRoutingObstructions' at 'runs/wokwi/22-odb-addroutingobstructions'…
'ROUTING_OBSTRUCTIONS' is not defined. Skipping 'Odb.AddRoutingObstructions'…
Running 'OpenROAD.GlobalPlacementSkipIO' at 'runs/wokwi/23-openroad-globalplacementskipio'…
I/O pins were loaded from /workspaces/tt25a_openram_testchip/tt/def/tt_block_2x2_pg.def. Skipping the first global placement iteration…
Running 'OpenROAD.IOPlacement' at 'runs/wokwi/24-openroad-ioplacement'…
I/O pins were loaded from /workspaces/tt25a_openram_testchip/tt/def/tt_block_2x2_pg.def. Skipping OpenROAD.IOPlacement…
Running 'Odb.CustomIOPlacement' at 'runs/wokwi/25-odb-customioplacement'…
No custom floorplan file configured, skipping…
Running 'Odb.ApplyDEFTemplate' at 'runs/wokwi/26-odb-applydeftemplate'…
Logging subprocess to [repr.filename]'runs/wokwi/26-odb-applydeftemplate/odb-applydeftemplate.log'[/repr.filename]…
Bterm VPWR is declared as a 'POWER' pin. It will be ignored.
Bterm VGND is declared as a 'GROUND' pin. It will be ignored.
Running 'OpenROAD.GlobalPlacement' at 'runs/wokwi/27-openroad-globalplacement'…
Logging subprocess to [repr.filename]'runs/wokwi/27-openroad-globalplacement/openroad-globalplacement.log'[/repr.filename]…
[STA-0441] set_input_delay relative to a clock defined on the same port/pin not allowed.
[STA-0441] set_input_delay relative to a clock defined on the same port/pin not allowed.
Running 'Odb.WriteVerilogHeader' at 'runs/wokwi/28-odb-writeverilogheader'…
Logging subprocess to [repr.filename]'runs/wokwi/28-odb-writeverilogheader/odb-writeverilogheader.log'[/repr.filename]…
Running 'Checker.PowerGridViolations' at 'runs/wokwi/29-checker-powergridviolations'…
Check for power grid violations (as reported by OpenROAD PSM- you may ignore these if LVS passes) clear.
Running 'OpenROAD.STAMidPNR' at 'runs/wokwi/30-openroad-stamidpnr'…
Logging subprocess to [repr.filename]'runs/wokwi/30-openroad-stamidpnr/openroad-stamidpnr.log'[/repr.filename]…
[STA-0441] set_input_delay relative to a clock defined on the same port/pin not allowed.
[STA-0441] set_input_delay relative to a clock defined on the same port/pin not allowed.
[GRT-0097] No global routing found for nets.
Running 'OpenROAD.RepairDesignPostGPL' at 'runs/wokwi/31-openroad-repairdesignpostgpl'…
No libs found for macro sky130_sram_256B_1rw_32x64 at corner nom_tt_025C_1v80. The module will be black-boxed.
No libs found for macro sky130_sram_256B_1rw_32x64 at corner nom_ss_100C_1v60. The module will be black-boxed.
No libs found for macro sky130_sram_256B_1rw_32x64 at corner nom_ff_n40C_1v95. The module will be black-boxed.
No libs found for macro sky130_sram_256B_1rw_32x64 at corner min_tt_025C_1v80. The module will be black-boxed.
No libs found for macro sky130_sram_256B_1rw_32x64 at corner min_ss_100C_1v60. The module will be black-boxed.
No libs found for macro sky130_sram_256B_1rw_32x64 at corner min_ff_n40C_1v95. The module will be black-boxed.
No libs found for macro sky130_sram_256B_1rw_32x64 at corner max_tt_025C_1v80. The module will be black-boxed.
No libs found for macro sky130_sram_256B_1rw_32x64 at corner max_ss_100C_1v60. The module will be black-boxed.
No libs found for macro sky130_sram_256B_1rw_32x64 at corner max_ff_n40C_1v95. The module will be black-boxed.
Logging subprocess to [repr.filename]'runs/wokwi/31-openroad-repairdesignpostgpl/openroad-repairdesignpostgpl.log'[/repr.filename]…
[STA-0441] set_input_delay relative to a clock defined on the same port/pin not allowed.
[STA-0441] set_input_delay relative to a clock defined on the same port/pin not allowed.
Running 'Odb.ManualGlobalPlacement' at 'runs/wokwi/32-odb-manualglobalplacement'…
'MANUAL_GLOBAL_PLACEMENTS' not set, skipping…
Running 'OpenROAD.DetailedPlacement' at 'runs/wokwi/33-openroad-detailedplacement'…
Logging subprocess to [repr.filename]'runs/wokwi/33-openroad-detailedplacement/openroad-detailedplacement.log'[/repr.filename]…
[STA-0441] set_input_delay relative to a clock defined on the same port/pin not allowed.
[STA-0441] set_input_delay relative to a clock defined on the same port/pin not allowed.
Running 'OpenROAD.CTS' at 'runs/wokwi/34-openroad-cts'…
No libs found for macro sky130_sram_256B_1rw_32x64 at corner nom_tt_025C_1v80. The module will be black-boxed.
No libs found for macro sky130_sram_256B_1rw_32x64 at corner nom_ss_100C_1v60. The module will be black-boxed.
No libs found for macro sky130_sram_256B_1rw_32x64 at corner nom_ff_n40C_1v95. The module will be black-boxed.
No libs found for macro sky130_sram_256B_1rw_32x64 at corner min_tt_025C_1v80. The module will be black-boxed.
No libs found for macro sky130_sram_256B_1rw_32x64 at corner min_ss_100C_1v60. The module will be black-boxed.
No libs found for macro sky130_sram_256B_1rw_32x64 at corner min_ff_n40C_1v95. The module will be black-boxed.
No libs found for macro sky130_sram_256B_1rw_32x64 at corner max_tt_025C_1v80. The module will be black-boxed.
No libs found for macro sky130_sram_256B_1rw_32x64 at corner max_ss_100C_1v60. The module will be black-boxed.
No libs found for macro sky130_sram_256B_1rw_32x64 at corner max_ff_n40C_1v95. The module will be black-boxed.
Logging subprocess to [repr.filename]'runs/wokwi/34-openroad-cts/openroad-cts.log'[/repr.filename]…
[STA-0441] set_input_delay relative to a clock defined on the same port/pin not allowed.
[STA-0441] set_input_delay relative to a clock defined on the same port/pin not allowed.
Running 'OpenROAD.STAMidPNR-1' at 'runs/wokwi/35-openroad-stamidpnr-1'…
Logging subprocess to [repr.filename]'runs/wokwi/35-openroad-stamidpnr-1/openroad-stamidpnr-1.log'[/repr.filename]…
[STA-0441] set_input_delay relative to a clock defined on the same port/pin not allowed.
[STA-0441] set_input_delay relative to a clock defined on the same port/pin not allowed.
[GRT-0097] No global routing found for nets.
Running 'OpenROAD.ResizerTimingPostCTS' at 'runs/wokwi/36-openroad-resizertimingpostcts'…
No libs found for macro sky130_sram_256B_1rw_32x64 at corner nom_tt_025C_1v80. The module will be black-boxed.
No libs found for macro sky130_sram_256B_1rw_32x64 at corner nom_ss_100C_1v60. The module will be black-boxed.
No libs found for macro sky130_sram_256B_1rw_32x64 at corner nom_ff_n40C_1v95. The module will be black-boxed.
No libs found for macro sky130_sram_256B_1rw_32x64 at corner min_tt_025C_1v80. The module will be black-boxed.
No libs found for macro sky130_sram_256B_1rw_32x64 at corner min_ss_100C_1v60. The module will be black-boxed.
No libs found for macro sky130_sram_256B_1rw_32x64 at corner min_ff_n40C_1v95. The module will be black-boxed.
No libs found for macro sky130_sram_256B_1rw_32x64 at corner max_tt_025C_1v80. The module will be black-boxed.
No libs found for macro sky130_sram_256B_1rw_32x64 at corner max_ss_100C_1v60. The module will be black-boxed.
No libs found for macro sky130_sram_256B_1rw_32x64 at corner max_ff_n40C_1v95. The module will be black-boxed.
Logging subprocess to [repr.filename]'runs/wokwi/36-openroad-resizertimingpostcts/openroad-resizertimingpostcts.log'[/repr.filename]…
[STA-0441] set_input_delay relative to a clock defined on the same port/pin not allowed.
[STA-0441] set_input_delay relative to a clock defined on the same port/pin not allowed.
Running 'OpenROAD.STAMidPNR-2' at 'runs/wokwi/37-openroad-stamidpnr-2'…
Logging subprocess to [repr.filename]'runs/wokwi/37-openroad-stamidpnr-2/openroad-stamidpnr-2.log'[/repr.filename]…
[STA-0441] set_input_delay relative to a clock defined on the same port/pin not allowed.
[STA-0441] set_input_delay relative to a clock defined on the same port/pin not allowed.
[GRT-0097] No global routing found for nets.
Running 'OpenROAD.GlobalRouting' at 'runs/wokwi/38-openroad-globalrouting'…
Logging subprocess to [repr.filename]'runs/wokwi/38-openroad-globalrouting/openroad-globalrouting.log'[/repr.filename]…
[STA-0441] set_input_delay relative to a clock defined on the same port/pin not allowed.
[STA-0441] set_input_delay relative to a clock defined on the same port/pin not allowed.
Running 'OpenROAD.CheckAntennas' at 'runs/wokwi/39-openroad-checkantennas'…
Logging subprocess to [repr.filename]'runs/wokwi/39-openroad-checkantennas/openroad-checkantennas.log'[/repr.filename]…
[STA-0441] set_input_delay relative to a clock defined on the same port/pin not allowed.
[STA-0441] set_input_delay relative to a clock defined on the same port/pin not allowed.
Gating variable for step 'OpenROAD.RepairDesignPostGRT' set to 'False'- the step will be skipped.
Skipping step 'Repair Design (Post-Global Routing)'…
Running 'Odb.DiodesOnPorts' at 'runs/wokwi/40-odb-diodesonports'…
'DIODE_ON_PORTS' is set to 'none': skipping…
Gating variable for step 'Odb.HeuristicDiodeInsertion' set to 'False'- the step will be skipped.
Skipping step 'Heuristic Diode Insertion'…
Running 'OpenROAD.RepairAntennas' at 'runs/wokwi/41-openroad-repairantennas'…
Running 'DiodeInsertion' at 'runs/wokwi/41-openroad-repairantennas/1-diodeinsertion'…
Logging subprocess to [repr.filename]'runs/wokwi/41-openroad-repairantennas/1-diodeinsertion/diodeinsertion.log'[/repr.filename]…
[STA-0441] set_input_delay relative to a clock defined on the same port/pin not allowed.
[STA-0441] set_input_delay relative to a clock defined on the same port/pin not allowed.
Running 'OpenROAD.CheckAntennas' at 'runs/wokwi/41-openroad-repairantennas/2-openroad-checkantennas'…
Logging subprocess to [repr.filename]'runs/wokwi/41-openroad-repairantennas/2-openroad-checkantennas/openroad-checkantennas.log'[/repr.filename]…
[STA-0441] set_input_delay relative to a clock defined on the same port/pin not allowed.
[STA-0441] set_input_delay relative to a clock defined on the same port/pin not allowed.
Gating variable for step 'OpenROAD.ResizerTimingPostGRT' set to 'False'- the step will be skipped.
Skipping step 'Resizer Timing Optimizations (Post-Global Routing)'…
Running 'OpenROAD.STAMidPNR-3' at 'runs/wokwi/42-openroad-stamidpnr-3'…
Logging subprocess to [repr.filename]'runs/wokwi/42-openroad-stamidpnr-3/openroad-stamidpnr-3.log'[/repr.filename]…
[STA-0441] set_input_delay relative to a clock defined on the same port/pin not allowed.
[STA-0441] set_input_delay relative to a clock defined on the same port/pin not allowed.
Running 'OpenROAD.DetailedRouting' at 'runs/wokwi/43-openroad-detailedrouting'…
Running TritonRoute with 16 threads…
Logging subprocess to [repr.filename]'runs/wokwi/43-openroad-detailedrouting/openroad-detailedrouting.log'[/repr.filename]…
[STA-0441] set_input_delay relative to a clock defined on the same port/pin not allowed.
[STA-0441] set_input_delay relative to a clock defined on the same port/pin not allowed.
[DRT-0349] LEF58_ENCLOSURE with no CUTCLASS is not supported. Skipping for layer mcon
[DRT-0349] LEF58_ENCLOSURE with no CUTCLASS is not supported. Skipping for layer mcon
[DRT-0349] LEF58_ENCLOSURE with no CUTCLASS is not supported. Skipping for layer via
[DRT-0349] LEF58_ENCLOSURE with no CUTCLASS is not supported. Skipping for layer via
[DRT-0349] LEF58_ENCLOSURE with no CUTCLASS is not supported. Skipping for layer via2
[DRT-0349] LEF58_ENCLOSURE with no CUTCLASS is not supported. Skipping for layer via2
[DRT-0349] LEF58_ENCLOSURE with no CUTCLASS is not supported. Skipping for layer via3
[DRT-0349] LEF58_ENCLOSURE with no CUTCLASS is not supported. Skipping for layer via3
[DRT-0349] LEF58_ENCLOSURE with no CUTCLASS is not supported. Skipping for layer via4
[DRT-0349] LEF58_ENCLOSURE with no CUTCLASS is not supported. Skipping for layer via4
[DRT-0418] Term SRAM/din0[1] has no pins on routing grid
[DRT-0418] Term SRAM/din0[4] has no pins on routing grid
[DRT-0418] Term SRAM/din0[7] has no pins on routing grid
[DRT-0418] Term SRAM/din0[9] has no pins on routing grid
[DRT-0418] Term SRAM/din0[10] has no pins on routing grid
[DRT-0418] Term SRAM/din0[12] has no pins on routing grid
[DRT-0418] Term SRAM/din0[13] has no pins on routing grid
[DRT-0418] Term SRAM/din0[15] has no pins on routing grid
[DRT-0418] Term SRAM/din0[16] has no pins on routing grid
[DRT-0418] Term SRAM/din0[18] has no pins on routing grid
[DRT-0418] Term SRAM/din0[19] has no pins on routing grid
[DRT-0418] Term SRAM/din0[21] has no pins on routing grid
[DRT-0418] Term SRAM/din0[22] has no pins on routing grid
[DRT-0418] Term SRAM/din0[24] has no pins on routing grid
[DRT-0418] Term SRAM/din0[27] has no pins on routing grid
[DRT-0418] Term SRAM/din0[30] has no pins on routing grid
[DRT-0418] Term SRAM/din0[32] has no pins on routing grid
[DRT-0418] Term SRAM/addr0[0] has no pins on routing grid
[DRT-0418] Term SRAM/addr0[1] has no pins on routing grid
[DRT-0418] Term SRAM/addr0[2] has no pins on routing grid
[DRT-0418] Term SRAM/addr0[3] has no pins on routing grid
[DRT-0418] Term SRAM/clk0 has no pins on routing grid
[DRT-0418] Term SRAM/wmask0[0] has no pins on routing grid
[DRT-0418] Term SRAM/wmask0[2] has no pins on routing grid
[DRT-0418] Term SRAM/wmask0[3] has no pins on routing grid
[DRT-0418] Term SRAM/spare_wen0 has no pins on routing grid
[DRT-0418] Term SRAM/dout0[0] has no pins on routing grid
[DRT-0418] Term SRAM/dout0[2] has no pins on routing grid
[DRT-0418] Term SRAM/dout0[3] has no pins on routing grid
[DRT-0418] Term SRAM/dout0[4] has no pins on routing grid
[DRT-0418] Term SRAM/dout0[5] has no pins on routing grid
[DRT-0418] Term SRAM/dout0[6] has no pins on routing grid
[DRT-0418] Term SRAM/dout0[9] has no pins on routing grid
[DRT-0418] Term SRAM/dout0[10] has no pins on routing grid
[DRT-0418] Term SRAM/dout0[12] has no pins on routing grid
[DRT-0418] Term SRAM/dout0[13] has no pins on routing grid
[DRT-0418] Term SRAM/dout0[17] has no pins on routing grid
[DRT-0418] Term SRAM/dout0[18] has no pins on routing grid
[DRT-0418] Term SRAM/dout0[19] has no pins on routing grid
[DRT-0418] Term SRAM/dout0[20] has no pins on routing grid
[DRT-0418] Term SRAM/dout0[21] has no pins on routing grid
[DRT-0418] Term SRAM/dout0[23] has no pins on routing grid
[DRT-0418] Term SRAM/dout0[24] has no pins on routing grid
[DRT-0418] Term SRAM/dout0[25] has no pins on routing grid
[DRT-0418] Term SRAM/dout0[26] has no pins on routing grid
[DRT-0418] Term SRAM/dout0[27] has no pins on routing grid
[DRT-0418] Term SRAM/dout0[30] has no pins on routing grid
[DRT-0418] Term SRAM/dout0[31] has no pins on routing grid
[DRT-0418] Term SRAM/dout0[32] has no pins on routing grid
Running 'Odb.RemoveRoutingObstructions' at 'runs/wokwi/44-odb-removeroutingobstructions'…
'ROUTING_OBSTRUCTIONS' is not defined. Skipping 'Odb.RemoveRoutingObstructions'…
Running 'OpenROAD.CheckAntennas-1' at 'runs/wokwi/45-openroad-checkantennas-1'…
Logging subprocess to [repr.filename]'runs/wokwi/45-openroad-checkantennas-1/openroad-checkantennas-1.log'[/repr.filename]…
[STA-0441] set_input_delay relative to a clock defined on the same port/pin not allowed.
[STA-0441] set_input_delay relative to a clock defined on the same port/pin not allowed.
Running 'Checker.TrDRC' at 'runs/wokwi/46-checker-trdrc'…
Check for Routing DRC errors clear.
Running 'Odb.ReportDisconnectedPins' at 'runs/wokwi/47-odb-reportdisconnectedpins'…
Logging subprocess to [repr.filename]'runs/wokwi/47-odb-reportdisconnectedpins/odb-reportdisconnectedpins.log'[/repr.filename]…
Running 'Checker.DisconnectedPins' at 'runs/wokwi/48-checker-disconnectedpins'…
Check for critical disconnected pins clear.
Running 'Odb.ReportWireLength' at 'runs/wokwi/49-odb-reportwirelength'…
Logging subprocess to [repr.filename]'runs/wokwi/49-odb-reportwirelength/odb-reportwirelength.log'[/repr.filename]…
Running 'Checker.WireLength' at 'runs/wokwi/50-checker-wirelength'…
Threshold for Threshold-surpassing long wires is not set. The checker will be skipped.
Running 'OpenROAD.FillInsertion' at 'runs/wokwi/51-openroad-fillinsertion'…
Logging subprocess to [repr.filename]'runs/wokwi/51-openroad-fillinsertion/openroad-fillinsertion.log'[/repr.filename]…
[STA-0441] set_input_delay relative to a clock defined on the same port/pin not allowed.
[STA-0441] set_input_delay relative to a clock defined on the same port/pin not allowed.
Running 'Odb.CellFrequencyTables' at 'runs/wokwi/52-odb-cellfrequencytables'…
Logging subprocess to [repr.filename]'runs/wokwi/52-odb-cellfrequencytables/buffer_list.txt'[/repr.filename]…
Logging subprocess to [repr.filename]'runs/wokwi/52-odb-cellfrequencytables/odb-cellfrequencytables.log'[/repr.filename]…
Running 'OpenROAD.RCX' at 'runs/wokwi/53-openroad-rcx'…
Running RCX for corners matching nom_* (/workspaces/tt25a_openram_testchip/runs/wokwi/53-openroad-rcx/nom/rcx.log)…
Running RCX for corners matching min_* (/workspaces/tt25a_openram_testchip/runs/wokwi/53-openroad-rcx/min/rcx.log)…
Running RCX for corners matching max_* (/workspaces/tt25a_openram_testchip/runs/wokwi/53-openroad-rcx/max/rcx.log)…
Logging subprocess to [repr.filename]'runs/wokwi/53-openroad-rcx/min/rcx.log'[/repr.filename]…
Logging subprocess to [repr.filename]'runs/wokwi/53-openroad-rcx/nom/rcx.log'[/repr.filename]…
Logging subprocess to [repr.filename]'runs/wokwi/53-openroad-rcx/max/rcx.log'[/repr.filename]…
[ODB-0229] Error: library (sky130_sram_256B_1rw_32x64) already exists
[ODB-0229] Error: library (sky130_sram_256B_1rw_32x64) already exists
[ODB-0229] Error: library (sky130_sram_256B_1rw_32x64) already exists
Finished RCX for corners matching nom_*.
Finished RCX for corners matching max_*.
Finished RCX for corners matching min_*.
Running 'OpenROAD.STAPostPNR' at 'runs/wokwi/54-openroad-stapostpnr'…
Netlists found for macro sky130_sram_256B_1rw_32x64, but no parasitics extraction found at corner nom_tt_025C_1v80. The netlist cannot be used for timing on this module.
No libs found for macro sky130_sram_256B_1rw_32x64 at corner nom_tt_025C_1v80. The module will be black-boxed.
Starting STA for the nom_tt_025C_1v80 timing corner…
Netlists found for macro sky130_sram_256B_1rw_32x64, but no parasitics extraction found at corner nom_ss_100C_1v60. The netlist cannot be used for timing on this module.
No libs found for macro sky130_sram_256B_1rw_32x64 at corner nom_ss_100C_1v60. The module will be black-boxed.
Starting STA for the nom_ss_100C_1v60 timing corner…
Netlists found for macro sky130_sram_256B_1rw_32x64, but no parasitics extraction found at corner nom_ff_n40C_1v95. The netlist cannot be used for timing on this module.
Logging subprocess to [repr.filename]'runs/wokwi/54-openroad-stapostpnr/nom_tt_025C_1v80/sta.log'[/repr.filename]…
No libs found for macro sky130_sram_256B_1rw_32x64 at corner nom_ff_n40C_1v95. The module will be black-boxed.
Starting STA for the nom_ff_n40C_1v95 timing corner…
Logging subprocess to [repr.filename]'runs/wokwi/54-openroad-stapostpnr/nom_ss_100C_1v60/sta.log'[/repr.filename]…
Netlists found for macro sky130_sram_256B_1rw_32x64, but no parasitics extraction found at corner min_tt_025C_1v80. The netlist cannot be used for timing on this module.
No libs found for macro sky130_sram_256B_1rw_32x64 at corner min_tt_025C_1v80. The module will be black-boxed.
Starting STA for the min_tt_025C_1v80 timing corner…
Netlists found for macro sky130_sram_256B_1rw_32x64, but no parasitics extraction found at corner min_ss_100C_1v60. The netlist cannot be used for timing on this module.
No libs found for macro sky130_sram_256B_1rw_32x64 at corner min_ss_100C_1v60. The module will be black-boxed.
Starting STA for the min_ss_100C_1v60 timing corner…
Logging subprocess to [repr.filename]'runs/wokwi/54-openroad-stapostpnr/nom_ff_n40C_1v95/sta.log'[/repr.filename]…
Netlists found for macro sky130_sram_256B_1rw_32x64, but no parasitics extraction found at corner min_ff_n40C_1v95. The netlist cannot be used for timing on this module.
No libs found for macro sky130_sram_256B_1rw_32x64 at corner min_ff_n40C_1v95. The module will be black-boxed.
Logging subprocess to [repr.filename]'runs/wokwi/54-openroad-stapostpnr/min_tt_025C_1v80/sta.log'[/repr.filename]…
Starting STA for the min_ff_n40C_1v95 timing corner…
Netlists found for macro sky130_sram_256B_1rw_32x64, but no parasitics extraction found at corner max_tt_025C_1v80. The netlist cannot be used for timing on this module.
No libs found for macro sky130_sram_256B_1rw_32x64 at corner max_tt_025C_1v80. The module will be black-boxed.
Logging subprocess to [repr.filename]'runs/wokwi/54-openroad-stapostpnr/min_ss_100C_1v60/sta.log'[/repr.filename]…
Starting STA for the max_tt_025C_1v80 timing corner…
Netlists found for macro sky130_sram_256B_1rw_32x64, but no parasitics extraction found at corner max_ss_100C_1v60. The netlist cannot be used for timing on this module.
No libs found for macro sky130_sram_256B_1rw_32x64 at corner max_ss_100C_1v60. The module will be black-boxed.
Logging subprocess to [repr.filename]'runs/wokwi/54-openroad-stapostpnr/min_ff_n40C_1v95/sta.log'[/repr.filename]…
Starting STA for the max_ss_100C_1v60 timing corner…
Netlists found for macro sky130_sram_256B_1rw_32x64, but no parasitics extraction found at corner max_ff_n40C_1v95. The netlist cannot be used for timing on this module.
No libs found for macro sky130_sram_256B_1rw_32x64 at corner max_ff_n40C_1v95. The module will be black-boxed.
Logging subprocess to [repr.filename]'runs/wokwi/54-openroad-stapostpnr/max_tt_025C_1v80/sta.log'[/repr.filename]…
Starting STA for the max_ff_n40C_1v95 timing corner…
Logging subprocess to [repr.filename]'runs/wokwi/54-openroad-stapostpnr/max_ss_100C_1v60/sta.log'[/repr.filename]…
Logging subprocess to [repr.filename]'runs/wokwi/54-openroad-stapostpnr/max_ff_n40C_1v95/sta.log'[/repr.filename]…
Finished STA for the nom_tt_025C_1v80 timing corner.
Logging subprocess to [repr.filename]'runs/wokwi/54-openroad-stapostpnr/nom_tt_025C_1v80/filter_unannotated.log'[/repr.filename]…
Finished STA for the nom_ss_100C_1v60 timing corner.
Logging subprocess to [repr.filename]'runs/wokwi/54-openroad-stapostpnr/nom_ss_100C_1v60/filter_unannotated.log'[/repr.filename]…
Finished STA for the nom_ff_n40C_1v95 timing corner.
Logging subprocess to [repr.filename]'runs/wokwi/54-openroad-stapostpnr/nom_ff_n40C_1v95/filter_unannotated.log'[/repr.filename]…
Finished STA for the min_tt_025C_1v80 timing corner.
Logging subprocess to [repr.filename]'runs/wokwi/54-openroad-stapostpnr/min_tt_025C_1v80/filter_unannotated.log'[/repr.filename]…
Finished STA for the min_ss_100C_1v60 timing corner.
Logging subprocess to [repr.filename]'runs/wokwi/54-openroad-stapostpnr/min_ss_100C_1v60/filter_unannotated.log'[/repr.filename]…
Finished STA for the min_ff_n40C_1v95 timing corner.
Logging subprocess to [repr.filename]'runs/wokwi/54-openroad-stapostpnr/min_ff_n40C_1v95/filter_unannotated.log'[/repr.filename]…
Finished STA for the max_ff_n40C_1v95 timing corner.
Finished STA for the max_tt_025C_1v80 timing corner.
Finished STA for the max_ss_100C_1v60 timing corner.
Logging subprocess to [repr.filename]'runs/wokwi/54-openroad-stapostpnr/max_ff_n40C_1v95/filter_unannotated.log'[/repr.filename]…
Logging subprocess to [repr.filename]'runs/wokwi/54-openroad-stapostpnr/max_ss_100C_1v60/filter_unannotated.log'[/repr.filename]…
Logging subprocess to [repr.filename]'runs/wokwi/54-openroad-stapostpnr/max_tt_025C_1v80/filter_unannotated.log'[/repr.filename]…
Running 'OpenROAD.IRDropReport' at 'runs/wokwi/55-openroad-irdropreport'…
'VSRC_LOC_FILES' was not given a value, which may make the results of IR drop analysis inaccurate. If you are not integrating a top-level chip for manufacture, you may ignore this warning, otherwise, see the documentation for 'VSRC_LOC_FILES'.
Logging subprocess to [repr.filename]'runs/wokwi/55-openroad-irdropreport/openroad-irdropreport.log'[/repr.filename]…
[STA-0441] set_input_delay relative to a clock defined on the same port/pin not allowed.
[STA-0441] set_input_delay relative to a clock defined on the same port/pin not allowed.
[STA-1648] /workspaces/tt25a_openram_testchip/runs/wokwi/53-openroad-rcx/nom/tt_um_openram_top.nom.spef line 2592, instance clkbuf_0_ui_in\[3\] not found.
[STA-1650] /workspaces/tt25a_openram_testchip/runs/wokwi/53-openroad-rcx/nom/tt_um_openram_top.nom.spef line 2596, net clkbuf_0_ui_in\[3\] not found.
[STA-1650] /workspaces/tt25a_openram_testchip/runs/wokwi/53-openroad-rcx/nom/tt_um_openram_top.nom.spef line 2629, net clkbuf_0_ui_in\[3\] not found.
[STA-1648] /workspaces/tt25a_openram_testchip/runs/wokwi/53-openroad-rcx/nom/tt_um_openram_top.nom.spef line 2634, instance clkbuf_0_ui_in\[4\] not found.
[STA-1650] /workspaces/tt25a_openram_testchip/runs/wokwi/53-openroad-rcx/nom/tt_um_openram_top.nom.spef line 2638, net clkbuf_0_ui_in\[4\] not found.
[STA-1650] /workspaces/tt25a_openram_testchip/runs/wokwi/53-openroad-rcx/nom/tt_um_openram_top.nom.spef line 2668, net clkbuf_0_ui_in\[4\] not found.
[STA-1650] /workspaces/tt25a_openram_testchip/runs/wokwi/53-openroad-rcx/nom/tt_um_openram_top.nom.spef line 3555, net clkbuf_3_2__f_ui_in\[3\] not found.
[STA-1650] /workspaces/tt25a_openram_testchip/runs/wokwi/53-openroad-rcx/nom/tt_um_openram_top.nom.spef line 4099, net clkbuf_3_2__f_ui_in\[3\] not found.
[STA-1650] /workspaces/tt25a_openram_testchip/runs/wokwi/53-openroad-rcx/nom/tt_um_openram_top.nom.spef line 4758, net clkbuf_3_2__f_ui_in\[4\] not found.
[STA-1650] /workspaces/tt25a_openram_testchip/runs/wokwi/53-openroad-rcx/nom/tt_um_openram_top.nom.spef line 7183, net clkbuf_3_2__f_ui_in\[4\] not found.
[STA-1650] /workspaces/tt25a_openram_testchip/runs/wokwi/53-openroad-rcx/nom/tt_um_openram_top.nom.spef line 7214, net clkbuf_3_2__f_ui_in\[3\] not found.
[STA-1648] /workspaces/tt25a_openram_testchip/runs/wokwi/53-openroad-rcx/nom/tt_um_openram_top.nom.spef line 7383, instance clkbuf_3_4__f_ui_in\[3\] not found.
[STA-1648] /workspaces/tt25a_openram_testchip/runs/wokwi/53-openroad-rcx/nom/tt_um_openram_top.nom.spef line 7384, instance clkbuf_3_5__f_ui_in\[3\] not found.
[STA-1648] /workspaces/tt25a_openram_testchip/runs/wokwi/53-openroad-rcx/nom/tt_um_openram_top.nom.spef line 7385, instance clkbuf_3_7__f_ui_in\[3\] not found.
[STA-1648] /workspaces/tt25a_openram_testchip/runs/wokwi/53-openroad-rcx/nom/tt_um_openram_top.nom.spef line 7386, instance clkbuf_3_6__f_ui_in\[3\] not found.
[STA-1648] /workspaces/tt25a_openram_testchip/runs/wokwi/53-openroad-rcx/nom/tt_um_openram_top.nom.spef line 7387, instance clkbuf_3_1__f_ui_in\[3\] not found.
[STA-1648] /workspaces/tt25a_openram_testchip/runs/wokwi/53-openroad-rcx/nom/tt_um_openram_top.nom.spef line 7388, instance clkbuf_3_0__f_ui_in\[3\] not found.
[STA-1648] /workspaces/tt25a_openram_testchip/runs/wokwi/53-openroad-rcx/nom/tt_um_openram_top.nom.spef line 7389, instance clkbuf_3_3__f_ui_in\[3\] not found.
[STA-1648] /workspaces/tt25a_openram_testchip/runs/wokwi/53-openroad-rcx/nom/tt_um_openram_top.nom.spef line 7390, instance clkbuf_3_2__f_ui_in\[3\] not found.
[STA-1648] /workspaces/tt25a_openram_testchip/runs/wokwi/53-openroad-rcx/nom/tt_um_openram_top.nom.spef line 7391, instance clkbuf_0_ui_in\[3\] not found.
[STA-1650] /workspaces/tt25a_openram_testchip/runs/wokwi/53-openroad-rcx/nom/tt_um_openram_top.nom.spef line 7394, net clkbuf_3_4__f_ui_in\[3\] not found.
[STA-1650] /workspaces/tt25a_openram_testchip/runs/wokwi/53-openroad-rcx/nom/tt_um_openram_top.nom.spef line 7395, net clkbuf_3_5__f_ui_in\[3\] not found.
[STA-1650] /workspaces/tt25a_openram_testchip/runs/wokwi/53-openroad-rcx/nom/tt_um_openram_top.nom.spef line 7396, net clkbuf_3_7__f_ui_in\[3\] not found.
[STA-1650] /workspaces/tt25a_openram_testchip/runs/wokwi/53-openroad-rcx/nom/tt_um_openram_top.nom.spef line 7397, net clkbuf_3_6__f_ui_in\[3\] not found.
[STA-1650] /workspaces/tt25a_openram_testchip/runs/wokwi/53-openroad-rcx/nom/tt_um_openram_top.nom.spef line 7398, net clkbuf_3_1__f_ui_in\[3\] not found.
[STA-1650] /workspaces/tt25a_openram_testchip/runs/wokwi/53-openroad-rcx/nom/tt_um_openram_top.nom.spef line 7399, net clkbuf_3_0__f_ui_in\[3\] not found.
[STA-1650] /workspaces/tt25a_openram_testchip/runs/wokwi/53-openroad-rcx/nom/tt_um_openram_top.nom.spef line 7400, net clkbuf_3_3__f_ui_in\[3\] not found.
[STA-1650] /workspaces/tt25a_openram_testchip/runs/wokwi/53-openroad-rcx/nom/tt_um_openram_top.nom.spef line 7401, net clkbuf_3_2__f_ui_in\[3\] not found.
[STA-1650] /workspaces/tt25a_openram_testchip/runs/wokwi/53-openroad-rcx/nom/tt_um_openram_top.nom.spef line 7402, net clkbuf_0_ui_in\[3\] not found.
[STA-1650] /workspaces/tt25a_openram_testchip/runs/wokwi/53-openroad-rcx/nom/tt_um_openram_top.nom.spef line 7416, net clkbuf_3_2__f_ui_in\[3\] not found.
[STA-1650] /workspaces/tt25a_openram_testchip/runs/wokwi/53-openroad-rcx/nom/tt_um_openram_top.nom.spef line 7417, net clkbuf_3_2__f_ui_in\[3\] not found.
[STA-1650] /workspaces/tt25a_openram_testchip/runs/wokwi/53-openroad-rcx/nom/tt_um_openram_top.nom.spef line 7418, net clkbuf_3_2__f_ui_in\[3\] not found.
[STA-1650] /workspaces/tt25a_openram_testchip/runs/wokwi/53-openroad-rcx/nom/tt_um_openram_top.nom.spef line 7419, net clkbuf_3_2__f_ui_in\[3\] not found.
[STA-1650] /workspaces/tt25a_openram_testchip/runs/wokwi/53-openroad-rcx/nom/tt_um_openram_top.nom.spef line 7420, net clkbuf_3_2__f_ui_in\[3\] not found.
[STA-1650] /workspaces/tt25a_openram_testchip/runs/wokwi/53-openroad-rcx/nom/tt_um_openram_top.nom.spef line 7421, net clkbuf_3_2__f_ui_in\[3\] not found.
[STA-1650] /workspaces/tt25a_openram_testchip/runs/wokwi/53-openroad-rcx/nom/tt_um_openram_top.nom.spef line 7422, net clkbuf_3_2__f_ui_in\[3\] not found.
[STA-1650] /workspaces/tt25a_openram_testchip/runs/wokwi/53-openroad-rcx/nom/tt_um_openram_top.nom.spef line 7423, net clkbuf_3_2__f_ui_in\[3\] not found.
[STA-1650] /workspaces/tt25a_openram_testchip/runs/wokwi/53-openroad-rcx/nom/tt_um_openram_top.nom.spef line 7424, net clkbuf_3_2__f_ui_in\[3\] not found.
[STA-1650] /workspaces/tt25a_openram_testchip/runs/wokwi/53-openroad-rcx/nom/tt_um_openram_top.nom.spef line 7425, net clkbuf_3_2__f_ui_in\[3\] not found.
[STA-1650] /workspaces/tt25a_openram_testchip/runs/wokwi/53-openroad-rcx/nom/tt_um_openram_top.nom.spef line 7426, net clkbuf_3_2__f_ui_in\[3\] not found.
[STA-1650] /workspaces/tt25a_openram_testchip/runs/wokwi/53-openroad-rcx/nom/tt_um_openram_top.nom.spef line 7427, net clkbuf_3_2__f_ui_in\[3\] not found.
[STA-1650] /workspaces/tt25a_openram_testchip/runs/wokwi/53-openroad-rcx/nom/tt_um_openram_top.nom.spef line 7428, net clkbuf_3_2__f_ui_in\[3\] not found.
[STA-1650] /workspaces/tt25a_openram_testchip/runs/wokwi/53-openroad-rcx/nom/tt_um_openram_top.nom.spef line 7516, net clkbuf_3_5__f_ui_in\[4\] not found.
[STA-1650] /workspaces/tt25a_openram_testchip/runs/wokwi/53-openroad-rcx/nom/tt_um_openram_top.nom.spef line 7524, net clkbuf_3_2__f_ui_in\[3\] not found.
[STA-1650] /workspaces/tt25a_openram_testchip/runs/wokwi/53-openroad-rcx/nom/tt_um_openram_top.nom.spef line 7527, net clkbuf_3_2__f_ui_in\[3\] not found.
[STA-1650] /workspaces/tt25a_openram_testchip/runs/wokwi/53-openroad-rcx/nom/tt_um_openram_top.nom.spef line 7533, net clkbuf_3_2__f_ui_in\[3\] not found.
[STA-1650] /workspaces/tt25a_openram_testchip/runs/wokwi/53-openroad-rcx/nom/tt_um_openram_top.nom.spef line 7539, net clkbuf_0_ui_in\[3\] not found.
[STA-1650] /workspaces/tt25a_openram_testchip/runs/wokwi/53-openroad-rcx/nom/tt_um_openram_top.nom.spef line 7545, net clkbuf_3_2__f_ui_in\[3\] not found.
[STA-1650] /workspaces/tt25a_openram_testchip/runs/wokwi/53-openroad-rcx/nom/tt_um_openram_top.nom.spef line 7546, net clkbuf_3_3__f_ui_in\[3\] not found.
[STA-1650] /workspaces/tt25a_openram_testchip/runs/wokwi/53-openroad-rcx/nom/tt_um_openram_top.nom.spef line 7547, net clkbuf_3_0__f_ui_in\[3\] not found.
[STA-1650] /workspaces/tt25a_openram_testchip/runs/wokwi/53-openroad-rcx/nom/tt_um_openram_top.nom.spef line 7548, net clkbuf_3_1__f_ui_in\[3\] not found.
[STA-1650] /workspaces/tt25a_openram_testchip/runs/wokwi/53-openroad-rcx/nom/tt_um_openram_top.nom.spef line 7550, net clkbuf_3_6__f_ui_in\[3\] not found.
[STA-1650] /workspaces/tt25a_openram_testchip/runs/wokwi/53-openroad-rcx/nom/tt_um_openram_top.nom.spef line 7553, net clkbuf_3_7__f_ui_in\[3\] not found.
[STA-1650] /workspaces/tt25a_openram_testchip/runs/wokwi/53-openroad-rcx/nom/tt_um_openram_top.nom.spef line 7558, net clkbuf_3_5__f_ui_in\[3\] not found.
[STA-1650] /workspaces/tt25a_openram_testchip/runs/wokwi/53-openroad-rcx/nom/tt_um_openram_top.nom.spef line 7559, net clkbuf_3_4__f_ui_in\[3\] not found.
[STA-1648] /workspaces/tt25a_openram_testchip/runs/wokwi/53-openroad-rcx/nom/tt_um_openram_top.nom.spef line 7563, instance clkbuf_3_4__f_ui_in\[4\] not found.
[STA-1648] /workspaces/tt25a_openram_testchip/runs/wokwi/53-openroad-rcx/nom/tt_um_openram_top.nom.spef line 7564, instance clkbuf_3_5__f_ui_in\[4\] not found.
[STA-1648] /workspaces/tt25a_openram_testchip/runs/wokwi/53-openroad-rcx/nom/tt_um_openram_top.nom.spef line 7565, instance clkbuf_3_7__f_ui_in\[4\] not found.
[STA-1648] /workspaces/tt25a_openram_testchip/runs/wokwi/53-openroad-rcx/nom/tt_um_openram_top.nom.spef line 7566, instance clkbuf_3_6__f_ui_in\[4\] not found.
[STA-1648] /workspaces/tt25a_openram_testchip/runs/wokwi/53-openroad-rcx/nom/tt_um_openram_top.nom.spef line 7567, instance clkbuf_3_1__f_ui_in\[4\] not found.
[STA-1648] /workspaces/tt25a_openram_testchip/runs/wokwi/53-openroad-rcx/nom/tt_um_openram_top.nom.spef line 7568, instance clkbuf_3_0__f_ui_in\[4\] not found.
[STA-1648] /workspaces/tt25a_openram_testchip/runs/wokwi/53-openroad-rcx/nom/tt_um_openram_top.nom.spef line 7569, instance clkbuf_3_3__f_ui_in\[4\] not found.
[STA-1648] /workspaces/tt25a_openram_testchip/runs/wokwi/53-openroad-rcx/nom/tt_um_openram_top.nom.spef line 7570, instance clkbuf_3_2__f_ui_in\[4\] not found.
[STA-1648] /workspaces/tt25a_openram_testchip/runs/wokwi/53-openroad-rcx/nom/tt_um_openram_top.nom.spef line 7571, instance clkbuf_0_ui_in\[4\] not found.
[STA-1650] /workspaces/tt25a_openram_testchip/runs/wokwi/53-openroad-rcx/nom/tt_um_openram_top.nom.spef line 7574, net clkbuf_3_4__f_ui_in\[4\] not found.
[STA-1650] /workspaces/tt25a_openram_testchip/runs/wokwi/53-openroad-rcx/nom/tt_um_openram_top.nom.spef line 7575, net clkbuf_3_5__f_ui_in\[4\] not found.
[STA-1650] /workspaces/tt25a_openram_testchip/runs/wokwi/53-openroad-rcx/nom/tt_um_openram_top.nom.spef line 7576, net clkbuf_3_7__f_ui_in\[4\] not found.
[STA-1650] /workspaces/tt25a_openram_testchip/runs/wokwi/53-openroad-rcx/nom/tt_um_openram_top.nom.spef line 7577, net clkbuf_3_6__f_ui_in\[4\] not found.
[STA-1650] /workspaces/tt25a_openram_testchip/runs/wokwi/53-openroad-rcx/nom/tt_um_openram_top.nom.spef line 7578, net clkbuf_3_1__f_ui_in\[4\] not found.
[STA-1650] /workspaces/tt25a_openram_testchip/runs/wokwi/53-openroad-rcx/nom/tt_um_openram_top.nom.spef line 7579, net clkbuf_3_0__f_ui_in\[4\] not found.
[STA-1650] /workspaces/tt25a_openram_testchip/runs/wokwi/53-openroad-rcx/nom/tt_um_openram_top.nom.spef line 7580, net clkbuf_3_3__f_ui_in\[4\] not found.
[STA-1650] /workspaces/tt25a_openram_testchip/runs/wokwi/53-openroad-rcx/nom/tt_um_openram_top.nom.spef line 7581, net clkbuf_3_2__f_ui_in\[4\] not found.
[STA-1650] /workspaces/tt25a_openram_testchip/runs/wokwi/53-openroad-rcx/nom/tt_um_openram_top.nom.spef line 7582, net clkbuf_0_ui_in\[4\] not found.
[STA-1650] /workspaces/tt25a_openram_testchip/runs/wokwi/53-openroad-rcx/nom/tt_um_openram_top.nom.spef line 7594, net clkbuf_3_2__f_ui_in\[4\] not found.
[STA-1650] /workspaces/tt25a_openram_testchip/runs/wokwi/53-openroad-rcx/nom/tt_um_openram_top.nom.spef line 7595, net clkbuf_3_2__f_ui_in\[4\] not found.
[STA-1650] /workspaces/tt25a_openram_testchip/runs/wokwi/53-openroad-rcx/nom/tt_um_openram_top.nom.spef line 7596, net clkbuf_3_2__f_ui_in\[4\] not found.
[STA-1650] /workspaces/tt25a_openram_testchip/runs/wokwi/53-openroad-rcx/nom/tt_um_openram_top.nom.spef line 7597, net clkbuf_3_2__f_ui_in\[4\] not found.
[STA-1650] /workspaces/tt25a_openram_testchip/runs/wokwi/53-openroad-rcx/nom/tt_um_openram_top.nom.spef line 7598, net clkbuf_3_2__f_ui_in\[4\] not found.
[STA-1650] /workspaces/tt25a_openram_testchip/runs/wokwi/53-openroad-rcx/nom/tt_um_openram_top.nom.spef line 7599, net clkbuf_3_2__f_ui_in\[4\] not found.
[STA-1650] /workspaces/tt25a_openram_testchip/runs/wokwi/53-openroad-rcx/nom/tt_um_openram_top.nom.spef line 7600, net clkbuf_3_2__f_ui_in\[4\] not found.
[STA-1650] /workspaces/tt25a_openram_testchip/runs/wokwi/53-openroad-rcx/nom/tt_um_openram_top.nom.spef line 7601, net clkbuf_3_2__f_ui_in\[4\] not found.
[STA-1650] /workspaces/tt25a_openram_testchip/runs/wokwi/53-openroad-rcx/nom/tt_um_openram_top.nom.spef line 7602, net clkbuf_3_2__f_ui_in\[4\] not found.
[STA-1650] /workspaces/tt25a_openram_testchip/runs/wokwi/53-openroad-rcx/nom/tt_um_openram_top.nom.spef line 7603, net clkbuf_3_2__f_ui_in\[4\] not found.
[STA-1650] /workspaces/tt25a_openram_testchip/runs/wokwi/53-openroad-rcx/nom/tt_um_openram_top.nom.spef line 7604, net clkbuf_3_2__f_ui_in\[4\] not found.
[STA-1650] /workspaces/tt25a_openram_testchip/runs/wokwi/53-openroad-rcx/nom/tt_um_openram_top.nom.spef line 7605, net clkbuf_3_2__f_ui_in\[4\] not found.
[STA-1650] /workspaces/tt25a_openram_testchip/runs/wokwi/53-openroad-rcx/nom/tt_um_openram_top.nom.spef line 7606, net clkbuf_3_3__f_ui_in\[4\] not found.
[STA-1650] /workspaces/tt25a_openram_testchip/runs/wokwi/53-openroad-rcx/nom/tt_um_openram_top.nom.spef line 7607, net clkbuf_3_3__f_ui_in\[4\] not found.
[STA-1650] /workspaces/tt25a_openram_testchip/runs/wokwi/53-openroad-rcx/nom/tt_um_openram_top.nom.spef line 7608, net clkbuf_3_3__f_ui_in\[4\] not found.
[STA-1650] /workspaces/tt25a_openram_testchip/runs/wokwi/53-openroad-rcx/nom/tt_um_openram_top.nom.spef line 7609, net clkbuf_3_5__f_ui_in\[4\] not found.
[STA-1650] /workspaces/tt25a_openram_testchip/runs/wokwi/53-openroad-rcx/nom/tt_um_openram_top.nom.spef line 7610, net clkbuf_3_5__f_ui_in\[4\] not found.
[STA-1650] /workspaces/tt25a_openram_testchip/runs/wokwi/53-openroad-rcx/nom/tt_um_openram_top.nom.spef line 7611, net clkbuf_3_5__f_ui_in\[4\] not found.
[STA-1650] /workspaces/tt25a_openram_testchip/runs/wokwi/53-openroad-rcx/nom/tt_um_openram_top.nom.spef line 7612, net clkbuf_3_5__f_ui_in\[4\] not found.
[STA-1650] /workspaces/tt25a_openram_testchip/runs/wokwi/53-openroad-rcx/nom/tt_um_openram_top.nom.spef line 7613, net clkbuf_3_5__f_ui_in\[4\] not found.
[STA-1650] /workspaces/tt25a_openram_testchip/runs/wokwi/53-openroad-rcx/nom/tt_um_openram_top.nom.spef line 7614, net clkbuf_3_5__f_ui_in\[4\] not found.
[STA-1650] /workspaces/tt25a_openram_testchip/runs/wokwi/53-openroad-rcx/nom/tt_um_openram_top.nom.spef line 7688, net clkbuf_3_2__f_ui_in\[4\] not found.
[STA-1650] /workspaces/tt25a_openram_testchip/runs/wokwi/53-openroad-rcx/nom/tt_um_openram_top.nom.spef line 7692, net clkbuf_3_2__f_ui_in\[4\] not found.
[STA-1650] /workspaces/tt25a_openram_testchip/runs/wokwi/53-openroad-rcx/nom/tt_um_openram_top.nom.spef line 7705, net clkbuf_3_5__f_ui_in\[4\] not found.
[STA-1650] /workspaces/tt25a_openram_testchip/runs/wokwi/53-openroad-rcx/nom/tt_um_openram_top.nom.spef line 7707, net clkbuf_0_ui_in\[4\] not found.
[STA-1650] /workspaces/tt25a_openram_testchip/runs/wokwi/53-openroad-rcx/nom/tt_um_openram_top.nom.spef line 7712, net clkbuf_3_2__f_ui_in\[4\] not found.
[STA-1650] /workspaces/tt25a_openram_testchip/runs/wokwi/53-openroad-rcx/nom/tt_um_openram_top.nom.spef line 7713, net clkbuf_3_3__f_ui_in\[4\] not found.
[STA-1650] /workspaces/tt25a_openram_testchip/runs/wokwi/53-openroad-rcx/nom/tt_um_openram_top.nom.spef line 7714, net clkbuf_3_0__f_ui_in\[4\] not found.
[STA-1650] /workspaces/tt25a_openram_testchip/runs/wokwi/53-openroad-rcx/nom/tt_um_openram_top.nom.spef line 7715, net clkbuf_3_1__f_ui_in\[4\] not found.
[STA-1650] /workspaces/tt25a_openram_testchip/runs/wokwi/53-openroad-rcx/nom/tt_um_openram_top.nom.spef line 7717, net clkbuf_3_6__f_ui_in\[4\] not found.
[STA-1650] /workspaces/tt25a_openram_testchip/runs/wokwi/53-openroad-rcx/nom/tt_um_openram_top.nom.spef line 7720, net clkbuf_3_7__f_ui_in\[4\] not found.
[STA-1650] /workspaces/tt25a_openram_testchip/runs/wokwi/53-openroad-rcx/nom/tt_um_openram_top.nom.spef line 7724, net clkbuf_3_5__f_ui_in\[4\] not found.
[STA-1650] /workspaces/tt25a_openram_testchip/runs/wokwi/53-openroad-rcx/nom/tt_um_openram_top.nom.spef line 7725, net clkbuf_3_4__f_ui_in\[4\] not found.
[STA-1648] /workspaces/tt25a_openram_testchip/runs/wokwi/53-openroad-rcx/nom/tt_um_openram_top.nom.spef line 7737, instance clkbuf_3_0__f_ui_in\[3\] not found.
[STA-1650] /workspaces/tt25a_openram_testchip/runs/wokwi/53-openroad-rcx/nom/tt_um_openram_top.nom.spef line 7748, net clkbuf_3_0__f_ui_in\[3\] not found.
[STA-1650] /workspaces/tt25a_openram_testchip/runs/wokwi/53-openroad-rcx/nom/tt_um_openram_top.nom.spef line 7806, net clkbuf_3_0__f_ui_in\[3\] not found.
[STA-1648] /workspaces/tt25a_openram_testchip/runs/wokwi/53-openroad-rcx/nom/tt_um_openram_top.nom.spef line 7834, instance clkbuf_3_0__f_ui_in\[4\] not found.
[STA-1650] /workspaces/tt25a_openram_testchip/runs/wokwi/53-openroad-rcx/nom/tt_um_openram_top.nom.spef line 7847, net clkbuf_3_0__f_ui_in\[4\] not found.
[STA-1650] /workspaces/tt25a_openram_testchip/runs/wokwi/53-openroad-rcx/nom/tt_um_openram_top.nom.spef line 7925, net clkbuf_3_0__f_ui_in\[4\] not found.
[STA-1648] /workspaces/tt25a_openram_testchip/runs/wokwi/53-openroad-rcx/nom/tt_um_openram_top.nom.spef line 7957, instance clkbuf_3_1__f_ui_in\[3\] not found.
[STA-1650] /workspaces/tt25a_openram_testchip/runs/wokwi/53-openroad-rcx/nom/tt_um_openram_top.nom.spef line 7970, net clkbuf_3_1__f_ui_in\[3\] not found.
[STA-1650] /workspaces/tt25a_openram_testchip/runs/wokwi/53-openroad-rcx/nom/tt_um_openram_top.nom.spef line 8045, net clkbuf_3_1__f_ui_in\[3\] not found.
[STA-1648] /workspaces/tt25a_openram_testchip/runs/wokwi/53-openroad-rcx/nom/tt_um_openram_top.nom.spef line 8075, instance clkbuf_3_1__f_ui_in\[4\] not found.
[STA-1650] /workspaces/tt25a_openram_testchip/runs/wokwi/53-openroad-rcx/nom/tt_um_openram_top.nom.spef line 8086, net clkbuf_3_1__f_ui_in\[4\] not found.
[STA-1650] /workspaces/tt25a_openram_testchip/runs/wokwi/53-openroad-rcx/nom/tt_um_openram_top.nom.spef line 8161, net clkbuf_3_1__f_ui_in\[4\] not found.
[STA-1648] /workspaces/tt25a_openram_testchip/runs/wokwi/53-openroad-rcx/nom/tt_um_openram_top.nom.spef line 8190, instance clkbuf_3_2__f_ui_in\[3\] not found.
[STA-1650] /workspaces/tt25a_openram_testchip/runs/wokwi/53-openroad-rcx/nom/tt_um_openram_top.nom.spef line 8204, net clkbuf_3_2__f_ui_in\[3\] not found.
[STA-1650] /workspaces/tt25a_openram_testchip/runs/wokwi/53-openroad-rcx/nom/tt_um_openram_top.nom.spef line 8289, net clkbuf_3_2__f_ui_in\[3\] not found.
[STA-1648] /workspaces/tt25a_openram_testchip/runs/wokwi/53-openroad-rcx/nom/tt_um_openram_top.nom.spef line 8324, instance clkbuf_3_2__f_ui_in\[4\] not found.
[STA-1650] /workspaces/tt25a_openram_testchip/runs/wokwi/53-openroad-rcx/nom/tt_um_openram_top.nom.spef line 8338, net clkbuf_3_2__f_ui_in\[4\] not found.
[STA-1650] /workspaces/tt25a_openram_testchip/runs/wokwi/53-openroad-rcx/nom/tt_um_openram_top.nom.spef line 8431, net clkbuf_3_2__f_ui_in\[4\] not found.
[STA-1648] /workspaces/tt25a_openram_testchip/runs/wokwi/53-openroad-rcx/nom/tt_um_openram_top.nom.spef line 8468, instance clkbuf_3_3__f_ui_in\[3\] not found.
[STA-1650] /workspaces/tt25a_openram_testchip/runs/wokwi/53-openroad-rcx/nom/tt_um_openram_top.nom.spef line 8484, net clkbuf_3_3__f_ui_in\[3\] not found.
[STA-1650] /workspaces/tt25a_openram_testchip/runs/wokwi/53-openroad-rcx/nom/tt_um_openram_top.nom.spef line 8586, net clkbuf_3_2__f_ui_in\[4\] not found.
[STA-1650] /workspaces/tt25a_openram_testchip/runs/wokwi/53-openroad-rcx/nom/tt_um_openram_top.nom.spef line 8587, net clkbuf_3_2__f_ui_in\[4\] not found.
[STA-1650] /workspaces/tt25a_openram_testchip/runs/wokwi/53-openroad-rcx/nom/tt_um_openram_top.nom.spef line 8588, net clkbuf_3_2__f_ui_in\[4\] not found.
[STA-1650] /workspaces/tt25a_openram_testchip/runs/wokwi/53-openroad-rcx/nom/tt_um_openram_top.nom.spef line 8589, net clkbuf_3_3__f_ui_in\[4\] not found.
[STA-1650] /workspaces/tt25a_openram_testchip/runs/wokwi/53-openroad-rcx/nom/tt_um_openram_top.nom.spef line 8590, net clkbuf_3_3__f_ui_in\[4\] not found.
[STA-1650] /workspaces/tt25a_openram_testchip/runs/wokwi/53-openroad-rcx/nom/tt_um_openram_top.nom.spef line 8593, net clkbuf_3_3__f_ui_in\[3\] not found.
[STA-1648] /workspaces/tt25a_openram_testchip/runs/wokwi/53-openroad-rcx/nom/tt_um_openram_top.nom.spef line 8633, instance clkbuf_3_3__f_ui_in\[4\] not found.
[STA-1650] /workspaces/tt25a_openram_testchip/runs/wokwi/53-openroad-rcx/nom/tt_um_openram_top.nom.spef line 8649, net clkbuf_3_3__f_ui_in\[4\] not found.
[STA-1650] /workspaces/tt25a_openram_testchip/runs/wokwi/53-openroad-rcx/nom/tt_um_openram_top.nom.spef line 8764, net clkbuf_3_3__f_ui_in\[4\] not found.
[STA-1648] /workspaces/tt25a_openram_testchip/runs/wokwi/53-openroad-rcx/nom/tt_um_openram_top.nom.spef line 8800, instance clkbuf_3_4__f_ui_in\[3\] not found.
[STA-1650] /workspaces/tt25a_openram_testchip/runs/wokwi/53-openroad-rcx/nom/tt_um_openram_top.nom.spef line 8811, net clkbuf_3_4__f_ui_in\[3\] not found.
[STA-1650] /workspaces/tt25a_openram_testchip/runs/wokwi/53-openroad-rcx/nom/tt_um_openram_top.nom.spef line 8860, net clkbuf_3_4__f_ui_in\[3\] not found.
[STA-1648] /workspaces/tt25a_openram_testchip/runs/wokwi/53-openroad-rcx/nom/tt_um_openram_top.nom.spef line 8886, instance clkbuf_3_4__f_ui_in\[4\] not found.
[STA-1650] /workspaces/tt25a_openram_testchip/runs/wokwi/53-openroad-rcx/nom/tt_um_openram_top.nom.spef line 8897, net clkbuf_3_4__f_ui_in\[4\] not found.
[STA-1650] /workspaces/tt25a_openram_testchip/runs/wokwi/53-openroad-rcx/nom/tt_um_openram_top.nom.spef line 8948, net clkbuf_3_5__f_ui_in\[4\] not found.
[STA-1650] /workspaces/tt25a_openram_testchip/runs/wokwi/53-openroad-rcx/nom/tt_um_openram_top.nom.spef line 8953, net clkbuf_3_4__f_ui_in\[4\] not found.
[STA-1648] /workspaces/tt25a_openram_testchip/runs/wokwi/53-openroad-rcx/nom/tt_um_openram_top.nom.spef line 8979, instance clkbuf_3_5__f_ui_in\[3\] not found.
[STA-1650] /workspaces/tt25a_openram_testchip/runs/wokwi/53-openroad-rcx/nom/tt_um_openram_top.nom.spef line 8990, net clkbuf_3_5__f_ui_in\[3\] not found.
[STA-1650] /workspaces/tt25a_openram_testchip/runs/wokwi/53-openroad-rcx/nom/tt_um_openram_top.nom.spef line 9045, net clkbuf_3_5__f_ui_in\[4\] not found.
[STA-1650] /workspaces/tt25a_openram_testchip/runs/wokwi/53-openroad-rcx/nom/tt_um_openram_top.nom.spef line 9048, net clkbuf_3_5__f_ui_in\[3\] not found.
[STA-1648] /workspaces/tt25a_openram_testchip/runs/wokwi/53-openroad-rcx/nom/tt_um_openram_top.nom.spef line 9074, instance clkbuf_3_5__f_ui_in\[4\] not found.
[STA-1650] /workspaces/tt25a_openram_testchip/runs/wokwi/53-openroad-rcx/nom/tt_um_openram_top.nom.spef line 9085, net clkbuf_3_5__f_ui_in\[4\] not found.
[STA-1650] /workspaces/tt25a_openram_testchip/runs/wokwi/53-openroad-rcx/nom/tt_um_openram_top.nom.spef line 9130, net clkbuf_3_5__f_ui_in\[4\] not found.
[STA-1648] /workspaces/tt25a_openram_testchip/runs/wokwi/53-openroad-rcx/nom/tt_um_openram_top.nom.spef line 9161, instance clkbuf_3_6__f_ui_in\[3\] not found.
[STA-1650] /workspaces/tt25a_openram_testchip/runs/wokwi/53-openroad-rcx/nom/tt_um_openram_top.nom.spef line 9177, net clkbuf_3_6__f_ui_in\[3\] not found.
[STA-1650] /workspaces/tt25a_openram_testchip/runs/wokwi/53-openroad-rcx/nom/tt_um_openram_top.nom.spef line 9265, net clkbuf_3_6__f_ui_in\[3\] not found.
[STA-1648] /workspaces/tt25a_openram_testchip/runs/wokwi/53-openroad-rcx/nom/tt_um_openram_top.nom.spef line 9304, instance clkbuf_3_6__f_ui_in\[4\] not found.
[STA-1650] /workspaces/tt25a_openram_testchip/runs/wokwi/53-openroad-rcx/nom/tt_um_openram_top.nom.spef line 9318, net clkbuf_3_6__f_ui_in\[4\] not found.
[STA-1650] /workspaces/tt25a_openram_testchip/runs/wokwi/53-openroad-rcx/nom/tt_um_openram_top.nom.spef line 9396, net clkbuf_3_6__f_ui_in\[4\] not found.
[STA-1648] /workspaces/tt25a_openram_testchip/runs/wokwi/53-openroad-rcx/nom/tt_um_openram_top.nom.spef line 9429, instance clkbuf_3_7__f_ui_in\[3\] not found.
[STA-1650] /workspaces/tt25a_openram_testchip/runs/wokwi/53-openroad-rcx/nom/tt_um_openram_top.nom.spef line 9441, net clkbuf_3_7__f_ui_in\[3\] not found.
[STA-1650] /workspaces/tt25a_openram_testchip/runs/wokwi/53-openroad-rcx/nom/tt_um_openram_top.nom.spef line 9519, net clkbuf_3_7__f_ui_in\[3\] not found.
[STA-1648] /workspaces/tt25a_openram_testchip/runs/wokwi/53-openroad-rcx/nom/tt_um_openram_top.nom.spef line 9549, instance clkbuf_3_7__f_ui_in\[4\] not found.
[STA-1650] /workspaces/tt25a_openram_testchip/runs/wokwi/53-openroad-rcx/nom/tt_um_openram_top.nom.spef line 9562, net clkbuf_3_7__f_ui_in\[4\] not found.
[STA-1650] /workspaces/tt25a_openram_testchip/runs/wokwi/53-openroad-rcx/nom/tt_um_openram_top.nom.spef line 9644, net clkbuf_3_7__f_ui_in\[4\] not found.
[STA-1650] /workspaces/tt25a_openram_testchip/runs/wokwi/53-openroad-rcx/nom/tt_um_openram_top.nom.spef line 9817, net clkbuf_3_5__f_ui_in\[4\] not found.
[STA-1650] /workspaces/tt25a_openram_testchip/runs/wokwi/53-openroad-rcx/nom/tt_um_openram_top.nom.spef line 10346, net clkbuf_3_5__f_ui_in\[4\] not found.
[STA-1650] /workspaces/tt25a_openram_testchip/runs/wokwi/53-openroad-rcx/nom/tt_um_openram_top.nom.spef line 10592, net clkbuf_3_5__f_ui_in\[4\] not found.
[STA-1650] /workspaces/tt25a_openram_testchip/runs/wokwi/53-openroad-rcx/nom/tt_um_openram_top.nom.spef line 11115, net clkbuf_3_2__f_ui_in\[4\] not found.
[STA-1650] /workspaces/tt25a_openram_testchip/runs/wokwi/53-openroad-rcx/nom/tt_um_openram_top.nom.spef line 11628, net clkbuf_3_2__f_ui_in\[3\] not found.
[STA-1650] /workspaces/tt25a_openram_testchip/runs/wokwi/53-openroad-rcx/nom/tt_um_openram_top.nom.spef line 11629, net clkbuf_3_2__f_ui_in\[4\] not found.
[STA-1650] /workspaces/tt25a_openram_testchip/runs/wokwi/53-openroad-rcx/nom/tt_um_openram_top.nom.spef line 12556, net clkbuf_3_2__f_ui_in\[3\] not found.
[STA-1650] /workspaces/tt25a_openram_testchip/runs/wokwi/53-openroad-rcx/nom/tt_um_openram_top.nom.spef line 14327, net clkbuf_3_5__f_ui_in\[4\] not found.
[STA-1650] /workspaces/tt25a_openram_testchip/runs/wokwi/53-openroad-rcx/nom/tt_um_openram_top.nom.spef line 14679, net clkbuf_3_2__f_ui_in\[3\] not found.
[STA-1650] /workspaces/tt25a_openram_testchip/runs/wokwi/53-openroad-rcx/nom/tt_um_openram_top.nom.spef line 16381, net clkbuf_3_2__f_ui_in\[3\] not found.
[STA-1650] /workspaces/tt25a_openram_testchip/runs/wokwi/53-openroad-rcx/nom/tt_um_openram_top.nom.spef line 16511, net clkbuf_3_2__f_ui_in\[3\] not found.
[STA-1650] /workspaces/tt25a_openram_testchip/runs/wokwi/53-openroad-rcx/nom/tt_um_openram_top.nom.spef line 16512, net clkbuf_3_2__f_ui_in\[4\] not found.
[STA-1650] /workspaces/tt25a_openram_testchip/runs/wokwi/53-openroad-rcx/nom/tt_um_openram_top.nom.spef line 16513, net clkbuf_3_2__f_ui_in\[4\] not found.
[STA-1650] /workspaces/tt25a_openram_testchip/runs/wokwi/53-openroad-rcx/nom/tt_um_openram_top.nom.spef line 16514, net clkbuf_3_2__f_ui_in\[4\] not found.
[STA-1650] /workspaces/tt25a_openram_testchip/runs/wokwi/53-openroad-rcx/nom/tt_um_openram_top.nom.spef line 16515, net clkbuf_3_3__f_ui_in\[4\] not found.
[STA-1650] /workspaces/tt25a_openram_testchip/runs/wokwi/53-openroad-rcx/nom/tt_um_openram_top.nom.spef line 17284, net clkbuf_3_2__f_ui_in\[3\] not found.
[STA-1650] /workspaces/tt25a_openram_testchip/runs/wokwi/53-openroad-rcx/nom/tt_um_openram_top.nom.spef line 17285, net clkbuf_3_2__f_ui_in\[4\] not found.
[STA-1650] /workspaces/tt25a_openram_testchip/runs/wokwi/53-openroad-rcx/nom/tt_um_openram_top.nom.spef line 21338, net clkbuf_3_2__f_ui_in\[3\] not found.
[STA-1650] /workspaces/tt25a_openram_testchip/runs/wokwi/53-openroad-rcx/nom/tt_um_openram_top.nom.spef line 21450, net clkbuf_3_2__f_ui_in\[4\] not found.
[STA-1650] /workspaces/tt25a_openram_testchip/runs/wokwi/53-openroad-rcx/nom/tt_um_openram_top.nom.spef line 21543, net clkbuf_3_2__f_ui_in\[3\] not found.
[STA-1650] /workspaces/tt25a_openram_testchip/runs/wokwi/53-openroad-rcx/nom/tt_um_openram_top.nom.spef line 21544, net clkbuf_3_2__f_ui_in\[3\] not found.
[STA-1650] /workspaces/tt25a_openram_testchip/runs/wokwi/53-openroad-rcx/nom/tt_um_openram_top.nom.spef line 21630, net clkbuf_3_2__f_ui_in\[3\] not found.
[STA-1650] /workspaces/tt25a_openram_testchip/runs/wokwi/53-openroad-rcx/nom/tt_um_openram_top.nom.spef line 21673, net clkbuf_3_2__f_ui_in\[3\] not found.
[STA-1650] /workspaces/tt25a_openram_testchip/runs/wokwi/53-openroad-rcx/nom/tt_um_openram_top.nom.spef line 21750, net clkbuf_3_2__f_ui_in\[4\] not found.
[STA-1650] /workspaces/tt25a_openram_testchip/runs/wokwi/53-openroad-rcx/nom/tt_um_openram_top.nom.spef line 23792, net clkbuf_3_2__f_ui_in\[3\] not found.
[STA-1650] /workspaces/tt25a_openram_testchip/runs/wokwi/53-openroad-rcx/nom/tt_um_openram_top.nom.spef line 24225, net clkbuf_3_2__f_ui_in\[4\] not found.
[STA-1650] /workspaces/tt25a_openram_testchip/runs/wokwi/53-openroad-rcx/nom/tt_um_openram_top.nom.spef line 24462, net clkbuf_3_2__f_ui_in\[3\] not found.
[INFO PSM-0040] All shapes on net VPWR are connected.
########## IR report #################
Net              : VPWR
Corner           : nom_tt_025C_1v80
Supply voltage   : 1.80e+00 V
Worstcase voltage: 1.80e+00 V
Average voltage  : 1.80e+00 V
Average IR drop  : 3.78e-07 V
Worstcase IR drop: 1.45e-06 V
Percentage drop  : 0.00 %
######################################
[INFO PSM-0040] All shapes on net VGND are connected.
########## IR report #################
Net              : VGND
Corner           : nom_tt_025C_1v80
Supply voltage   : 0.00e+00 V
Worstcase voltage: 1.48e-06 V
Average voltage  : 4.15e-07 V
Average IR drop  : 4.15e-07 V
Worstcase IR drop: 1.48e-06 V
Percentage drop  : 0.00 %
######################################

Running 'Magic.StreamOut' at 'runs/wokwi/56-magic-streamout'…
Logging subprocess to [repr.filename]'runs/wokwi/56-magic-streamout/sky130_sram_256B_1rw_32x64.get_bbox.log'[/repr.filename]…
Error while reading cell "sky130_fd_bd_sram__sram_sp_cell_fom_serif_nmos" (byte position 156): Unknown layer/datatype in boundary, layer=22 type=22

Error while reading cell "sky130_fd_bd_sram__sram_sp_cell_fom_serif_pmos" (byte position 302): Unknown layer/datatype in boundary, layer=22 type=22

Error while reading cell "sky130_fd_bd_sram__sram_sp_cell_p1_serif" (byte position 1780): Unknown layer/datatype in boundary, layer=33 type=43

Error while reading cell "sky130_fd_bd_sram__sram_sp_cell" (byte position 9706): Unknown layer/datatype in boundary, layer=92 type=44

Error while reading cell "sky130_fd_bd_sram__sram_sp_cell" (byte position 9898): Unknown layer/datatype in boundary, layer=22 type=21

Error while reading cell "sky130_fd_bd_sram__sram_sp_cell" (byte position 10794): Unknown layer/datatype in boundary, layer=115 type=43

Error while reading cell "sky130_fd_bd_sram__sram_sp_wlstrapa_p1m_siz" (byte position 26292): Unknown layer/datatype in boundary, layer=33 type=43

Error while reading cell "sky130_fd_bd_sram__sram_sp_wlstrap_p_ce" (byte position 28940): Unknown layer/datatype in boundary, layer=22 type=21

Error while reading cell "sky130_fd_bd_sram__sram_sp_wlstrap_p_ce" (byte position 29356): Unknown layer/datatype in boundary, layer=115 type=43

Error while reading cell "sky130_fd_bd_sram__sram_sp_wlstrap_p_ce" (byte position 29612): Unknown layer/datatype in boundary, layer=115 type=42

Error while reading cell "sky130_fd_bd_sram__sram_sp_wlstrap_ce" (byte position 32132): Unknown layer/datatype in boundary, layer=92 type=44

Error while reading cell "sky130_fd_bd_sram__sram_sp_wlstrap_ce" (byte position 32388): Unknown layer/datatype in boundary, layer=22 type=21

Error while reading cell "sky130_fd_bd_sram__sram_sp_wlstrap_ce" (byte position 32900): Unknown layer/datatype in boundary, layer=115 type=43

Error while reading cell "sky130_fd_bd_sram__sram_sp_wlstrap_ce" (byte position 33156): Unknown layer/datatype in boundary, layer=115 type=42

Error while reading cell "sky130_fd_bd_sram__sram_sp_wlstrap_p1m_siz" (byte position 33694): Unknown layer/datatype in boundary, layer=33 type=43

Error while reading cell "sky130_fd_bd_sram__sram_sp_cell_p1m_sizing" (byte position 34914): Unknown layer/datatype in boundary, layer=33 type=43

Error while reading cell "sky130_fd_bd_sram__sram_sp_cell_addpoly_sizing" (byte position 35252): Unknown layer/datatype in boundary, layer=33 type=43

Error while reading cell "sky130_fd_bd_sram__sram_sp_cornera_p1m_serif" (byte position 79256): Unknown layer/datatype in boundary, layer=33 type=43

Error while reading cell "sky130_fd_bd_sram__sram_sp_rowenda_p1m_siz" (byte position 79398): Unknown layer/datatype in boundary, layer=33 type=43

Error while reading cell "sky130_fd_bd_sram__sram_sp_rowend_p1m_siz" (byte position 80062): Unknown layer/datatype in boundary, layer=33 type=43

Error while reading cell "sky130_fd_bd_sram__sram_sp_rowend_ce" (byte position 81830): Unknown layer/datatype in boundary, layer=92 type=44

Error while reading cell "sky130_fd_bd_sram__sram_sp_rowend_ce" (byte position 82054): Unknown layer/datatype in boundary, layer=22 type=21

Error while reading cell "sky130_fd_bd_sram__sram_sp_rowend_ce" (byte position 82342): Unknown layer/datatype in boundary, layer=115 type=43

Error while reading cell "sky130_fd_bd_sram__sram_sp_rowend_ce" (byte position 82502): Unknown layer/datatype in boundary, layer=115 type=42

Error while reading cell "sky130_fd_bd_sram__sram_sp_corner_ce" (byte position 84014): Unknown layer/datatype in boundary, layer=92 type=44

Error while reading cell "sky130_fd_bd_sram__sram_sp_corner_p1m_serif" (byte position 84286): Unknown layer/datatype in boundary, layer=33 type=43

Error while reading cell "sky130_fd_bd_sram__openram_sp_cell_opt1_dummy" (byte position 87834): Unknown layer/datatype in boundary, layer=33 type=43

Error while reading cell "sky130_fd_bd_sram__openram_sp_cell_opt1_dummy" (byte position 89114): Unknown layer/datatype in boundary, layer=22 type=22

Error while reading cell "sky130_fd_bd_sram__openram_sp_cell_opt1_dummy" (byte position 89818): Unknown layer/datatype in boundary, layer=92 type=44

Error while reading cell "sky130_fd_bd_sram__openram_sp_cell_opt1_dummy" (byte position 90010): Unknown layer/datatype in boundary, layer=22 type=21

Error while reading cell "sky130_fd_bd_sram__openram_sp_cell_opt1_dummy" (byte position 90906): Unknown layer/datatype in boundary, layer=115 type=43

Error while reading cell "sky130_fd_bd_sram__openram_sp_cell_opt1a_replica" (byte position 95238): Unknown layer/datatype in boundary, layer=33 type=43

Error while reading cell "sky130_fd_bd_sram__openram_sp_cell_opt1a_replica" (byte position 96326): Unknown layer/datatype in boundary, layer=22 type=22

Error while reading cell "sky130_fd_bd_sram__openram_sp_cell_opt1a_replica" (byte position 97286): Unknown layer/datatype in boundary, layer=92 type=44

Error while reading cell "sky130_fd_bd_sram__openram_sp_cell_opt1a_replica" (byte position 97478): Unknown layer/datatype in boundary, layer=22 type=21

Error while reading cell "sky130_fd_bd_sram__openram_sp_cell_opt1a_replica" (byte position 98374): Unknown layer/datatype in boundary, layer=115 type=43

Error while reading cell "sky130_fd_bd_sram__openram_sp_cell_opt1_replica" (byte position 102690): Unknown layer/datatype in boundary, layer=33 type=43

Error while reading cell "sky130_fd_bd_sram__openram_sp_cell_opt1_replica" (byte position 103778): Unknown layer/datatype in boundary, layer=22 type=22

Error while reading cell "sky130_fd_bd_sram__openram_sp_cell_opt1_replica" (byte position 104738): Unknown layer/datatype in boundary, layer=92 type=44

Error while reading cell "sky130_fd_bd_sram__openram_sp_cell_opt1_replica" (byte position 104930): Unknown layer/datatype in boundary, layer=22 type=21

Error while reading cell "sky130_fd_bd_sram__openram_sp_cell_opt1_replica" (byte position 105826): Unknown layer/datatype in boundary, layer=115 type=43

Error while reading cell "sky130_fd_bd_sram__sram_sp_cornera" (byte position 224914): Unknown layer/datatype in boundary, layer=92 type=44

Error while reading cell "sky130_fd_bd_sram__sram_sp_colend_cent" (byte position 229858): Unknown layer/datatype in boundary, layer=33 type=43

Error while reading cell "sky130_fd_bd_sram__sram_sp_colend_cent" (byte position 231010): Unknown layer/datatype in boundary, layer=92 type=44

Error while reading cell "sky130_fd_bd_sram__sram_sp_colend_p_cent" (byte position 233646): Unknown layer/datatype in boundary, layer=33 type=43

Error while reading cell "sky130_fd_bd_sram__sram_sp_colend" (byte position 237244): Unknown layer/datatype in boundary, layer=33 type=43

Error while reading cell "sky130_fd_bd_sram__sram_sp_colend" (byte position 237884): Unknown layer/datatype in boundary, layer=92 type=44

Error while reading cell "sky130_fd_bd_sram__sram_sp_colend" (byte position 238092): Unknown layer/datatype in boundary, layer=22 type=21

Error while reading cell "sky130_fd_bd_sram__sram_sp_colenda_cent" (byte position 241012): Unknown layer/datatype in boundary, layer=33 type=43

Error while reading cell "sky130_fd_bd_sram__sram_sp_colenda_cent" (byte position 242164): Unknown layer/datatype in boundary, layer=92 type=44

Error while reading cell "sky130_fd_bd_sram__sram_sp_colenda_p_cent" (byte position 244866): Unknown layer/datatype in boundary, layer=33 type=43

Error while reading cell "sky130_fd_bd_sram__sram_sp_colenda" (byte position 248800): Unknown layer/datatype in boundary, layer=33 type=43

Error while reading cell "sky130_fd_bd_sram__sram_sp_colenda" (byte position 249440): Unknown layer/datatype in boundary, layer=92 type=44

Error while reading cell "sky130_fd_bd_sram__sram_sp_colenda" (byte position 249712): Unknown layer/datatype in boundary, layer=22 type=21

Logging subprocess to [repr.filename]'runs/wokwi/56-magic-streamout/magic-streamout.log'[/repr.filename]…
Running 'KLayout.StreamOut' at 'runs/wokwi/57-klayout-streamout'…
Logging subprocess to [repr.filename]'runs/wokwi/57-klayout-streamout/klayout-streamout.log'[/repr.filename]…
Subprocess had a non-zero exit.
Last 1 line(s):
Duplicate MACRO name: sky130_sram_256B_1rw_32x64 (inside MACRO) (line=5, cell=, file=sky130_sram_256B_1rw_32x64.lef) in Layout.read

Full log file: 'runs/wokwi/57-klayout-streamout/klayout-streamout.log'
