4 Lint warnings found.
'PNR_SDC_FILE' is not defined. Using generic fallback SDC for OpenROAD PnR steps.
'SIGNOFF_SDC_FILE' is not defined. Using generic fallback SDC for OpenROAD PnR steps.
Netlists found for macro sky130_sram_128B_1rw_32x32, but no parasitics extraction found at corner nom_tt_025C_1v80. The netlist cannot be used for timing on this module.
No libs found for macro sky130_sram_128B_1rw_32x32 at corner nom_tt_025C_1v80. The module will be black-boxed.
Netlists found for macro sky130_sram_128B_1rw_32x32, but no parasitics extraction found at corner nom_tt_025C_1v80. The netlist cannot be used for timing on this module.
No libs found for macro sky130_sram_128B_1rw_32x32 at corner nom_tt_025C_1v80. The module will be black-boxed.
Netlists found for macro sky130_sram_128B_1rw_32x32, but no parasitics extraction found at corner nom_ss_100C_1v60. The netlist cannot be used for timing on this module.
No libs found for macro sky130_sram_128B_1rw_32x32 at corner nom_ss_100C_1v60. The module will be black-boxed.
Netlists found for macro sky130_sram_128B_1rw_32x32, but no parasitics extraction found at corner nom_ff_n40C_1v95. The netlist cannot be used for timing on this module.
No libs found for macro sky130_sram_128B_1rw_32x32 at corner nom_ff_n40C_1v95. The module will be black-boxed.
Netlists found for macro sky130_sram_128B_1rw_32x32, but no parasitics extraction found at corner min_tt_025C_1v80. The netlist cannot be used for timing on this module.
No libs found for macro sky130_sram_128B_1rw_32x32 at corner min_tt_025C_1v80. The module will be black-boxed.
Netlists found for macro sky130_sram_128B_1rw_32x32, but no parasitics extraction found at corner min_ss_100C_1v60. The netlist cannot be used for timing on this module.
No libs found for macro sky130_sram_128B_1rw_32x32 at corner min_ss_100C_1v60. The module will be black-boxed.
Netlists found for macro sky130_sram_128B_1rw_32x32, but no parasitics extraction found at corner min_ff_n40C_1v95. The netlist cannot be used for timing on this module.
No libs found for macro sky130_sram_128B_1rw_32x32 at corner min_ff_n40C_1v95. The module will be black-boxed.
Netlists found for macro sky130_sram_128B_1rw_32x32, but no parasitics extraction found at corner max_tt_025C_1v80. The netlist cannot be used for timing on this module.
No libs found for macro sky130_sram_128B_1rw_32x32 at corner max_tt_025C_1v80. The module will be black-boxed.
Netlists found for macro sky130_sram_128B_1rw_32x32, but no parasitics extraction found at corner max_ss_100C_1v60. The netlist cannot be used for timing on this module.
No libs found for macro sky130_sram_128B_1rw_32x32 at corner max_ss_100C_1v60. The module will be black-boxed.
Netlists found for macro sky130_sram_128B_1rw_32x32, but no parasitics extraction found at corner max_ff_n40C_1v95. The netlist cannot be used for timing on this module.
No libs found for macro sky130_sram_128B_1rw_32x32 at corner max_ff_n40C_1v95. The module will be black-boxed.
[ORD-2011] LEF master sky130_sram_128B_1rw_32x32 has no liberty cell.
[STA-0441] set_input_delay relative to a clock defined on the same port/pin not allowed.
[STA-0441] set_input_delay relative to a clock defined on the same port/pin not allowed.
Cell 'sky130_sram_128B_1rw_32x32' has (47) input pin(s) without antenna gate information. They might not be connected to a gate.
Cell 'sky130_sram_128B_1rw_32x32' has (33) output pin(s) without antenna diffusion information. They might not be driven.
[STA-0441] set_input_delay relative to a clock defined on the same port/pin not allowed.
[STA-0441] set_input_delay relative to a clock defined on the same port/pin not allowed.
[STA-0441] set_input_delay relative to a clock defined on the same port/pin not allowed.
[STA-0441] set_input_delay relative to a clock defined on the same port/pin not allowed.
[STA-0441] set_input_delay relative to a clock defined on the same port/pin not allowed.
[STA-0441] set_input_delay relative to a clock defined on the same port/pin not allowed.
Bterm VPWR is declared as a 'POWER' pin. It will be ignored.
Bterm VGND is declared as a 'GROUND' pin. It will be ignored.
[STA-0441] set_input_delay relative to a clock defined on the same port/pin not allowed.
[STA-0441] set_input_delay relative to a clock defined on the same port/pin not allowed.
[STA-0441] set_input_delay relative to a clock defined on the same port/pin not allowed.
[STA-0441] set_input_delay relative to a clock defined on the same port/pin not allowed.
[GRT-0097] No global routing found for nets.
No libs found for macro sky130_sram_128B_1rw_32x32 at corner nom_tt_025C_1v80. The module will be black-boxed.
No libs found for macro sky130_sram_128B_1rw_32x32 at corner nom_ss_100C_1v60. The module will be black-boxed.
No libs found for macro sky130_sram_128B_1rw_32x32 at corner nom_ff_n40C_1v95. The module will be black-boxed.
No libs found for macro sky130_sram_128B_1rw_32x32 at corner min_tt_025C_1v80. The module will be black-boxed.
No libs found for macro sky130_sram_128B_1rw_32x32 at corner min_ss_100C_1v60. The module will be black-boxed.
No libs found for macro sky130_sram_128B_1rw_32x32 at corner min_ff_n40C_1v95. The module will be black-boxed.
No libs found for macro sky130_sram_128B_1rw_32x32 at corner max_tt_025C_1v80. The module will be black-boxed.
No libs found for macro sky130_sram_128B_1rw_32x32 at corner max_ss_100C_1v60. The module will be black-boxed.
No libs found for macro sky130_sram_128B_1rw_32x32 at corner max_ff_n40C_1v95. The module will be black-boxed.
[STA-0441] set_input_delay relative to a clock defined on the same port/pin not allowed.
[STA-0441] set_input_delay relative to a clock defined on the same port/pin not allowed.
[STA-0441] set_input_delay relative to a clock defined on the same port/pin not allowed.
[STA-0441] set_input_delay relative to a clock defined on the same port/pin not allowed.
No libs found for macro sky130_sram_128B_1rw_32x32 at corner nom_tt_025C_1v80. The module will be black-boxed.
No libs found for macro sky130_sram_128B_1rw_32x32 at corner nom_ss_100C_1v60. The module will be black-boxed.
No libs found for macro sky130_sram_128B_1rw_32x32 at corner nom_ff_n40C_1v95. The module will be black-boxed.
No libs found for macro sky130_sram_128B_1rw_32x32 at corner min_tt_025C_1v80. The module will be black-boxed.
No libs found for macro sky130_sram_128B_1rw_32x32 at corner min_ss_100C_1v60. The module will be black-boxed.
No libs found for macro sky130_sram_128B_1rw_32x32 at corner min_ff_n40C_1v95. The module will be black-boxed.
No libs found for macro sky130_sram_128B_1rw_32x32 at corner max_tt_025C_1v80. The module will be black-boxed.
No libs found for macro sky130_sram_128B_1rw_32x32 at corner max_ss_100C_1v60. The module will be black-boxed.
No libs found for macro sky130_sram_128B_1rw_32x32 at corner max_ff_n40C_1v95. The module will be black-boxed.
[STA-0441] set_input_delay relative to a clock defined on the same port/pin not allowed.
[STA-0441] set_input_delay relative to a clock defined on the same port/pin not allowed.
[STA-0441] set_input_delay relative to a clock defined on the same port/pin not allowed.
[STA-0441] set_input_delay relative to a clock defined on the same port/pin not allowed.
[GRT-0097] No global routing found for nets.
No libs found for macro sky130_sram_128B_1rw_32x32 at corner nom_tt_025C_1v80. The module will be black-boxed.
No libs found for macro sky130_sram_128B_1rw_32x32 at corner nom_ss_100C_1v60. The module will be black-boxed.
No libs found for macro sky130_sram_128B_1rw_32x32 at corner nom_ff_n40C_1v95. The module will be black-boxed.
No libs found for macro sky130_sram_128B_1rw_32x32 at corner min_tt_025C_1v80. The module will be black-boxed.
No libs found for macro sky130_sram_128B_1rw_32x32 at corner min_ss_100C_1v60. The module will be black-boxed.
No libs found for macro sky130_sram_128B_1rw_32x32 at corner min_ff_n40C_1v95. The module will be black-boxed.
No libs found for macro sky130_sram_128B_1rw_32x32 at corner max_tt_025C_1v80. The module will be black-boxed.
No libs found for macro sky130_sram_128B_1rw_32x32 at corner max_ss_100C_1v60. The module will be black-boxed.
No libs found for macro sky130_sram_128B_1rw_32x32 at corner max_ff_n40C_1v95. The module will be black-boxed.
[STA-0441] set_input_delay relative to a clock defined on the same port/pin not allowed.
[STA-0441] set_input_delay relative to a clock defined on the same port/pin not allowed.
[STA-0441] set_input_delay relative to a clock defined on the same port/pin not allowed.
[STA-0441] set_input_delay relative to a clock defined on the same port/pin not allowed.
[GRT-0097] No global routing found for nets.
[STA-0441] set_input_delay relative to a clock defined on the same port/pin not allowed.
[STA-0441] set_input_delay relative to a clock defined on the same port/pin not allowed.
[STA-0441] set_input_delay relative to a clock defined on the same port/pin not allowed.
[STA-0441] set_input_delay relative to a clock defined on the same port/pin not allowed.
[STA-0441] set_input_delay relative to a clock defined on the same port/pin not allowed.
[STA-0441] set_input_delay relative to a clock defined on the same port/pin not allowed.
[STA-0441] set_input_delay relative to a clock defined on the same port/pin not allowed.
[STA-0441] set_input_delay relative to a clock defined on the same port/pin not allowed.
[STA-0441] set_input_delay relative to a clock defined on the same port/pin not allowed.
[STA-0441] set_input_delay relative to a clock defined on the same port/pin not allowed.
[STA-0441] set_input_delay relative to a clock defined on the same port/pin not allowed.
[STA-0441] set_input_delay relative to a clock defined on the same port/pin not allowed.
[DRT-0349] LEF58_ENCLOSURE with no CUTCLASS is not supported. Skipping for layer mcon
[DRT-0349] LEF58_ENCLOSURE with no CUTCLASS is not supported. Skipping for layer mcon
[DRT-0349] LEF58_ENCLOSURE with no CUTCLASS is not supported. Skipping for layer via
[DRT-0349] LEF58_ENCLOSURE with no CUTCLASS is not supported. Skipping for layer via
[DRT-0349] LEF58_ENCLOSURE with no CUTCLASS is not supported. Skipping for layer via2
[DRT-0349] LEF58_ENCLOSURE with no CUTCLASS is not supported. Skipping for layer via2
[DRT-0349] LEF58_ENCLOSURE with no CUTCLASS is not supported. Skipping for layer via3
[DRT-0349] LEF58_ENCLOSURE with no CUTCLASS is not supported. Skipping for layer via3
[DRT-0349] LEF58_ENCLOSURE with no CUTCLASS is not supported. Skipping for layer via4
[DRT-0349] LEF58_ENCLOSURE with no CUTCLASS is not supported. Skipping for layer via4
[DRT-0418] Term SRAM/din0[1] has no pins on routing grid
[DRT-0418] Term SRAM/din0[4] has no pins on routing grid
[DRT-0418] Term SRAM/din0[7] has no pins on routing grid
[DRT-0418] Term SRAM/din0[9] has no pins on routing grid
[DRT-0418] Term SRAM/din0[10] has no pins on routing grid
[DRT-0418] Term SRAM/din0[12] has no pins on routing grid
[DRT-0418] Term SRAM/din0[13] has no pins on routing grid
[DRT-0418] Term SRAM/din0[15] has no pins on routing grid
[DRT-0418] Term SRAM/din0[16] has no pins on routing grid
[DRT-0418] Term SRAM/din0[18] has no pins on routing grid
[DRT-0418] Term SRAM/din0[19] has no pins on routing grid
[DRT-0418] Term SRAM/din0[21] has no pins on routing grid
[DRT-0418] Term SRAM/din0[22] has no pins on routing grid
[DRT-0418] Term SRAM/din0[24] has no pins on routing grid
[DRT-0418] Term SRAM/din0[27] has no pins on routing grid
[DRT-0418] Term SRAM/din0[30] has no pins on routing grid
[DRT-0418] Term SRAM/din0[32] has no pins on routing grid
[DRT-0418] Term SRAM/addr0[0] has no pins on routing grid
[DRT-0418] Term SRAM/addr0[1] has no pins on routing grid
[DRT-0418] Term SRAM/addr0[2] has no pins on routing grid
[DRT-0418] Term SRAM/addr0[3] has no pins on routing grid
[DRT-0418] Term SRAM/clk0 has no pins on routing grid
[DRT-0418] Term SRAM/wmask0[0] has no pins on routing grid
[DRT-0418] Term SRAM/wmask0[2] has no pins on routing grid
[DRT-0418] Term SRAM/wmask0[3] has no pins on routing grid
[DRT-0418] Term SRAM/spare_wen0 has no pins on routing grid
[DRT-0418] Term SRAM/dout0[0] has no pins on routing grid
[DRT-0418] Term SRAM/dout0[2] has no pins on routing grid
[DRT-0418] Term SRAM/dout0[3] has no pins on routing grid
[DRT-0418] Term SRAM/dout0[4] has no pins on routing grid
[DRT-0418] Term SRAM/dout0[5] has no pins on routing grid
[DRT-0418] Term SRAM/dout0[6] has no pins on routing grid
[DRT-0418] Term SRAM/dout0[9] has no pins on routing grid
[DRT-0418] Term SRAM/dout0[10] has no pins on routing grid
[DRT-0418] Term SRAM/dout0[12] has no pins on routing grid
[DRT-0418] Term SRAM/dout0[13] has no pins on routing grid
[DRT-0418] Term SRAM/dout0[17] has no pins on routing grid
[DRT-0418] Term SRAM/dout0[18] has no pins on routing grid
[DRT-0418] Term SRAM/dout0[19] has no pins on routing grid
[DRT-0418] Term SRAM/dout0[20] has no pins on routing grid
[DRT-0418] Term SRAM/dout0[21] has no pins on routing grid
[DRT-0418] Term SRAM/dout0[23] has no pins on routing grid
[DRT-0418] Term SRAM/dout0[24] has no pins on routing grid
[DRT-0418] Term SRAM/dout0[25] has no pins on routing grid
[DRT-0418] Term SRAM/dout0[26] has no pins on routing grid
[DRT-0418] Term SRAM/dout0[27] has no pins on routing grid
[DRT-0418] Term SRAM/dout0[30] has no pins on routing grid
[DRT-0418] Term SRAM/dout0[31] has no pins on routing grid
[DRT-0418] Term SRAM/dout0[32] has no pins on routing grid
[STA-0441] set_input_delay relative to a clock defined on the same port/pin not allowed.
[STA-0441] set_input_delay relative to a clock defined on the same port/pin not allowed.
Threshold for Threshold-surpassing long wires is not set. The checker will be skipped.
[STA-0441] set_input_delay relative to a clock defined on the same port/pin not allowed.
[STA-0441] set_input_delay relative to a clock defined on the same port/pin not allowed.
Netlists found for macro sky130_sram_128B_1rw_32x32, but no parasitics extraction found at corner nom_tt_025C_1v80. The netlist cannot be used for timing on this module.
No libs found for macro sky130_sram_128B_1rw_32x32 at corner nom_tt_025C_1v80. The module will be black-boxed.
Netlists found for macro sky130_sram_128B_1rw_32x32, but no parasitics extraction found at corner nom_ss_100C_1v60. The netlist cannot be used for timing on this module.
No libs found for macro sky130_sram_128B_1rw_32x32 at corner nom_ss_100C_1v60. The module will be black-boxed.
Netlists found for macro sky130_sram_128B_1rw_32x32, but no parasitics extraction found at corner nom_ff_n40C_1v95. The netlist cannot be used for timing on this module.
No libs found for macro sky130_sram_128B_1rw_32x32 at corner nom_ff_n40C_1v95. The module will be black-boxed.
Netlists found for macro sky130_sram_128B_1rw_32x32, but no parasitics extraction found at corner min_tt_025C_1v80. The netlist cannot be used for timing on this module.
No libs found for macro sky130_sram_128B_1rw_32x32 at corner min_tt_025C_1v80. The module will be black-boxed.
Netlists found for macro sky130_sram_128B_1rw_32x32, but no parasitics extraction found at corner min_ss_100C_1v60. The netlist cannot be used for timing on this module.
No libs found for macro sky130_sram_128B_1rw_32x32 at corner min_ss_100C_1v60. The module will be black-boxed.
Netlists found for macro sky130_sram_128B_1rw_32x32, but no parasitics extraction found at corner min_ff_n40C_1v95. The netlist cannot be used for timing on this module.
No libs found for macro sky130_sram_128B_1rw_32x32 at corner min_ff_n40C_1v95. The module will be black-boxed.
Netlists found for macro sky130_sram_128B_1rw_32x32, but no parasitics extraction found at corner max_tt_025C_1v80. The netlist cannot be used for timing on this module.
No libs found for macro sky130_sram_128B_1rw_32x32 at corner max_tt_025C_1v80. The module will be black-boxed.
Netlists found for macro sky130_sram_128B_1rw_32x32, but no parasitics extraction found at corner max_ss_100C_1v60. The netlist cannot be used for timing on this module.
No libs found for macro sky130_sram_128B_1rw_32x32 at corner max_ss_100C_1v60. The module will be black-boxed.
Netlists found for macro sky130_sram_128B_1rw_32x32, but no parasitics extraction found at corner max_ff_n40C_1v95. The netlist cannot be used for timing on this module.
No libs found for macro sky130_sram_128B_1rw_32x32 at corner max_ff_n40C_1v95. The module will be black-boxed.
'VSRC_LOC_FILES' was not given a value, which may make the results of IR drop analysis inaccurate. If you are not integrating a top-level chip for manufacture, you may ignore this warning, otherwise, see the documentation for 'VSRC_LOC_FILES'.
[STA-0441] set_input_delay relative to a clock defined on the same port/pin not allowed.
[STA-0441] set_input_delay relative to a clock defined on the same port/pin not allowed.
[STA-1648] /workspaces/tt25a_openram_testchip/runs/wokwi/53-openroad-rcx/nom/tt_um_openram_top.nom.spef line 2567, instance clkbuf_0_ui_in\[3\] not found.
[STA-1650] /workspaces/tt25a_openram_testchip/runs/wokwi/53-openroad-rcx/nom/tt_um_openram_top.nom.spef line 2571, net clkbuf_0_ui_in\[3\] not found.
[STA-1650] /workspaces/tt25a_openram_testchip/runs/wokwi/53-openroad-rcx/nom/tt_um_openram_top.nom.spef line 2594, net clkbuf_0_ui_in\[3\] not found.
[STA-1648] /workspaces/tt25a_openram_testchip/runs/wokwi/53-openroad-rcx/nom/tt_um_openram_top.nom.spef line 2599, instance clkbuf_0_ui_in\[4\] not found.
[STA-1650] /workspaces/tt25a_openram_testchip/runs/wokwi/53-openroad-rcx/nom/tt_um_openram_top.nom.spef line 2603, net clkbuf_0_ui_in\[4\] not found.
[STA-1650] /workspaces/tt25a_openram_testchip/runs/wokwi/53-openroad-rcx/nom/tt_um_openram_top.nom.spef line 2605, net clkbuf_0_ui_in\[4\] not found.
[STA-1650] /workspaces/tt25a_openram_testchip/runs/wokwi/53-openroad-rcx/nom/tt_um_openram_top.nom.spef line 2606, net clkbuf_0_ui_in\[4\] not found.
[STA-1650] /workspaces/tt25a_openram_testchip/runs/wokwi/53-openroad-rcx/nom/tt_um_openram_top.nom.spef line 2607, net clkbuf_0_ui_in\[4\] not found.
[STA-1650] /workspaces/tt25a_openram_testchip/runs/wokwi/53-openroad-rcx/nom/tt_um_openram_top.nom.spef line 2608, net clkbuf_0_ui_in\[4\] not found.
[STA-1650] /workspaces/tt25a_openram_testchip/runs/wokwi/53-openroad-rcx/nom/tt_um_openram_top.nom.spef line 2609, net clkbuf_0_ui_in\[4\] not found.
[STA-1650] /workspaces/tt25a_openram_testchip/runs/wokwi/53-openroad-rcx/nom/tt_um_openram_top.nom.spef line 2610, net clkbuf_0_ui_in\[4\] not found.
[STA-1650] /workspaces/tt25a_openram_testchip/runs/wokwi/53-openroad-rcx/nom/tt_um_openram_top.nom.spef line 2611, net clkbuf_0_ui_in\[4\] not found.
[STA-1650] /workspaces/tt25a_openram_testchip/runs/wokwi/53-openroad-rcx/nom/tt_um_openram_top.nom.spef line 2612, net clkbuf_0_ui_in\[4\] not found.
[STA-1650] /workspaces/tt25a_openram_testchip/runs/wokwi/53-openroad-rcx/nom/tt_um_openram_top.nom.spef line 2613, net clkbuf_0_ui_in\[4\] not found.
[STA-1650] /workspaces/tt25a_openram_testchip/runs/wokwi/53-openroad-rcx/nom/tt_um_openram_top.nom.spef line 2614, net clkbuf_0_ui_in\[4\] not found.
[STA-1650] /workspaces/tt25a_openram_testchip/runs/wokwi/53-openroad-rcx/nom/tt_um_openram_top.nom.spef line 2615, net clkbuf_0_ui_in\[4\] not found.
[STA-1650] /workspaces/tt25a_openram_testchip/runs/wokwi/53-openroad-rcx/nom/tt_um_openram_top.nom.spef line 2655, net clkbuf_0_ui_in\[4\] not found.
[STA-1650] /workspaces/tt25a_openram_testchip/runs/wokwi/53-openroad-rcx/nom/tt_um_openram_top.nom.spef line 2907, net clkbuf_3_0__f_ui_in\[4\] not found.
[STA-1650] /workspaces/tt25a_openram_testchip/runs/wokwi/53-openroad-rcx/nom/tt_um_openram_top.nom.spef line 3782, net clkbuf_3_2__f_ui_in\[4\] not found.
[STA-1650] /workspaces/tt25a_openram_testchip/runs/wokwi/53-openroad-rcx/nom/tt_um_openram_top.nom.spef line 6133, net clkbuf_3_2__f_ui_in\[4\] not found.
[STA-1650] /workspaces/tt25a_openram_testchip/runs/wokwi/53-openroad-rcx/nom/tt_um_openram_top.nom.spef line 6155, net clkbuf_3_2__f_ui_in\[3\] not found.
[STA-1650] /workspaces/tt25a_openram_testchip/runs/wokwi/53-openroad-rcx/nom/tt_um_openram_top.nom.spef line 6872, net clkbuf_0_ui_in\[4\] not found.
[STA-1648] /workspaces/tt25a_openram_testchip/runs/wokwi/53-openroad-rcx/nom/tt_um_openram_top.nom.spef line 7337, instance clkbuf_3_0__f_ui_in\[3\] not found.
[STA-1648] /workspaces/tt25a_openram_testchip/runs/wokwi/53-openroad-rcx/nom/tt_um_openram_top.nom.spef line 7338, instance clkbuf_3_3__f_ui_in\[3\] not found.
[STA-1648] /workspaces/tt25a_openram_testchip/runs/wokwi/53-openroad-rcx/nom/tt_um_openram_top.nom.spef line 7339, instance clkbuf_3_2__f_ui_in\[3\] not found.
[STA-1648] /workspaces/tt25a_openram_testchip/runs/wokwi/53-openroad-rcx/nom/tt_um_openram_top.nom.spef line 7340, instance clkbuf_3_6__f_ui_in\[3\] not found.
[STA-1648] /workspaces/tt25a_openram_testchip/runs/wokwi/53-openroad-rcx/nom/tt_um_openram_top.nom.spef line 7341, instance clkbuf_3_5__f_ui_in\[3\] not found.
[STA-1648] /workspaces/tt25a_openram_testchip/runs/wokwi/53-openroad-rcx/nom/tt_um_openram_top.nom.spef line 7342, instance clkbuf_3_4__f_ui_in\[3\] not found.
[STA-1648] /workspaces/tt25a_openram_testchip/runs/wokwi/53-openroad-rcx/nom/tt_um_openram_top.nom.spef line 7343, instance clkbuf_3_7__f_ui_in\[3\] not found.
[STA-1648] /workspaces/tt25a_openram_testchip/runs/wokwi/53-openroad-rcx/nom/tt_um_openram_top.nom.spef line 7344, instance clkbuf_3_1__f_ui_in\[3\] not found.
[STA-1648] /workspaces/tt25a_openram_testchip/runs/wokwi/53-openroad-rcx/nom/tt_um_openram_top.nom.spef line 7345, instance clkbuf_0_ui_in\[3\] not found.
[STA-1650] /workspaces/tt25a_openram_testchip/runs/wokwi/53-openroad-rcx/nom/tt_um_openram_top.nom.spef line 7348, net clkbuf_3_0__f_ui_in\[3\] not found.
[STA-1650] /workspaces/tt25a_openram_testchip/runs/wokwi/53-openroad-rcx/nom/tt_um_openram_top.nom.spef line 7349, net clkbuf_3_3__f_ui_in\[3\] not found.
[STA-1650] /workspaces/tt25a_openram_testchip/runs/wokwi/53-openroad-rcx/nom/tt_um_openram_top.nom.spef line 7350, net clkbuf_3_2__f_ui_in\[3\] not found.
[STA-1650] /workspaces/tt25a_openram_testchip/runs/wokwi/53-openroad-rcx/nom/tt_um_openram_top.nom.spef line 7351, net clkbuf_3_6__f_ui_in\[3\] not found.
[STA-1650] /workspaces/tt25a_openram_testchip/runs/wokwi/53-openroad-rcx/nom/tt_um_openram_top.nom.spef line 7352, net clkbuf_3_5__f_ui_in\[3\] not found.
[STA-1650] /workspaces/tt25a_openram_testchip/runs/wokwi/53-openroad-rcx/nom/tt_um_openram_top.nom.spef line 7353, net clkbuf_3_4__f_ui_in\[3\] not found.
[STA-1650] /workspaces/tt25a_openram_testchip/runs/wokwi/53-openroad-rcx/nom/tt_um_openram_top.nom.spef line 7354, net clkbuf_3_7__f_ui_in\[3\] not found.
[STA-1650] /workspaces/tt25a_openram_testchip/runs/wokwi/53-openroad-rcx/nom/tt_um_openram_top.nom.spef line 7355, net clkbuf_3_1__f_ui_in\[3\] not found.
[STA-1650] /workspaces/tt25a_openram_testchip/runs/wokwi/53-openroad-rcx/nom/tt_um_openram_top.nom.spef line 7356, net clkbuf_0_ui_in\[3\] not found.
[STA-1650] /workspaces/tt25a_openram_testchip/runs/wokwi/53-openroad-rcx/nom/tt_um_openram_top.nom.spef line 7367, net clkbuf_3_2__f_ui_in\[3\] not found.
[STA-1650] /workspaces/tt25a_openram_testchip/runs/wokwi/53-openroad-rcx/nom/tt_um_openram_top.nom.spef line 7368, net clkbuf_3_2__f_ui_in\[3\] not found.
[STA-1650] /workspaces/tt25a_openram_testchip/runs/wokwi/53-openroad-rcx/nom/tt_um_openram_top.nom.spef line 7369, net clkbuf_3_2__f_ui_in\[3\] not found.
[STA-1650] /workspaces/tt25a_openram_testchip/runs/wokwi/53-openroad-rcx/nom/tt_um_openram_top.nom.spef line 7370, net clkbuf_3_2__f_ui_in\[3\] not found.
[STA-1650] /workspaces/tt25a_openram_testchip/runs/wokwi/53-openroad-rcx/nom/tt_um_openram_top.nom.spef line 7371, net clkbuf_3_2__f_ui_in\[3\] not found.
[STA-1650] /workspaces/tt25a_openram_testchip/runs/wokwi/53-openroad-rcx/nom/tt_um_openram_top.nom.spef line 7372, net clkbuf_3_5__f_ui_in\[3\] not found.
[STA-1650] /workspaces/tt25a_openram_testchip/runs/wokwi/53-openroad-rcx/nom/tt_um_openram_top.nom.spef line 7373, net clkbuf_3_5__f_ui_in\[3\] not found.
[STA-1650] /workspaces/tt25a_openram_testchip/runs/wokwi/53-openroad-rcx/nom/tt_um_openram_top.nom.spef line 7374, net clkbuf_3_5__f_ui_in\[3\] not found.
[STA-1650] /workspaces/tt25a_openram_testchip/runs/wokwi/53-openroad-rcx/nom/tt_um_openram_top.nom.spef line 7375, net clkbuf_3_6__f_ui_in\[3\] not found.
[STA-1650] /workspaces/tt25a_openram_testchip/runs/wokwi/53-openroad-rcx/nom/tt_um_openram_top.nom.spef line 7376, net clkbuf_3_7__f_ui_in\[3\] not found.
[STA-1650] /workspaces/tt25a_openram_testchip/runs/wokwi/53-openroad-rcx/nom/tt_um_openram_top.nom.spef line 7495, net clkbuf_3_2__f_ui_in\[3\] not found.
[STA-1650] /workspaces/tt25a_openram_testchip/runs/wokwi/53-openroad-rcx/nom/tt_um_openram_top.nom.spef line 7503, net clkbuf_0_ui_in\[3\] not found.
[STA-1650] /workspaces/tt25a_openram_testchip/runs/wokwi/53-openroad-rcx/nom/tt_um_openram_top.nom.spef line 7505, net clkbuf_3_1__f_ui_in\[3\] not found.
[STA-1650] /workspaces/tt25a_openram_testchip/runs/wokwi/53-openroad-rcx/nom/tt_um_openram_top.nom.spef line 7509, net clkbuf_3_7__f_ui_in\[3\] not found.
[STA-1650] /workspaces/tt25a_openram_testchip/runs/wokwi/53-openroad-rcx/nom/tt_um_openram_top.nom.spef line 7511, net clkbuf_3_4__f_ui_in\[3\] not found.
[STA-1650] /workspaces/tt25a_openram_testchip/runs/wokwi/53-openroad-rcx/nom/tt_um_openram_top.nom.spef line 7514, net clkbuf_3_5__f_ui_in\[3\] not found.
[STA-1650] /workspaces/tt25a_openram_testchip/runs/wokwi/53-openroad-rcx/nom/tt_um_openram_top.nom.spef line 7515, net clkbuf_3_6__f_ui_in\[3\] not found.
[STA-1650] /workspaces/tt25a_openram_testchip/runs/wokwi/53-openroad-rcx/nom/tt_um_openram_top.nom.spef line 7518, net clkbuf_3_2__f_ui_in\[3\] not found.
[STA-1650] /workspaces/tt25a_openram_testchip/runs/wokwi/53-openroad-rcx/nom/tt_um_openram_top.nom.spef line 7519, net clkbuf_3_3__f_ui_in\[3\] not found.
[STA-1650] /workspaces/tt25a_openram_testchip/runs/wokwi/53-openroad-rcx/nom/tt_um_openram_top.nom.spef line 7520, net clkbuf_3_0__f_ui_in\[3\] not found.
[STA-1648] /workspaces/tt25a_openram_testchip/runs/wokwi/53-openroad-rcx/nom/tt_um_openram_top.nom.spef line 7524, instance clkbuf_3_3__f_ui_in\[4\] not found.
[STA-1648] /workspaces/tt25a_openram_testchip/runs/wokwi/53-openroad-rcx/nom/tt_um_openram_top.nom.spef line 7525, instance clkbuf_3_2__f_ui_in\[4\] not found.
[STA-1648] /workspaces/tt25a_openram_testchip/runs/wokwi/53-openroad-rcx/nom/tt_um_openram_top.nom.spef line 7526, instance clkbuf_3_0__f_ui_in\[4\] not found.
[STA-1648] /workspaces/tt25a_openram_testchip/runs/wokwi/53-openroad-rcx/nom/tt_um_openram_top.nom.spef line 7527, instance clkbuf_3_1__f_ui_in\[4\] not found.
[STA-1648] /workspaces/tt25a_openram_testchip/runs/wokwi/53-openroad-rcx/nom/tt_um_openram_top.nom.spef line 7528, instance clkbuf_3_4__f_ui_in\[4\] not found.
[STA-1648] /workspaces/tt25a_openram_testchip/runs/wokwi/53-openroad-rcx/nom/tt_um_openram_top.nom.spef line 7529, instance clkbuf_3_5__f_ui_in\[4\] not found.
[STA-1648] /workspaces/tt25a_openram_testchip/runs/wokwi/53-openroad-rcx/nom/tt_um_openram_top.nom.spef line 7530, instance clkbuf_3_7__f_ui_in\[4\] not found.
[STA-1648] /workspaces/tt25a_openram_testchip/runs/wokwi/53-openroad-rcx/nom/tt_um_openram_top.nom.spef line 7531, instance clkbuf_3_6__f_ui_in\[4\] not found.
[STA-1648] /workspaces/tt25a_openram_testchip/runs/wokwi/53-openroad-rcx/nom/tt_um_openram_top.nom.spef line 7532, instance clkbuf_0_ui_in\[4\] not found.
[STA-1650] /workspaces/tt25a_openram_testchip/runs/wokwi/53-openroad-rcx/nom/tt_um_openram_top.nom.spef line 7535, net clkbuf_3_3__f_ui_in\[4\] not found.
[STA-1650] /workspaces/tt25a_openram_testchip/runs/wokwi/53-openroad-rcx/nom/tt_um_openram_top.nom.spef line 7536, net clkbuf_3_2__f_ui_in\[4\] not found.
[STA-1650] /workspaces/tt25a_openram_testchip/runs/wokwi/53-openroad-rcx/nom/tt_um_openram_top.nom.spef line 7537, net clkbuf_3_0__f_ui_in\[4\] not found.
[STA-1650] /workspaces/tt25a_openram_testchip/runs/wokwi/53-openroad-rcx/nom/tt_um_openram_top.nom.spef line 7538, net clkbuf_3_1__f_ui_in\[4\] not found.
[STA-1650] /workspaces/tt25a_openram_testchip/runs/wokwi/53-openroad-rcx/nom/tt_um_openram_top.nom.spef line 7539, net clkbuf_3_4__f_ui_in\[4\] not found.
[STA-1650] /workspaces/tt25a_openram_testchip/runs/wokwi/53-openroad-rcx/nom/tt_um_openram_top.nom.spef line 7540, net clkbuf_3_5__f_ui_in\[4\] not found.
[STA-1650] /workspaces/tt25a_openram_testchip/runs/wokwi/53-openroad-rcx/nom/tt_um_openram_top.nom.spef line 7541, net clkbuf_3_7__f_ui_in\[4\] not found.
[STA-1650] /workspaces/tt25a_openram_testchip/runs/wokwi/53-openroad-rcx/nom/tt_um_openram_top.nom.spef line 7542, net clkbuf_3_6__f_ui_in\[4\] not found.
[STA-1650] /workspaces/tt25a_openram_testchip/runs/wokwi/53-openroad-rcx/nom/tt_um_openram_top.nom.spef line 7543, net clkbuf_0_ui_in\[4\] not found.
[STA-1650] /workspaces/tt25a_openram_testchip/runs/wokwi/53-openroad-rcx/nom/tt_um_openram_top.nom.spef line 7557, net clkbuf_3_0__f_ui_in\[4\] not found.
[STA-1650] /workspaces/tt25a_openram_testchip/runs/wokwi/53-openroad-rcx/nom/tt_um_openram_top.nom.spef line 7558, net clkbuf_3_0__f_ui_in\[4\] not found.
[STA-1650] /workspaces/tt25a_openram_testchip/runs/wokwi/53-openroad-rcx/nom/tt_um_openram_top.nom.spef line 7559, net clkbuf_3_0__f_ui_in\[4\] not found.
[STA-1650] /workspaces/tt25a_openram_testchip/runs/wokwi/53-openroad-rcx/nom/tt_um_openram_top.nom.spef line 7560, net clkbuf_3_1__f_ui_in\[4\] not found.
[STA-1650] /workspaces/tt25a_openram_testchip/runs/wokwi/53-openroad-rcx/nom/tt_um_openram_top.nom.spef line 7561, net clkbuf_3_2__f_ui_in\[4\] not found.
[STA-1650] /workspaces/tt25a_openram_testchip/runs/wokwi/53-openroad-rcx/nom/tt_um_openram_top.nom.spef line 7562, net clkbuf_3_2__f_ui_in\[4\] not found.
[STA-1650] /workspaces/tt25a_openram_testchip/runs/wokwi/53-openroad-rcx/nom/tt_um_openram_top.nom.spef line 7563, net clkbuf_3_2__f_ui_in\[4\] not found.
[STA-1650] /workspaces/tt25a_openram_testchip/runs/wokwi/53-openroad-rcx/nom/tt_um_openram_top.nom.spef line 7564, net clkbuf_3_2__f_ui_in\[4\] not found.
[STA-1650] /workspaces/tt25a_openram_testchip/runs/wokwi/53-openroad-rcx/nom/tt_um_openram_top.nom.spef line 7565, net clkbuf_3_2__f_ui_in\[4\] not found.
[STA-1650] /workspaces/tt25a_openram_testchip/runs/wokwi/53-openroad-rcx/nom/tt_um_openram_top.nom.spef line 7566, net clkbuf_3_2__f_ui_in\[4\] not found.
[STA-1650] /workspaces/tt25a_openram_testchip/runs/wokwi/53-openroad-rcx/nom/tt_um_openram_top.nom.spef line 7567, net clkbuf_3_2__f_ui_in\[4\] not found.
[STA-1650] /workspaces/tt25a_openram_testchip/runs/wokwi/53-openroad-rcx/nom/tt_um_openram_top.nom.spef line 7568, net clkbuf_3_2__f_ui_in\[4\] not found.
[STA-1650] /workspaces/tt25a_openram_testchip/runs/wokwi/53-openroad-rcx/nom/tt_um_openram_top.nom.spef line 7569, net clkbuf_3_2__f_ui_in\[4\] not found.
[STA-1650] /workspaces/tt25a_openram_testchip/runs/wokwi/53-openroad-rcx/nom/tt_um_openram_top.nom.spef line 7570, net clkbuf_3_2__f_ui_in\[4\] not found.
[STA-1650] /workspaces/tt25a_openram_testchip/runs/wokwi/53-openroad-rcx/nom/tt_um_openram_top.nom.spef line 7571, net clkbuf_3_2__f_ui_in\[4\] not found.
[STA-1650] /workspaces/tt25a_openram_testchip/runs/wokwi/53-openroad-rcx/nom/tt_um_openram_top.nom.spef line 7572, net clkbuf_3_2__f_ui_in\[4\] not found.
[STA-1650] /workspaces/tt25a_openram_testchip/runs/wokwi/53-openroad-rcx/nom/tt_um_openram_top.nom.spef line 7573, net clkbuf_3_2__f_ui_in\[4\] not found.
[STA-1650] /workspaces/tt25a_openram_testchip/runs/wokwi/53-openroad-rcx/nom/tt_um_openram_top.nom.spef line 7574, net clkbuf_3_2__f_ui_in\[4\] not found.
[STA-1650] /workspaces/tt25a_openram_testchip/runs/wokwi/53-openroad-rcx/nom/tt_um_openram_top.nom.spef line 7575, net clkbuf_3_2__f_ui_in\[4\] not found.
[STA-1650] /workspaces/tt25a_openram_testchip/runs/wokwi/53-openroad-rcx/nom/tt_um_openram_top.nom.spef line 7576, net clkbuf_3_2__f_ui_in\[4\] not found.
[STA-1650] /workspaces/tt25a_openram_testchip/runs/wokwi/53-openroad-rcx/nom/tt_um_openram_top.nom.spef line 7577, net clkbuf_3_4__f_ui_in\[4\] not found.
[STA-1650] /workspaces/tt25a_openram_testchip/runs/wokwi/53-openroad-rcx/nom/tt_um_openram_top.nom.spef line 7578, net clkbuf_3_4__f_ui_in\[4\] not found.
[STA-1650] /workspaces/tt25a_openram_testchip/runs/wokwi/53-openroad-rcx/nom/tt_um_openram_top.nom.spef line 7695, net clkbuf_3_2__f_ui_in\[4\] not found.
[STA-1650] /workspaces/tt25a_openram_testchip/runs/wokwi/53-openroad-rcx/nom/tt_um_openram_top.nom.spef line 7707, net clkbuf_3_2__f_ui_in\[4\] not found.
[STA-1650] /workspaces/tt25a_openram_testchip/runs/wokwi/53-openroad-rcx/nom/tt_um_openram_top.nom.spef line 7715, net clkbuf_3_0__f_ui_in\[4\] not found.
[STA-1650] /workspaces/tt25a_openram_testchip/runs/wokwi/53-openroad-rcx/nom/tt_um_openram_top.nom.spef line 7719, net clkbuf_0_ui_in\[4\] not found.
[STA-1650] /workspaces/tt25a_openram_testchip/runs/wokwi/53-openroad-rcx/nom/tt_um_openram_top.nom.spef line 7721, net clkbuf_3_6__f_ui_in\[4\] not found.
[STA-1650] /workspaces/tt25a_openram_testchip/runs/wokwi/53-openroad-rcx/nom/tt_um_openram_top.nom.spef line 7724, net clkbuf_3_7__f_ui_in\[4\] not found.
[STA-1650] /workspaces/tt25a_openram_testchip/runs/wokwi/53-openroad-rcx/nom/tt_um_openram_top.nom.spef line 7729, net clkbuf_3_5__f_ui_in\[4\] not found.
[STA-1650] /workspaces/tt25a_openram_testchip/runs/wokwi/53-openroad-rcx/nom/tt_um_openram_top.nom.spef line 7730, net clkbuf_3_4__f_ui_in\[4\] not found.
[STA-1650] /workspaces/tt25a_openram_testchip/runs/wokwi/53-openroad-rcx/nom/tt_um_openram_top.nom.spef line 7732, net clkbuf_3_1__f_ui_in\[4\] not found.
[STA-1650] /workspaces/tt25a_openram_testchip/runs/wokwi/53-openroad-rcx/nom/tt_um_openram_top.nom.spef line 7736, net clkbuf_3_0__f_ui_in\[4\] not found.
[STA-1650] /workspaces/tt25a_openram_testchip/runs/wokwi/53-openroad-rcx/nom/tt_um_openram_top.nom.spef line 7738, net clkbuf_3_2__f_ui_in\[4\] not found.
[STA-1650] /workspaces/tt25a_openram_testchip/runs/wokwi/53-openroad-rcx/nom/tt_um_openram_top.nom.spef line 7739, net clkbuf_3_3__f_ui_in\[4\] not found.
[STA-1648] /workspaces/tt25a_openram_testchip/runs/wokwi/53-openroad-rcx/nom/tt_um_openram_top.nom.spef line 7752, instance clkbuf_3_0__f_ui_in\[3\] not found.
[STA-1650] /workspaces/tt25a_openram_testchip/runs/wokwi/53-openroad-rcx/nom/tt_um_openram_top.nom.spef line 7764, net clkbuf_3_0__f_ui_in\[3\] not found.
[STA-1650] /workspaces/tt25a_openram_testchip/runs/wokwi/53-openroad-rcx/nom/tt_um_openram_top.nom.spef line 7840, net clkbuf_3_0__f_ui_in\[4\] not found.
[STA-1650] /workspaces/tt25a_openram_testchip/runs/wokwi/53-openroad-rcx/nom/tt_um_openram_top.nom.spef line 7841, net clkbuf_3_0__f_ui_in\[4\] not found.
[STA-1650] /workspaces/tt25a_openram_testchip/runs/wokwi/53-openroad-rcx/nom/tt_um_openram_top.nom.spef line 7846, net clkbuf_3_0__f_ui_in\[3\] not found.
[STA-1648] /workspaces/tt25a_openram_testchip/runs/wokwi/53-openroad-rcx/nom/tt_um_openram_top.nom.spef line 7876, instance clkbuf_3_0__f_ui_in\[4\] not found.
[STA-1650] /workspaces/tt25a_openram_testchip/runs/wokwi/53-openroad-rcx/nom/tt_um_openram_top.nom.spef line 7889, net clkbuf_3_0__f_ui_in\[4\] not found.
[STA-1650] /workspaces/tt25a_openram_testchip/runs/wokwi/53-openroad-rcx/nom/tt_um_openram_top.nom.spef line 7972, net clkbuf_3_0__f_ui_in\[4\] not found.
[STA-1648] /workspaces/tt25a_openram_testchip/runs/wokwi/53-openroad-rcx/nom/tt_um_openram_top.nom.spef line 8003, instance clkbuf_3_1__f_ui_in\[3\] not found.
[STA-1650] /workspaces/tt25a_openram_testchip/runs/wokwi/53-openroad-rcx/nom/tt_um_openram_top.nom.spef line 8015, net clkbuf_3_1__f_ui_in\[3\] not found.
[STA-1650] /workspaces/tt25a_openram_testchip/runs/wokwi/53-openroad-rcx/nom/tt_um_openram_top.nom.spef line 8084, net clkbuf_3_1__f_ui_in\[3\] not found.
[STA-1648] /workspaces/tt25a_openram_testchip/runs/wokwi/53-openroad-rcx/nom/tt_um_openram_top.nom.spef line 8112, instance clkbuf_3_1__f_ui_in\[4\] not found.
[STA-1650] /workspaces/tt25a_openram_testchip/runs/wokwi/53-openroad-rcx/nom/tt_um_openram_top.nom.spef line 8123, net clkbuf_3_1__f_ui_in\[4\] not found.
[STA-1650] /workspaces/tt25a_openram_testchip/runs/wokwi/53-openroad-rcx/nom/tt_um_openram_top.nom.spef line 8177, net clkbuf_3_1__f_ui_in\[4\] not found.
[STA-1648] /workspaces/tt25a_openram_testchip/runs/wokwi/53-openroad-rcx/nom/tt_um_openram_top.nom.spef line 8206, instance clkbuf_3_2__f_ui_in\[3\] not found.
[STA-1650] /workspaces/tt25a_openram_testchip/runs/wokwi/53-openroad-rcx/nom/tt_um_openram_top.nom.spef line 8220, net clkbuf_3_2__f_ui_in\[3\] not found.
[STA-1650] /workspaces/tt25a_openram_testchip/runs/wokwi/53-openroad-rcx/nom/tt_um_openram_top.nom.spef line 8295, net clkbuf_3_2__f_ui_in\[3\] not found.
[STA-1648] /workspaces/tt25a_openram_testchip/runs/wokwi/53-openroad-rcx/nom/tt_um_openram_top.nom.spef line 8331, instance clkbuf_3_2__f_ui_in\[4\] not found.
[STA-1650] /workspaces/tt25a_openram_testchip/runs/wokwi/53-openroad-rcx/nom/tt_um_openram_top.nom.spef line 8346, net clkbuf_3_2__f_ui_in\[4\] not found.
[STA-1650] /workspaces/tt25a_openram_testchip/runs/wokwi/53-openroad-rcx/nom/tt_um_openram_top.nom.spef line 8431, net clkbuf_3_2__f_ui_in\[4\] not found.
[STA-1648] /workspaces/tt25a_openram_testchip/runs/wokwi/53-openroad-rcx/nom/tt_um_openram_top.nom.spef line 8470, instance clkbuf_3_3__f_ui_in\[3\] not found.
[STA-1650] /workspaces/tt25a_openram_testchip/runs/wokwi/53-openroad-rcx/nom/tt_um_openram_top.nom.spef line 8486, net clkbuf_3_3__f_ui_in\[3\] not found.
[STA-1650] /workspaces/tt25a_openram_testchip/runs/wokwi/53-openroad-rcx/nom/tt_um_openram_top.nom.spef line 8579, net clkbuf_3_3__f_ui_in\[3\] not found.
[STA-1648] /workspaces/tt25a_openram_testchip/runs/wokwi/53-openroad-rcx/nom/tt_um_openram_top.nom.spef line 8619, instance clkbuf_3_3__f_ui_in\[4\] not found.
[STA-1650] /workspaces/tt25a_openram_testchip/runs/wokwi/53-openroad-rcx/nom/tt_um_openram_top.nom.spef line 8634, net clkbuf_3_3__f_ui_in\[4\] not found.
[STA-1650] /workspaces/tt25a_openram_testchip/runs/wokwi/53-openroad-rcx/nom/tt_um_openram_top.nom.spef line 8740, net clkbuf_3_2__f_ui_in\[4\] not found.
[STA-1650] /workspaces/tt25a_openram_testchip/runs/wokwi/53-openroad-rcx/nom/tt_um_openram_top.nom.spef line 8741, net clkbuf_3_2__f_ui_in\[4\] not found.
[STA-1650] /workspaces/tt25a_openram_testchip/runs/wokwi/53-openroad-rcx/nom/tt_um_openram_top.nom.spef line 8744, net clkbuf_3_3__f_ui_in\[4\] not found.
[STA-1648] /workspaces/tt25a_openram_testchip/runs/wokwi/53-openroad-rcx/nom/tt_um_openram_top.nom.spef line 8778, instance clkbuf_3_4__f_ui_in\[3\] not found.
[STA-1650] /workspaces/tt25a_openram_testchip/runs/wokwi/53-openroad-rcx/nom/tt_um_openram_top.nom.spef line 8789, net clkbuf_3_4__f_ui_in\[3\] not found.
[STA-1650] /workspaces/tt25a_openram_testchip/runs/wokwi/53-openroad-rcx/nom/tt_um_openram_top.nom.spef line 8843, net clkbuf_3_4__f_ui_in\[3\] not found.
[STA-1648] /workspaces/tt25a_openram_testchip/runs/wokwi/53-openroad-rcx/nom/tt_um_openram_top.nom.spef line 8869, instance clkbuf_3_4__f_ui_in\[4\] not found.
[STA-1650] /workspaces/tt25a_openram_testchip/runs/wokwi/53-openroad-rcx/nom/tt_um_openram_top.nom.spef line 8880, net clkbuf_3_4__f_ui_in\[4\] not found.
[STA-1650] /workspaces/tt25a_openram_testchip/runs/wokwi/53-openroad-rcx/nom/tt_um_openram_top.nom.spef line 8933, net clkbuf_3_4__f_ui_in\[4\] not found.
[STA-1650] /workspaces/tt25a_openram_testchip/runs/wokwi/53-openroad-rcx/nom/tt_um_openram_top.nom.spef line 8937, net clkbuf_3_4__f_ui_in\[4\] not found.
[STA-1648] /workspaces/tt25a_openram_testchip/runs/wokwi/53-openroad-rcx/nom/tt_um_openram_top.nom.spef line 8963, instance clkbuf_3_5__f_ui_in\[3\] not found.
[STA-1650] /workspaces/tt25a_openram_testchip/runs/wokwi/53-openroad-rcx/nom/tt_um_openram_top.nom.spef line 8974, net clkbuf_3_5__f_ui_in\[3\] not found.
[STA-1650] /workspaces/tt25a_openram_testchip/runs/wokwi/53-openroad-rcx/nom/tt_um_openram_top.nom.spef line 9030, net clkbuf_3_5__f_ui_in\[3\] not found.
[STA-1648] /workspaces/tt25a_openram_testchip/runs/wokwi/53-openroad-rcx/nom/tt_um_openram_top.nom.spef line 9056, instance clkbuf_3_5__f_ui_in\[4\] not found.
[STA-1650] /workspaces/tt25a_openram_testchip/runs/wokwi/53-openroad-rcx/nom/tt_um_openram_top.nom.spef line 9067, net clkbuf_3_5__f_ui_in\[4\] not found.
[STA-1650] /workspaces/tt25a_openram_testchip/runs/wokwi/53-openroad-rcx/nom/tt_um_openram_top.nom.spef line 9110, net clkbuf_3_5__f_ui_in\[4\] not found.
[STA-1648] /workspaces/tt25a_openram_testchip/runs/wokwi/53-openroad-rcx/nom/tt_um_openram_top.nom.spef line 9140, instance clkbuf_3_6__f_ui_in\[3\] not found.
[STA-1650] /workspaces/tt25a_openram_testchip/runs/wokwi/53-openroad-rcx/nom/tt_um_openram_top.nom.spef line 9155, net clkbuf_3_6__f_ui_in\[3\] not found.
[STA-1650] /workspaces/tt25a_openram_testchip/runs/wokwi/53-openroad-rcx/nom/tt_um_openram_top.nom.spef line 9258, net clkbuf_3_6__f_ui_in\[3\] not found.
[STA-1648] /workspaces/tt25a_openram_testchip/runs/wokwi/53-openroad-rcx/nom/tt_um_openram_top.nom.spef line 9294, instance clkbuf_3_6__f_ui_in\[4\] not found.
[STA-1650] /workspaces/tt25a_openram_testchip/runs/wokwi/53-openroad-rcx/nom/tt_um_openram_top.nom.spef line 9307, net clkbuf_3_6__f_ui_in\[4\] not found.
[STA-1650] /workspaces/tt25a_openram_testchip/runs/wokwi/53-openroad-rcx/nom/tt_um_openram_top.nom.spef line 9389, net clkbuf_3_6__f_ui_in\[4\] not found.
[STA-1648] /workspaces/tt25a_openram_testchip/runs/wokwi/53-openroad-rcx/nom/tt_um_openram_top.nom.spef line 9421, instance clkbuf_3_7__f_ui_in\[3\] not found.
[STA-1650] /workspaces/tt25a_openram_testchip/runs/wokwi/53-openroad-rcx/nom/tt_um_openram_top.nom.spef line 9434, net clkbuf_3_7__f_ui_in\[3\] not found.
[STA-1650] /workspaces/tt25a_openram_testchip/runs/wokwi/53-openroad-rcx/nom/tt_um_openram_top.nom.spef line 9539, net clkbuf_3_7__f_ui_in\[3\] not found.
[STA-1648] /workspaces/tt25a_openram_testchip/runs/wokwi/53-openroad-rcx/nom/tt_um_openram_top.nom.spef line 9572, instance clkbuf_3_7__f_ui_in\[4\] not found.
[STA-1650] /workspaces/tt25a_openram_testchip/runs/wokwi/53-openroad-rcx/nom/tt_um_openram_top.nom.spef line 9586, net clkbuf_3_7__f_ui_in\[4\] not found.
[STA-1650] /workspaces/tt25a_openram_testchip/runs/wokwi/53-openroad-rcx/nom/tt_um_openram_top.nom.spef line 9668, net clkbuf_3_7__f_ui_in\[4\] not found.
[STA-1650] /workspaces/tt25a_openram_testchip/runs/wokwi/53-openroad-rcx/nom/tt_um_openram_top.nom.spef line 9841, net clkbuf_3_5__f_ui_in\[3\] not found.
[STA-1650] /workspaces/tt25a_openram_testchip/runs/wokwi/53-openroad-rcx/nom/tt_um_openram_top.nom.spef line 9951, net clkbuf_0_ui_in\[4\] not found.
[STA-1650] /workspaces/tt25a_openram_testchip/runs/wokwi/53-openroad-rcx/nom/tt_um_openram_top.nom.spef line 10169, net clkbuf_0_ui_in\[4\] not found.
[STA-1650] /workspaces/tt25a_openram_testchip/runs/wokwi/53-openroad-rcx/nom/tt_um_openram_top.nom.spef line 10170, net clkbuf_0_ui_in\[4\] not found.
[STA-1650] /workspaces/tt25a_openram_testchip/runs/wokwi/53-openroad-rcx/nom/tt_um_openram_top.nom.spef line 10439, net clkbuf_3_5__f_ui_in\[3\] not found.
[STA-1650] /workspaces/tt25a_openram_testchip/runs/wokwi/53-openroad-rcx/nom/tt_um_openram_top.nom.spef line 10698, net clkbuf_3_4__f_ui_in\[4\] not found.
[STA-1650] /workspaces/tt25a_openram_testchip/runs/wokwi/53-openroad-rcx/nom/tt_um_openram_top.nom.spef line 10820, net clkbuf_0_ui_in\[4\] not found.
[STA-1650] /workspaces/tt25a_openram_testchip/runs/wokwi/53-openroad-rcx/nom/tt_um_openram_top.nom.spef line 10881, net clkbuf_3_2__f_ui_in\[4\] not found.
[STA-1650] /workspaces/tt25a_openram_testchip/runs/wokwi/53-openroad-rcx/nom/tt_um_openram_top.nom.spef line 11231, net clkbuf_3_2__f_ui_in\[3\] not found.
[STA-1650] /workspaces/tt25a_openram_testchip/runs/wokwi/53-openroad-rcx/nom/tt_um_openram_top.nom.spef line 11232, net clkbuf_3_2__f_ui_in\[4\] not found.
[STA-1650] /workspaces/tt25a_openram_testchip/runs/wokwi/53-openroad-rcx/nom/tt_um_openram_top.nom.spef line 11782, net clkbuf_3_2__f_ui_in\[4\] not found.
[STA-1650] /workspaces/tt25a_openram_testchip/runs/wokwi/53-openroad-rcx/nom/tt_um_openram_top.nom.spef line 12309, net clkbuf_3_0__f_ui_in\[4\] not found.
[STA-1650] /workspaces/tt25a_openram_testchip/runs/wokwi/53-openroad-rcx/nom/tt_um_openram_top.nom.spef line 13744, net clkbuf_3_1__f_ui_in\[4\] not found.
[STA-1650] /workspaces/tt25a_openram_testchip/runs/wokwi/53-openroad-rcx/nom/tt_um_openram_top.nom.spef line 13759, net clkbuf_0_ui_in\[4\] not found.
[STA-1650] /workspaces/tt25a_openram_testchip/runs/wokwi/53-openroad-rcx/nom/tt_um_openram_top.nom.spef line 14755, net clkbuf_3_2__f_ui_in\[4\] not found.
[STA-1650] /workspaces/tt25a_openram_testchip/runs/wokwi/53-openroad-rcx/nom/tt_um_openram_top.nom.spef line 14756, net clkbuf_3_2__f_ui_in\[4\] not found.
[STA-1650] /workspaces/tt25a_openram_testchip/runs/wokwi/53-openroad-rcx/nom/tt_um_openram_top.nom.spef line 16178, net clkbuf_3_5__f_ui_in\[3\] not found.
[STA-1650] /workspaces/tt25a_openram_testchip/runs/wokwi/53-openroad-rcx/nom/tt_um_openram_top.nom.spef line 16561, net clkbuf_3_2__f_ui_in\[4\] not found.
[STA-1650] /workspaces/tt25a_openram_testchip/runs/wokwi/53-openroad-rcx/nom/tt_um_openram_top.nom.spef line 16562, net clkbuf_3_2__f_ui_in\[4\] not found.
[STA-1650] /workspaces/tt25a_openram_testchip/runs/wokwi/53-openroad-rcx/nom/tt_um_openram_top.nom.spef line 16688, net clkbuf_3_2__f_ui_in\[3\] not found.
[STA-1650] /workspaces/tt25a_openram_testchip/runs/wokwi/53-openroad-rcx/nom/tt_um_openram_top.nom.spef line 16689, net clkbuf_3_2__f_ui_in\[4\] not found.
[STA-1650] /workspaces/tt25a_openram_testchip/runs/wokwi/53-openroad-rcx/nom/tt_um_openram_top.nom.spef line 16690, net clkbuf_3_2__f_ui_in\[4\] not found.
[STA-1650] /workspaces/tt25a_openram_testchip/runs/wokwi/53-openroad-rcx/nom/tt_um_openram_top.nom.spef line 18562, net clkbuf_3_2__f_ui_in\[3\] not found.
[STA-1650] /workspaces/tt25a_openram_testchip/runs/wokwi/53-openroad-rcx/nom/tt_um_openram_top.nom.spef line 18563, net clkbuf_3_2__f_ui_in\[3\] not found.
[STA-1650] /workspaces/tt25a_openram_testchip/runs/wokwi/53-openroad-rcx/nom/tt_um_openram_top.nom.spef line 18874, net clkbuf_3_6__f_ui_in\[3\] not found.
[STA-1650] /workspaces/tt25a_openram_testchip/runs/wokwi/53-openroad-rcx/nom/tt_um_openram_top.nom.spef line 19055, net clkbuf_3_2__f_ui_in\[4\] not found.
[STA-1650] /workspaces/tt25a_openram_testchip/runs/wokwi/53-openroad-rcx/nom/tt_um_openram_top.nom.spef line 19878, net clkbuf_0_ui_in\[4\] not found.
[STA-1650] /workspaces/tt25a_openram_testchip/runs/wokwi/53-openroad-rcx/nom/tt_um_openram_top.nom.spef line 21456, net clkbuf_0_ui_in\[4\] not found.
[STA-1650] /workspaces/tt25a_openram_testchip/runs/wokwi/53-openroad-rcx/nom/tt_um_openram_top.nom.spef line 21903, net clkbuf_3_2__f_ui_in\[4\] not found.
[STA-1650] /workspaces/tt25a_openram_testchip/runs/wokwi/53-openroad-rcx/nom/tt_um_openram_top.nom.spef line 22544, net clkbuf_0_ui_in\[4\] not found.
[STA-1650] /workspaces/tt25a_openram_testchip/runs/wokwi/53-openroad-rcx/nom/tt_um_openram_top.nom.spef line 22545, net clkbuf_0_ui_in\[4\] not found.
[STA-1650] /workspaces/tt25a_openram_testchip/runs/wokwi/53-openroad-rcx/nom/tt_um_openram_top.nom.spef line 24174, net clkbuf_3_2__f_ui_in\[4\] not found.
[STA-1650] /workspaces/tt25a_openram_testchip/runs/wokwi/53-openroad-rcx/nom/tt_um_openram_top.nom.spef line 24175, net clkbuf_3_2__f_ui_in\[4\] not found.
[STA-1650] /workspaces/tt25a_openram_testchip/runs/wokwi/53-openroad-rcx/nom/tt_um_openram_top.nom.spef line 24419, net clkbuf_3_2__f_ui_in\[4\] not found.
[STA-1650] /workspaces/tt25a_openram_testchip/runs/wokwi/53-openroad-rcx/nom/tt_um_openram_top.nom.spef line 24420, net clkbuf_3_7__f_ui_in\[3\] not found.
[STA-1650] /workspaces/tt25a_openram_testchip/runs/wokwi/53-openroad-rcx/nom/tt_um_openram_top.nom.spef line 24565, net clkbuf_3_2__f_ui_in\[3\] not found.
[STA-1650] /workspaces/tt25a_openram_testchip/runs/wokwi/53-openroad-rcx/nom/tt_um_openram_top.nom.spef line 25678, net clkbuf_0_ui_in\[4\] not found.
Cell 'tt_um_openram_top' has (6) input pin(s) without antenna gate information. They might not be connected to a gate.
Cell 'tt_um_openram_top' has (22) output pin(s) without antenna diffusion information. They might not be driven.
klayout__drc_error__count not reported. KLayout.DRC may have been skipped.
