Clock: sclka
Sources: ui_in[3] 
Generated: no
Virtual: yes
Propagated: no
Period: 10000.000000

===========================================================================
report_clock_properties
============================================================================
Clock                   Period          Waveform
----------------------------------------------------
sclka               10000.000000    0.0000005000.000000

===========================================================================
report_clock_latency
============================================================================
Clock sclka
rise -> rise
    min     max
0.000000 0.000000 source latency
0.318259         network latency _636_/CLK
        0.350836 network latency _621_/CLK
---------------
0.318259 0.350836 latency
        0.032578 skew

rise -> fall
    min     max
0.000000 0.000000 source latency
0.290675         network latency _609_/CLK
        0.304404 network latency _621_/CLK
---------------
0.290675 0.304404 latency
        0.013729 skew

fall -> fall
    min     max
0.000000 0.000000 source latency
0.280124         network latency _546_/CLK
        0.295131 network latency _592_/CLK
---------------
0.280124 0.295131 latency
        0.015007 skew



===========================================================================
report_clock_min_period
============================================================================
sclka period_min = 1.09 fmax = 917.79
Clock: sclkb
Sources: ui_in[4] 
Generated: no
Virtual: yes
Propagated: no
Period: 10000.000000

===========================================================================
report_clock_properties
============================================================================
Clock                   Period          Waveform
----------------------------------------------------
sclkb               10000.000000    0.0000005000.000000

===========================================================================
report_clock_latency
============================================================================
Clock sclkb
rise -> rise
    min     max
0.000000 0.000000 source latency
0.318259         network latency _636_/CLK
        0.350836 network latency _621_/CLK
---------------
0.318259 0.350836 latency
        0.032578 skew

rise -> fall
    min     max
0.000000 0.000000 source latency
0.280792         network latency _636_/CLK
        0.295200 network latency _618_/CLK
---------------
0.280792 0.295200 latency
        0.014408 skew

fall -> fall
    min     max
0.000000 0.000000 source latency
0.291038         network latency _549_/CLK
        0.304681 network latency _595_/CLK
---------------
0.291038 0.304681 latency
        0.013642 skew



===========================================================================
report_clock_min_period
============================================================================
sclkb period_min = 1.13 fmax = 885.28
