
Magic 8.3 revision 489 - Compiled on Thu Aug 22 13:45:15 UTC 2024.
Starting magic under Tcl interpreter
Using the terminal as the console.
Using NULL graphics device.
Processing system .magicrc file
Sourcing design .magicrc for technology sky130A ...
2 Magic internal units = 1 Lambda
Input style sky130(): scaleFactor=2, multiplier=2
The following types are not handled by extraction and will be treated as non-electrical types:
    ubm 
Scaled tech values by 2 / 1 to match internal grid scaling
Loading sky130A Device Generator Menu ...
Loading "/nix/store/ib5in1gi5d1gw05g161q4ab55s6w006g-python3-3.11.9-env/lib/python3.11/site-packages/openlane/scripts/magic/wrapper.tcl" from command line.
Warning: Calma reading is not undoable!  I hope that's OK.
Library written using GDS-II Release 6.0
Library name: LIB
Reading "sky130_fd_bd_sram__sram_sp_cell_fom_serif_nmos".
Error while reading cell "sky130_fd_bd_sram__sram_sp_cell_fom_serif_nmos" (byte position 156): Unknown layer/datatype in boundary, layer=22 type=22
Reading "sky130_fd_bd_sram__sram_sp_cell_fom_serif_pmos".
Error while reading cell "sky130_fd_bd_sram__sram_sp_cell_fom_serif_pmos" (byte position 302): Unknown layer/datatype in boundary, layer=22 type=22
Reading "sky130_sram_128B_1rw_32x32_contact_10".
Reading "sky130_sram_128B_1rw_32x32_contact_11".
Reading "sky130_fd_bd_sram__sram_sp_cell_fom_serifs".
Reading "sky130_fd_bd_sram__sram_sp_cell_p1_serif".
Error while reading cell "sky130_fd_bd_sram__sram_sp_cell_p1_serif" (byte position 1780): Unknown layer/datatype in boundary, layer=33 type=43
Reading "sky130_sram_128B_1rw_32x32_contact_14".
Reading "sky130_sram_128B_1rw_32x32_nmos_m1_w0_360_sli_dli_da_p".
Reading "sky130_sram_128B_1rw_32x32_pmos_m1_w1_120_sli_dli_da_p".
Reading "sky130_sram_128B_1rw_32x32_contact_23".
Reading "sky130_sram_128B_1rw_32x32_contact_22".
Reading "sky130_sram_128B_1rw_32x32_nmos_m2_w0_740_sli_dli_da_p".
Reading "sky130_sram_128B_1rw_32x32_pmos_m2_w1_260_sli_dli_da_p".
Reading "sky130_sram_128B_1rw_32x32_contact_15".
Reading "sky130_fd_bd_sram__sram_l1m1".
Reading "sky130_fd_bd_sram__sram_sp_cell".
Error while reading cell "sky130_fd_bd_sram__sram_sp_cell" (byte position 9706): Unknown layer/datatype in boundary, layer=92 type=44
Error while reading cell "sky130_fd_bd_sram__sram_sp_cell" (byte position 9898): Unknown layer/datatype in boundary, layer=22 type=21
Error while reading cell "sky130_fd_bd_sram__sram_sp_cell" (byte position 10794): Unknown layer/datatype in boundary, layer=115 type=43
Reading "sky130_fd_bd_sram__sram_sp_cell_addpoly".
Reading "sky130_fd_bd_sram__sram_sp_cell_metopt1".
Reading "sky130_fd_bd_sram__sram_sp_cell_p1_serifs".
Reading "sky130_sram_128B_1rw_32x32_contact_13".
Reading "sky130_sram_128B_1rw_32x32_contact_12".
Reading "sky130_sram_128B_1rw_32x32_nmos_m1_w3_000_sli_dli_da_p".
Reading "sky130_sram_128B_1rw_32x32_pmos_m1_w7_000_sli_dli_da_p".
Reading "sky130_fd_bd_sram__openram_sp_nand2_dec".
CIF file read warning: CIF style sky130(): units rescaled by factor of 5 / 1
Reading "sky130_sram_128B_1rw_32x32_pinv_dec".
Reading "sky130_sram_128B_1rw_32x32_pinv".
Reading "sky130_sram_128B_1rw_32x32_nmos_m1_w0_740_sactive_dli".
Reading "sky130_sram_128B_1rw_32x32_nmos_m1_w0_740_sli_dactive".
Reading "sky130_sram_128B_1rw_32x32_pmos_m1_w1_120_sli_dli".
Reading "sky130_fd_bd_sram__sram_sp_wlstrapa_p1m_siz".
Error while reading cell "sky130_fd_bd_sram__sram_sp_wlstrapa_p1m_siz" (byte position 26292): Unknown layer/datatype in boundary, layer=33 type=43
Reading "sky130_fd_bd_sram__sram_sp_wlstrap_p_ce".
Error while reading cell "sky130_fd_bd_sram__sram_sp_wlstrap_p_ce" (byte position 28940): Unknown layer/datatype in boundary, layer=22 type=21
Error while reading cell "sky130_fd_bd_sram__sram_sp_wlstrap_p_ce" (byte position 29356): Unknown layer/datatype in boundary, layer=115 type=43
Error while reading cell "sky130_fd_bd_sram__sram_sp_wlstrap_p_ce" (byte position 29612): Unknown layer/datatype in boundary, layer=115 type=42
Reading "sky130_fd_bd_sram__sram_sp_wlstrap_p_met2".
Reading "sky130_fd_bd_sram__sram_sp_wlstrap_ce".
Error while reading cell "sky130_fd_bd_sram__sram_sp_wlstrap_ce" (byte position 32132): Unknown layer/datatype in boundary, layer=92 type=44
Error while reading cell "sky130_fd_bd_sram__sram_sp_wlstrap_ce" (byte position 32388): Unknown layer/datatype in boundary, layer=22 type=21
Error while reading cell "sky130_fd_bd_sram__sram_sp_wlstrap_ce" (byte position 32900): Unknown layer/datatype in boundary, layer=115 type=43
Error while reading cell "sky130_fd_bd_sram__sram_sp_wlstrap_ce" (byte position 33156): Unknown layer/datatype in boundary, layer=115 type=42
Reading "sky130_fd_bd_sram__sram_sp_wlstrap_met2".
Reading "sky130_fd_bd_sram__sram_sp_wlstrap_p1m_siz".
Error while reading cell "sky130_fd_bd_sram__sram_sp_wlstrap_p1m_siz" (byte position 33694): Unknown layer/datatype in boundary, layer=33 type=43
Reading "sky130_fd_bd_sram__sram_sp_cell_met2".
Reading "sky130_fd_bd_sram__sram_sp_cell_opt1_ce".
Reading "sky130_fd_bd_sram__sram_sp_cell_via".
Reading "sky130_fd_bd_sram__sram_sp_cell_p1m_sizing".
Error while reading cell "sky130_fd_bd_sram__sram_sp_cell_p1m_sizing" (byte position 34914): Unknown layer/datatype in boundary, layer=33 type=43
Reading "sky130_fd_bd_sram__sram_sp_cell_addpoly_sizing".
Error while reading cell "sky130_fd_bd_sram__sram_sp_cell_addpoly_sizing" (byte position 35252): Unknown layer/datatype in boundary, layer=33 type=43
Reading "sky130_sram_128B_1rw_32x32_nmos_m18_w2_000_sli_dli_da_p".
Reading "sky130_sram_128B_1rw_32x32_pmos_m18_w2_000_sli_dli_da_p".
Reading "sky130_sram_128B_1rw_32x32_nmos_m22_w2_000_sli_dli_da_p".
Reading "sky130_sram_128B_1rw_32x32_pmos_m22_w2_000_sli_dli_da_p".
Reading "sky130_sram_128B_1rw_32x32_nmos_m7_w1_680_sli_dli_da_p".
Reading "sky130_sram_128B_1rw_32x32_pmos_m7_w2_000_sli_dli_da_p".
Reading "sky130_sram_128B_1rw_32x32_nmos_m3_w1_680_sli_dli_da_p".
Reading "sky130_sram_128B_1rw_32x32_pmos_m3_w1_680_sli_dli_da_p".
Reading "sky130_sram_128B_1rw_32x32_pinv_dec_0".
Reading "sky130_fd_bd_sram__openram_sp_nand3_dec".
Reading "sky130_sram_128B_1rw_32x32_contact_19".
Reading "sky130_sram_128B_1rw_32x32_and2_dec".
Reading "sky130_sram_128B_1rw_32x32_contact_18".
Reading "sky130_sram_128B_1rw_32x32_contact_16".
Reading "sky130_sram_128B_1rw_32x32_pdriver".
Reading "sky130_sram_128B_1rw_32x32_pnand2".
Reading "sky130_sram_128B_1rw_32x32_contact_21".
Reading "sky130_sram_128B_1rw_32x32_pmos_m1_w0_550_sli_dli".
Reading "sky130_fd_bd_sram__sram_sp_corner_met2_b".
Reading "sky130_fd_bd_sram__sram_sp_cornera_p1m_serif".
Error while reading cell "sky130_fd_bd_sram__sram_sp_cornera_p1m_serif" (byte position 79256): Unknown layer/datatype in boundary, layer=33 type=43
Reading "sky130_fd_bd_sram__sram_sp_rowenda_p1m_siz".
Error while reading cell "sky130_fd_bd_sram__sram_sp_rowenda_p1m_siz" (byte position 79398): Unknown layer/datatype in boundary, layer=33 type=43
Reading "sky130_fd_bd_sram__sram_sp_rowend_met2".
Reading "sky130_fd_bd_sram__sram_sp_rowend_p1m_siz".
Error while reading cell "sky130_fd_bd_sram__sram_sp_rowend_p1m_siz" (byte position 80062): Unknown layer/datatype in boundary, layer=33 type=43
Reading "sky130_fd_bd_sram__sram_sp_rowend_ce".
Error while reading cell "sky130_fd_bd_sram__sram_sp_rowend_ce" (byte position 81830): Unknown layer/datatype in boundary, layer=92 type=44
Error while reading cell "sky130_fd_bd_sram__sram_sp_rowend_ce" (byte position 82054): Unknown layer/datatype in boundary, layer=22 type=21
Error while reading cell "sky130_fd_bd_sram__sram_sp_rowend_ce" (byte position 82342): Unknown layer/datatype in boundary, layer=115 type=43
Error while reading cell "sky130_fd_bd_sram__sram_sp_rowend_ce" (byte position 82502): Unknown layer/datatype in boundary, layer=115 type=42
Reading "sky130_fd_bd_sram__sram_sp_corner_ce".
Error while reading cell "sky130_fd_bd_sram__sram_sp_corner_ce" (byte position 84014): Unknown layer/datatype in boundary, layer=92 type=44
Reading "sky130_fd_bd_sram__sram_sp_corner_p1m_serif".
Error while reading cell "sky130_fd_bd_sram__sram_sp_corner_p1m_serif" (byte position 84286): Unknown layer/datatype in boundary, layer=33 type=43
Reading "sky130_fd_bd_sram__sram_sp_corner_met2".
Reading "sky130_fd_bd_sram__openram_sp_cell_opt1_dummy".
Error while reading cell "sky130_fd_bd_sram__openram_sp_cell_opt1_dummy" (byte position 87834): Unknown layer/datatype in boundary, layer=33 type=43
Error while reading cell "sky130_fd_bd_sram__openram_sp_cell_opt1_dummy" (byte position 89114): Unknown layer/datatype in boundary, layer=22 type=22
Error while reading cell "sky130_fd_bd_sram__openram_sp_cell_opt1_dummy" (byte position 89818): Unknown layer/datatype in boundary, layer=92 type=44
Error while reading cell "sky130_fd_bd_sram__openram_sp_cell_opt1_dummy" (byte position 90010): Unknown layer/datatype in boundary, layer=22 type=21
Error while reading cell "sky130_fd_bd_sram__openram_sp_cell_opt1_dummy" (byte position 90906): Unknown layer/datatype in boundary, layer=115 type=43
Reading "sky130_fd_bd_sram__openram_sp_cell_opt1a_replica".
Error while reading cell "sky130_fd_bd_sram__openram_sp_cell_opt1a_replica" (byte position 95238): Unknown layer/datatype in boundary, layer=33 type=43
Error while reading cell "sky130_fd_bd_sram__openram_sp_cell_opt1a_replica" (byte position 96326): Unknown layer/datatype in boundary, layer=22 type=22
Error while reading cell "sky130_fd_bd_sram__openram_sp_cell_opt1a_replica" (byte position 97286): Unknown layer/datatype in boundary, layer=92 type=44
Error while reading cell "sky130_fd_bd_sram__openram_sp_cell_opt1a_replica" (byte position 97478): Unknown layer/datatype in boundary, layer=22 type=21
Error while reading cell "sky130_fd_bd_sram__openram_sp_cell_opt1a_replica" (byte position 98374): Unknown layer/datatype in boundary, layer=115 type=43
Reading "sky130_fd_bd_sram__openram_sp_cell_opt1_replica".
Error while reading cell "sky130_fd_bd_sram__openram_sp_cell_opt1_replica" (byte position 102690): Unknown layer/datatype in boundary, layer=33 type=43
Error while reading cell "sky130_fd_bd_sram__openram_sp_cell_opt1_replica" (byte position 103778): Unknown layer/datatype in boundary, layer=22 type=22
Error while reading cell "sky130_fd_bd_sram__openram_sp_cell_opt1_replica" (byte position 104738): Unknown layer/datatype in boundary, layer=92 type=44
Error while reading cell "sky130_fd_bd_sram__openram_sp_cell_opt1_replica" (byte position 104930): Unknown layer/datatype in boundary, layer=22 type=21
Error while reading cell "sky130_fd_bd_sram__openram_sp_cell_opt1_replica" (byte position 105826): Unknown layer/datatype in boundary, layer=115 type=43
Reading "sky130_fd_bd_sram__sram_sp_wlstrapa".
Reading "sky130_fd_bd_sram__sram_sp_cell_opt1a".
Reading "sky130_fd_bd_sram__sram_sp_wlstrap_p".
Reading "sky130_fd_bd_sram__sram_sp_wlstrap".
Reading "sky130_fd_bd_sram__sram_sp_cell_opt1".
Reading "sky130_sram_128B_1rw_32x32_contact_7".
Reading "sky130_sram_128B_1rw_32x32_contact_8".
Reading "sky130_sram_128B_1rw_32x32_pinv_12".
Reading "sky130_sram_128B_1rw_32x32_pinv_11".
Reading "sky130_sram_128B_1rw_32x32_nmos_m1_w0_740_sactive_dactive".
Reading "sky130_sram_128B_1rw_32x32_nmos_m6_w2_000_sli_dli_da_p".
Reading "sky130_sram_128B_1rw_32x32_pmos_m6_w2_000_sli_dli_da_p".
Reading "sky130_sram_128B_1rw_32x32_pinv_2".
Reading "sky130_sram_128B_1rw_32x32_nmos_m37_w2_000_sli_dli_da_p".
Reading "sky130_sram_128B_1rw_32x32_pmos_m37_w2_000_sli_dli_da_p".
Reading "sky130_sram_128B_1rw_32x32_nmos_m13_w2_000_sli_dli_da_p".
Reading "sky130_sram_128B_1rw_32x32_pmos_m13_w2_000_sli_dli_da_p".
Reading "sky130_sram_128B_1rw_32x32_nmos_m5_w1_680_sli_dli_da_p".
Reading "sky130_sram_128B_1rw_32x32_pmos_m5_w2_000_sli_dli_da_p".
Reading "sky130_sram_128B_1rw_32x32_nmos_m2_w1_260_sli_dli_da_p".
Reading "sky130_sram_128B_1rw_32x32_pmos_m2_w2_000_sli_dli_da_p".
Reading "sky130_sram_128B_1rw_32x32_pinv_1".
Reading "sky130_sram_128B_1rw_32x32_pinv_0".
Reading "sky130_fd_bd_sram__openram_dff".
Reading "sky130_sram_128B_1rw_32x32_wordline_driver".
Reading "sky130_sram_128B_1rw_32x32_and3_dec".
Reading "sky130_sram_128B_1rw_32x32_hierarchical_predecode2x4".
Error while reading cell "sky130_sram_128B_1rw_32x32_hierarchical_predecode2x4" (byte position 186776): Warning: cell "sky130_sram_128B_1rw_32x32_contact_7" placed on top of itself.  Ignoring the extra one.
Error while reading cell "sky130_sram_128B_1rw_32x32_hierarchical_predecode2x4" (byte position 186836): Warning: cell "sky130_sram_128B_1rw_32x32_contact_8" placed on top of itself.  Ignoring the extra one.
Error while reading cell "sky130_sram_128B_1rw_32x32_hierarchical_predecode2x4" (byte position 187496): Warning: cell "sky130_sram_128B_1rw_32x32_contact_7" placed on top of itself.  Ignoring the extra one.
Error while reading cell "sky130_sram_128B_1rw_32x32_hierarchical_predecode2x4" (byte position 187556): Warning: cell "sky130_sram_128B_1rw_32x32_contact_8" placed on top of itself.  Ignoring the extra one.
Reading "sky130_sram_128B_1rw_32x32_pand2".
Reading "sky130_fd_bd_sram__openram_write_driver".
Reading "sky130_fd_bd_sram__openram_sense_amp".
Reading "sky130_sram_128B_1rw_32x32_precharge_0".
Reading "sky130_fd_bd_sram__sram_sp_cornerb".
Reading "sky130_fd_bd_sram__sram_sp_cornera".
Error while reading cell "sky130_fd_bd_sram__sram_sp_cornera" (byte position 224914): Unknown layer/datatype in boundary, layer=92 type=44
Reading "sky130_fd_bd_sram__sram_sp_rowenda".
Reading "sky130_fd_bd_sram__sram_sp_rowend".
Reading "sky130_fd_bd_sram__sram_sp_corner".
Reading "sky130_fd_bd_sram__sram_sp_colend_cent".
Error while reading cell "sky130_fd_bd_sram__sram_sp_colend_cent" (byte position 229858): Unknown layer/datatype in boundary, layer=33 type=43
Error while reading cell "sky130_fd_bd_sram__sram_sp_colend_cent" (byte position 231010): Unknown layer/datatype in boundary, layer=92 type=44
Reading "sky130_fd_bd_sram__sram_sp_colend_p_cent".
Error while reading cell "sky130_fd_bd_sram__sram_sp_colend_p_cent" (byte position 233646): Unknown layer/datatype in boundary, layer=33 type=43
Reading "sky130_fd_bd_sram__sram_sp_colend".
Error while reading cell "sky130_fd_bd_sram__sram_sp_colend" (byte position 237244): Unknown layer/datatype in boundary, layer=33 type=43
Error while reading cell "sky130_fd_bd_sram__sram_sp_colend" (byte position 237884): Unknown layer/datatype in boundary, layer=92 type=44
Error while reading cell "sky130_fd_bd_sram__sram_sp_colend" (byte position 238092): Unknown layer/datatype in boundary, layer=22 type=21
Moving label "gate" from mvvaractor to poly in cell sky130_fd_bd_sram__sram_sp_colend.
Reading "sky130_fd_bd_sram__sram_sp_colenda_cent".
Error while reading cell "sky130_fd_bd_sram__sram_sp_colenda_cent" (byte position 241012): Unknown layer/datatype in boundary, layer=33 type=43
Error while reading cell "sky130_fd_bd_sram__sram_sp_colenda_cent" (byte position 242164): Unknown layer/datatype in boundary, layer=92 type=44
Reading "sky130_fd_bd_sram__sram_sp_colenda_p_cent".
Error while reading cell "sky130_fd_bd_sram__sram_sp_colenda_p_cent" (byte position 244866): Unknown layer/datatype in boundary, layer=33 type=43
Reading "sky130_fd_bd_sram__sram_sp_colenda".
Error while reading cell "sky130_fd_bd_sram__sram_sp_colenda" (byte position 248800): Unknown layer/datatype in boundary, layer=33 type=43
Error while reading cell "sky130_fd_bd_sram__sram_sp_colenda" (byte position 249440): Unknown layer/datatype in boundary, layer=92 type=44
Error while reading cell "sky130_fd_bd_sram__sram_sp_colenda" (byte position 249712): Unknown layer/datatype in boundary, layer=22 type=21
Reading "sky130_sram_128B_1rw_32x32_sky130_dummy_array".
Reading "sky130_sram_128B_1rw_32x32_sky130_replica_column".
Reading "sky130_sram_128B_1rw_32x32_sky130_bitcell_array".
Reading "sky130_sram_128B_1rw_32x32_contact_20".
Reading "sky130_sram_128B_1rw_32x32_pinv_14".
Reading "sky130_sram_128B_1rw_32x32_pinv_15".
Reading "sky130_sram_128B_1rw_32x32_pdriver_4".
Reading "sky130_sram_128B_1rw_32x32_pdriver_3".
Reading "sky130_sram_128B_1rw_32x32_pnand3".
Reading "sky130_sram_128B_1rw_32x32_pinv_10".
Reading "sky130_sram_128B_1rw_32x32_pdriver_0".
Reading "sky130_sram_128B_1rw_32x32_pnand2_0".
Reading "sky130_sram_128B_1rw_32x32_pinv_9".
Reading "sky130_sram_128B_1rw_32x32_pinv_8".
Reading "sky130_sram_128B_1rw_32x32_pinv_7".
Reading "sky130_sram_128B_1rw_32x32_pinv_6".
Reading "sky130_sram_128B_1rw_32x32_pinv_5".
Reading "sky130_sram_128B_1rw_32x32_dff_buf_0".
Reading "sky130_sram_128B_1rw_32x32_and2_dec_0".
Reading "sky130_sram_128B_1rw_32x32_wordline_driver_array".
Reading "sky130_sram_128B_1rw_32x32_hierarchical_decoder".
Reading "sky130_sram_128B_1rw_32x32_write_mask_and_array".
Error while reading cell "sky130_sram_128B_1rw_32x32_write_mask_and_array" (byte position 1395808): Warning: cell "sky130_sram_128B_1rw_32x32_contact_13" placed on top of itself.  Ignoring the extra one.
Error while reading cell "sky130_sram_128B_1rw_32x32_write_mask_and_array" (byte position 1396052): Warning: cell "sky130_sram_128B_1rw_32x32_contact_13" placed on top of itself.  Ignoring the extra one.
Error while reading cell "sky130_sram_128B_1rw_32x32_write_mask_and_array" (byte position 1396296): Warning: cell "sky130_sram_128B_1rw_32x32_contact_13" placed on top of itself.  Ignoring the extra one.
Error while reading cell "sky130_sram_128B_1rw_32x32_write_mask_and_array" (byte position 1396540): Warning: cell "sky130_sram_128B_1rw_32x32_contact_13" placed on top of itself.  Ignoring the extra one.
Reading "sky130_sram_128B_1rw_32x32_write_driver_array".
Reading "sky130_sram_128B_1rw_32x32_sense_amp_array".
Reading "sky130_sram_128B_1rw_32x32_precharge_array".
Error while reading cell "sky130_sram_128B_1rw_32x32_precharge_array" (byte position 1513344): Warning: cell "sky130_sram_128B_1rw_32x32_contact_8" placed on top of itself.  Ignoring the extra one.
Error while reading cell "sky130_sram_128B_1rw_32x32_precharge_array" (byte position 1514452): Warning: cell "sky130_sram_128B_1rw_32x32_contact_8" placed on top of itself.  Ignoring the extra one.
Error while reading cell "sky130_sram_128B_1rw_32x32_precharge_array" (byte position 1514512): Warning: cell "sky130_sram_128B_1rw_32x32_contact_8" placed on top of itself.  Ignoring the extra one.
Error while reading cell "sky130_sram_128B_1rw_32x32_precharge_array" (byte position 1514572): Warning: cell "sky130_sram_128B_1rw_32x32_contact_8" placed on top of itself.  Ignoring the extra one.
Error while reading cell "sky130_sram_128B_1rw_32x32_precharge_array" (byte position 1514632): Warning: cell "sky130_sram_128B_1rw_32x32_contact_8" placed on top of itself.  Ignoring the extra one.
Error while reading cell "sky130_sram_128B_1rw_32x32_precharge_array" (byte position 1514692): Warning: cell "sky130_sram_128B_1rw_32x32_contact_8" placed on top of itself.  Ignoring the extra one.
Error while reading cell "sky130_sram_128B_1rw_32x32_precharge_array" (byte position 1514752): Warning: cell "sky130_sram_128B_1rw_32x32_contact_8" placed on top of itself.  Ignoring the extra one.
Error while reading cell "sky130_sram_128B_1rw_32x32_precharge_array" (byte position 1514812): Warning: cell "sky130_sram_128B_1rw_32x32_contact_8" placed on top of itself.  Ignoring the extra one.
Error while reading cell "sky130_sram_128B_1rw_32x32_precharge_array" (byte position 1514872): Warning: cell "sky130_sram_128B_1rw_32x32_contact_8" placed on top of itself.  Ignoring the extra one.
Error while reading cell "sky130_sram_128B_1rw_32x32_precharge_array" (byte position 1518512): Warning: cell "sky130_sram_128B_1rw_32x32_contact_8" placed on top of itself.  Ignoring the extra one.
Error while reading cell "sky130_sram_128B_1rw_32x32_precharge_array" (byte position 1518992): Warning: cell "sky130_sram_128B_1rw_32x32_contact_8" placed on top of itself.  Ignoring the extra one.
Error while reading cell "sky130_sram_128B_1rw_32x32_precharge_array" (byte position 1519052): Warning: cell "sky130_sram_128B_1rw_32x32_contact_8" placed on top of itself.  Ignoring the extra one.
Error while reading cell "sky130_sram_128B_1rw_32x32_precharge_array" (byte position 1519112): Warning: cell "sky130_sram_128B_1rw_32x32_contact_8" placed on top of itself.  Ignoring the extra one.
Error while reading cell "sky130_sram_128B_1rw_32x32_precharge_array" (byte position 1519172): Warning: cell "sky130_sram_128B_1rw_32x32_contact_8" placed on top of itself.  Ignoring the extra one.
Error while reading cell "sky130_sram_128B_1rw_32x32_precharge_array" (byte position 1519232): Warning: cell "sky130_sram_128B_1rw_32x32_contact_8" placed on top of itself.  Ignoring the extra one.
Error while reading cell "sky130_sram_128B_1rw_32x32_precharge_array" (byte position 1519292): Warning: cell "sky130_sram_128B_1rw_32x32_contact_8" placed on top of itself.  Ignoring the extra one.
Error while reading cell "sky130_sram_128B_1rw_32x32_precharge_array" (byte position 1519352): Warning: cell "sky130_sram_128B_1rw_32x32_contact_8" placed on top of itself.  Ignoring the extra one.
Error while reading cell "sky130_sram_128B_1rw_32x32_precharge_array" (byte position 1519694): Warning: cell "sky130_sram_128B_1rw_32x32_contact_8" placed on top of itself.  Ignoring the extra one.
Error while reading cell "sky130_sram_128B_1rw_32x32_precharge_array" (byte position 1522440): Warning: cell "sky130_sram_128B_1rw_32x32_contact_8" placed on top of itself.  Ignoring the extra one.
Error while reading cell "sky130_sram_128B_1rw_32x32_precharge_array" (byte position 1522500): Warning: cell "sky130_sram_128B_1rw_32x32_contact_8" placed on top of itself.  Ignoring the extra one.
Error while reading cell "sky130_sram_128B_1rw_32x32_precharge_array" (byte position 1522560): Warning: cell "sky130_sram_128B_1rw_32x32_contact_8" placed on top of itself.  Ignoring the extra one.
Error while reading cell "sky130_sram_128B_1rw_32x32_precharge_array" (byte position 1522620): Warning: cell "sky130_sram_128B_1rw_32x32_contact_8" placed on top of itself.  Ignoring the extra one.
Error while reading cell "sky130_sram_128B_1rw_32x32_precharge_array" (byte position 1522680): Warning: cell "sky130_sram_128B_1rw_32x32_contact_8" placed on top of itself.  Ignoring the extra one.
Error while reading cell "sky130_sram_128B_1rw_32x32_precharge_array" (byte position 1522740): Warning: cell "sky130_sram_128B_1rw_32x32_contact_8" placed on top of itself.  Ignoring the extra one.
Error while reading cell "sky130_sram_128B_1rw_32x32_precharge_array" (byte position 1522800): Warning: cell "sky130_sram_128B_1rw_32x32_contact_8" placed on top of itself.  Ignoring the extra one.
Error while reading cell "sky130_sram_128B_1rw_32x32_precharge_array" (byte position 1522860): Warning: cell "sky130_sram_128B_1rw_32x32_contact_8" placed on top of itself.  Ignoring the extra one.
Error while reading cell "sky130_sram_128B_1rw_32x32_precharge_array" (byte position 1524838): Warning: cell "sky130_sram_128B_1rw_32x32_contact_8" placed on top of itself.  Ignoring the extra one.
Error while reading cell "sky130_sram_128B_1rw_32x32_precharge_array" (byte position 1524898): Warning: cell "sky130_sram_128B_1rw_32x32_contact_8" placed on top of itself.  Ignoring the extra one.
Error while reading cell "sky130_sram_128B_1rw_32x32_precharge_array" (byte position 1524958): Warning: cell "sky130_sram_128B_1rw_32x32_contact_8" placed on top of itself.  Ignoring the extra one.
Error while reading cell "sky130_sram_128B_1rw_32x32_precharge_array" (byte position 1525018): Warning: cell "sky130_sram_128B_1rw_32x32_contact_8" placed on top of itself.  Ignoring the extra one.
Error while reading cell "sky130_sram_128B_1rw_32x32_precharge_array" (byte position 1525078): Warning: cell "sky130_sram_128B_1rw_32x32_contact_8" placed on top of itself.  Ignoring the extra one.
Error while reading cell "sky130_sram_128B_1rw_32x32_precharge_array" (byte position 1525138): Warning: cell "sky130_sram_128B_1rw_32x32_contact_8" placed on top of itself.  Ignoring the extra one.
Error while reading cell "sky130_sram_128B_1rw_32x32_precharge_array" (byte position 1525198): Warning: cell "sky130_sram_128B_1rw_32x32_contact_8" placed on top of itself.  Ignoring the extra one.
Error while reading cell "sky130_sram_128B_1rw_32x32_precharge_array" (byte position 1525258): Warning: cell "sky130_sram_128B_1rw_32x32_contact_8" placed on top of itself.  Ignoring the extra one.
Reading "sky130_sram_128B_1rw_32x32_sky130_row_cap_array_0".
Reading "sky130_sram_128B_1rw_32x32_sky130_row_cap_array".
Reading "sky130_sram_128B_1rw_32x32_sky130_col_cap_array".
Reading "sky130_sram_128B_1rw_32x32_sky130_col_cap_array_0".
Reading "sky130_sram_128B_1rw_32x32_sky130_replica_bitcell_array".
Reading "sky130_sram_128B_1rw_32x32_pdriver_5".
Reading "sky130_sram_128B_1rw_32x32_pnand2_1".
Reading "sky130_sram_128B_1rw_32x32_delay_chain".
Error while reading cell "sky130_sram_128B_1rw_32x32_delay_chain" (byte position 2393240): Warning: cell "sky130_sram_128B_1rw_32x32_contact_13" placed on top of itself.  Ignoring the extra one.
Error while reading cell "sky130_sram_128B_1rw_32x32_delay_chain" (byte position 2393300): Warning: cell "sky130_sram_128B_1rw_32x32_contact_7" placed on top of itself.  Ignoring the extra one.
Error while reading cell "sky130_sram_128B_1rw_32x32_delay_chain" (byte position 2393360): Warning: cell "sky130_sram_128B_1rw_32x32_contact_8" placed on top of itself.  Ignoring the extra one.
Error while reading cell "sky130_sram_128B_1rw_32x32_delay_chain" (byte position 2393422): Warning: cell "sky130_sram_128B_1rw_32x32_contact_20" placed on top of itself.  Ignoring the extra one.
Error while reading cell "sky130_sram_128B_1rw_32x32_delay_chain" (byte position 2393484): Warning: cell "sky130_sram_128B_1rw_32x32_contact_13" placed on top of itself.  Ignoring the extra one.
Error while reading cell "sky130_sram_128B_1rw_32x32_delay_chain" (byte position 2394822): Warning: cell "sky130_sram_128B_1rw_32x32_contact_13" placed on top of itself.  Ignoring the extra one.
Error while reading cell "sky130_sram_128B_1rw_32x32_delay_chain" (byte position 2394882): Warning: cell "sky130_sram_128B_1rw_32x32_contact_7" placed on top of itself.  Ignoring the extra one.
Error while reading cell "sky130_sram_128B_1rw_32x32_delay_chain" (byte position 2394942): Warning: cell "sky130_sram_128B_1rw_32x32_contact_8" placed on top of itself.  Ignoring the extra one.
Error while reading cell "sky130_sram_128B_1rw_32x32_delay_chain" (byte position 2395004): Warning: cell "sky130_sram_128B_1rw_32x32_contact_20" placed on top of itself.  Ignoring the extra one.
Error while reading cell "sky130_sram_128B_1rw_32x32_delay_chain" (byte position 2396284): Warning: cell "sky130_sram_128B_1rw_32x32_contact_13" placed on top of itself.  Ignoring the extra one.
Error while reading cell "sky130_sram_128B_1rw_32x32_delay_chain" (byte position 2396344): Warning: cell "sky130_sram_128B_1rw_32x32_contact_7" placed on top of itself.  Ignoring the extra one.
Error while reading cell "sky130_sram_128B_1rw_32x32_delay_chain" (byte position 2396404): Warning: cell "sky130_sram_128B_1rw_32x32_contact_8" placed on top of itself.  Ignoring the extra one.
Error while reading cell "sky130_sram_128B_1rw_32x32_delay_chain" (byte position 2396466): Warning: cell "sky130_sram_128B_1rw_32x32_contact_20" placed on top of itself.  Ignoring the extra one.
Error while reading cell "sky130_sram_128B_1rw_32x32_delay_chain" (byte position 2398356): Warning: cell "sky130_sram_128B_1rw_32x32_contact_13" placed on top of itself.  Ignoring the extra one.
Error while reading cell "sky130_sram_128B_1rw_32x32_delay_chain" (byte position 2398416): Warning: cell "sky130_sram_128B_1rw_32x32_contact_7" placed on top of itself.  Ignoring the extra one.
Error while reading cell "sky130_sram_128B_1rw_32x32_delay_chain" (byte position 2398476): Warning: cell "sky130_sram_128B_1rw_32x32_contact_8" placed on top of itself.  Ignoring the extra one.
Error while reading cell "sky130_sram_128B_1rw_32x32_delay_chain" (byte position 2398538): Warning: cell "sky130_sram_128B_1rw_32x32_contact_20" placed on top of itself.  Ignoring the extra one.
Error while reading cell "sky130_sram_128B_1rw_32x32_delay_chain" (byte position 2400730): Warning: cell "sky130_sram_128B_1rw_32x32_contact_13" placed on top of itself.  Ignoring the extra one.
Error while reading cell "sky130_sram_128B_1rw_32x32_delay_chain" (byte position 2400790): Warning: cell "sky130_sram_128B_1rw_32x32_contact_7" placed on top of itself.  Ignoring the extra one.
Error while reading cell "sky130_sram_128B_1rw_32x32_delay_chain" (byte position 2400850): Warning: cell "sky130_sram_128B_1rw_32x32_contact_8" placed on top of itself.  Ignoring the extra one.
Error while reading cell "sky130_sram_128B_1rw_32x32_delay_chain" (byte position 2400912): Warning: cell "sky130_sram_128B_1rw_32x32_contact_20" placed on top of itself.  Ignoring the extra one.
Error while reading cell "sky130_sram_128B_1rw_32x32_delay_chain" (byte position 2403288): Warning: cell "sky130_sram_128B_1rw_32x32_contact_13" placed on top of itself.  Ignoring the extra one.
Error while reading cell "sky130_sram_128B_1rw_32x32_delay_chain" (byte position 2403348): Warning: cell "sky130_sram_128B_1rw_32x32_contact_7" placed on top of itself.  Ignoring the extra one.
Error while reading cell "sky130_sram_128B_1rw_32x32_delay_chain" (byte position 2403408): Warning: cell "sky130_sram_128B_1rw_32x32_contact_8" placed on top of itself.  Ignoring the extra one.
Error while reading cell "sky130_sram_128B_1rw_32x32_delay_chain" (byte position 2403470): Warning: cell "sky130_sram_128B_1rw_32x32_contact_20" placed on top of itself.  Ignoring the extra one.
Error while reading cell "sky130_sram_128B_1rw_32x32_delay_chain" (byte position 2404628): Warning: cell "sky130_sram_128B_1rw_32x32_contact_13" placed on top of itself.  Ignoring the extra one.
Error while reading cell "sky130_sram_128B_1rw_32x32_delay_chain" (byte position 2404688): Warning: cell "sky130_sram_128B_1rw_32x32_contact_7" placed on top of itself.  Ignoring the extra one.
Error while reading cell "sky130_sram_128B_1rw_32x32_delay_chain" (byte position 2404748): Warning: cell "sky130_sram_128B_1rw_32x32_contact_8" placed on top of itself.  Ignoring the extra one.
Error while reading cell "sky130_sram_128B_1rw_32x32_delay_chain" (byte position 2404810): Warning: cell "sky130_sram_128B_1rw_32x32_contact_20" placed on top of itself.  Ignoring the extra one.
Error while reading cell "sky130_sram_128B_1rw_32x32_delay_chain" (byte position 2407608): Warning: cell "sky130_sram_128B_1rw_32x32_contact_20" placed on top of itself.  Ignoring the extra one.
Error while reading cell "sky130_sram_128B_1rw_32x32_delay_chain" (byte position 2407670): Warning: cell "sky130_sram_128B_1rw_32x32_contact_13" placed on top of itself.  Ignoring the extra one.
Error while reading cell "sky130_sram_128B_1rw_32x32_delay_chain" (byte position 2407730): Warning: cell "sky130_sram_128B_1rw_32x32_contact_7" placed on top of itself.  Ignoring the extra one.
Error while reading cell "sky130_sram_128B_1rw_32x32_delay_chain" (byte position 2407790): Warning: cell "sky130_sram_128B_1rw_32x32_contact_8" placed on top of itself.  Ignoring the extra one.
Reading "sky130_sram_128B_1rw_32x32_pand3_0".
Reading "sky130_sram_128B_1rw_32x32_pand3".
Reading "sky130_sram_128B_1rw_32x32_pdriver_2".
Reading "sky130_sram_128B_1rw_32x32_pand2_0".
Reading "sky130_sram_128B_1rw_32x32_pinv_13".
Reading "sky130_sram_128B_1rw_32x32_pdriver_1".
Reading "sky130_sram_128B_1rw_32x32_dff_buf_array".
Error while reading cell "sky130_sram_128B_1rw_32x32_dff_buf_array" (byte position 2430878): Warning: cell "sky130_sram_128B_1rw_32x32_contact_13" placed on top of itself.  Ignoring the extra one.
Error while reading cell "sky130_sram_128B_1rw_32x32_dff_buf_array" (byte position 2430938): Warning: cell "sky130_sram_128B_1rw_32x32_contact_7" placed on top of itself.  Ignoring the extra one.
Error while reading cell "sky130_sram_128B_1rw_32x32_dff_buf_array" (byte position 2430998): Warning: cell "sky130_sram_128B_1rw_32x32_contact_8" placed on top of itself.  Ignoring the extra one.
Error while reading cell "sky130_sram_128B_1rw_32x32_dff_buf_array" (byte position 2431060): Warning: cell "sky130_sram_128B_1rw_32x32_contact_20" placed on top of itself.  Ignoring the extra one.
Reading "sky130_sram_128B_1rw_32x32_port_address".
Reading "sky130_sram_128B_1rw_32x32_port_data".
Reading "sky130_sram_128B_1rw_32x32_sky130_capped_replica_bitcell_array".
Reading "sky130_sram_128B_1rw_32x32_contact_26".
Reading "sky130_sram_128B_1rw_32x32_contact_31".
Reading "sky130_sram_128B_1rw_32x32_cr_1".
Reading "sky130_sram_128B_1rw_32x32_spare_wen_dff".
Reading "sky130_sram_128B_1rw_32x32_data_dff".
Reading "sky130_sram_128B_1rw_32x32_wmask_dff".
Reading "sky130_sram_128B_1rw_32x32_row_addr_dff".
Error while reading cell "sky130_sram_128B_1rw_32x32_row_addr_dff" (byte position 2651932): Warning: cell "sky130_sram_128B_1rw_32x32_contact_13" placed on top of itself.  Ignoring the extra one.
Error while reading cell "sky130_sram_128B_1rw_32x32_row_addr_dff" (byte position 2651992): Warning: cell "sky130_sram_128B_1rw_32x32_contact_7" placed on top of itself.  Ignoring the extra one.
Error while reading cell "sky130_sram_128B_1rw_32x32_row_addr_dff" (byte position 2652052): Warning: cell "sky130_sram_128B_1rw_32x32_contact_8" placed on top of itself.  Ignoring the extra one.
Error while reading cell "sky130_sram_128B_1rw_32x32_row_addr_dff" (byte position 2652114): Warning: cell "sky130_sram_128B_1rw_32x32_contact_20" placed on top of itself.  Ignoring the extra one.
Error while reading cell "sky130_sram_128B_1rw_32x32_row_addr_dff" (byte position 2652420): Warning: cell "sky130_sram_128B_1rw_32x32_contact_13" placed on top of itself.  Ignoring the extra one.
Error while reading cell "sky130_sram_128B_1rw_32x32_row_addr_dff" (byte position 2652480): Warning: cell "sky130_sram_128B_1rw_32x32_contact_7" placed on top of itself.  Ignoring the extra one.
Error while reading cell "sky130_sram_128B_1rw_32x32_row_addr_dff" (byte position 2652540): Warning: cell "sky130_sram_128B_1rw_32x32_contact_8" placed on top of itself.  Ignoring the extra one.
Error while reading cell "sky130_sram_128B_1rw_32x32_row_addr_dff" (byte position 2652602): Warning: cell "sky130_sram_128B_1rw_32x32_contact_20" placed on top of itself.  Ignoring the extra one.
Error while reading cell "sky130_sram_128B_1rw_32x32_row_addr_dff" (byte position 2652908): Warning: cell "sky130_sram_128B_1rw_32x32_contact_13" placed on top of itself.  Ignoring the extra one.
Error while reading cell "sky130_sram_128B_1rw_32x32_row_addr_dff" (byte position 2652968): Warning: cell "sky130_sram_128B_1rw_32x32_contact_7" placed on top of itself.  Ignoring the extra one.
Error while reading cell "sky130_sram_128B_1rw_32x32_row_addr_dff" (byte position 2653028): Warning: cell "sky130_sram_128B_1rw_32x32_contact_8" placed on top of itself.  Ignoring the extra one.
Error while reading cell "sky130_sram_128B_1rw_32x32_row_addr_dff" (byte position 2653090): Warning: cell "sky130_sram_128B_1rw_32x32_contact_20" placed on top of itself.  Ignoring the extra one.
Error while reading cell "sky130_sram_128B_1rw_32x32_row_addr_dff" (byte position 2653640): Warning: cell "sky130_sram_128B_1rw_32x32_contact_13" placed on top of itself.  Ignoring the extra one.
Error while reading cell "sky130_sram_128B_1rw_32x32_row_addr_dff" (byte position 2653700): Warning: cell "sky130_sram_128B_1rw_32x32_contact_7" placed on top of itself.  Ignoring the extra one.
Error while reading cell "sky130_sram_128B_1rw_32x32_row_addr_dff" (byte position 2653760): Warning: cell "sky130_sram_128B_1rw_32x32_contact_8" placed on top of itself.  Ignoring the extra one.
Error while reading cell "sky130_sram_128B_1rw_32x32_row_addr_dff" (byte position 2653822): Warning: cell "sky130_sram_128B_1rw_32x32_contact_20" placed on top of itself.  Ignoring the extra one.
Error while reading cell "sky130_sram_128B_1rw_32x32_row_addr_dff" (byte position 2654128): Warning: cell "sky130_sram_128B_1rw_32x32_contact_13" placed on top of itself.  Ignoring the extra one.
Error while reading cell "sky130_sram_128B_1rw_32x32_row_addr_dff" (byte position 2654188): Warning: cell "sky130_sram_128B_1rw_32x32_contact_7" placed on top of itself.  Ignoring the extra one.
Error while reading cell "sky130_sram_128B_1rw_32x32_row_addr_dff" (byte position 2654248): Warning: cell "sky130_sram_128B_1rw_32x32_contact_8" placed on top of itself.  Ignoring the extra one.
Error while reading cell "sky130_sram_128B_1rw_32x32_row_addr_dff" (byte position 2654310): Warning: cell "sky130_sram_128B_1rw_32x32_contact_20" placed on top of itself.  Ignoring the extra one.
Reading "sky130_sram_128B_1rw_32x32_control_logic_rw".
Error while reading cell "sky130_sram_128B_1rw_32x32_control_logic_rw" (byte position 2660412): Warning: cell "sky130_sram_128B_1rw_32x32_contact_13" placed on top of itself.  Ignoring the extra one.
Error while reading cell "sky130_sram_128B_1rw_32x32_control_logic_rw" (byte position 2660472): Warning: cell "sky130_sram_128B_1rw_32x32_contact_7" placed on top of itself.  Ignoring the extra one.
Error while reading cell "sky130_sram_128B_1rw_32x32_control_logic_rw" (byte position 2660532): Warning: cell "sky130_sram_128B_1rw_32x32_contact_8" placed on top of itself.  Ignoring the extra one.
Error while reading cell "sky130_sram_128B_1rw_32x32_control_logic_rw" (byte position 2660594): Warning: cell "sky130_sram_128B_1rw_32x32_contact_20" placed on top of itself.  Ignoring the extra one.
Error while reading cell "sky130_sram_128B_1rw_32x32_control_logic_rw" (byte position 2663534): Warning: cell "sky130_sram_128B_1rw_32x32_contact_13" placed on top of itself.  Ignoring the extra one.
Error while reading cell "sky130_sram_128B_1rw_32x32_control_logic_rw" (byte position 2663594): Warning: cell "sky130_sram_128B_1rw_32x32_contact_7" placed on top of itself.  Ignoring the extra one.
Error while reading cell "sky130_sram_128B_1rw_32x32_control_logic_rw" (byte position 2663654): Warning: cell "sky130_sram_128B_1rw_32x32_contact_8" placed on top of itself.  Ignoring the extra one.
Error while reading cell "sky130_sram_128B_1rw_32x32_control_logic_rw" (byte position 2664450): Warning: cell "sky130_sram_128B_1rw_32x32_contact_13" placed on top of itself.  Ignoring the extra one.
Error while reading cell "sky130_sram_128B_1rw_32x32_control_logic_rw" (byte position 2664510): Warning: cell "sky130_sram_128B_1rw_32x32_contact_7" placed on top of itself.  Ignoring the extra one.
Error while reading cell "sky130_sram_128B_1rw_32x32_control_logic_rw" (byte position 2665060): Warning: cell "sky130_sram_128B_1rw_32x32_contact_13" placed on top of itself.  Ignoring the extra one.
Error while reading cell "sky130_sram_128B_1rw_32x32_control_logic_rw" (byte position 2665120): Warning: cell "sky130_sram_128B_1rw_32x32_contact_7" placed on top of itself.  Ignoring the extra one.
Error while reading cell "sky130_sram_128B_1rw_32x32_control_logic_rw" (byte position 2665180): Warning: cell "sky130_sram_128B_1rw_32x32_contact_8" placed on top of itself.  Ignoring the extra one.
Error while reading cell "sky130_sram_128B_1rw_32x32_control_logic_rw" (byte position 2665242): Warning: cell "sky130_sram_128B_1rw_32x32_contact_20" placed on top of itself.  Ignoring the extra one.
Error while reading cell "sky130_sram_128B_1rw_32x32_control_logic_rw" (byte position 2665548): Warning: cell "sky130_sram_128B_1rw_32x32_contact_13" placed on top of itself.  Ignoring the extra one.
Error while reading cell "sky130_sram_128B_1rw_32x32_control_logic_rw" (byte position 2665608): Warning: cell "sky130_sram_128B_1rw_32x32_contact_7" placed on top of itself.  Ignoring the extra one.
Error while reading cell "sky130_sram_128B_1rw_32x32_control_logic_rw" (byte position 2665668): Warning: cell "sky130_sram_128B_1rw_32x32_contact_8" placed on top of itself.  Ignoring the extra one.
Error while reading cell "sky130_sram_128B_1rw_32x32_control_logic_rw" (byte position 2665730): Warning: cell "sky130_sram_128B_1rw_32x32_contact_20" placed on top of itself.  Ignoring the extra one.
Error while reading cell "sky130_sram_128B_1rw_32x32_control_logic_rw" (byte position 2666284): Warning: cell "sky130_sram_128B_1rw_32x32_contact_13" placed on top of itself.  Ignoring the extra one.
Error while reading cell "sky130_sram_128B_1rw_32x32_control_logic_rw" (byte position 2666344): Warning: cell "sky130_sram_128B_1rw_32x32_contact_7" placed on top of itself.  Ignoring the extra one.
Error while reading cell "sky130_sram_128B_1rw_32x32_control_logic_rw" (byte position 2666404): Warning: cell "sky130_sram_128B_1rw_32x32_contact_8" placed on top of itself.  Ignoring the extra one.
Error while reading cell "sky130_sram_128B_1rw_32x32_control_logic_rw" (byte position 2666466): Warning: cell "sky130_sram_128B_1rw_32x32_contact_20" placed on top of itself.  Ignoring the extra one.
Error while reading cell "sky130_sram_128B_1rw_32x32_control_logic_rw" (byte position 2667500): Warning: cell "sky130_sram_128B_1rw_32x32_contact_7" placed on top of itself.  Ignoring the extra one.
Error while reading cell "sky130_sram_128B_1rw_32x32_control_logic_rw" (byte position 2667560): Warning: cell "sky130_sram_128B_1rw_32x32_contact_8" placed on top of itself.  Ignoring the extra one.
Error while reading cell "sky130_sram_128B_1rw_32x32_control_logic_rw" (byte position 2667622): Warning: cell "sky130_sram_128B_1rw_32x32_contact_20" placed on top of itself.  Ignoring the extra one.
Error while reading cell "sky130_sram_128B_1rw_32x32_control_logic_rw" (byte position 2668110): Warning: cell "sky130_sram_128B_1rw_32x32_contact_7" placed on top of itself.  Ignoring the extra one.
Error while reading cell "sky130_sram_128B_1rw_32x32_control_logic_rw" (byte position 2668170): Warning: cell "sky130_sram_128B_1rw_32x32_contact_8" placed on top of itself.  Ignoring the extra one.
Error while reading cell "sky130_sram_128B_1rw_32x32_control_logic_rw" (byte position 2668232): Warning: cell "sky130_sram_128B_1rw_32x32_contact_20" placed on top of itself.  Ignoring the extra one.
Error while reading cell "sky130_sram_128B_1rw_32x32_control_logic_rw" (byte position 2668356): Warning: cell "sky130_sram_128B_1rw_32x32_contact_13" placed on top of itself.  Ignoring the extra one.
Error while reading cell "sky130_sram_128B_1rw_32x32_control_logic_rw" (byte position 2668416): Warning: cell "sky130_sram_128B_1rw_32x32_contact_7" placed on top of itself.  Ignoring the extra one.
Error while reading cell "sky130_sram_128B_1rw_32x32_control_logic_rw" (byte position 2668476): Warning: cell "sky130_sram_128B_1rw_32x32_contact_8" placed on top of itself.  Ignoring the extra one.
Error while reading cell "sky130_sram_128B_1rw_32x32_control_logic_rw" (byte position 2668538): Warning: cell "sky130_sram_128B_1rw_32x32_contact_20" placed on top of itself.  Ignoring the extra one.
Error while reading cell "sky130_sram_128B_1rw_32x32_control_logic_rw" (byte position 2668660): Warning: cell "sky130_sram_128B_1rw_32x32_contact_7" placed on top of itself.  Ignoring the extra one.
Error while reading cell "sky130_sram_128B_1rw_32x32_control_logic_rw" (byte position 2668722): Warning: cell "sky130_sram_128B_1rw_32x32_contact_13" placed on top of itself.  Ignoring the extra one.
Error while reading cell "sky130_sram_128B_1rw_32x32_control_logic_rw" (byte position 2668784): Warning: cell "sky130_sram_128B_1rw_32x32_contact_13" placed on top of itself.  Ignoring the extra one.
Error while reading cell "sky130_sram_128B_1rw_32x32_control_logic_rw" (byte position 2668846): Warning: cell "sky130_sram_128B_1rw_32x32_contact_13" placed on top of itself.  Ignoring the extra one.
Reading "sky130_sram_128B_1rw_32x32_bank".
Reading "sky130_sram_128B_1rw_32x32".
Error while reading cell "sky130_sram_128B_1rw_32x32" (byte position 2756656): Warning: cell "sky130_sram_128B_1rw_32x32_contact_20" placed on top of itself.  Ignoring the extra one.
Error while reading cell "sky130_sram_128B_1rw_32x32" (byte position 2756842): Warning: cell "sky130_sram_128B_1rw_32x32_contact_20" placed on top of itself.  Ignoring the extra one.
Error while reading cell "sky130_sram_128B_1rw_32x32" (byte position 2756966): Warning: cell "sky130_sram_128B_1rw_32x32_contact_20" placed on top of itself.  Ignoring the extra one.
Error while reading cell "sky130_sram_128B_1rw_32x32" (byte position 2768288): Warning: cell "sky130_sram_128B_1rw_32x32_contact_20" placed on top of itself.  Ignoring the extra one.
Error while reading cell "sky130_sram_128B_1rw_32x32" (byte position 2768412): Warning: cell "sky130_sram_128B_1rw_32x32_contact_20" placed on top of itself.  Ignoring the extra one.
Error while reading cell "sky130_sram_128B_1rw_32x32" (byte position 2768598): Warning: cell "sky130_sram_128B_1rw_32x32_contact_20" placed on top of itself.  Ignoring the extra one.
Error while reading cell "sky130_sram_128B_1rw_32x32" (byte position 2768722): Warning: cell "sky130_sram_128B_1rw_32x32_contact_20" placed on top of itself.  Ignoring the extra one.
Error while reading cell "sky130_sram_128B_1rw_32x32" (byte position 2768846): Warning: cell "sky130_sram_128B_1rw_32x32_contact_20" placed on top of itself.  Ignoring the extra one.
Error while reading cell "sky130_sram_128B_1rw_32x32" (byte position 2781292): Warning: cell "sky130_sram_128B_1rw_32x32_contact_20" placed on top of itself.  Ignoring the extra one.
Error while reading cell "sky130_sram_128B_1rw_32x32" (byte position 2785186): Warning: cell "sky130_sram_128B_1rw_32x32_contact_20" placed on top of itself.  Ignoring the extra one.
Error while reading cell "sky130_sram_128B_1rw_32x32" (byte position 2788618): Warning: cell "sky130_sram_128B_1rw_32x32_contact_20" placed on top of itself.  Ignoring the extra one.
Error while reading cell "sky130_sram_128B_1rw_32x32" (byte position 2788804): Warning: cell "sky130_sram_128B_1rw_32x32_contact_20" placed on top of itself.  Ignoring the extra one.
Error while reading cell "sky130_sram_128B_1rw_32x32" (byte position 2789112): Warning: cell "sky130_sram_128B_1rw_32x32_contact_20" placed on top of itself.  Ignoring the extra one.
Error while reading cell "sky130_sram_128B_1rw_32x32" (byte position 2793140): Warning: cell "sky130_sram_128B_1rw_32x32_contact_20" placed on top of itself.  Ignoring the extra one.
Error while reading cell "sky130_sram_128B_1rw_32x32" (byte position 2797312): Warning: cell "sky130_sram_128B_1rw_32x32_contact_20" placed on top of itself.  Ignoring the extra one.
Error while reading cell "sky130_sram_128B_1rw_32x32" (byte position 2797988): Warning: cell "sky130_sram_128B_1rw_32x32_contact_20" placed on top of itself.  Ignoring the extra one.
Error while reading cell "sky130_sram_128B_1rw_32x32" (byte position 2798422): Warning: cell "sky130_sram_128B_1rw_32x32_contact_20" placed on top of itself.  Ignoring the extra one.
Error while reading cell "sky130_sram_128B_1rw_32x32" (byte position 2798546): Warning: cell "sky130_sram_128B_1rw_32x32_contact_20" placed on top of itself.  Ignoring the extra one.
Error while reading cell "sky130_sram_128B_1rw_32x32" (byte position 2798794): Warning: cell "sky130_sram_128B_1rw_32x32_contact_20" placed on top of itself.  Ignoring the extra one.
Error while reading cell "sky130_sram_128B_1rw_32x32" (byte position 2798918): Warning: cell "sky130_sram_128B_1rw_32x32_contact_20" placed on top of itself.  Ignoring the extra one.
Error while reading cell "sky130_sram_128B_1rw_32x32" (byte position 2799166): Warning: cell "sky130_sram_128B_1rw_32x32_contact_20" placed on top of itself.  Ignoring the extra one.
Error while reading cell "sky130_sram_128B_1rw_32x32" (byte position 2799290): Warning: cell "sky130_sram_128B_1rw_32x32_contact_20" placed on top of itself.  Ignoring the extra one.
Error while reading cell "sky130_sram_128B_1rw_32x32" (byte position 2799846): Warning: cell "sky130_sram_128B_1rw_32x32_contact_20" placed on top of itself.  Ignoring the extra one.
Error while reading cell "sky130_sram_128B_1rw_32x32" (byte position 2799970): Warning: cell "sky130_sram_128B_1rw_32x32_contact_20" placed on top of itself.  Ignoring the extra one.
Error while reading cell "sky130_sram_128B_1rw_32x32" (byte position 2800218): Warning: cell "sky130_sram_128B_1rw_32x32_contact_20" placed on top of itself.  Ignoring the extra one.
Error while reading cell "sky130_sram_128B_1rw_32x32" (byte position 2800342): Warning: cell "sky130_sram_128B_1rw_32x32_contact_20" placed on top of itself.  Ignoring the extra one.
Error while reading cell "sky130_sram_128B_1rw_32x32" (byte position 2802838): Warning: cell "sky130_sram_128B_1rw_32x32_contact_20" placed on top of itself.  Ignoring the extra one.
Error while reading cell "sky130_sram_128B_1rw_32x32" (byte position 2802962): Warning: cell "sky130_sram_128B_1rw_32x32_contact_20" placed on top of itself.  Ignoring the extra one.
Error while reading cell "sky130_sram_128B_1rw_32x32" (byte position 2803086): Warning: cell "sky130_sram_128B_1rw_32x32_contact_20" placed on top of itself.  Ignoring the extra one.
Error while reading cell "sky130_sram_128B_1rw_32x32" (byte position 2803210): Warning: cell "sky130_sram_128B_1rw_32x32_contact_20" placed on top of itself.  Ignoring the extra one.
Error while reading cell "sky130_sram_128B_1rw_32x32" (byte position 2803396): Warning: cell "sky130_sram_128B_1rw_32x32_contact_20" placed on top of itself.  Ignoring the extra one.
Error while reading cell "sky130_sram_128B_1rw_32x32" (byte position 2803520): Warning: cell "sky130_sram_128B_1rw_32x32_contact_20" placed on top of itself.  Ignoring the extra one.
Error while reading cell "sky130_sram_128B_1rw_32x32" (byte position 2803644): Warning: cell "sky130_sram_128B_1rw_32x32_contact_20" placed on top of itself.  Ignoring the extra one.
Error while reading cell "sky130_sram_128B_1rw_32x32" (byte position 2803768): Warning: cell "sky130_sram_128B_1rw_32x32_contact_20" placed on top of itself.  Ignoring the extra one.
Error while reading cell "sky130_sram_128B_1rw_32x32" (byte position 2815378): Warning: cell "sky130_sram_128B_1rw_32x32_contact_20" placed on top of itself.  Ignoring the extra one.
Error while reading cell "sky130_sram_128B_1rw_32x32" (byte position 2821348): Warning: cell "sky130_sram_128B_1rw_32x32_contact_20" placed on top of itself.  Ignoring the extra one.
Error while reading cell "sky130_sram_128B_1rw_32x32" (byte position 2821780): Warning: cell "sky130_sram_128B_1rw_32x32_contact_20" placed on top of itself.  Ignoring the extra one.
Error while reading cell "sky130_sram_128B_1rw_32x32" (byte position 2828868): Warning: cell "sky130_sram_128B_1rw_32x32_contact_20" placed on top of itself.  Ignoring the extra one.
Error while reading cell "sky130_sram_128B_1rw_32x32" (byte position 2832254): Warning: cell "sky130_sram_128B_1rw_32x32_contact_20" placed on top of itself.  Ignoring the extra one.
Error while reading cell "sky130_sram_128B_1rw_32x32" (byte position 2832378): Warning: cell "sky130_sram_128B_1rw_32x32_contact_20" placed on top of itself.  Ignoring the extra one.
Error while reading cell "sky130_sram_128B_1rw_32x32" (byte position 2832564): Warning: cell "sky130_sram_128B_1rw_32x32_contact_20" placed on top of itself.  Ignoring the extra one.
Error while reading cell "sky130_sram_128B_1rw_32x32" (byte position 2832688): Warning: cell "sky130_sram_128B_1rw_32x32_contact_20" placed on top of itself.  Ignoring the extra one.
Error while reading cell "sky130_sram_128B_1rw_32x32" (byte position 2832750): Warning: cell "sky130_sram_128B_1rw_32x32_contact_20" placed on top of itself.  Ignoring the extra one.
Error while reading cell "sky130_sram_128B_1rw_32x32" (byte position 2851754): Warning: cell "sky130_sram_128B_1rw_32x32_contact_20" placed on top of itself.  Ignoring the extra one.
Error while reading cell "sky130_sram_128B_1rw_32x32" (byte position 2851878): Warning: cell "sky130_sram_128B_1rw_32x32_contact_20" placed on top of itself.  Ignoring the extra one.
Error while reading cell "sky130_sram_128B_1rw_32x32" (byte position 2864428): Warning: cell "sky130_sram_128B_1rw_32x32_contact_20" placed on top of itself.  Ignoring the extra one.
Error while reading cell "sky130_sram_128B_1rw_32x32" (byte position 2864676): Warning: cell "sky130_sram_128B_1rw_32x32_contact_20" placed on top of itself.  Ignoring the extra one.
Error while reading cell "sky130_sram_128B_1rw_32x32" (byte position 2864738): Warning: cell "sky130_sram_128B_1rw_32x32_contact_20" placed on top of itself.  Ignoring the extra one.
Error while reading cell "sky130_sram_128B_1rw_32x32" (byte position 2865108): Warning: cell "sky130_sram_128B_1rw_32x32_contact_20" placed on top of itself.  Ignoring the extra one.
%OL_METRIC_I llx 0
%OL_METRIC_I lly 0
%OL_METRIC_I urx 62136
%OL_METRIC_I ury 33514
Using technology "sky130A", version 1.0.493-0-g0fe599b
