[INFO PSM-0040] All shapes on net VPWR are connected.
########## IR report #################
Net              : VPWR
Corner           : nom_tt_025C_1v80
Supply voltage   : 1.80e+00 V
Worstcase voltage: 1.80e+00 V
Average voltage  : 1.80e+00 V
Average IR drop  : 3.81e-07 V
Worstcase IR drop: 1.60e-06 V
Percentage drop  : 0.00 %
######################################
[INFO PSM-0040] All shapes on net VGND are connected.
########## IR report #################
Net              : VGND
Corner           : nom_tt_025C_1v80
Supply voltage   : 0.00e+00 V
Worstcase voltage: 1.63e-06 V
Average voltage  : 4.36e-07 V
Average IR drop  : 4.36e-07 V
Worstcase IR drop: 1.63e-06 V
Percentage drop  : 0.00 %
######################################
