Reading OpenROAD database at '/workspaces/tt25a_openram_testchip/runs/wokwi/52-odb-cellfrequencytables/tt_um_openram_top.odb'…
Reading library file at '/home/vscode/ttsetup/pdk/volare/sky130/versions/0fe599b2afb6708d281543108caf8310912f54af/sky130A/libs.ref/sky130_fd_sc_hd/lib/sky130_fd_sc_hd__tt_025C_1v80.lib'…
Reading design constraints file at 'src/project.sdc'…
[WARNING STA-0441] set_input_delay relative to a clock defined on the same port/pin not allowed.
[WARNING STA-0441] set_input_delay relative to a clock defined on the same port/pin not allowed.
[INFO] No information on clock propagation in input SDC file-- propagating all clocks.
[INFO] Setting RC values…
[WARNING STA-1650] /workspaces/tt25a_openram_testchip/runs/wokwi/53-openroad-rcx/nom/tt_um_openram_top.nom.spef line 2567, net clkbuf_0_ui_in\[4\] not found.
[WARNING STA-1648] /workspaces/tt25a_openram_testchip/runs/wokwi/53-openroad-rcx/nom/tt_um_openram_top.nom.spef line 2577, instance clkbuf_0_ui_in\[3\] not found.
[WARNING STA-1650] /workspaces/tt25a_openram_testchip/runs/wokwi/53-openroad-rcx/nom/tt_um_openram_top.nom.spef line 2581, net clkbuf_0_ui_in\[3\] not found.
[WARNING STA-1650] /workspaces/tt25a_openram_testchip/runs/wokwi/53-openroad-rcx/nom/tt_um_openram_top.nom.spef line 2583, net clkbuf_0_ui_in\[3\] not found.
[WARNING STA-1650] /workspaces/tt25a_openram_testchip/runs/wokwi/53-openroad-rcx/nom/tt_um_openram_top.nom.spef line 2584, net clkbuf_0_ui_in\[3\] not found.
[WARNING STA-1650] /workspaces/tt25a_openram_testchip/runs/wokwi/53-openroad-rcx/nom/tt_um_openram_top.nom.spef line 2585, net clkbuf_0_ui_in\[3\] not found.
[WARNING STA-1650] /workspaces/tt25a_openram_testchip/runs/wokwi/53-openroad-rcx/nom/tt_um_openram_top.nom.spef line 2586, net clkbuf_0_ui_in\[3\] not found.
[WARNING STA-1650] /workspaces/tt25a_openram_testchip/runs/wokwi/53-openroad-rcx/nom/tt_um_openram_top.nom.spef line 2587, net clkbuf_0_ui_in\[3\] not found.
[WARNING STA-1650] /workspaces/tt25a_openram_testchip/runs/wokwi/53-openroad-rcx/nom/tt_um_openram_top.nom.spef line 2588, net clkbuf_0_ui_in\[3\] not found.
[WARNING STA-1650] /workspaces/tt25a_openram_testchip/runs/wokwi/53-openroad-rcx/nom/tt_um_openram_top.nom.spef line 2589, net clkbuf_0_ui_in\[3\] not found.
[WARNING STA-1650] /workspaces/tt25a_openram_testchip/runs/wokwi/53-openroad-rcx/nom/tt_um_openram_top.nom.spef line 2597, net clkbuf_0_ui_in\[4\] not found.
[WARNING STA-1650] /workspaces/tt25a_openram_testchip/runs/wokwi/53-openroad-rcx/nom/tt_um_openram_top.nom.spef line 2598, net clkbuf_3_1__f_ui_in\[3\] not found.
[WARNING STA-1650] /workspaces/tt25a_openram_testchip/runs/wokwi/53-openroad-rcx/nom/tt_um_openram_top.nom.spef line 2616, net clkbuf_0_ui_in\[3\] not found.
[WARNING STA-1648] /workspaces/tt25a_openram_testchip/runs/wokwi/53-openroad-rcx/nom/tt_um_openram_top.nom.spef line 2621, instance clkbuf_0_ui_in\[4\] not found.
[WARNING STA-1650] /workspaces/tt25a_openram_testchip/runs/wokwi/53-openroad-rcx/nom/tt_um_openram_top.nom.spef line 2625, net clkbuf_0_ui_in\[4\] not found.
[WARNING STA-1650] /workspaces/tt25a_openram_testchip/runs/wokwi/53-openroad-rcx/nom/tt_um_openram_top.nom.spef line 2626, net clkbuf_0_ui_in\[4\] not found.
[WARNING STA-1650] /workspaces/tt25a_openram_testchip/runs/wokwi/53-openroad-rcx/nom/tt_um_openram_top.nom.spef line 2627, net clkbuf_0_ui_in\[4\] not found.
[WARNING STA-1650] /workspaces/tt25a_openram_testchip/runs/wokwi/53-openroad-rcx/nom/tt_um_openram_top.nom.spef line 2628, net clkbuf_0_ui_in\[4\] not found.
[WARNING STA-1650] /workspaces/tt25a_openram_testchip/runs/wokwi/53-openroad-rcx/nom/tt_um_openram_top.nom.spef line 2629, net clkbuf_0_ui_in\[4\] not found.
[WARNING STA-1650] /workspaces/tt25a_openram_testchip/runs/wokwi/53-openroad-rcx/nom/tt_um_openram_top.nom.spef line 2630, net clkbuf_0_ui_in\[4\] not found.
[WARNING STA-1650] /workspaces/tt25a_openram_testchip/runs/wokwi/53-openroad-rcx/nom/tt_um_openram_top.nom.spef line 2631, net clkbuf_0_ui_in\[4\] not found.
[WARNING STA-1650] /workspaces/tt25a_openram_testchip/runs/wokwi/53-openroad-rcx/nom/tt_um_openram_top.nom.spef line 2632, net clkbuf_0_ui_in\[4\] not found.
[WARNING STA-1650] /workspaces/tt25a_openram_testchip/runs/wokwi/53-openroad-rcx/nom/tt_um_openram_top.nom.spef line 2633, net clkbuf_0_ui_in\[4\] not found.
[WARNING STA-1650] /workspaces/tt25a_openram_testchip/runs/wokwi/53-openroad-rcx/nom/tt_um_openram_top.nom.spef line 2634, net clkbuf_0_ui_in\[4\] not found.
[WARNING STA-1650] /workspaces/tt25a_openram_testchip/runs/wokwi/53-openroad-rcx/nom/tt_um_openram_top.nom.spef line 2635, net clkbuf_0_ui_in\[4\] not found.
[WARNING STA-1650] /workspaces/tt25a_openram_testchip/runs/wokwi/53-openroad-rcx/nom/tt_um_openram_top.nom.spef line 2636, net clkbuf_0_ui_in\[4\] not found.
[WARNING STA-1650] /workspaces/tt25a_openram_testchip/runs/wokwi/53-openroad-rcx/nom/tt_um_openram_top.nom.spef line 2637, net clkbuf_0_ui_in\[4\] not found.
[WARNING STA-1650] /workspaces/tt25a_openram_testchip/runs/wokwi/53-openroad-rcx/nom/tt_um_openram_top.nom.spef line 2638, net clkbuf_0_ui_in\[4\] not found.
[WARNING STA-1650] /workspaces/tt25a_openram_testchip/runs/wokwi/53-openroad-rcx/nom/tt_um_openram_top.nom.spef line 2639, net clkbuf_0_ui_in\[4\] not found.
[WARNING STA-1650] /workspaces/tt25a_openram_testchip/runs/wokwi/53-openroad-rcx/nom/tt_um_openram_top.nom.spef line 2640, net clkbuf_0_ui_in\[4\] not found.
[WARNING STA-1650] /workspaces/tt25a_openram_testchip/runs/wokwi/53-openroad-rcx/nom/tt_um_openram_top.nom.spef line 2641, net clkbuf_0_ui_in\[4\] not found.
[WARNING STA-1650] /workspaces/tt25a_openram_testchip/runs/wokwi/53-openroad-rcx/nom/tt_um_openram_top.nom.spef line 2643, net clkbuf_0_ui_in\[4\] not found.
[WARNING STA-1650] /workspaces/tt25a_openram_testchip/runs/wokwi/53-openroad-rcx/nom/tt_um_openram_top.nom.spef line 2686, net clkbuf_3_1__f_ui_in\[3\] not found.
[WARNING STA-1650] /workspaces/tt25a_openram_testchip/runs/wokwi/53-openroad-rcx/nom/tt_um_openram_top.nom.spef line 2705, net clkbuf_0_ui_in\[4\] not found.
[WARNING STA-1650] /workspaces/tt25a_openram_testchip/runs/wokwi/53-openroad-rcx/nom/tt_um_openram_top.nom.spef line 2929, net clkbuf_0_ui_in\[4\] not found.
[WARNING STA-1650] /workspaces/tt25a_openram_testchip/runs/wokwi/53-openroad-rcx/nom/tt_um_openram_top.nom.spef line 4495, net clkbuf_0_ui_in\[3\] not found.
[WARNING STA-1650] /workspaces/tt25a_openram_testchip/runs/wokwi/53-openroad-rcx/nom/tt_um_openram_top.nom.spef line 4774, net clkbuf_3_2__f_ui_in\[4\] not found.
[WARNING STA-1650] /workspaces/tt25a_openram_testchip/runs/wokwi/53-openroad-rcx/nom/tt_um_openram_top.nom.spef line 5628, net clkbuf_0_ui_in\[3\] not found.
[WARNING STA-1650] /workspaces/tt25a_openram_testchip/runs/wokwi/53-openroad-rcx/nom/tt_um_openram_top.nom.spef line 6342, net clkbuf_3_6__f_ui_in\[3\] not found.
[WARNING STA-1650] /workspaces/tt25a_openram_testchip/runs/wokwi/53-openroad-rcx/nom/tt_um_openram_top.nom.spef line 6382, net clkbuf_3_6__f_ui_in\[3\] not found.
[WARNING STA-1650] /workspaces/tt25a_openram_testchip/runs/wokwi/53-openroad-rcx/nom/tt_um_openram_top.nom.spef line 6629, net clkbuf_3_5__f_ui_in\[4\] not found.
[WARNING STA-1650] /workspaces/tt25a_openram_testchip/runs/wokwi/53-openroad-rcx/nom/tt_um_openram_top.nom.spef line 6645, net clkbuf_3_5__f_ui_in\[4\] not found.
[WARNING STA-1648] /workspaces/tt25a_openram_testchip/runs/wokwi/53-openroad-rcx/nom/tt_um_openram_top.nom.spef line 7382, instance clkbuf_3_4__f_ui_in\[3\] not found.
[WARNING STA-1648] /workspaces/tt25a_openram_testchip/runs/wokwi/53-openroad-rcx/nom/tt_um_openram_top.nom.spef line 7383, instance clkbuf_3_5__f_ui_in\[3\] not found.
[WARNING STA-1648] /workspaces/tt25a_openram_testchip/runs/wokwi/53-openroad-rcx/nom/tt_um_openram_top.nom.spef line 7384, instance clkbuf_3_7__f_ui_in\[3\] not found.
[WARNING STA-1648] /workspaces/tt25a_openram_testchip/runs/wokwi/53-openroad-rcx/nom/tt_um_openram_top.nom.spef line 7385, instance clkbuf_3_6__f_ui_in\[3\] not found.
[WARNING STA-1648] /workspaces/tt25a_openram_testchip/runs/wokwi/53-openroad-rcx/nom/tt_um_openram_top.nom.spef line 7386, instance clkbuf_3_0__f_ui_in\[3\] not found.
[WARNING STA-1648] /workspaces/tt25a_openram_testchip/runs/wokwi/53-openroad-rcx/nom/tt_um_openram_top.nom.spef line 7387, instance clkbuf_3_3__f_ui_in\[3\] not found.
[WARNING STA-1648] /workspaces/tt25a_openram_testchip/runs/wokwi/53-openroad-rcx/nom/tt_um_openram_top.nom.spef line 7388, instance clkbuf_3_2__f_ui_in\[3\] not found.
[WARNING STA-1648] /workspaces/tt25a_openram_testchip/runs/wokwi/53-openroad-rcx/nom/tt_um_openram_top.nom.spef line 7389, instance clkbuf_3_1__f_ui_in\[3\] not found.
[WARNING STA-1648] /workspaces/tt25a_openram_testchip/runs/wokwi/53-openroad-rcx/nom/tt_um_openram_top.nom.spef line 7390, instance clkbuf_0_ui_in\[3\] not found.
[WARNING STA-1650] /workspaces/tt25a_openram_testchip/runs/wokwi/53-openroad-rcx/nom/tt_um_openram_top.nom.spef line 7393, net clkbuf_3_4__f_ui_in\[3\] not found.
[WARNING STA-1650] /workspaces/tt25a_openram_testchip/runs/wokwi/53-openroad-rcx/nom/tt_um_openram_top.nom.spef line 7394, net clkbuf_3_5__f_ui_in\[3\] not found.
[WARNING STA-1650] /workspaces/tt25a_openram_testchip/runs/wokwi/53-openroad-rcx/nom/tt_um_openram_top.nom.spef line 7395, net clkbuf_3_7__f_ui_in\[3\] not found.
[WARNING STA-1650] /workspaces/tt25a_openram_testchip/runs/wokwi/53-openroad-rcx/nom/tt_um_openram_top.nom.spef line 7396, net clkbuf_3_6__f_ui_in\[3\] not found.
[WARNING STA-1650] /workspaces/tt25a_openram_testchip/runs/wokwi/53-openroad-rcx/nom/tt_um_openram_top.nom.spef line 7397, net clkbuf_3_0__f_ui_in\[3\] not found.
[WARNING STA-1650] /workspaces/tt25a_openram_testchip/runs/wokwi/53-openroad-rcx/nom/tt_um_openram_top.nom.spef line 7398, net clkbuf_3_3__f_ui_in\[3\] not found.
[WARNING STA-1650] /workspaces/tt25a_openram_testchip/runs/wokwi/53-openroad-rcx/nom/tt_um_openram_top.nom.spef line 7399, net clkbuf_3_2__f_ui_in\[3\] not found.
[WARNING STA-1650] /workspaces/tt25a_openram_testchip/runs/wokwi/53-openroad-rcx/nom/tt_um_openram_top.nom.spef line 7400, net clkbuf_3_1__f_ui_in\[3\] not found.
[WARNING STA-1650] /workspaces/tt25a_openram_testchip/runs/wokwi/53-openroad-rcx/nom/tt_um_openram_top.nom.spef line 7401, net clkbuf_0_ui_in\[3\] not found.
[WARNING STA-1650] /workspaces/tt25a_openram_testchip/runs/wokwi/53-openroad-rcx/nom/tt_um_openram_top.nom.spef line 7414, net clkbuf_3_1__f_ui_in\[3\] not found.
[WARNING STA-1650] /workspaces/tt25a_openram_testchip/runs/wokwi/53-openroad-rcx/nom/tt_um_openram_top.nom.spef line 7415, net clkbuf_3_2__f_ui_in\[3\] not found.
[WARNING STA-1650] /workspaces/tt25a_openram_testchip/runs/wokwi/53-openroad-rcx/nom/tt_um_openram_top.nom.spef line 7416, net clkbuf_3_2__f_ui_in\[3\] not found.
[WARNING STA-1650] /workspaces/tt25a_openram_testchip/runs/wokwi/53-openroad-rcx/nom/tt_um_openram_top.nom.spef line 7417, net clkbuf_3_2__f_ui_in\[3\] not found.
[WARNING STA-1650] /workspaces/tt25a_openram_testchip/runs/wokwi/53-openroad-rcx/nom/tt_um_openram_top.nom.spef line 7418, net clkbuf_3_2__f_ui_in\[3\] not found.
[WARNING STA-1650] /workspaces/tt25a_openram_testchip/runs/wokwi/53-openroad-rcx/nom/tt_um_openram_top.nom.spef line 7419, net clkbuf_3_2__f_ui_in\[3\] not found.
[WARNING STA-1650] /workspaces/tt25a_openram_testchip/runs/wokwi/53-openroad-rcx/nom/tt_um_openram_top.nom.spef line 7420, net clkbuf_3_6__f_ui_in\[3\] not found.
[WARNING STA-1650] /workspaces/tt25a_openram_testchip/runs/wokwi/53-openroad-rcx/nom/tt_um_openram_top.nom.spef line 7421, net clkbuf_3_6__f_ui_in\[3\] not found.
[WARNING STA-1650] /workspaces/tt25a_openram_testchip/runs/wokwi/53-openroad-rcx/nom/tt_um_openram_top.nom.spef line 7422, net clkbuf_3_6__f_ui_in\[3\] not found.
[WARNING STA-1650] /workspaces/tt25a_openram_testchip/runs/wokwi/53-openroad-rcx/nom/tt_um_openram_top.nom.spef line 7423, net clkbuf_3_6__f_ui_in\[3\] not found.
[WARNING STA-1650] /workspaces/tt25a_openram_testchip/runs/wokwi/53-openroad-rcx/nom/tt_um_openram_top.nom.spef line 7424, net clkbuf_3_6__f_ui_in\[3\] not found.
[WARNING STA-1650] /workspaces/tt25a_openram_testchip/runs/wokwi/53-openroad-rcx/nom/tt_um_openram_top.nom.spef line 7425, net clkbuf_3_6__f_ui_in\[3\] not found.
[WARNING STA-1650] /workspaces/tt25a_openram_testchip/runs/wokwi/53-openroad-rcx/nom/tt_um_openram_top.nom.spef line 7489, net clkbuf_3_5__f_ui_in\[4\] not found.
[WARNING STA-1650] /workspaces/tt25a_openram_testchip/runs/wokwi/53-openroad-rcx/nom/tt_um_openram_top.nom.spef line 7506, net clkbuf_3_6__f_ui_in\[3\] not found.
[WARNING STA-1650] /workspaces/tt25a_openram_testchip/runs/wokwi/53-openroad-rcx/nom/tt_um_openram_top.nom.spef line 7508, net clkbuf_3_6__f_ui_in\[3\] not found.
[WARNING STA-1650] /workspaces/tt25a_openram_testchip/runs/wokwi/53-openroad-rcx/nom/tt_um_openram_top.nom.spef line 7517, net clkbuf_0_ui_in\[4\] not found.
[WARNING STA-1650] /workspaces/tt25a_openram_testchip/runs/wokwi/53-openroad-rcx/nom/tt_um_openram_top.nom.spef line 7518, net clkbuf_3_1__f_ui_in\[3\] not found.
[WARNING STA-1650] /workspaces/tt25a_openram_testchip/runs/wokwi/53-openroad-rcx/nom/tt_um_openram_top.nom.spef line 7521, net clkbuf_3_1__f_ui_in\[3\] not found.
[WARNING STA-1650] /workspaces/tt25a_openram_testchip/runs/wokwi/53-openroad-rcx/nom/tt_um_openram_top.nom.spef line 7526, net clkbuf_0_ui_in\[3\] not found.
[WARNING STA-1650] /workspaces/tt25a_openram_testchip/runs/wokwi/53-openroad-rcx/nom/tt_um_openram_top.nom.spef line 7528, net clkbuf_3_1__f_ui_in\[3\] not found.
[WARNING STA-1650] /workspaces/tt25a_openram_testchip/runs/wokwi/53-openroad-rcx/nom/tt_um_openram_top.nom.spef line 7531, net clkbuf_3_2__f_ui_in\[3\] not found.
[WARNING STA-1650] /workspaces/tt25a_openram_testchip/runs/wokwi/53-openroad-rcx/nom/tt_um_openram_top.nom.spef line 7532, net clkbuf_3_3__f_ui_in\[3\] not found.
[WARNING STA-1650] /workspaces/tt25a_openram_testchip/runs/wokwi/53-openroad-rcx/nom/tt_um_openram_top.nom.spef line 7533, net clkbuf_3_0__f_ui_in\[3\] not found.
[WARNING STA-1650] /workspaces/tt25a_openram_testchip/runs/wokwi/53-openroad-rcx/nom/tt_um_openram_top.nom.spef line 7535, net clkbuf_3_6__f_ui_in\[3\] not found.
[WARNING STA-1650] /workspaces/tt25a_openram_testchip/runs/wokwi/53-openroad-rcx/nom/tt_um_openram_top.nom.spef line 7537, net clkbuf_3_7__f_ui_in\[3\] not found.
[WARNING STA-1650] /workspaces/tt25a_openram_testchip/runs/wokwi/53-openroad-rcx/nom/tt_um_openram_top.nom.spef line 7544, net clkbuf_3_5__f_ui_in\[3\] not found.
[WARNING STA-1650] /workspaces/tt25a_openram_testchip/runs/wokwi/53-openroad-rcx/nom/tt_um_openram_top.nom.spef line 7545, net clkbuf_3_4__f_ui_in\[3\] not found.
[WARNING STA-1648] /workspaces/tt25a_openram_testchip/runs/wokwi/53-openroad-rcx/nom/tt_um_openram_top.nom.spef line 7549, instance clkbuf_3_6__f_ui_in\[4\] not found.
[WARNING STA-1648] /workspaces/tt25a_openram_testchip/runs/wokwi/53-openroad-rcx/nom/tt_um_openram_top.nom.spef line 7550, instance clkbuf_3_4__f_ui_in\[4\] not found.
[WARNING STA-1648] /workspaces/tt25a_openram_testchip/runs/wokwi/53-openroad-rcx/nom/tt_um_openram_top.nom.spef line 7551, instance clkbuf_3_5__f_ui_in\[4\] not found.
[WARNING STA-1648] /workspaces/tt25a_openram_testchip/runs/wokwi/53-openroad-rcx/nom/tt_um_openram_top.nom.spef line 7552, instance clkbuf_3_7__f_ui_in\[4\] not found.
[WARNING STA-1648] /workspaces/tt25a_openram_testchip/runs/wokwi/53-openroad-rcx/nom/tt_um_openram_top.nom.spef line 7553, instance clkbuf_3_1__f_ui_in\[4\] not found.
[WARNING STA-1648] /workspaces/tt25a_openram_testchip/runs/wokwi/53-openroad-rcx/nom/tt_um_openram_top.nom.spef line 7554, instance clkbuf_3_0__f_ui_in\[4\] not found.
[WARNING STA-1648] /workspaces/tt25a_openram_testchip/runs/wokwi/53-openroad-rcx/nom/tt_um_openram_top.nom.spef line 7555, instance clkbuf_3_3__f_ui_in\[4\] not found.
[WARNING STA-1648] /workspaces/tt25a_openram_testchip/runs/wokwi/53-openroad-rcx/nom/tt_um_openram_top.nom.spef line 7556, instance clkbuf_3_2__f_ui_in\[4\] not found.
[WARNING STA-1648] /workspaces/tt25a_openram_testchip/runs/wokwi/53-openroad-rcx/nom/tt_um_openram_top.nom.spef line 7557, instance clkbuf_0_ui_in\[4\] not found.
[WARNING STA-1650] /workspaces/tt25a_openram_testchip/runs/wokwi/53-openroad-rcx/nom/tt_um_openram_top.nom.spef line 7560, net clkbuf_3_6__f_ui_in\[4\] not found.
[WARNING STA-1650] /workspaces/tt25a_openram_testchip/runs/wokwi/53-openroad-rcx/nom/tt_um_openram_top.nom.spef line 7561, net clkbuf_3_4__f_ui_in\[4\] not found.
[WARNING STA-1650] /workspaces/tt25a_openram_testchip/runs/wokwi/53-openroad-rcx/nom/tt_um_openram_top.nom.spef line 7562, net clkbuf_3_5__f_ui_in\[4\] not found.
[WARNING STA-1650] /workspaces/tt25a_openram_testchip/runs/wokwi/53-openroad-rcx/nom/tt_um_openram_top.nom.spef line 7563, net clkbuf_3_7__f_ui_in\[4\] not found.
[WARNING STA-1650] /workspaces/tt25a_openram_testchip/runs/wokwi/53-openroad-rcx/nom/tt_um_openram_top.nom.spef line 7564, net clkbuf_3_1__f_ui_in\[4\] not found.
[WARNING STA-1650] /workspaces/tt25a_openram_testchip/runs/wokwi/53-openroad-rcx/nom/tt_um_openram_top.nom.spef line 7565, net clkbuf_3_0__f_ui_in\[4\] not found.
[WARNING STA-1650] /workspaces/tt25a_openram_testchip/runs/wokwi/53-openroad-rcx/nom/tt_um_openram_top.nom.spef line 7566, net clkbuf_3_3__f_ui_in\[4\] not found.
[WARNING STA-1650] /workspaces/tt25a_openram_testchip/runs/wokwi/53-openroad-rcx/nom/tt_um_openram_top.nom.spef line 7567, net clkbuf_3_2__f_ui_in\[4\] not found.
[WARNING STA-1650] /workspaces/tt25a_openram_testchip/runs/wokwi/53-openroad-rcx/nom/tt_um_openram_top.nom.spef line 7568, net clkbuf_0_ui_in\[4\] not found.
[WARNING STA-1650] /workspaces/tt25a_openram_testchip/runs/wokwi/53-openroad-rcx/nom/tt_um_openram_top.nom.spef line 7578, net clkbuf_3_2__f_ui_in\[4\] not found.
[WARNING STA-1650] /workspaces/tt25a_openram_testchip/runs/wokwi/53-openroad-rcx/nom/tt_um_openram_top.nom.spef line 7579, net clkbuf_3_2__f_ui_in\[4\] not found.
[WARNING STA-1650] /workspaces/tt25a_openram_testchip/runs/wokwi/53-openroad-rcx/nom/tt_um_openram_top.nom.spef line 7580, net clkbuf_3_2__f_ui_in\[4\] not found.
[WARNING STA-1650] /workspaces/tt25a_openram_testchip/runs/wokwi/53-openroad-rcx/nom/tt_um_openram_top.nom.spef line 7581, net clkbuf_3_2__f_ui_in\[4\] not found.
[WARNING STA-1650] /workspaces/tt25a_openram_testchip/runs/wokwi/53-openroad-rcx/nom/tt_um_openram_top.nom.spef line 7582, net clkbuf_3_2__f_ui_in\[4\] not found.
[WARNING STA-1650] /workspaces/tt25a_openram_testchip/runs/wokwi/53-openroad-rcx/nom/tt_um_openram_top.nom.spef line 7583, net clkbuf_3_2__f_ui_in\[4\] not found.
[WARNING STA-1650] /workspaces/tt25a_openram_testchip/runs/wokwi/53-openroad-rcx/nom/tt_um_openram_top.nom.spef line 7584, net clkbuf_3_2__f_ui_in\[4\] not found.
[WARNING STA-1650] /workspaces/tt25a_openram_testchip/runs/wokwi/53-openroad-rcx/nom/tt_um_openram_top.nom.spef line 7585, net clkbuf_3_2__f_ui_in\[4\] not found.
[WARNING STA-1650] /workspaces/tt25a_openram_testchip/runs/wokwi/53-openroad-rcx/nom/tt_um_openram_top.nom.spef line 7586, net clkbuf_3_2__f_ui_in\[4\] not found.
[WARNING STA-1650] /workspaces/tt25a_openram_testchip/runs/wokwi/53-openroad-rcx/nom/tt_um_openram_top.nom.spef line 7587, net clkbuf_3_2__f_ui_in\[4\] not found.
[WARNING STA-1650] /workspaces/tt25a_openram_testchip/runs/wokwi/53-openroad-rcx/nom/tt_um_openram_top.nom.spef line 7588, net clkbuf_3_3__f_ui_in\[4\] not found.
[WARNING STA-1650] /workspaces/tt25a_openram_testchip/runs/wokwi/53-openroad-rcx/nom/tt_um_openram_top.nom.spef line 7589, net clkbuf_3_4__f_ui_in\[4\] not found.
[WARNING STA-1650] /workspaces/tt25a_openram_testchip/runs/wokwi/53-openroad-rcx/nom/tt_um_openram_top.nom.spef line 7590, net clkbuf_3_5__f_ui_in\[4\] not found.
[WARNING STA-1650] /workspaces/tt25a_openram_testchip/runs/wokwi/53-openroad-rcx/nom/tt_um_openram_top.nom.spef line 7591, net clkbuf_3_5__f_ui_in\[4\] not found.
[WARNING STA-1650] /workspaces/tt25a_openram_testchip/runs/wokwi/53-openroad-rcx/nom/tt_um_openram_top.nom.spef line 7592, net clkbuf_3_5__f_ui_in\[4\] not found.
[WARNING STA-1650] /workspaces/tt25a_openram_testchip/runs/wokwi/53-openroad-rcx/nom/tt_um_openram_top.nom.spef line 7593, net clkbuf_3_5__f_ui_in\[4\] not found.
[WARNING STA-1650] /workspaces/tt25a_openram_testchip/runs/wokwi/53-openroad-rcx/nom/tt_um_openram_top.nom.spef line 7594, net clkbuf_3_5__f_ui_in\[4\] not found.
[WARNING STA-1650] /workspaces/tt25a_openram_testchip/runs/wokwi/53-openroad-rcx/nom/tt_um_openram_top.nom.spef line 7595, net clkbuf_3_5__f_ui_in\[4\] not found.
[WARNING STA-1650] /workspaces/tt25a_openram_testchip/runs/wokwi/53-openroad-rcx/nom/tt_um_openram_top.nom.spef line 7596, net clkbuf_3_5__f_ui_in\[4\] not found.
[WARNING STA-1650] /workspaces/tt25a_openram_testchip/runs/wokwi/53-openroad-rcx/nom/tt_um_openram_top.nom.spef line 7597, net clkbuf_3_5__f_ui_in\[4\] not found.
[WARNING STA-1650] /workspaces/tt25a_openram_testchip/runs/wokwi/53-openroad-rcx/nom/tt_um_openram_top.nom.spef line 7598, net clkbuf_3_5__f_ui_in\[4\] not found.
[WARNING STA-1650] /workspaces/tt25a_openram_testchip/runs/wokwi/53-openroad-rcx/nom/tt_um_openram_top.nom.spef line 7599, net clkbuf_3_5__f_ui_in\[4\] not found.
[WARNING STA-1650] /workspaces/tt25a_openram_testchip/runs/wokwi/53-openroad-rcx/nom/tt_um_openram_top.nom.spef line 7600, net clkbuf_3_5__f_ui_in\[4\] not found.
[WARNING STA-1650] /workspaces/tt25a_openram_testchip/runs/wokwi/53-openroad-rcx/nom/tt_um_openram_top.nom.spef line 7601, net clkbuf_3_5__f_ui_in\[4\] not found.
[WARNING STA-1650] /workspaces/tt25a_openram_testchip/runs/wokwi/53-openroad-rcx/nom/tt_um_openram_top.nom.spef line 7602, net clkbuf_3_5__f_ui_in\[4\] not found.
[WARNING STA-1650] /workspaces/tt25a_openram_testchip/runs/wokwi/53-openroad-rcx/nom/tt_um_openram_top.nom.spef line 7690, net clkbuf_3_5__f_ui_in\[4\] not found.
[WARNING STA-1650] /workspaces/tt25a_openram_testchip/runs/wokwi/53-openroad-rcx/nom/tt_um_openram_top.nom.spef line 7691, net clkbuf_3_5__f_ui_in\[4\] not found.
[WARNING STA-1650] /workspaces/tt25a_openram_testchip/runs/wokwi/53-openroad-rcx/nom/tt_um_openram_top.nom.spef line 7700, net clkbuf_3_2__f_ui_in\[4\] not found.
[WARNING STA-1650] /workspaces/tt25a_openram_testchip/runs/wokwi/53-openroad-rcx/nom/tt_um_openram_top.nom.spef line 7706, net clkbuf_3_5__f_ui_in\[4\] not found.
[WARNING STA-1650] /workspaces/tt25a_openram_testchip/runs/wokwi/53-openroad-rcx/nom/tt_um_openram_top.nom.spef line 7709, net clkbuf_0_ui_in\[4\] not found.
[WARNING STA-1650] /workspaces/tt25a_openram_testchip/runs/wokwi/53-openroad-rcx/nom/tt_um_openram_top.nom.spef line 7714, net clkbuf_3_2__f_ui_in\[4\] not found.
[WARNING STA-1650] /workspaces/tt25a_openram_testchip/runs/wokwi/53-openroad-rcx/nom/tt_um_openram_top.nom.spef line 7715, net clkbuf_3_3__f_ui_in\[4\] not found.
[WARNING STA-1650] /workspaces/tt25a_openram_testchip/runs/wokwi/53-openroad-rcx/nom/tt_um_openram_top.nom.spef line 7716, net clkbuf_3_0__f_ui_in\[4\] not found.
[WARNING STA-1650] /workspaces/tt25a_openram_testchip/runs/wokwi/53-openroad-rcx/nom/tt_um_openram_top.nom.spef line 7717, net clkbuf_3_1__f_ui_in\[4\] not found.
[WARNING STA-1650] /workspaces/tt25a_openram_testchip/runs/wokwi/53-openroad-rcx/nom/tt_um_openram_top.nom.spef line 7720, net clkbuf_3_7__f_ui_in\[4\] not found.
[WARNING STA-1650] /workspaces/tt25a_openram_testchip/runs/wokwi/53-openroad-rcx/nom/tt_um_openram_top.nom.spef line 7723, net clkbuf_3_5__f_ui_in\[4\] not found.
[WARNING STA-1650] /workspaces/tt25a_openram_testchip/runs/wokwi/53-openroad-rcx/nom/tt_um_openram_top.nom.spef line 7724, net clkbuf_3_4__f_ui_in\[4\] not found.
[WARNING STA-1650] /workspaces/tt25a_openram_testchip/runs/wokwi/53-openroad-rcx/nom/tt_um_openram_top.nom.spef line 7725, net clkbuf_3_6__f_ui_in\[4\] not found.
[WARNING STA-1648] /workspaces/tt25a_openram_testchip/runs/wokwi/53-openroad-rcx/nom/tt_um_openram_top.nom.spef line 7738, instance clkbuf_3_0__f_ui_in\[3\] not found.
[WARNING STA-1650] /workspaces/tt25a_openram_testchip/runs/wokwi/53-openroad-rcx/nom/tt_um_openram_top.nom.spef line 7750, net clkbuf_3_0__f_ui_in\[3\] not found.
[WARNING STA-1650] /workspaces/tt25a_openram_testchip/runs/wokwi/53-openroad-rcx/nom/tt_um_openram_top.nom.spef line 7826, net clkbuf_3_0__f_ui_in\[3\] not found.
[WARNING STA-1648] /workspaces/tt25a_openram_testchip/runs/wokwi/53-openroad-rcx/nom/tt_um_openram_top.nom.spef line 7854, instance clkbuf_3_0__f_ui_in\[4\] not found.
[WARNING STA-1650] /workspaces/tt25a_openram_testchip/runs/wokwi/53-openroad-rcx/nom/tt_um_openram_top.nom.spef line 7865, net clkbuf_3_0__f_ui_in\[4\] not found.
[WARNING STA-1650] /workspaces/tt25a_openram_testchip/runs/wokwi/53-openroad-rcx/nom/tt_um_openram_top.nom.spef line 7932, net clkbuf_3_0__f_ui_in\[4\] not found.
[WARNING STA-1648] /workspaces/tt25a_openram_testchip/runs/wokwi/53-openroad-rcx/nom/tt_um_openram_top.nom.spef line 7959, instance clkbuf_3_1__f_ui_in\[3\] not found.
[WARNING STA-1650] /workspaces/tt25a_openram_testchip/runs/wokwi/53-openroad-rcx/nom/tt_um_openram_top.nom.spef line 7971, net clkbuf_3_1__f_ui_in\[3\] not found.
[WARNING STA-1650] /workspaces/tt25a_openram_testchip/runs/wokwi/53-openroad-rcx/nom/tt_um_openram_top.nom.spef line 8043, net clkbuf_3_1__f_ui_in\[3\] not found.
[WARNING STA-1650] /workspaces/tt25a_openram_testchip/runs/wokwi/53-openroad-rcx/nom/tt_um_openram_top.nom.spef line 8057, net clkbuf_3_1__f_ui_in\[3\] not found.
[WARNING STA-1648] /workspaces/tt25a_openram_testchip/runs/wokwi/53-openroad-rcx/nom/tt_um_openram_top.nom.spef line 8087, instance clkbuf_3_1__f_ui_in\[4\] not found.
[WARNING STA-1650] /workspaces/tt25a_openram_testchip/runs/wokwi/53-openroad-rcx/nom/tt_um_openram_top.nom.spef line 8100, net clkbuf_3_1__f_ui_in\[4\] not found.
[WARNING STA-1650] /workspaces/tt25a_openram_testchip/runs/wokwi/53-openroad-rcx/nom/tt_um_openram_top.nom.spef line 8186, net clkbuf_3_1__f_ui_in\[4\] not found.
[WARNING STA-1648] /workspaces/tt25a_openram_testchip/runs/wokwi/53-openroad-rcx/nom/tt_um_openram_top.nom.spef line 8218, instance clkbuf_3_2__f_ui_in\[3\] not found.
[WARNING STA-1650] /workspaces/tt25a_openram_testchip/runs/wokwi/53-openroad-rcx/nom/tt_um_openram_top.nom.spef line 8231, net clkbuf_3_2__f_ui_in\[3\] not found.
[WARNING STA-1650] /workspaces/tt25a_openram_testchip/runs/wokwi/53-openroad-rcx/nom/tt_um_openram_top.nom.spef line 8316, net clkbuf_3_2__f_ui_in\[3\] not found.
[WARNING STA-1648] /workspaces/tt25a_openram_testchip/runs/wokwi/53-openroad-rcx/nom/tt_um_openram_top.nom.spef line 8350, instance clkbuf_3_2__f_ui_in\[4\] not found.
[WARNING STA-1650] /workspaces/tt25a_openram_testchip/runs/wokwi/53-openroad-rcx/nom/tt_um_openram_top.nom.spef line 8365, net clkbuf_3_2__f_ui_in\[4\] not found.
[WARNING STA-1650] /workspaces/tt25a_openram_testchip/runs/wokwi/53-openroad-rcx/nom/tt_um_openram_top.nom.spef line 8473, net clkbuf_3_2__f_ui_in\[4\] not found.
[WARNING STA-1648] /workspaces/tt25a_openram_testchip/runs/wokwi/53-openroad-rcx/nom/tt_um_openram_top.nom.spef line 8512, instance clkbuf_3_3__f_ui_in\[3\] not found.
[WARNING STA-1650] /workspaces/tt25a_openram_testchip/runs/wokwi/53-openroad-rcx/nom/tt_um_openram_top.nom.spef line 8528, net clkbuf_3_3__f_ui_in\[3\] not found.
[WARNING STA-1650] /workspaces/tt25a_openram_testchip/runs/wokwi/53-openroad-rcx/nom/tt_um_openram_top.nom.spef line 8616, net clkbuf_3_2__f_ui_in\[3\] not found.
[WARNING STA-1650] /workspaces/tt25a_openram_testchip/runs/wokwi/53-openroad-rcx/nom/tt_um_openram_top.nom.spef line 8617, net clkbuf_3_2__f_ui_in\[4\] not found.
[WARNING STA-1650] /workspaces/tt25a_openram_testchip/runs/wokwi/53-openroad-rcx/nom/tt_um_openram_top.nom.spef line 8618, net clkbuf_3_2__f_ui_in\[4\] not found.
[WARNING STA-1650] /workspaces/tt25a_openram_testchip/runs/wokwi/53-openroad-rcx/nom/tt_um_openram_top.nom.spef line 8623, net clkbuf_3_3__f_ui_in\[3\] not found.
[WARNING STA-1648] /workspaces/tt25a_openram_testchip/runs/wokwi/53-openroad-rcx/nom/tt_um_openram_top.nom.spef line 8662, instance clkbuf_3_3__f_ui_in\[4\] not found.
[WARNING STA-1650] /workspaces/tt25a_openram_testchip/runs/wokwi/53-openroad-rcx/nom/tt_um_openram_top.nom.spef line 8676, net clkbuf_3_3__f_ui_in\[4\] not found.
[WARNING STA-1650] /workspaces/tt25a_openram_testchip/runs/wokwi/53-openroad-rcx/nom/tt_um_openram_top.nom.spef line 8759, net clkbuf_3_2__f_ui_in\[4\] not found.
[WARNING STA-1650] /workspaces/tt25a_openram_testchip/runs/wokwi/53-openroad-rcx/nom/tt_um_openram_top.nom.spef line 8760, net clkbuf_3_3__f_ui_in\[4\] not found.
[WARNING STA-1650] /workspaces/tt25a_openram_testchip/runs/wokwi/53-openroad-rcx/nom/tt_um_openram_top.nom.spef line 8769, net clkbuf_3_3__f_ui_in\[4\] not found.
[WARNING STA-1648] /workspaces/tt25a_openram_testchip/runs/wokwi/53-openroad-rcx/nom/tt_um_openram_top.nom.spef line 8801, instance clkbuf_3_4__f_ui_in\[3\] not found.
[WARNING STA-1650] /workspaces/tt25a_openram_testchip/runs/wokwi/53-openroad-rcx/nom/tt_um_openram_top.nom.spef line 8812, net clkbuf_3_4__f_ui_in\[3\] not found.
[WARNING STA-1650] /workspaces/tt25a_openram_testchip/runs/wokwi/53-openroad-rcx/nom/tt_um_openram_top.nom.spef line 8854, net clkbuf_3_5__f_ui_in\[4\] not found.
[WARNING STA-1650] /workspaces/tt25a_openram_testchip/runs/wokwi/53-openroad-rcx/nom/tt_um_openram_top.nom.spef line 8857, net clkbuf_3_4__f_ui_in\[3\] not found.
[WARNING STA-1648] /workspaces/tt25a_openram_testchip/runs/wokwi/53-openroad-rcx/nom/tt_um_openram_top.nom.spef line 8883, instance clkbuf_3_4__f_ui_in\[4\] not found.
[WARNING STA-1650] /workspaces/tt25a_openram_testchip/runs/wokwi/53-openroad-rcx/nom/tt_um_openram_top.nom.spef line 8894, net clkbuf_3_4__f_ui_in\[4\] not found.
[WARNING STA-1650] /workspaces/tt25a_openram_testchip/runs/wokwi/53-openroad-rcx/nom/tt_um_openram_top.nom.spef line 8951, net clkbuf_3_4__f_ui_in\[4\] not found.
[WARNING STA-1650] /workspaces/tt25a_openram_testchip/runs/wokwi/53-openroad-rcx/nom/tt_um_openram_top.nom.spef line 8954, net clkbuf_3_4__f_ui_in\[4\] not found.
[WARNING STA-1648] /workspaces/tt25a_openram_testchip/runs/wokwi/53-openroad-rcx/nom/tt_um_openram_top.nom.spef line 8980, instance clkbuf_3_5__f_ui_in\[3\] not found.
[WARNING STA-1650] /workspaces/tt25a_openram_testchip/runs/wokwi/53-openroad-rcx/nom/tt_um_openram_top.nom.spef line 8991, net clkbuf_3_5__f_ui_in\[3\] not found.
[WARNING STA-1650] /workspaces/tt25a_openram_testchip/runs/wokwi/53-openroad-rcx/nom/tt_um_openram_top.nom.spef line 9042, net clkbuf_3_5__f_ui_in\[3\] not found.
[WARNING STA-1648] /workspaces/tt25a_openram_testchip/runs/wokwi/53-openroad-rcx/nom/tt_um_openram_top.nom.spef line 9068, instance clkbuf_3_5__f_ui_in\[4\] not found.
[WARNING STA-1650] /workspaces/tt25a_openram_testchip/runs/wokwi/53-openroad-rcx/nom/tt_um_openram_top.nom.spef line 9079, net clkbuf_3_5__f_ui_in\[4\] not found.
[WARNING STA-1650] /workspaces/tt25a_openram_testchip/runs/wokwi/53-openroad-rcx/nom/tt_um_openram_top.nom.spef line 9105, net clkbuf_3_5__f_ui_in\[4\] not found.
[WARNING STA-1650] /workspaces/tt25a_openram_testchip/runs/wokwi/53-openroad-rcx/nom/tt_um_openram_top.nom.spef line 9118, net clkbuf_3_5__f_ui_in\[4\] not found.
[WARNING STA-1648] /workspaces/tt25a_openram_testchip/runs/wokwi/53-openroad-rcx/nom/tt_um_openram_top.nom.spef line 9149, instance clkbuf_3_6__f_ui_in\[3\] not found.
[WARNING STA-1650] /workspaces/tt25a_openram_testchip/runs/wokwi/53-openroad-rcx/nom/tt_um_openram_top.nom.spef line 9165, net clkbuf_3_6__f_ui_in\[3\] not found.
[WARNING STA-1650] /workspaces/tt25a_openram_testchip/runs/wokwi/53-openroad-rcx/nom/tt_um_openram_top.nom.spef line 9275, net clkbuf_3_6__f_ui_in\[3\] not found.
[WARNING STA-1648] /workspaces/tt25a_openram_testchip/runs/wokwi/53-openroad-rcx/nom/tt_um_openram_top.nom.spef line 9314, instance clkbuf_3_6__f_ui_in\[4\] not found.
[WARNING STA-1650] /workspaces/tt25a_openram_testchip/runs/wokwi/53-openroad-rcx/nom/tt_um_openram_top.nom.spef line 9328, net clkbuf_3_6__f_ui_in\[4\] not found.
[WARNING STA-1650] /workspaces/tt25a_openram_testchip/runs/wokwi/53-openroad-rcx/nom/tt_um_openram_top.nom.spef line 9410, net clkbuf_3_6__f_ui_in\[4\] not found.
[WARNING STA-1648] /workspaces/tt25a_openram_testchip/runs/wokwi/53-openroad-rcx/nom/tt_um_openram_top.nom.spef line 9443, instance clkbuf_3_7__f_ui_in\[3\] not found.
[WARNING STA-1650] /workspaces/tt25a_openram_testchip/runs/wokwi/53-openroad-rcx/nom/tt_um_openram_top.nom.spef line 9455, net clkbuf_3_7__f_ui_in\[3\] not found.
[WARNING STA-1650] /workspaces/tt25a_openram_testchip/runs/wokwi/53-openroad-rcx/nom/tt_um_openram_top.nom.spef line 9526, net clkbuf_3_7__f_ui_in\[3\] not found.
[WARNING STA-1648] /workspaces/tt25a_openram_testchip/runs/wokwi/53-openroad-rcx/nom/tt_um_openram_top.nom.spef line 9557, instance clkbuf_3_7__f_ui_in\[4\] not found.
[WARNING STA-1650] /workspaces/tt25a_openram_testchip/runs/wokwi/53-openroad-rcx/nom/tt_um_openram_top.nom.spef line 9571, net clkbuf_3_7__f_ui_in\[4\] not found.
[WARNING STA-1650] /workspaces/tt25a_openram_testchip/runs/wokwi/53-openroad-rcx/nom/tt_um_openram_top.nom.spef line 9660, net clkbuf_3_7__f_ui_in\[4\] not found.
[WARNING STA-1650] /workspaces/tt25a_openram_testchip/runs/wokwi/53-openroad-rcx/nom/tt_um_openram_top.nom.spef line 9714, net clkbuf_0_ui_in\[4\] not found.
[WARNING STA-1650] /workspaces/tt25a_openram_testchip/runs/wokwi/53-openroad-rcx/nom/tt_um_openram_top.nom.spef line 9921, net clkbuf_3_5__f_ui_in\[4\] not found.
[WARNING STA-1650] /workspaces/tt25a_openram_testchip/runs/wokwi/53-openroad-rcx/nom/tt_um_openram_top.nom.spef line 10136, net clkbuf_0_ui_in\[4\] not found.
[WARNING STA-1650] /workspaces/tt25a_openram_testchip/runs/wokwi/53-openroad-rcx/nom/tt_um_openram_top.nom.spef line 10249, net clkbuf_0_ui_in\[3\] not found.
[WARNING STA-1650] /workspaces/tt25a_openram_testchip/runs/wokwi/53-openroad-rcx/nom/tt_um_openram_top.nom.spef line 10424, net clkbuf_0_ui_in\[4\] not found.
[WARNING STA-1650] /workspaces/tt25a_openram_testchip/runs/wokwi/53-openroad-rcx/nom/tt_um_openram_top.nom.spef line 11152, net clkbuf_3_6__f_ui_in\[3\] not found.
[WARNING STA-1650] /workspaces/tt25a_openram_testchip/runs/wokwi/53-openroad-rcx/nom/tt_um_openram_top.nom.spef line 11291, net clkbuf_3_2__f_ui_in\[4\] not found.
[WARNING STA-1650] /workspaces/tt25a_openram_testchip/runs/wokwi/53-openroad-rcx/nom/tt_um_openram_top.nom.spef line 11513, net clkbuf_0_ui_in\[4\] not found.
[WARNING STA-1650] /workspaces/tt25a_openram_testchip/runs/wokwi/53-openroad-rcx/nom/tt_um_openram_top.nom.spef line 11684, net clkbuf_3_2__f_ui_in\[3\] not found.
[WARNING STA-1650] /workspaces/tt25a_openram_testchip/runs/wokwi/53-openroad-rcx/nom/tt_um_openram_top.nom.spef line 12806, net clkbuf_0_ui_in\[3\] not found.
[WARNING STA-1650] /workspaces/tt25a_openram_testchip/runs/wokwi/53-openroad-rcx/nom/tt_um_openram_top.nom.spef line 13098, net clkbuf_3_2__f_ui_in\[4\] not found.
[WARNING STA-1650] /workspaces/tt25a_openram_testchip/runs/wokwi/53-openroad-rcx/nom/tt_um_openram_top.nom.spef line 13621, net clkbuf_3_6__f_ui_in\[3\] not found.
[WARNING STA-1650] /workspaces/tt25a_openram_testchip/runs/wokwi/53-openroad-rcx/nom/tt_um_openram_top.nom.spef line 13925, net clkbuf_3_6__f_ui_in\[3\] not found.
[WARNING STA-1650] /workspaces/tt25a_openram_testchip/runs/wokwi/53-openroad-rcx/nom/tt_um_openram_top.nom.spef line 14375, net clkbuf_3_5__f_ui_in\[4\] not found.
[WARNING STA-1650] /workspaces/tt25a_openram_testchip/runs/wokwi/53-openroad-rcx/nom/tt_um_openram_top.nom.spef line 14376, net clkbuf_3_5__f_ui_in\[4\] not found.
[WARNING STA-1650] /workspaces/tt25a_openram_testchip/runs/wokwi/53-openroad-rcx/nom/tt_um_openram_top.nom.spef line 14377, net clkbuf_3_5__f_ui_in\[4\] not found.
[WARNING STA-1650] /workspaces/tt25a_openram_testchip/runs/wokwi/53-openroad-rcx/nom/tt_um_openram_top.nom.spef line 14635, net clkbuf_0_ui_in\[4\] not found.
[WARNING STA-1650] /workspaces/tt25a_openram_testchip/runs/wokwi/53-openroad-rcx/nom/tt_um_openram_top.nom.spef line 15420, net clkbuf_0_ui_in\[3\] not found.
[WARNING STA-1650] /workspaces/tt25a_openram_testchip/runs/wokwi/53-openroad-rcx/nom/tt_um_openram_top.nom.spef line 15421, net clkbuf_0_ui_in\[3\] not found.
[WARNING STA-1650] /workspaces/tt25a_openram_testchip/runs/wokwi/53-openroad-rcx/nom/tt_um_openram_top.nom.spef line 15944, net clkbuf_3_6__f_ui_in\[3\] not found.
[WARNING STA-1650] /workspaces/tt25a_openram_testchip/runs/wokwi/53-openroad-rcx/nom/tt_um_openram_top.nom.spef line 16259, net clkbuf_3_5__f_ui_in\[4\] not found.
[WARNING STA-1650] /workspaces/tt25a_openram_testchip/runs/wokwi/53-openroad-rcx/nom/tt_um_openram_top.nom.spef line 16752, net clkbuf_3_2__f_ui_in\[4\] not found.
[WARNING STA-1650] /workspaces/tt25a_openram_testchip/runs/wokwi/53-openroad-rcx/nom/tt_um_openram_top.nom.spef line 16873, net clkbuf_3_2__f_ui_in\[4\] not found.
[WARNING STA-1650] /workspaces/tt25a_openram_testchip/runs/wokwi/53-openroad-rcx/nom/tt_um_openram_top.nom.spef line 16874, net clkbuf_3_2__f_ui_in\[4\] not found.
[WARNING STA-1650] /workspaces/tt25a_openram_testchip/runs/wokwi/53-openroad-rcx/nom/tt_um_openram_top.nom.spef line 17822, net clkbuf_3_2__f_ui_in\[3\] not found.
[WARNING STA-1650] /workspaces/tt25a_openram_testchip/runs/wokwi/53-openroad-rcx/nom/tt_um_openram_top.nom.spef line 18301, net clkbuf_3_5__f_ui_in\[4\] not found.
[WARNING STA-1650] /workspaces/tt25a_openram_testchip/runs/wokwi/53-openroad-rcx/nom/tt_um_openram_top.nom.spef line 18671, net clkbuf_3_2__f_ui_in\[3\] not found.
[WARNING STA-1650] /workspaces/tt25a_openram_testchip/runs/wokwi/53-openroad-rcx/nom/tt_um_openram_top.nom.spef line 19441, net clkbuf_3_5__f_ui_in\[4\] not found.
[WARNING STA-1650] /workspaces/tt25a_openram_testchip/runs/wokwi/53-openroad-rcx/nom/tt_um_openram_top.nom.spef line 20630, net clkbuf_3_5__f_ui_in\[4\] not found.
[WARNING STA-1650] /workspaces/tt25a_openram_testchip/runs/wokwi/53-openroad-rcx/nom/tt_um_openram_top.nom.spef line 20631, net clkbuf_3_5__f_ui_in\[4\] not found.
[WARNING STA-1650] /workspaces/tt25a_openram_testchip/runs/wokwi/53-openroad-rcx/nom/tt_um_openram_top.nom.spef line 20632, net clkbuf_3_5__f_ui_in\[4\] not found.
[WARNING STA-1650] /workspaces/tt25a_openram_testchip/runs/wokwi/53-openroad-rcx/nom/tt_um_openram_top.nom.spef line 20701, net clkbuf_3_5__f_ui_in\[4\] not found.
[WARNING STA-1650] /workspaces/tt25a_openram_testchip/runs/wokwi/53-openroad-rcx/nom/tt_um_openram_top.nom.spef line 21397, net clkbuf_3_6__f_ui_in\[3\] not found.
[WARNING STA-1650] /workspaces/tt25a_openram_testchip/runs/wokwi/53-openroad-rcx/nom/tt_um_openram_top.nom.spef line 21967, net clkbuf_3_2__f_ui_in\[3\] not found.
[WARNING STA-1650] /workspaces/tt25a_openram_testchip/runs/wokwi/53-openroad-rcx/nom/tt_um_openram_top.nom.spef line 22742, net clkbuf_0_ui_in\[3\] not found.
[WARNING STA-1650] /workspaces/tt25a_openram_testchip/runs/wokwi/53-openroad-rcx/nom/tt_um_openram_top.nom.spef line 22872, net clkbuf_0_ui_in\[4\] not found.
[WARNING STA-1650] /workspaces/tt25a_openram_testchip/runs/wokwi/53-openroad-rcx/nom/tt_um_openram_top.nom.spef line 22873, net clkbuf_0_ui_in\[4\] not found.
[WARNING STA-1650] /workspaces/tt25a_openram_testchip/runs/wokwi/53-openroad-rcx/nom/tt_um_openram_top.nom.spef line 22937, net clkbuf_0_ui_in\[4\] not found.
[WARNING STA-1650] /workspaces/tt25a_openram_testchip/runs/wokwi/53-openroad-rcx/nom/tt_um_openram_top.nom.spef line 23536, net clkbuf_0_ui_in\[4\] not found.
[WARNING STA-1650] /workspaces/tt25a_openram_testchip/runs/wokwi/53-openroad-rcx/nom/tt_um_openram_top.nom.spef line 23658, net clkbuf_3_6__f_ui_in\[3\] not found.
[WARNING STA-1650] /workspaces/tt25a_openram_testchip/runs/wokwi/53-openroad-rcx/nom/tt_um_openram_top.nom.spef line 24088, net clkbuf_0_ui_in\[4\] not found.
[WARNING STA-1650] /workspaces/tt25a_openram_testchip/runs/wokwi/53-openroad-rcx/nom/tt_um_openram_top.nom.spef line 24271, net clkbuf_3_2__f_ui_in\[4\] not found.
[WARNING STA-1650] /workspaces/tt25a_openram_testchip/runs/wokwi/53-openroad-rcx/nom/tt_um_openram_top.nom.spef line 24272, net clkbuf_3_2__f_ui_in\[4\] not found.
[WARNING STA-1650] /workspaces/tt25a_openram_testchip/runs/wokwi/53-openroad-rcx/nom/tt_um_openram_top.nom.spef line 25540, net clkbuf_0_ui_in\[4\] not found.
[INFO] Using voltage extracted from lib (1.8000000000V) for power nets and 0V for ground nets…
%OL_CREATE_REPORT irdrop.rpt
[INFO PSM-0040] All shapes on net VPWR are connected.
########## IR report #################
Net              : VPWR
Corner           : nom_tt_025C_1v80
Supply voltage   : 1.80e+00 V
Worstcase voltage: 1.80e+00 V
Average voltage  : 1.80e+00 V
Average IR drop  : 3.85e-07 V
Worstcase IR drop: 1.46e-06 V
Percentage drop  : 0.00 %
######################################
[INFO PSM-0040] All shapes on net VGND are connected.
########## IR report #################
Net              : VGND
Corner           : nom_tt_025C_1v80
Supply voltage   : 0.00e+00 V
Worstcase voltage: 1.70e-06 V
Average voltage  : 4.03e-07 V
Average IR drop  : 4.03e-07 V
Worstcase IR drop: 1.70e-06 V
Percentage drop  : 0.00 %
######################################
%OL_END_REPORT
