Clock: sclka
Sources: ui_in[3] 
Generated: no
Virtual: yes
Propagated: no
Period: 10000.000000

===========================================================================
report_clock_properties
============================================================================
Clock                   Period          Waveform
----------------------------------------------------
sclka               10000.000000    0.0000005000.000000

===========================================================================
report_clock_latency
============================================================================
Clock sclka
rise -> rise
    min     max
0.000000 0.000000 source latency
0.814967         network latency _608_/CLK
        0.892717 network latency _621_/CLK
---------------
0.814967 0.892717 latency
        0.077751 skew

rise -> fall
    min     max
0.000000 0.000000 source latency
0.770613         network latency _631_/CLK
        0.795064 network latency _621_/CLK
---------------
0.770613 0.795064 latency
        0.024451 skew

fall -> fall
    min     max
0.000000 0.000000 source latency
0.738964         network latency _546_/CLK
        0.764885 network latency _618_/CLK
---------------
0.738964 0.764885 latency
        0.025921 skew



===========================================================================
report_clock_min_period
============================================================================
sclka period_min = 3.24 fmax = 308.33
Clock: sclkb
Sources: ui_in[4] 
Generated: no
Virtual: yes
Propagated: no
Period: 10000.000000

===========================================================================
report_clock_properties
============================================================================
Clock                   Period          Waveform
----------------------------------------------------
sclkb               10000.000000    0.0000005000.000000

===========================================================================
report_clock_latency
============================================================================
Clock sclkb
rise -> rise
    min     max
0.000000 0.000000 source latency
0.814967         network latency _608_/CLK
        0.892717 network latency _621_/CLK
---------------
0.814967 0.892717 latency
        0.077751 skew

rise -> fall
    min     max
0.000000 0.000000 source latency
0.739306         network latency _608_/CLK
        0.764804 network latency _618_/CLK
---------------
0.739306 0.764804 latency
        0.025498 skew

fall -> fall
    min     max
0.000000 0.000000 source latency
0.770342         network latency _625_/CLK
        0.794898 network latency _621_/CLK
---------------
0.770342 0.794898 latency
        0.024556 skew



===========================================================================
report_clock_min_period
============================================================================
sclkb period_min = 3.55 fmax = 281.49
