Reading OpenROAD database at '/workspaces/tt25a_openram_testchip/runs/wokwi/47-odb-reportdisconnectedpins/tt_um_openram_top.odb'…
Reading library file at '/home/vscode/ttsetup/pdk/volare/sky130/versions/0fe599b2afb6708d281543108caf8310912f54af/sky130A/libs.ref/sky130_fd_sc_hd/lib/sky130_fd_sc_hd__tt_025C_1v80.lib'…
Reading design constraints file at 'src/project.sdc'…
[WARNING STA-0441] set_input_delay relative to a clock defined on the same port/pin not allowed.
[WARNING STA-0441] set_input_delay relative to a clock defined on the same port/pin not allowed.
[INFO] No information on clock propagation in input SDC file-- propagating all clocks.
sky130_ef_sc_hd__decap_12 sky130_fd_sc_hd__decap_8 sky130_fd_sc_hd__decap_6 sky130_fd_sc_hd__decap_4 sky130_fd_sc_hd__decap_3 sky130_fd_sc_hd__fill*
[INFO DPL-0001] Placed 767 filler instances.
Setting global connections for newly added cells…
[INFO] Setting global connections...
SRAM matched with SRAM
Updating metrics…
Cell type report:                       Count       Area
  Macro                                     1   52060.65
  Fill cell                               929    6144.64
  Tap cell                                200     250.24
  Antenna cell                             29      72.57
  Buffer                                    2      12.51
  Clock buffer                             20     465.45
  Timing Repair Buffer                    170    1491.43
  Clock inverter                           12     130.12
  Sequential cell                         144    3681.03
  Multi-Input combinational cell          272    2892.77
  Total                                  1779   67201.42
Writing OpenROAD database to '/workspaces/tt25a_openram_testchip/runs/wokwi/51-openroad-fillinsertion/tt_um_openram_top.odb'…
Writing netlist to '/workspaces/tt25a_openram_testchip/runs/wokwi/51-openroad-fillinsertion/tt_um_openram_top.nl.v'…
Writing powered netlist to '/workspaces/tt25a_openram_testchip/runs/wokwi/51-openroad-fillinsertion/tt_um_openram_top.pnl.v'…
Writing layout to '/workspaces/tt25a_openram_testchip/runs/wokwi/51-openroad-fillinsertion/tt_um_openram_top.def'…
Writing timing constraints to '/workspaces/tt25a_openram_testchip/runs/wokwi/51-openroad-fillinsertion/tt_um_openram_top.sdc'…
