Clock: sclka
Sources: ui_in[3] 
Generated: no
Virtual: yes
Propagated: no
Period: 10000.000000

===========================================================================
report_clock_properties
============================================================================
Clock                   Period          Waveform
----------------------------------------------------
sclka               10000.000000    0.0000005000.000000

===========================================================================
report_clock_latency
============================================================================
Clock sclka
rise -> rise
    min     max
0.000000 0.000000 source latency
0.646088         network latency _627_/CLK
        0.684553 network latency _620_/CLK
---------------
0.646088 0.684553 latency
        0.038465 skew

rise -> fall
    min     max
0.000000 0.000000 source latency
0.320130         network latency _627_/CLK
        0.328802 network latency _621_/CLK
---------------
0.320130 0.328802 latency
        0.008671 skew

fall -> fall
    min     max
0.000000 0.000000 source latency
0.334239         network latency _626_/CLK
        0.345153 network latency _620_/CLK
---------------
0.334239 0.345153 latency
        0.010914 skew



===========================================================================
report_clock_min_period
============================================================================
sclka period_min = 1.06 fmax = 941.36
Clock: sclkb
Sources: ui_in[4] 
Generated: no
Virtual: yes
Propagated: no
Period: 10000.000000

===========================================================================
report_clock_properties
============================================================================
Clock                   Period          Waveform
----------------------------------------------------
sclkb               10000.000000    0.0000005000.000000

===========================================================================
report_clock_latency
============================================================================
Clock sclkb
rise -> rise
    min     max
0.000000 0.000000 source latency
0.646088         network latency _627_/CLK
        0.684553 network latency _620_/CLK
---------------
0.646088 0.684553 latency
        0.038465 skew

rise -> fall
    min     max
0.000000 0.000000 source latency
0.334330         network latency _626_/CLK
        0.344971 network latency _620_/CLK
---------------
0.334330 0.344971 latency
        0.010641 skew

fall -> fall
    min     max
0.000000 0.000000 source latency
0.320142         network latency _557_/CLK
        0.328782 network latency _593_/CLK
---------------
0.320142 0.328782 latency
        0.008640 skew



===========================================================================
report_clock_min_period
============================================================================
sclkb period_min = 1.18 fmax = 845.13
