
===========================================================================
report_checks -unconstrained
===========================================================================
======================= nom_tt_025C_1v80 Corner ===================================

Startpoint: rst_n (input port clocked by sclkb)
Endpoint: _517_ (recovery check against rising-edge clock sclkb)
Path Group: asynchronous
Path Type: max

Fanout         Cap        Slew       Delay        Time   Description
---------------------------------------------------------------------------------------------
                                  0.000000    0.000000   clock sclkb (rise edge)
                                  0.000000    0.000000   clock network delay (propagated)
                                  0.000000    0.000000 ^ input external delay
     1    0.002935    0.020313    0.010802    0.010802 ^ rst_n (in)
                                                         rst_n (net)
                      0.020313    0.000000    0.010802 ^ hold1/A (sky130_fd_sc_hd__dlygate4sd3_1)
     1    0.004165    0.064939    0.538175    0.548976 ^ hold1/X (sky130_fd_sc_hd__dlygate4sd3_1)
                                                         net80 (net)
                      0.064939    0.000152    0.549128 ^ input1/A (sky130_fd_sc_hd__clkbuf_2)
     1    0.003383    0.030822    0.099798    0.648926 ^ input1/X (sky130_fd_sc_hd__clkbuf_2)
                                                         net1 (net)
                      0.030822    0.000118    0.649045 ^ hold2/A (sky130_fd_sc_hd__dlygate4sd3_1)
     4    0.021457    0.221790    0.664112    1.313156 ^ hold2/X (sky130_fd_sc_hd__dlygate4sd3_1)
                                                         net81 (net)
                      0.221790    0.000718    1.313874 ^ fanout57/A (sky130_fd_sc_hd__buf_4)
     6    0.047575    0.138341    0.233072    1.546945 ^ fanout57/X (sky130_fd_sc_hd__buf_4)
                                                         net57 (net)
                      0.138453    0.003270    1.550216 ^ fanout56/A (sky130_fd_sc_hd__buf_2)
     6    0.035260    0.174902    0.232735    1.782951 ^ fanout56/X (sky130_fd_sc_hd__buf_2)
                                                         net56 (net)
                      0.174904    0.000504    1.783455 ^ fanout55/A (sky130_fd_sc_hd__clkbuf_4)
     9    0.043995    0.139762    0.250177    2.033633 ^ fanout55/X (sky130_fd_sc_hd__clkbuf_4)
                                                         net55 (net)
                      0.139779    0.001643    2.035275 ^ fanout54/A (sky130_fd_sc_hd__clkbuf_4)
    10    0.045612    0.144460    0.242561    2.277836 ^ fanout54/X (sky130_fd_sc_hd__clkbuf_4)
                                                         net54 (net)
                      0.144474    0.001504    2.279340 ^ _517_/RESET_B (sky130_fd_sc_hd__dfrtp_4)
                                              2.279340   data arrival time

                               10000.000000 10000.000000   clock sclkb (rise edge)
                                  0.000000 10000.000000   clock source latency
     1    0.015718    0.076628    0.052751 10000.052734 ^ ui_in[4] (in)
                                                         ui_in[4] (net)
                      0.076634    0.000000 10000.052734 ^ clkbuf_0_ui_in[4]/A (sky130_fd_sc_hd__clkbuf_16)
     8    0.095736    0.112502    0.190084 10000.243164 ^ clkbuf_0_ui_in[4]/X (sky130_fd_sc_hd__clkbuf_16)
                                                         clknet_0_ui_in[4] (net)
                      0.113627    0.009095 10000.251953 ^ clkbuf_3_4__f_ui_in[4]/A (sky130_fd_sc_hd__clkbuf_16)
     8    0.034163    0.054570    0.162800 10000.415039 ^ clkbuf_3_4__f_ui_in[4]/X (sky130_fd_sc_hd__clkbuf_16)
                                                         clknet_3_4__leaf_ui_in[4] (net)
                      0.054642    0.001819 10000.416992 ^ _517_/CLK (sky130_fd_sc_hd__dfrtp_4)
                                 -0.250000 10000.166016   clock uncertainty
                                  0.000000 10000.166016   clock reconvergence pessimism
                                  0.188019 10000.354492   library recovery time
                                           10000.354492   data required time
---------------------------------------------------------------------------------------------
                                           10000.354492   data required time
                                             -2.279340   data arrival time
---------------------------------------------------------------------------------------------
                                           9998.075195   slack (MET)


Startpoint: _544_ (rising edge-triggered flip-flop clocked by sclka)
Endpoint: _544_ (rising edge-triggered flip-flop clocked by sclka)
Path Group: sclka
Path Type: max

Fanout         Cap        Slew       Delay        Time   Description
---------------------------------------------------------------------------------------------
                                  0.000000    0.000000   clock sclka (rise edge)
                                  0.000000    0.000000   clock source latency
     1    0.015219    0.074403    0.050877    0.050877 ^ ui_in[3] (in)
                                                         ui_in[3] (net)
                      0.074409    0.000000    0.050877 ^ clkbuf_0_ui_in[3]/A (sky130_fd_sc_hd__clkbuf_16)
     8    0.096979    0.113710    0.190568    0.241445 ^ clkbuf_0_ui_in[3]/X (sky130_fd_sc_hd__clkbuf_16)
                                                         clknet_0_ui_in[3] (net)
                      0.114502    0.007655    0.249100 ^ clkbuf_3_2__f_ui_in[3]/A (sky130_fd_sc_hd__clkbuf_16)
    11    0.035220    0.055475    0.163441    0.412541 ^ clkbuf_3_2__f_ui_in[3]/X (sky130_fd_sc_hd__clkbuf_16)
                                                         clknet_3_2__leaf_ui_in[3] (net)
                      0.055519    0.001055    0.413595 ^ _544_/CLK (sky130_fd_sc_hd__dfrtp_1)
     2    0.006347    0.055310    0.376780    0.790375 v _544_/Q (sky130_fd_sc_hd__dfrtp_1)
                                                         scan_chain.scan_cells[4].scan_cell.primary_ff (net)
                      0.055310    0.000212    0.790587 v hold88/A (sky130_fd_sc_hd__dlygate4sd3_1)
     1    0.003903    0.058551    0.561016    1.351603 v hold88/X (sky130_fd_sc_hd__dlygate4sd3_1)
                                                         net167 (net)
                      0.058551    0.000145    1.351749 v _318_/A0 (sky130_fd_sc_hd__mux2_1)
     1    0.003640    0.060132    0.288465    1.640213 v _318_/X (sky130_fd_sc_hd__mux2_1)
                                                         _070_ (net)
                      0.060132    0.000128    1.640342 v _544_/D (sky130_fd_sc_hd__dfrtp_1)
                                              1.640342   data arrival time

                               10000.000000 10000.000000   clock sclka (rise edge)
                                  0.000000 10000.000000   clock source latency
     1    0.015219    0.074403    0.050932 10000.050781 ^ ui_in[3] (in)
                                                         ui_in[3] (net)
                      0.074409    0.000000 10000.050781 ^ clkbuf_0_ui_in[3]/A (sky130_fd_sc_hd__clkbuf_16)
     8    0.096979    0.113710    0.190084 10000.241211 ^ clkbuf_0_ui_in[3]/X (sky130_fd_sc_hd__clkbuf_16)
                                                         clknet_0_ui_in[3] (net)
                      0.114502    0.008185 10000.249023 ^ clkbuf_3_2__f_ui_in[3]/A (sky130_fd_sc_hd__clkbuf_16)
    11    0.035220    0.055475    0.163709 10000.413086 ^ clkbuf_3_2__f_ui_in[3]/X (sky130_fd_sc_hd__clkbuf_16)
                                                         clknet_3_2__leaf_ui_in[3] (net)
                      0.055519    0.000909 10000.414062 ^ _544_/CLK (sky130_fd_sc_hd__dfrtp_1)
                                 -0.250000 10000.164062   clock uncertainty
                                  0.000000 10000.164062   clock reconvergence pessimism
                                 -0.118465 10000.045898   library setup time
                                           10000.045898   data required time
---------------------------------------------------------------------------------------------
                                           10000.045898   data required time
                                             -1.640342   data arrival time
---------------------------------------------------------------------------------------------
                                           9998.404297   slack (MET)


Startpoint: ui_in[2] (input port clocked by sclkb)
Endpoint: _501_ (rising edge-triggered flip-flop clocked by sclkb)
Path Group: sclkb
Path Type: max

Fanout         Cap        Slew       Delay        Time   Description
---------------------------------------------------------------------------------------------
                                  0.000000    0.000000   clock sclkb (rise edge)
                                  0.000000    0.000000   clock network delay (propagated)
                                  0.000000    0.000000 ^ input external delay
     1    0.005879    0.033148    0.020752    0.020752 ^ ui_in[2] (in)
                                                         ui_in[2] (net)
                      0.033149    0.000000    0.020752 ^ hold5/A (sky130_fd_sc_hd__dlygate4sd3_1)
     1    0.005792    0.078924    0.554934    0.575687 ^ hold5/X (sky130_fd_sc_hd__dlygate4sd3_1)
                                                         net84 (net)
                      0.078924    0.000256    0.575943 ^ input4/A (sky130_fd_sc_hd__clkbuf_1)
     1    0.004568    0.063716    0.104314    0.680257 ^ input4/X (sky130_fd_sc_hd__clkbuf_1)
                                                         net4 (net)
                      0.063716    0.000186    0.680443 ^ fanout23/A (sky130_fd_sc_hd__clkbuf_4)
     5    0.051833    0.161045    0.224064    0.904507 ^ fanout23/X (sky130_fd_sc_hd__clkbuf_4)
                                                         net23 (net)
                      0.161216    0.004350    0.908857 ^ fanout22/A (sky130_fd_sc_hd__clkbuf_2)
     5    0.027366    0.153476    0.219792    1.128649 ^ fanout22/X (sky130_fd_sc_hd__clkbuf_2)
                                                         net22 (net)
                      0.153492    0.001614    1.130263 ^ fanout21/A (sky130_fd_sc_hd__clkbuf_4)
     8    0.044914    0.142203    0.244428    1.374691 ^ fanout21/X (sky130_fd_sc_hd__clkbuf_4)
                                                         net21 (net)
                      0.142208    0.001116    1.375807 ^ fanout20/A (sky130_fd_sc_hd__clkbuf_4)
    10    0.051255    0.158716    0.254835    1.630643 ^ fanout20/X (sky130_fd_sc_hd__clkbuf_4)
                                                         net20 (net)
                      0.158730    0.001617    1.632260 ^ _252_/A (sky130_fd_sc_hd__nand2_2)
     3    0.022493    0.107330    0.127229    1.759489 v _252_/Y (sky130_fd_sc_hd__nand2_2)
                                                         _145_ (net)
                      0.107384    0.001960    1.761449 v fanout6/A (sky130_fd_sc_hd__clkbuf_4)
    10    0.050761    0.107366    0.234111    1.995560 v fanout6/X (sky130_fd_sc_hd__clkbuf_4)
                                                         net6 (net)
                      0.107566    0.004089    1.999648 v fanout5/A (sky130_fd_sc_hd__clkbuf_4)
    10    0.046924    0.102245    0.228753    2.228401 v fanout5/X (sky130_fd_sc_hd__clkbuf_4)
                                                         net5 (net)
                      0.102354    0.002977    2.231378 v _253_/S (sky130_fd_sc_hd__mux2_1)
     1    0.003163    0.057522    0.327670    2.559048 v _253_/X (sky130_fd_sc_hd__mux2_1)
                                                         _027_ (net)
                      0.057522    0.000105    2.559153 v _501_/D (sky130_fd_sc_hd__dfrtp_4)
                                              2.559153   data arrival time

                               10000.000000 10000.000000   clock sclkb (rise edge)
                                  0.000000 10000.000000   clock source latency
     1    0.015718    0.076628    0.052751 10000.052734 ^ ui_in[4] (in)
                                                         ui_in[4] (net)
                      0.076634    0.000000 10000.052734 ^ clkbuf_0_ui_in[4]/A (sky130_fd_sc_hd__clkbuf_16)
     8    0.095736    0.112502    0.190084 10000.243164 ^ clkbuf_0_ui_in[4]/X (sky130_fd_sc_hd__clkbuf_16)
                                                         clknet_0_ui_in[4] (net)
                      0.113279    0.008185 10000.250977 ^ clkbuf_3_2__f_ui_in[4]/A (sky130_fd_sc_hd__clkbuf_16)
    11    0.036045    0.056184    0.163709 10000.415039 ^ clkbuf_3_2__f_ui_in[4]/X (sky130_fd_sc_hd__clkbuf_16)
                                                         clknet_3_2__leaf_ui_in[4] (net)
                      0.056297    0.001819 10000.416992 ^ _501_/CLK (sky130_fd_sc_hd__dfrtp_4)
                                 -0.250000 10000.166016   clock uncertainty
                                  0.000000 10000.166016   clock reconvergence pessimism
                                 -0.117148 10000.048828   library setup time
                                           10000.048828   data required time
---------------------------------------------------------------------------------------------
                                           10000.048828   data required time
                                             -2.559153   data arrival time
---------------------------------------------------------------------------------------------
                                           9997.490234   slack (MET)




===========================================================================
report_checks --slack_max -0.01
============================================================================
======================= nom_tt_025C_1v80 Corner ===================================

No paths found.


===========================================================================
 report_check_types -max_slew -max_cap -max_fanout -violators
============================================================================
======================= nom_tt_025C_1v80 Corner ===================================

max fanout

Pin                                   Limit Fanout  Slack
---------------------------------------------------------
clkbuf_3_3__f_ui_in[3]/X                 10     13     -3 (VIOLATED)
clkbuf_3_3__f_ui_in[4]/X                 10     13     -3 (VIOLATED)
clkbuf_3_6__f_ui_in[3]/X                 10     13     -3 (VIOLATED)
clkbuf_3_2__f_ui_in[3]/X                 10     11        (VIOLATED)
clkbuf_3_2__f_ui_in[4]/X                 10     11        (VIOLATED)
clkbuf_3_6__f_ui_in[4]/X                 10     11        (VIOLATED)



===========================================================================
report_parasitic_annotation -report_unannotated
============================================================================
Found 42 unannotated drivers.
 clk
 ena
 uio_in[4]
 uio_in[5]
 uio_in[6]
 uio_in[7]
 clkload0/Y
 clkload1/Y
 clkload10/Y
 clkload11/Y
 clkload12/Y
 clkload13/Y
 clkload2/Y
 clkload3/Y
 clkload4/Y
 clkload5/X
 clkload6/Y
 clkload7/Y
 clkload8/Y
 clkload9/Y
 tt_um_openram_top_58/HI
 tt_um_openram_top_59/HI
 tt_um_openram_top_60/HI
 tt_um_openram_top_61/HI
 tt_um_openram_top_62/HI
 tt_um_openram_top_63/HI
 tt_um_openram_top_64/HI
 tt_um_openram_top_65/HI
 tt_um_openram_top_66/HI
 tt_um_openram_top_67/HI
 tt_um_openram_top_68/HI
 tt_um_openram_top_69/HI
 tt_um_openram_top_70/HI
 tt_um_openram_top_71/HI
 tt_um_openram_top_72/HI
 tt_um_openram_top_73/HI
 tt_um_openram_top_74/HI
 tt_um_openram_top_75/HI
 tt_um_openram_top_76/HI
 tt_um_openram_top_77/HI
 tt_um_openram_top_78/HI
 tt_um_openram_top_79/HI
Found 0 partially unannotated drivers.

===========================================================================
max slew violation count 0
Writing metric design__max_slew_violation__count__corner:nom_tt_025C_1v80: 0
max fanout violation count 6
Writing metric design__max_fanout_violation__count__corner:nom_tt_025C_1v80: 6
max cap violation count 0
Writing metric design__max_cap_violation__count__corner:nom_tt_025C_1v80: 0
============================================================================

===========================================================================
check_setup -verbose -unconstrained_endpoints -multiple_clock -no_clock -no_input_delay -loops -generated_clocks
===========================================================================
Warning: There are 22 unconstrained endpoints.
  uio_oe[0]
  uio_oe[1]
  uio_oe[2]
  uio_oe[3]
  uio_oe[4]
  uio_oe[5]
  uio_oe[6]
  uio_oe[7]
  uio_out[0]
  uio_out[1]
  uio_out[2]
  uio_out[3]
  uio_out[4]
  uio_out[5]
  uio_out[6]
  uio_out[7]
  uo_out[2]
  uo_out[3]
  uo_out[4]
  uo_out[5]
  uo_out[6]
  uo_out[7]
