Clock: sclka
Sources: ui_in[3] 
Generated: no
Virtual: no
Propagated: no
Period: 10000.000000

===========================================================================
report_clock_properties
============================================================================
Clock                   Period          Waveform
----------------------------------------------------
sclka               10000.000000    0.0000005000.000000

===========================================================================
report_clock_latency
============================================================================
Clock sclka
rise -> rise
    min     max
0.000000 0.000000 source latency
0.417602         network latency _500_/CLK
        0.417602 network latency _500_/CLK
---------------
0.417602 0.417602 latency
        0.000000 skew

rise -> fall
    min     max
0.000000 0.000000 source latency
0.199906         network latency _501_/CLK
        0.199906 network latency _501_/CLK
---------------
0.199906 0.199906 latency
        0.000000 skew

fall -> fall
    min     max
0.000000 0.000000 source latency
0.200089         network latency _500_/CLK
        0.200089 network latency _500_/CLK
---------------
0.200089 0.200089 latency
        0.000000 skew



===========================================================================
report_clock_min_period
============================================================================
sclka period_min = 1.03 fmax = 969.59
Clock: sclkb
Sources: ui_in[4] 
Generated: no
Virtual: no
Propagated: no
Period: 10000.000000

===========================================================================
report_clock_properties
============================================================================
Clock                   Period          Waveform
----------------------------------------------------
sclkb               10000.000000    0.0000005000.000000

===========================================================================
report_clock_latency
============================================================================
Clock sclkb
rise -> rise
    min     max
0.000000 0.000000 source latency
0.417602         network latency _500_/CLK
        0.417602 network latency _500_/CLK
---------------
0.417602 0.417602 latency
        0.000000 skew

rise -> fall
    min     max
0.000000 0.000000 source latency
0.199906         network latency _500_/CLK
        0.199906 network latency _500_/CLK
---------------
0.199906 0.199906 latency
        0.000000 skew

fall -> fall
    min     max
0.000000 0.000000 source latency
0.200089         network latency _501_/CLK
        0.200089 network latency _501_/CLK
---------------
0.200089 0.200089 latency
        0.000000 skew



===========================================================================
report_clock_min_period
============================================================================
sclkb period_min = 1.05 fmax = 950.31
