Reading timing models for corner nom_tt_025C_1v80…
Reading timing library for the 'nom_tt_025C_1v80' corner at '/home/vscode/ttsetup/pdk/volare/sky130/versions/0fe599b2afb6708d281543108caf8310912f54af/sky130A/libs.ref/sky130_fd_sc_hd/lib/sky130_fd_sc_hd__tt_025C_1v80.lib'…
Reading timing models for corner nom_ff_n40C_1v95…
Reading timing library for the 'nom_ff_n40C_1v95' corner at '/home/vscode/ttsetup/pdk/volare/sky130/versions/0fe599b2afb6708d281543108caf8310912f54af/sky130A/libs.ref/sky130_fd_sc_hd/lib/sky130_fd_sc_hd__ff_n40C_1v95.lib'…
Reading timing models for corner nom_ss_100C_1v60…
Reading timing library for the 'nom_ss_100C_1v60' corner at '/home/vscode/ttsetup/pdk/volare/sky130/versions/0fe599b2afb6708d281543108caf8310912f54af/sky130A/libs.ref/sky130_fd_sc_hd/lib/sky130_fd_sc_hd__ss_100C_1v60.lib'…
Reading OpenROAD database at '/workspaces/tt25a_openram_testchip/runs/wokwi/34-openroad-cts/tt_um_openram_top.odb'…
Reading design constraints file at 'src/project.sdc'…
[WARNING STA-0441] set_input_delay relative to a clock defined on the same port/pin not allowed.
[WARNING STA-0441] set_input_delay relative to a clock defined on the same port/pin not allowed.
[INFO] No information on clock propagation in input SDC file-- propagating all clocks.
[INFO] Setting RC values…
[INFO RSZ-0098] No setup violations found
[INFO RSZ-0046] Found 183 endpoints with hold violations.
Iteration | Resized | Buffers | Cloned Gates |   WNS   |   TNS   | Endpoint
---------------------------------------------------------------------------
        0 |       0 |       0 |            0 |  -0.877 | -30.688 | _511_/RESET_B
    final |       0 |     112 |            0 |   0.102 |  -0.000 | _565_/D
---------------------------------------------------------------------------
[INFO RSZ-0032] Inserted 112 hold buffers.
Placement Analysis
---------------------------------
total displacement        980.2 u
average displacement        1.0 u
max displacement           20.7 u
original HPWL           26254.7 u
legalized HPWL          27331.2 u
delta HPWL                    4 %

[INFO DPL-0020] Mirrored 228 instances
[INFO DPL-0021] HPWL before           27331.2 u
[INFO DPL-0022] HPWL after            26876.6 u
[INFO DPL-0023] HPWL delta               -1.7 %
[INFO] Setting RC values…
Setting global connections for newly added cells…
[INFO] Setting global connections...
SRAM matched with SRAM
Updating metrics…
Cell type report:                       Count       Area
  Macro                                     1   52060.65
  Fill cell                               162     608.08
  Tap cell                                200     250.24
  Buffer                                    2      10.01
  Clock buffer                             21     491.72
  Timing Repair Buffer                    168    1485.17
  Clock inverter                           10      93.84
  Sequential cell                         144    3677.28
  Multi-Input combinational cell          272    2892.77
  Total                                   980   61569.77
Writing OpenROAD database to '/workspaces/tt25a_openram_testchip/runs/wokwi/36-openroad-resizertimingpostcts/tt_um_openram_top.odb'…
Writing netlist to '/workspaces/tt25a_openram_testchip/runs/wokwi/36-openroad-resizertimingpostcts/tt_um_openram_top.nl.v'…
Writing powered netlist to '/workspaces/tt25a_openram_testchip/runs/wokwi/36-openroad-resizertimingpostcts/tt_um_openram_top.pnl.v'…
Writing layout to '/workspaces/tt25a_openram_testchip/runs/wokwi/36-openroad-resizertimingpostcts/tt_um_openram_top.def'…
Writing timing constraints to '/workspaces/tt25a_openram_testchip/runs/wokwi/36-openroad-resizertimingpostcts/tt_um_openram_top.sdc'…
