
===========================================================================
report_checks -unconstrained
===========================================================================
======================= max_tt_025C_1v80 Corner ===================================

Startpoint: rst_n (input port clocked by sclkb)
Endpoint: _513_ (recovery check against rising-edge clock sclkb)
Path Group: asynchronous
Path Type: max

Fanout         Cap        Slew       Delay        Time   Description
---------------------------------------------------------------------------------------------
                                  0.000000    0.000000   clock sclkb (rise edge)
                                  0.000000    0.000000   clock network delay (propagated)
                                  0.000000    0.000000 ^ input external delay
     1    0.002913    0.020215    0.010759    0.010759 ^ rst_n (in)
                                                         rst_n (net)
                      0.020215    0.000000    0.010759 ^ hold1/A (sky130_fd_sc_hd__dlygate4sd3_1)
     1    0.004060    0.064057    0.537291    0.548050 ^ hold1/X (sky130_fd_sc_hd__dlygate4sd3_1)
                                                         net78 (net)
                      0.064057    0.000260    0.548310 ^ input1/A (sky130_fd_sc_hd__clkbuf_1)
     1    0.002849    0.044674    0.086572    0.634881 ^ input1/X (sky130_fd_sc_hd__clkbuf_1)
                                                         net1 (net)
                      0.044674    0.000194    0.635076 ^ hold2/A (sky130_fd_sc_hd__dlygate4sd3_1)
     1    0.004152    0.064877    0.546120    1.181195 ^ hold2/X (sky130_fd_sc_hd__dlygate4sd3_1)
                                                         net79 (net)
                      0.064877    0.000186    1.181382 ^ fanout55/A (sky130_fd_sc_hd__clkbuf_2)
     5    0.037649    0.206754    0.225078    1.406460 ^ fanout55/X (sky130_fd_sc_hd__clkbuf_2)
                                                         net55 (net)
                      0.206789    0.002237    1.408697 ^ fanout54/A (sky130_fd_sc_hd__buf_4)
     6    0.072452    0.203918    0.268249    1.676946 ^ fanout54/X (sky130_fd_sc_hd__buf_4)
                                                         net54 (net)
                      0.204668    0.010261    1.687207 ^ fanout53/A (sky130_fd_sc_hd__buf_2)
     6    0.050599    0.247940    0.298216    1.985423 ^ fanout53/X (sky130_fd_sc_hd__buf_2)
                                                         net53 (net)
                      0.247949    0.001294    1.986717 ^ fanout52/A (sky130_fd_sc_hd__clkbuf_4)
    10    0.055902    0.172799    0.297451    2.284169 ^ fanout52/X (sky130_fd_sc_hd__clkbuf_4)
                                                         net52 (net)
                      0.172924    0.003852    2.288021 ^ fanout51/A (sky130_fd_sc_hd__clkbuf_4)
    10    0.049113    0.153964    0.260099    2.548119 ^ fanout51/X (sky130_fd_sc_hd__clkbuf_4)
                                                         net51 (net)
                      0.154053    0.003414    2.551533 ^ _513_/RESET_B (sky130_fd_sc_hd__dfrtp_4)
                                              2.551533   data arrival time

                               10000.000000 10000.000000   clock sclkb (rise edge)
                                  0.000000 10000.000000   clock source latency
     1    0.025732    0.121376    0.084583 10000.084961 ^ ui_in[4] (in)
                                                         ui_in[4] (net)
                      0.121419    0.000000 10000.084961 ^ clkbuf_0_ui_in[4]/A (sky130_fd_sc_hd__clkbuf_16)
     8    0.134081    0.147997    0.229193 10000.313477 ^ clkbuf_0_ui_in[4]/X (sky130_fd_sc_hd__clkbuf_16)
                                                         clknet_0_ui_in[4] (net)
                      0.151881    0.019099 10000.333008 ^ clkbuf_3_4__f_ui_in[4]/A (sky130_fd_sc_hd__clkbuf_16)
     8    0.043125    0.063176    0.180080 10000.512695 ^ clkbuf_3_4__f_ui_in[4]/X (sky130_fd_sc_hd__clkbuf_16)
                                                         clknet_3_4__leaf_ui_in[4] (net)
                      0.063814    0.004547 10000.517578 ^ _513_/CLK (sky130_fd_sc_hd__dfrtp_4)
                                 -0.250000 10000.267578   clock uncertainty
                                  0.000000 10000.267578   clock reconvergence pessimism
                                  0.187807 10000.455078   library recovery time
                                           10000.455078   data required time
---------------------------------------------------------------------------------------------
                                           10000.455078   data required time
                                             -2.551533   data arrival time
---------------------------------------------------------------------------------------------
                                           9997.903320   slack (MET)


Startpoint: _508_ (rising edge-triggered flip-flop clocked by sclka)
Endpoint: _508_ (rising edge-triggered flip-flop clocked by sclka)
Path Group: sclka
Path Type: max

Fanout         Cap        Slew       Delay        Time   Description
---------------------------------------------------------------------------------------------
                                  0.000000    0.000000   clock sclka (rise edge)
                                  0.000000    0.000000   clock source latency
     1    0.020096    0.096184    0.066448    0.066448 ^ ui_in[3] (in)
                                                         ui_in[3] (net)
                      0.096207    0.000000    0.066448 ^ clkbuf_0_ui_in[3]/A (sky130_fd_sc_hd__clkbuf_16)
     8    0.128888    0.142830    0.215859    0.282306 ^ clkbuf_0_ui_in[3]/X (sky130_fd_sc_hd__clkbuf_16)
                                                         clknet_0_ui_in[3] (net)
                      0.144259    0.011397    0.293703 ^ clkbuf_3_2__f_ui_in[3]/A (sky130_fd_sc_hd__clkbuf_16)
    11    0.048313    0.067812    0.181664    0.475367 ^ clkbuf_3_2__f_ui_in[3]/X (sky130_fd_sc_hd__clkbuf_16)
                                                         clknet_3_2__leaf_ui_in[3] (net)
                      0.068484    0.005283    0.480650 ^ _508_/CLK (sky130_fd_sc_hd__dfrtp_1)
     2    0.006580    0.056496    0.382753    0.863403 v _508_/Q (sky130_fd_sc_hd__dfrtp_1)
                                                         scan_chain.scan_cells[67].scan_cell.primary_ff (net)
                      0.056496    0.000392    0.863795 v hold89/A (sky130_fd_sc_hd__dlygate4sd3_1)
     1    0.003621    0.057556    0.559660    1.423455 v hold89/X (sky130_fd_sc_hd__dlygate4sd3_1)
                                                         net166 (net)
                      0.057556    0.000280    1.423736 v _264_/A0 (sky130_fd_sc_hd__mux2_1)
     1    0.004746    0.064781    0.295333    1.719069 v _264_/X (sky130_fd_sc_hd__mux2_1)
                                                         _034_ (net)
                      0.064781    0.000318    1.719387 v _508_/D (sky130_fd_sc_hd__dfrtp_1)
                                              1.719387   data arrival time

                               10000.000000 10000.000000   clock sclka (rise edge)
                                  0.000000 10000.000000   clock source latency
     1    0.020096    0.096184    0.066393 10000.066406 ^ ui_in[3] (in)
                                                         ui_in[3] (net)
                      0.096207    0.000000 10000.066406 ^ clkbuf_0_ui_in[3]/A (sky130_fd_sc_hd__clkbuf_16)
     8    0.128888    0.142830    0.215550 10000.282227 ^ clkbuf_0_ui_in[3]/X (sky130_fd_sc_hd__clkbuf_16)
                                                         clknet_0_ui_in[3] (net)
                      0.144259    0.011823 10000.293945 ^ clkbuf_3_2__f_ui_in[3]/A (sky130_fd_sc_hd__clkbuf_16)
    11    0.048313    0.067812    0.181899 10000.475586 ^ clkbuf_3_2__f_ui_in[3]/X (sky130_fd_sc_hd__clkbuf_16)
                                                         clknet_3_2__leaf_ui_in[3] (net)
                      0.068484    0.004547 10000.480469 ^ _508_/CLK (sky130_fd_sc_hd__dfrtp_1)
                                 -0.250000 10000.230469   clock uncertainty
                                  0.000000 10000.230469   clock reconvergence pessimism
                                 -0.117519 10000.113281   library setup time
                                           10000.113281   data required time
---------------------------------------------------------------------------------------------
                                           10000.113281   data required time
                                             -1.719387   data arrival time
---------------------------------------------------------------------------------------------
                                           9998.393555   slack (MET)


Startpoint: ui_in[1] (input port clocked by sclkb)
Endpoint: _501_ (rising edge-triggered flip-flop clocked by sclkb)
Path Group: sclkb
Path Type: max

Fanout         Cap        Slew       Delay        Time   Description
---------------------------------------------------------------------------------------------
                                  0.000000    0.000000   clock sclkb (rise edge)
                                  0.000000    0.000000   clock network delay (propagated)
                                  0.000000    0.000000 ^ input external delay
     1    0.002653    0.019099    0.009848    0.009848 ^ ui_in[1] (in)
                                                         ui_in[1] (net)
                      0.019100    0.000000    0.009848 ^ hold3/A (sky130_fd_sc_hd__dlygate4sd3_1)
     1    0.002566    0.050837    0.524042    0.533890 ^ hold3/X (sky130_fd_sc_hd__dlygate4sd3_1)
                                                         net80 (net)
                      0.050837    0.000186    0.534075 ^ input3/A (sky130_fd_sc_hd__clkbuf_2)
     4    0.032554    0.180153    0.201483    0.735558 ^ input3/X (sky130_fd_sc_hd__clkbuf_2)
                                                         net3 (net)
                      0.180189    0.002088    0.737646 ^ fanout36/A (sky130_fd_sc_hd__buf_4)
     7    0.078966    0.221518    0.270592    1.008238 ^ fanout36/X (sky130_fd_sc_hd__buf_4)
                                                         net36 (net)
                      0.223021    0.014962    1.023200 ^ fanout35/A (sky130_fd_sc_hd__buf_2)
     7    0.048843    0.239850    0.296875    1.320074 ^ fanout35/X (sky130_fd_sc_hd__buf_2)
                                                         net35 (net)
                      0.239878    0.002188    1.322263 ^ fanout34/A (sky130_fd_sc_hd__clkbuf_4)
    10    0.065836    0.200232    0.315385    1.637648 ^ fanout34/X (sky130_fd_sc_hd__clkbuf_4)
                                                         net34 (net)
                      0.200443    0.004329    1.641977 ^ _252_/B (sky130_fd_sc_hd__nand2_2)
     3    0.039875    0.172063    0.191863    1.833840 v _252_/Y (sky130_fd_sc_hd__nand2_2)
                                                         _145_ (net)
                      0.172131    0.002791    1.836631 v fanout6/A (sky130_fd_sc_hd__clkbuf_4)
    10    0.064160    0.131441    0.279103    2.115734 v fanout6/X (sky130_fd_sc_hd__clkbuf_4)
                                                         net6 (net)
                      0.132719    0.010441    2.126175 v fanout5/A (sky130_fd_sc_hd__clkbuf_4)
    10    0.055026    0.114493    0.251252    2.377427 v fanout5/X (sky130_fd_sc_hd__clkbuf_4)
                                                         net5 (net)
                      0.114556    0.002563    2.379990 v _253_/S (sky130_fd_sc_hd__mux2_1)
     1    0.002452    0.053331    0.325391    2.705381 v _253_/X (sky130_fd_sc_hd__mux2_1)
                                                         _027_ (net)
                      0.053331    0.000167    2.705547 v _501_/D (sky130_fd_sc_hd__dfrtp_4)
                                              2.705547   data arrival time

                               10000.000000 10000.000000   clock sclkb (rise edge)
                                  0.000000 10000.000000   clock source latency
     1    0.025732    0.121376    0.084583 10000.084961 ^ ui_in[4] (in)
                                                         ui_in[4] (net)
                      0.121419    0.000000 10000.084961 ^ clkbuf_0_ui_in[4]/A (sky130_fd_sc_hd__clkbuf_16)
     8    0.134081    0.147997    0.229193 10000.313477 ^ clkbuf_0_ui_in[4]/X (sky130_fd_sc_hd__clkbuf_16)
                                                         clknet_0_ui_in[4] (net)
                      0.150533    0.015461 10000.329102 ^ clkbuf_3_2__f_ui_in[4]/A (sky130_fd_sc_hd__clkbuf_16)
    12    0.039931    0.060203    0.177351 10000.506836 ^ clkbuf_3_2__f_ui_in[4]/X (sky130_fd_sc_hd__clkbuf_16)
                                                         clknet_3_2__leaf_ui_in[4] (net)
                      0.060633    0.002728 10000.509766 ^ _501_/CLK (sky130_fd_sc_hd__dfrtp_4)
                                 -0.250000 10000.258789   clock uncertainty
                                  0.000000 10000.258789   clock reconvergence pessimism
                                 -0.114328 10000.144531   library setup time
                                           10000.144531   data required time
---------------------------------------------------------------------------------------------
                                           10000.144531   data required time
                                             -2.705547   data arrival time
---------------------------------------------------------------------------------------------
                                           9997.438477   slack (MET)




===========================================================================
report_checks --slack_max -0.01
============================================================================
======================= max_tt_025C_1v80 Corner ===================================

No paths found.


===========================================================================
 report_check_types -max_slew -max_cap -max_fanout -violators
============================================================================
======================= max_tt_025C_1v80 Corner ===================================

max fanout

Pin                                   Limit Fanout  Slack
---------------------------------------------------------
clkbuf_3_3__f_ui_in[3]/X                 10     13     -3 (VIOLATED)
clkbuf_3_2__f_ui_in[4]/X                 10     12     -2 (VIOLATED)
clkbuf_3_3__f_ui_in[4]/X                 10     12     -2 (VIOLATED)
clkbuf_3_6__f_ui_in[3]/X                 10     12     -2 (VIOLATED)
clkbuf_3_2__f_ui_in[3]/X                 10     11        (VIOLATED)
clkbuf_3_7__f_ui_in[4]/X                 10     11        (VIOLATED)



===========================================================================
report_parasitic_annotation -report_unannotated
============================================================================
Found 42 unannotated drivers.
 clk
 ena
 uio_in[4]
 uio_in[5]
 uio_in[6]
 uio_in[7]
 clkload0/Y
 clkload1/Y
 clkload10/Y
 clkload11/Y
 clkload12/Y
 clkload13/X
 clkload2/Y
 clkload3/Y
 clkload4/Y
 clkload5/X
 clkload6/Y
 clkload7/Y
 clkload8/Y
 clkload9/X
 tt_um_openram_top_56/HI
 tt_um_openram_top_57/HI
 tt_um_openram_top_58/HI
 tt_um_openram_top_59/HI
 tt_um_openram_top_60/HI
 tt_um_openram_top_61/HI
 tt_um_openram_top_62/HI
 tt_um_openram_top_63/HI
 tt_um_openram_top_64/HI
 tt_um_openram_top_65/HI
 tt_um_openram_top_66/HI
 tt_um_openram_top_67/HI
 tt_um_openram_top_68/HI
 tt_um_openram_top_69/HI
 tt_um_openram_top_70/HI
 tt_um_openram_top_71/HI
 tt_um_openram_top_72/HI
 tt_um_openram_top_73/HI
 tt_um_openram_top_74/HI
 tt_um_openram_top_75/HI
 tt_um_openram_top_76/HI
 tt_um_openram_top_77/HI
Found 42 partially unannotated drivers.
 uio_in[0]
  SRAM/wmask0[3]
 uio_in[1]
  SRAM/wmask0[2]
 uio_in[2]
  SRAM/wmask0[1]
 uio_in[3]
  SRAM/wmask0[0]
 _501_/Q
  SRAM/addr0[0]
 _503_/Q
  SRAM/addr0[1]
 _505_/Q
  SRAM/addr0[2]
 _507_/Q
  SRAM/addr0[3]
 _509_/Q
  SRAM/addr0[4]
 _511_/Q
  SRAM/addr0[5]
 _513_/Q
  SRAM/din0[0]
 _515_/Q
  SRAM/din0[1]
 _517_/Q
  SRAM/din0[2]
 _519_/Q
  SRAM/din0[3]
 _521_/Q
  SRAM/din0[4]
 _523_/Q
  SRAM/din0[5]
 _525_/Q
  SRAM/din0[6]
 _527_/Q
  SRAM/din0[7]
 _529_/Q
  SRAM/din0[8]
 _531_/Q
  SRAM/din0[9]
 _533_/Q
  SRAM/din0[10]
 _535_/Q
  SRAM/din0[11]
 _537_/Q
  SRAM/din0[12]
 _539_/Q
  SRAM/din0[13]
 _541_/Q
  SRAM/din0[14]
 _543_/Q
  SRAM/din0[15]
 _547_/Q
  SRAM/din0[17]
 _549_/Q
  SRAM/din0[18]
 _551_/Q
  SRAM/din0[19]
 _553_/Q
  SRAM/din0[20]
 _555_/Q
  SRAM/din0[21]
 _557_/Q
  SRAM/din0[22]
 _559_/Q
  SRAM/din0[23]
 _561_/Q
  SRAM/din0[24]
 _563_/Q
  SRAM/din0[25]
 _565_/Q
  SRAM/din0[26]
 _567_/Q
  SRAM/din0[27]
 _569_/Q
  SRAM/din0[28]
 _571_/Q
  SRAM/din0[29]
 _573_/Q
  SRAM/din0[30]
 _575_/Q
  SRAM/din0[31]
 _577_/Q
  SRAM/din0[32]

===========================================================================
max slew violation count 0
max fanout violation count 6
max cap violation count 0
============================================================================

===========================================================================
check_setup -verbose -unconstrained_endpoints -multiple_clock -no_clock -no_input_delay -loops -generated_clocks
===========================================================================
Warning: There are 22 unconstrained endpoints.
  uio_oe[0]
  uio_oe[1]
  uio_oe[2]
  uio_oe[3]
  uio_oe[4]
  uio_oe[5]
  uio_oe[6]
  uio_oe[7]
  uio_out[0]
  uio_out[1]
  uio_out[2]
  uio_out[3]
  uio_out[4]
  uio_out[5]
  uio_out[6]
  uio_out[7]
  uo_out[2]
  uo_out[3]
  uo_out[4]
  uo_out[5]
  uo_out[6]
  uo_out[7]
