┏━━━━━━━┳━━━━━━━━━┳━━━━━━━━━━┳━━━━━━━━━━━━━━━━━━━━━━━━━━━━━━━━━━━━━━━━━━━━━━━┳━━━━━━━━━━┳━━━━━━━┓
┃ P / R ┃ Partial ┃ Required ┃ Net                                           ┃ Pin      ┃ Layer ┃
┡━━━━━━━╇━━━━━━━━━╇━━━━━━━━━━╇━━━━━━━━━━━━━━━━━━━━━━━━━━━━━━━━━━━━━━━━━━━━━━━╇━━━━━━━━━━╇━━━━━━━┩
│ 5.08  │ 2033.02 │ 400.00   │ dout[22\]                                     │ _410_/A0 │ met3  │
│ 4.88  │ 1953.52 │ 400.00   │ dout[11\]                                     │ _454_/A0 │ met4  │
│ 3.18  │ 1272.00 │ 400.00   │ scan_chain.scan_cells[62\].scan_cell.data_in  │ _280_/A1 │ met1  │
│ 3.11  │ 1244.44 │ 400.00   │ dout[28\]                                     │ _386_/A0 │ met3  │
│ 3.11  │ 1243.81 │ 400.00   │ dout[24\]                                     │ _402_/A0 │ met4  │
│ 2.89  │ 1156.19 │ 400.00   │ dout[26\]                                     │ _394_/A0 │ met4  │
│ 2.65  │ 1060.38 │ 400.00   │ dout[2\]                                      │ _490_/A0 │ met3  │
│ 2.48  │ 990.35  │ 400.00   │ dout[32\]                                     │ _370_/A0 │ met3  │
│ 2.43  │ 972.76  │ 400.00   │ dout[1\]                                      │ _494_/A0 │ met3  │
│ 2.34  │ 937.28  │ 400.00   │ scan_chain.scan_cells[61\].scan_cell.data_in  │ _278_/A1 │ met1  │
│ 2.03  │ 812.36  │ 400.00   │ dout[25\]                                     │ _398_/A0 │ met2  │
│ 2.01  │ 805.71  │ 400.00   │ dout[12\]                                     │ _450_/A0 │ met4  │
│ 1.77  │ 709.90  │ 400.00   │ dout[18\]                                     │ _426_/A0 │ met3  │
│ 1.58  │ 631.11  │ 400.00   │ dout[31\]                                     │ _374_/A0 │ met3  │
│ 1.57  │ 628.47  │ 400.00   │ dout[12\]                                     │ _450_/A0 │ met2  │
│ 1.56  │ 622.29  │ 400.00   │ dout[17\]                                     │ _430_/A0 │ met3  │
│ 1.52  │ 607.22  │ 400.00   │ scan_chain.scan_cells[32\].scan_cell.data_out │ _365_/A1 │ met1  │
│ 1.49  │ 594.48  │ 400.00   │ dout[25\]                                     │ _398_/A0 │ met4  │
│ 1.39  │ 557.78  │ 400.00   │ dout[17\]                                     │ _430_/A0 │ met4  │
│ 1.38  │ 551.28  │ 400.00   │ dout[23\]                                     │ _406_/A0 │ met2  │
│ 1.37  │ 547.94  │ 400.00   │ scan_chain.scan_cells[53\].scan_cell.data_in  │ _305_/A0 │ met1  │
│ 1.35  │ 538.22  │ 400.00   │ dout[15\]                                     │ _438_/A0 │ met4  │
│ 1.26  │ 502.67  │ 400.00   │ dout[14\]                                     │ _442_/A0 │ met4  │
│ 1.21  │ 485.32  │ 400.00   │ dout[30\]                                     │ _378_/A0 │ met1  │
│ 1.18  │ 472.19  │ 400.00   │ dout[2\]                                      │ _490_/A0 │ met4  │
│ 1.18  │ 471.28  │ 400.00   │ dout[3\]                                      │ _486_/A0 │ met1  │
│ 1.12  │ 447.05  │ 400.00   │ dout[19\]                                     │ _422_/A0 │ met3  │
│ 1.04  │ 417.33  │ 400.00   │ dout[8\]                                      │ _466_/A0 │ met4  │
│ 1.02  │ 408.44  │ 400.00   │ dout[16\]                                     │ _434_/A0 │ met4  │
└───────┴─────────┴──────────┴───────────────────────────────────────────────┴──────────┴───────┘
