
===========================================================================
report_checks -unconstrained
===========================================================================
======================= min_ff_n40C_1v95 Corner ===================================

Startpoint: rst_n (input port clocked by sclkb)
Endpoint: _517_ (recovery check against rising-edge clock sclkb)
Path Group: asynchronous
Path Type: max

Fanout         Cap        Slew       Delay        Time   Description
---------------------------------------------------------------------------------------------
                                  0.000000    0.000000   clock sclkb (rise edge)
                                  0.000000    0.000000   clock network delay (propagated)
                                  0.000000    0.000000 ^ input external delay
     1    0.002839    0.014054    0.007322    0.007322 ^ rst_n (in)
                                                         rst_n (net)
                      0.014054    0.000000    0.007322 ^ hold1/A (sky130_fd_sc_hd__dlygate4sd3_1)
     1    0.003813    0.044349    0.373303    0.380626 ^ hold1/X (sky130_fd_sc_hd__dlygate4sd3_1)
                                                         net79 (net)
                      0.044349    0.000035    0.380661 ^ input1/A (sky130_fd_sc_hd__clkbuf_1)
     1    0.003074    0.034491    0.056046    0.436707 ^ input1/X (sky130_fd_sc_hd__clkbuf_1)
                                                         net1 (net)
                      0.034491    0.000026    0.436734 ^ hold2/A (sky130_fd_sc_hd__dlygate4sd3_1)
     1    0.003570    0.042357    0.376473    0.813207 ^ hold2/X (sky130_fd_sc_hd__dlygate4sd3_1)
                                                         net80 (net)
                      0.042357    0.000034    0.813241 ^ fanout56/A (sky130_fd_sc_hd__clkbuf_2)
     5    0.034773    0.147218    0.150409    0.963650 ^ fanout56/X (sky130_fd_sc_hd__clkbuf_2)
                                                         net56 (net)
                      0.147219    0.000297    0.963947 ^ fanout55/A (sky130_fd_sc_hd__buf_4)
     6    0.069665    0.147114    0.174275    1.138221 ^ fanout55/X (sky130_fd_sc_hd__buf_4)
                                                         net55 (net)
                      0.147408    0.005441    1.143662 ^ fanout54/A (sky130_fd_sc_hd__buf_2)
     6    0.043301    0.160254    0.182862    1.326525 ^ fanout54/X (sky130_fd_sc_hd__buf_2)
                                                         net54 (net)
                      0.160255    0.000267    1.326792 ^ fanout53/A (sky130_fd_sc_hd__clkbuf_4)
     9    0.050400    0.119155    0.181905    1.508697 ^ fanout53/X (sky130_fd_sc_hd__clkbuf_4)
                                                         net53 (net)
                      0.119210    0.000528    1.509225 ^ fanout52/A (sky130_fd_sc_hd__clkbuf_4)
    10    0.045495    0.108530    0.167996    1.677220 ^ fanout52/X (sky130_fd_sc_hd__clkbuf_4)
                                                         net52 (net)
                      0.108532    0.000606    1.677827 ^ _517_/RESET_B (sky130_fd_sc_hd__dfrtp_4)
                                              1.677827   data arrival time

                               10000.000000 10000.000000   clock sclkb (rise edge)
                                  0.000000 10000.000000   clock source latency
     1    0.025138    0.088736    0.060936 10000.060547 ^ ui_in[4] (in)
                                                         ui_in[4] (net)
                      0.088740    0.000000 10000.060547 ^ clkbuf_0_ui_in[4]/A (sky130_fd_sc_hd__clkbuf_16)
     8    0.117079    0.101997    0.152795 10000.213867 ^ clkbuf_0_ui_in[4]/X (sky130_fd_sc_hd__clkbuf_16)
                                                         clknet_0_ui_in[4] (net)
                      0.102942    0.007276 10000.220703 ^ clkbuf_3_4__f_ui_in[4]/A (sky130_fd_sc_hd__clkbuf_16)
     8    0.038278    0.044451    0.115506 10000.336914 ^ clkbuf_3_4__f_ui_in[4]/X (sky130_fd_sc_hd__clkbuf_16)
                                                         clknet_3_4__leaf_ui_in[4] (net)
                      0.044652    0.001819 10000.337891 ^ _517_/CLK (sky130_fd_sc_hd__dfrtp_4)
                                 -0.250000 10000.087891   clock uncertainty
                                  0.000000 10000.087891   clock reconvergence pessimism
                                  0.108837 10000.197266   library recovery time
                                           10000.197266   data required time
---------------------------------------------------------------------------------------------
                                           10000.197266   data required time
                                             -1.677827   data arrival time
---------------------------------------------------------------------------------------------
                                           9998.519531   slack (MET)


Startpoint: _544_ (rising edge-triggered flip-flop clocked by sclka)
Endpoint: _544_ (rising edge-triggered flip-flop clocked by sclka)
Path Group: sclka
Path Type: max

Fanout         Cap        Slew       Delay        Time   Description
---------------------------------------------------------------------------------------------
                                  0.000000    0.000000   clock sclka (rise edge)
                                  0.000000    0.000000   clock source latency
     1    0.018872    0.067983    0.046425    0.046425 ^ ui_in[3] (in)
                                                         ui_in[3] (net)
                      0.067994    0.000000    0.046425 ^ clkbuf_0_ui_in[3]/A (sky130_fd_sc_hd__clkbuf_16)
     8    0.121663    0.105255    0.149425    0.195850 ^ clkbuf_0_ui_in[3]/X (sky130_fd_sc_hd__clkbuf_16)
                                                         clknet_0_ui_in[3] (net)
                      0.105444    0.003682    0.199531 ^ clkbuf_3_3__f_ui_in[3]/A (sky130_fd_sc_hd__clkbuf_16)
    13    0.050334    0.052987    0.122769    0.322300 ^ clkbuf_3_3__f_ui_in[3]/X (sky130_fd_sc_hd__clkbuf_16)
                                                         clknet_3_3__leaf_ui_in[3] (net)
                      0.052994    0.000637    0.322937 ^ _544_/CLK (sky130_fd_sc_hd__dfrtp_1)
     2    0.008089    0.045057    0.247430    0.570367 v _544_/Q (sky130_fd_sc_hd__dfrtp_1)
                                                         scan_chain.scan_cells[4].scan_cell.primary_ff (net)
                      0.045057    0.000069    0.570435 v hold98/A (sky130_fd_sc_hd__dlygate4sd3_1)
     1    0.005029    0.046047    0.376461    0.946896 v hold98/X (sky130_fd_sc_hd__dlygate4sd3_1)
                                                         net176 (net)
                      0.046047    0.000102    0.946998 v _318_/A0 (sky130_fd_sc_hd__mux2_1)
     1    0.003893    0.042811    0.151632    1.098630 v _318_/X (sky130_fd_sc_hd__mux2_1)
                                                         _070_ (net)
                      0.042811    0.000054    1.098683 v _544_/D (sky130_fd_sc_hd__dfrtp_1)
                                              1.098683   data arrival time

                               10000.000000 10000.000000   clock sclka (rise edge)
                                  0.000000 10000.000000   clock source latency
     1    0.018872    0.067983    0.046384 10000.046875 ^ ui_in[3] (in)
                                                         ui_in[3] (net)
                      0.067994    0.000000 10000.046875 ^ clkbuf_0_ui_in[3]/A (sky130_fd_sc_hd__clkbuf_16)
     8    0.121663    0.105255    0.149157 10000.195312 ^ clkbuf_0_ui_in[3]/X (sky130_fd_sc_hd__clkbuf_16)
                                                         clknet_0_ui_in[3] (net)
                      0.105444    0.003638 10000.199219 ^ clkbuf_3_3__f_ui_in[3]/A (sky130_fd_sc_hd__clkbuf_16)
    13    0.050334    0.052987    0.122782 10000.322266 ^ clkbuf_3_3__f_ui_in[3]/X (sky130_fd_sc_hd__clkbuf_16)
                                                         clknet_3_3__leaf_ui_in[3] (net)
                      0.052994    0.000909 10000.323242 ^ _544_/CLK (sky130_fd_sc_hd__dfrtp_1)
                                 -0.250000 10000.073242   clock uncertainty
                                  0.000000 10000.073242   clock reconvergence pessimism
                                 -0.074282 9999.998047   library setup time
                                           9999.998047   data required time
---------------------------------------------------------------------------------------------
                                           9999.998047   data required time
                                             -1.098683   data arrival time
---------------------------------------------------------------------------------------------
                                           9998.899414   slack (MET)


Startpoint: ui_in[2] (input port clocked by sclkb)
Endpoint: _501_ (rising edge-triggered flip-flop clocked by sclkb)
Path Group: sclkb
Path Type: max

Fanout         Cap        Slew       Delay        Time   Description
---------------------------------------------------------------------------------------------
                                  0.000000    0.000000   clock sclkb (rise edge)
                                  0.000000    0.000000   clock network delay (propagated)
                                  0.000000    0.000000 ^ input external delay
     1    0.003130    0.015093    0.008082    0.008082 ^ ui_in[2] (in)
                                                         ui_in[2] (net)
                      0.015093    0.000000    0.008082 ^ hold5/A (sky130_fd_sc_hd__dlygate4sd3_1)
     1    0.003681    0.043046    0.372816    0.380898 ^ hold5/X (sky130_fd_sc_hd__dlygate4sd3_1)
                                                         net83 (net)
                      0.043507    0.000048    0.380946 ^ input4/A (sky130_fd_sc_hd__clkbuf_1)
     1    0.007214    0.069090    0.080235    0.461181 ^ input4/X (sky130_fd_sc_hd__clkbuf_1)
                                                         net4 (net)
                      0.069091    0.000163    0.461344 ^ fanout22/A (sky130_fd_sc_hd__buf_4)
     8    0.108361    0.225105    0.214396    0.675740 ^ fanout22/X (sky130_fd_sc_hd__buf_4)
                                                         net22 (net)
                      0.225182    0.003494    0.679234 ^ fanout21/A (sky130_fd_sc_hd__clkbuf_2)
     5    0.033877    0.144230    0.176151    0.855385 ^ fanout21/X (sky130_fd_sc_hd__clkbuf_2)
                                                         net21 (net)
                      0.144246    0.001250    0.856635 ^ fanout20/A (sky130_fd_sc_hd__clkbuf_4)
     8    0.057659    0.135112    0.188645    1.045280 ^ fanout20/X (sky130_fd_sc_hd__clkbuf_4)
                                                         net20 (net)
                      0.135114    0.000399    1.045678 ^ fanout19/A (sky130_fd_sc_hd__clkbuf_4)
    10    0.059120    0.137918    0.191140    1.236819 ^ fanout19/X (sky130_fd_sc_hd__clkbuf_4)
                                                         net19 (net)
                      0.137984    0.001220    1.238039 ^ _252_/A (sky130_fd_sc_hd__nand2_2)
     3    0.037131    0.109317    0.106430    1.344469 v _252_/Y (sky130_fd_sc_hd__nand2_2)
                                                         _145_ (net)
                      0.109438    0.003027    1.347496 v fanout6/A (sky130_fd_sc_hd__clkbuf_4)
    10    0.057649    0.085617    0.179767    1.527263 v fanout6/X (sky130_fd_sc_hd__clkbuf_4)
                                                         net6 (net)
                      0.085743    0.002932    1.530195 v fanout5/A (sky130_fd_sc_hd__clkbuf_4)
    10    0.055111    0.083166    0.166205    1.696400 v fanout5/X (sky130_fd_sc_hd__clkbuf_4)
                                                         net5 (net)
                      0.083334    0.003290    1.699690 v _253_/S (sky130_fd_sc_hd__mux2_1)
     1    0.002484    0.036788    0.192582    1.892272 v _253_/X (sky130_fd_sc_hd__mux2_1)
                                                         _027_ (net)
                      0.036788    0.000022    1.892293 v _501_/D (sky130_fd_sc_hd__dfrtp_4)
                                              1.892293   data arrival time

                               10000.000000 10000.000000   clock sclkb (rise edge)
                                  0.000000 10000.000000   clock source latency
     1    0.025138    0.088736    0.060936 10000.060547 ^ ui_in[4] (in)
                                                         ui_in[4] (net)
                      0.088740    0.000000 10000.060547 ^ clkbuf_0_ui_in[4]/A (sky130_fd_sc_hd__clkbuf_16)
     8    0.117079    0.101997    0.152795 10000.213867 ^ clkbuf_0_ui_in[4]/X (sky130_fd_sc_hd__clkbuf_16)
                                                         clknet_0_ui_in[4] (net)
                      0.102361    0.004547 10000.218750 ^ clkbuf_3_2__f_ui_in[4]/A (sky130_fd_sc_hd__clkbuf_16)
    12    0.039874    0.045577    0.116415 10000.334961 ^ clkbuf_3_2__f_ui_in[4]/X (sky130_fd_sc_hd__clkbuf_16)
                                                         clknet_3_2__leaf_ui_in[4] (net)
                      0.045616    0.000909 10000.335938 ^ _501_/CLK (sky130_fd_sc_hd__dfrtp_4)
                                 -0.250000 10000.085938   clock uncertainty
                                  0.000000 10000.085938   clock reconvergence pessimism
                                 -0.072927 10000.012695   library setup time
                                           10000.012695   data required time
---------------------------------------------------------------------------------------------
                                           10000.012695   data required time
                                             -1.892293   data arrival time
---------------------------------------------------------------------------------------------
                                           9998.120117   slack (MET)




===========================================================================
report_checks --slack_max -0.01
============================================================================
======================= min_ff_n40C_1v95 Corner ===================================

No paths found.


===========================================================================
 report_check_types -max_slew -max_cap -max_fanout -violators
============================================================================
======================= min_ff_n40C_1v95 Corner ===================================

max fanout

Pin                                   Limit Fanout  Slack
---------------------------------------------------------
clkbuf_3_3__f_ui_in[3]/X                 10     13     -3 (VIOLATED)
clkbuf_3_6__f_ui_in[3]/X                 10     13     -3 (VIOLATED)
clkbuf_3_2__f_ui_in[4]/X                 10     12     -2 (VIOLATED)
clkbuf_3_3__f_ui_in[4]/X                 10     11        (VIOLATED)
clkbuf_3_6__f_ui_in[4]/X                 10     11        (VIOLATED)
clkbuf_3_7__f_ui_in[4]/X                 10     11        (VIOLATED)



===========================================================================
report_parasitic_annotation -report_unannotated
============================================================================
Found 41 unannotated drivers.
 clk
 ena
 uio_in[4]
 uio_in[5]
 uio_in[6]
 uio_in[7]
 clkload0/Y
 clkload1/Y
 clkload10/Y
 clkload11/X
 clkload12/X
 clkload2/Y
 clkload3/Y
 clkload4/Y
 clkload5/Y
 clkload6/Y
 clkload7/Y
 clkload8/X
 clkload9/Y
 tt_um_openram_top_57/HI
 tt_um_openram_top_58/HI
 tt_um_openram_top_59/HI
 tt_um_openram_top_60/HI
 tt_um_openram_top_61/HI
 tt_um_openram_top_62/HI
 tt_um_openram_top_63/HI
 tt_um_openram_top_64/HI
 tt_um_openram_top_65/HI
 tt_um_openram_top_66/HI
 tt_um_openram_top_67/HI
 tt_um_openram_top_68/HI
 tt_um_openram_top_69/HI
 tt_um_openram_top_70/HI
 tt_um_openram_top_71/HI
 tt_um_openram_top_72/HI
 tt_um_openram_top_73/HI
 tt_um_openram_top_74/HI
 tt_um_openram_top_75/HI
 tt_um_openram_top_76/HI
 tt_um_openram_top_77/HI
 tt_um_openram_top_78/HI
Found 42 partially unannotated drivers.
 uio_in[0]
  SRAM/wmask0[3]
 uio_in[1]
  SRAM/wmask0[2]
 uio_in[2]
  SRAM/wmask0[1]
 uio_in[3]
  SRAM/wmask0[0]
 _501_/Q
  SRAM/addr0[0]
 _503_/Q
  SRAM/addr0[1]
 _505_/Q
  SRAM/addr0[2]
 _507_/Q
  SRAM/addr0[3]
 _509_/Q
  SRAM/addr0[4]
 _511_/Q
  SRAM/addr0[5]
 _513_/Q
  SRAM/din0[0]
 _515_/Q
  SRAM/din0[1]
 _517_/Q
  SRAM/din0[2]
 _519_/Q
  SRAM/din0[3]
 _521_/Q
  SRAM/din0[4]
 _523_/Q
  SRAM/din0[5]
 _525_/Q
  SRAM/din0[6]
 _527_/Q
  SRAM/din0[7]
 _529_/Q
  SRAM/din0[8]
 _531_/Q
  SRAM/din0[9]
 _533_/Q
  SRAM/din0[10]
 _535_/Q
  SRAM/din0[11]
 _537_/Q
  SRAM/din0[12]
 _539_/Q
  SRAM/din0[13]
 _541_/Q
  SRAM/din0[14]
 _543_/Q
  SRAM/din0[15]
 _547_/Q
  SRAM/din0[17]
 _549_/Q
  SRAM/din0[18]
 _551_/Q
  SRAM/din0[19]
 _553_/Q
  SRAM/din0[20]
 _555_/Q
  SRAM/din0[21]
 _557_/Q
  SRAM/din0[22]
 _559_/Q
  SRAM/din0[23]
 _561_/Q
  SRAM/din0[24]
 _563_/Q
  SRAM/din0[25]
 _565_/Q
  SRAM/din0[26]
 _567_/Q
  SRAM/din0[27]
 _569_/Q
  SRAM/din0[28]
 _571_/Q
  SRAM/din0[29]
 _573_/Q
  SRAM/din0[30]
 _575_/Q
  SRAM/din0[31]
 _577_/Q
  SRAM/din0[32]

===========================================================================
max slew violation count 0
max fanout violation count 6
max cap violation count 0
============================================================================

===========================================================================
check_setup -verbose -unconstrained_endpoints -multiple_clock -no_clock -no_input_delay -loops -generated_clocks
===========================================================================
Warning: There are 22 unconstrained endpoints.
  uio_oe[0]
  uio_oe[1]
  uio_oe[2]
  uio_oe[3]
  uio_oe[4]
  uio_oe[5]
  uio_oe[6]
  uio_oe[7]
  uio_out[0]
  uio_out[1]
  uio_out[2]
  uio_out[3]
  uio_out[4]
  uio_out[5]
  uio_out[6]
  uio_out[7]
  uo_out[2]
  uo_out[3]
  uo_out[4]
  uo_out[5]
  uo_out[6]
  uo_out[7]
