Clock: sclka
Sources: ui_in[3] 
Generated: no
Virtual: yes
Propagated: no
Period: 10000.000000

===========================================================================
report_clock_properties
============================================================================
Clock                   Period          Waveform
----------------------------------------------------
sclka               10000.000000    0.0000005000.000000

===========================================================================
report_clock_latency
============================================================================
Clock sclka
rise -> rise
    min     max
0.000000 0.000000 source latency
0.312421         network latency _608_/CLK
        0.340855 network latency _621_/CLK
---------------
0.312421 0.340855 latency
        0.028434 skew

rise -> fall
    min     max
0.000000 0.000000 source latency
0.285309         network latency _631_/CLK
        0.295425 network latency _621_/CLK
---------------
0.285309 0.295425 latency
        0.010116 skew

fall -> fall
    min     max
0.000000 0.000000 source latency
0.276032         network latency _546_/CLK
        0.286946 network latency _592_/CLK
---------------
0.276032 0.286946 latency
        0.010914 skew



===========================================================================
report_clock_min_period
============================================================================
sclka period_min = 1.11 fmax = 902.72
Clock: sclkb
Sources: ui_in[4] 
Generated: no
Virtual: yes
Propagated: no
Period: 10000.000000

===========================================================================
report_clock_properties
============================================================================
Clock                   Period          Waveform
----------------------------------------------------
sclkb               10000.000000    0.0000005000.000000

===========================================================================
report_clock_latency
============================================================================
Clock sclkb
rise -> rise
    min     max
0.000000 0.000000 source latency
0.312421         network latency _608_/CLK
        0.340855 network latency _621_/CLK
---------------
0.312421 0.340855 latency
        0.028434 skew

rise -> fall
    min     max
0.000000 0.000000 source latency
0.276158         network latency _608_/CLK
        0.286980 network latency _618_/CLK
---------------
0.276158 0.286980 latency
        0.010822 skew

fall -> fall
    min     max
0.000000 0.000000 source latency
0.285581         network latency _625_/CLK
        0.295586 network latency _621_/CLK
---------------
0.285581 0.295586 latency
        0.010004 skew



===========================================================================
report_clock_min_period
============================================================================
sclkb period_min = 1.20 fmax = 831.70
