Clock: sclka
Sources: ui_in[3] 
Generated: no
Virtual: yes
Propagated: no
Period: 10000.000000

===========================================================================
report_clock_properties
============================================================================
Clock                   Period          Waveform
----------------------------------------------------
sclka               10000.000000    0.0000005000.000000

===========================================================================
report_clock_latency
============================================================================
Clock sclka
rise -> rise
    min     max
0.000000 0.000000 source latency
0.398168         network latency _608_/CLK
        0.408489 network latency _505_/CLK
---------------
0.398168 0.408489 latency
        0.010322 skew

rise -> fall
    min     max
0.000000 0.000000 source latency
0.368048         network latency _625_/CLK
        0.374257 network latency _505_/CLK
---------------
0.368048 0.374257 latency
        0.006208 skew

fall -> fall
    min     max
0.000000 0.000000 source latency
0.366981         network latency _500_/CLK
        0.371529 network latency _502_/CLK
---------------
0.366981 0.371529 latency
        0.004547 skew



===========================================================================
report_clock_min_period
============================================================================
sclka period_min = 1.02 fmax = 979.08
Clock: sclkb
Sources: ui_in[4] 
Generated: no
Virtual: yes
Propagated: no
Period: 10000.000000

===========================================================================
report_clock_properties
============================================================================
Clock                   Period          Waveform
----------------------------------------------------
sclkb               10000.000000    0.0000005000.000000

===========================================================================
report_clock_latency
============================================================================
Clock sclkb
rise -> rise
    min     max
0.000000 0.000000 source latency
0.398168         network latency _608_/CLK
        0.408489 network latency _505_/CLK
---------------
0.398168 0.408489 latency
        0.010322 skew

rise -> fall
    min     max
0.000000 0.000000 source latency
0.366902         network latency _546_/CLK
        0.371402 network latency _632_/CLK
---------------
0.366902 0.371402 latency
        0.004500 skew

fall -> fall
    min     max
0.000000 0.000000 source latency
0.368345         network latency _553_/CLK
        0.374257 network latency _501_/CLK
---------------
0.368345 0.374257 latency
        0.005912 skew



===========================================================================
report_clock_min_period
============================================================================
sclkb period_min = 1.21 fmax = 829.82
