Clock: sclka
Sources: ui_in[3] 
Generated: no
Virtual: yes
Propagated: no
Period: 10000.000000

===========================================================================
report_clock_properties
============================================================================
Clock                   Period          Waveform
----------------------------------------------------
sclka               10000.000000    0.0000005000.000000

===========================================================================
report_clock_latency
============================================================================
Clock sclka
rise -> rise
    min     max
0.000000 0.000000 source latency
0.792710         network latency _608_/CLK
        0.866142 network latency _621_/CLK
---------------
0.792710 0.866142 latency
        0.073432 skew

rise -> fall
    min     max
0.000000 0.000000 source latency
0.755048         network latency _631_/CLK
        0.774129 network latency _621_/CLK
---------------
0.755048 0.774129 latency
        0.019080 skew

fall -> fall
    min     max
0.000000 0.000000 source latency
0.723048         network latency _546_/CLK
        0.742602 network latency _618_/CLK
---------------
0.723048 0.742602 latency
        0.019554 skew



===========================================================================
report_clock_min_period
============================================================================
sclka period_min = 3.23 fmax = 309.98
Clock: sclkb
Sources: ui_in[4] 
Generated: no
Virtual: yes
Propagated: no
Period: 10000.000000

===========================================================================
report_clock_properties
============================================================================
Clock                   Period          Waveform
----------------------------------------------------
sclkb               10000.000000    0.0000005000.000000

===========================================================================
report_clock_latency
============================================================================
Clock sclkb
rise -> rise
    min     max
0.000000 0.000000 source latency
0.792710         network latency _608_/CLK
        0.866142 network latency _621_/CLK
---------------
0.792710 0.866142 latency
        0.073432 skew

rise -> fall
    min     max
0.000000 0.000000 source latency
0.723221         network latency _608_/CLK
        0.742573 network latency _618_/CLK
---------------
0.723221 0.742573 latency
        0.019352 skew

fall -> fall
    min     max
0.000000 0.000000 source latency
0.755335         network latency _553_/CLK
        0.774435 network latency _593_/CLK
---------------
0.755335 0.774435 latency
        0.019099 skew



===========================================================================
report_clock_min_period
============================================================================
sclkb period_min = 3.53 fmax = 282.94
