[WARNING ORD-0039] .openroad ignored with -python
Unannotated report:
['report_parasitic_annotation -report_unannotated\n',
 '============================================================================\n',
 'Found 42 unannotated drivers.\n',
 ' clk\n',
 ' ena\n',
 ' uio_in[4]\n',
 ' uio_in[5]\n',
 ' uio_in[6]\n',
 ' uio_in[7]\n',
 ' clkload0/Y\n',
 ' clkload1/Y\n',
 ' clkload10/Y\n',
 ' clkload11/Y\n',
 ' clkload12/Y\n',
 ' clkload13/Y\n',
 ' clkload2/Y\n',
 ' clkload3/Y\n',
 ' clkload4/Y\n',
 ' clkload5/X\n',
 ' clkload6/Y\n',
 ' clkload7/Y\n',
 ' clkload8/Y\n',
 ' clkload9/Y\n',
 ' tt_um_openram_top_58/HI\n',
 ' tt_um_openram_top_59/HI\n',
 ' tt_um_openram_top_60/HI\n',
 ' tt_um_openram_top_61/HI\n',
 ' tt_um_openram_top_62/HI\n',
 ' tt_um_openram_top_63/HI\n',
 ' tt_um_openram_top_64/HI\n',
 ' tt_um_openram_top_65/HI\n',
 ' tt_um_openram_top_66/HI\n',
 ' tt_um_openram_top_67/HI\n',
 ' tt_um_openram_top_68/HI\n',
 ' tt_um_openram_top_69/HI\n',
 ' tt_um_openram_top_70/HI\n',
 ' tt_um_openram_top_71/HI\n',
 ' tt_um_openram_top_72/HI\n',
 ' tt_um_openram_top_73/HI\n',
 ' tt_um_openram_top_74/HI\n',
 ' tt_um_openram_top_75/HI\n',
 ' tt_um_openram_top_76/HI\n',
 ' tt_um_openram_top_77/HI\n',
 ' tt_um_openram_top_78/HI\n',
 ' tt_um_openram_top_79/HI\n',
 'Found 42 partially unannotated drivers.\n',
 ' uio_in[0]\n',
 '  SRAM/wmask0[3]\n',
 ' uio_in[1]\n',
 '  SRAM/wmask0[2]\n',
 ' uio_in[2]\n',
 '  SRAM/wmask0[1]\n',
 ' uio_in[3]\n',
 '  SRAM/wmask0[0]\n',
 ' _501_/Q\n',
 '  SRAM/addr0[0]\n',
 ' _503_/Q\n',
 '  SRAM/addr0[1]\n',
 ' _505_/Q\n',
 '  SRAM/addr0[2]\n',
 ' _507_/Q\n',
 '  SRAM/addr0[3]\n',
 ' _509_/Q\n',
 '  SRAM/addr0[4]\n',
 ' _511_/Q\n',
 '  SRAM/addr0[5]\n',
 ' _513_/Q\n',
 '  SRAM/din0[0]\n',
 ' _515_/Q\n',
 '  SRAM/din0[1]\n',
 ' _517_/Q\n',
 '  SRAM/din0[2]\n',
 ' _519_/Q\n',
 '  SRAM/din0[3]\n',
 ' _521_/Q\n',
 '  SRAM/din0[4]\n',
 ' _523_/Q\n',
 '  SRAM/din0[5]\n',
 ' _525_/Q\n',
 '  SRAM/din0[6]\n',
 ' _527_/Q\n',
 '  SRAM/din0[7]\n',
 ' _529_/Q\n',
 '  SRAM/din0[8]\n',
 ' _531_/Q\n',
 '  SRAM/din0[9]\n',
 ' _533_/Q\n',
 '  SRAM/din0[10]\n',
 ' _535_/Q\n',
 '  SRAM/din0[11]\n',
 ' _537_/Q\n',
 '  SRAM/din0[12]\n',
 ' _539_/Q\n',
 '  SRAM/din0[13]\n',
 ' _541_/Q\n',
 '  SRAM/din0[14]\n',
 ' _543_/Q\n',
 '  SRAM/din0[15]\n',
 ' _547_/Q\n',
 '  SRAM/din0[17]\n',
 ' _549_/Q\n',
 '  SRAM/din0[18]\n',
 ' _551_/Q\n',
 '  SRAM/din0[19]\n',
 ' _553_/Q\n',
 '  SRAM/din0[20]\n',
 ' _555_/Q\n',
 '  SRAM/din0[21]\n',
 ' _557_/Q\n',
 '  SRAM/din0[22]\n',
 ' _559_/Q\n',
 '  SRAM/din0[23]\n',
 ' _561_/Q\n',
 '  SRAM/din0[24]\n',
 ' _563_/Q\n',
 '  SRAM/din0[25]\n',
 ' _565_/Q\n',
 '  SRAM/din0[26]\n',
 ' _567_/Q\n',
 '  SRAM/din0[27]\n',
 ' _569_/Q\n',
 '  SRAM/din0[28]\n',
 ' _571_/Q\n',
 '  SRAM/din0[29]\n',
 ' _573_/Q\n',
 '  SRAM/din0[30]\n',
 ' _575_/Q\n',
 '  SRAM/din0[31]\n',
 ' _577_/Q\n',
 '  SRAM/din0[32]\n',
 '\n']
Reported nets:
['clk',
 'ena',
 'uio_in[4]',
 'uio_in[5]',
 'uio_in[6]',
 'uio_in[7]',
 'clkload0/Y',
 'clkload1/Y',
 'clkload10/Y',
 'clkload11/Y',
 'clkload12/Y',
 'clkload13/Y',
 'clkload2/Y',
 'clkload3/Y',
 'clkload4/Y',
 'clkload5/X',
 'clkload6/Y',
 'clkload7/Y',
 'clkload8/Y',
 'clkload9/Y',
 'tt_um_openram_top_58/HI',
 'tt_um_openram_top_59/HI',
 'tt_um_openram_top_60/HI',
 'tt_um_openram_top_61/HI',
 'tt_um_openram_top_62/HI',
 'tt_um_openram_top_63/HI',
 'tt_um_openram_top_64/HI',
 'tt_um_openram_top_65/HI',
 'tt_um_openram_top_66/HI',
 'tt_um_openram_top_67/HI',
 'tt_um_openram_top_68/HI',
 'tt_um_openram_top_69/HI',
 'tt_um_openram_top_70/HI',
 'tt_um_openram_top_71/HI',
 'tt_um_openram_top_72/HI',
 'tt_um_openram_top_73/HI',
 'tt_um_openram_top_74/HI',
 'tt_um_openram_top_75/HI',
 'tt_um_openram_top_76/HI',
 'tt_um_openram_top_77/HI',
 'tt_um_openram_top_78/HI',
 'tt_um_openram_top_79/HI',
 'uio_in[0]',
 'uio_in[1]',
 'uio_in[2]',
 'uio_in[3]',
 '_501_/Q',
 '_503_/Q',
 '_505_/Q',
 '_507_/Q',
 '_509_/Q',
 '_511_/Q',
 '_513_/Q',
 '_515_/Q',
 '_517_/Q',
 '_519_/Q',
 '_521_/Q',
 '_523_/Q',
 '_525_/Q',
 '_527_/Q',
 '_529_/Q',
 '_531_/Q',
 '_533_/Q',
 '_535_/Q',
 '_537_/Q',
 '_539_/Q',
 '_541_/Q',
 '_543_/Q',
 '_547_/Q',
 '_549_/Q',
 '_551_/Q',
 '_553_/Q',
 '_555_/Q',
 '_557_/Q',
 '_559_/Q',
 '_561_/Q',
 '_563_/Q',
 '_565_/Q',
 '_567_/Q',
 '_569_/Q',
 '_571_/Q',
 '_573_/Q',
 '_575_/Q',
 '_577_/Q']
Filtered nets:
[Net(name='uio_in[0]', bterms=[BTerm(name='uio_in[0]', type='INPUT')]),
 Net(name='uio_in[1]', bterms=[BTerm(name='uio_in[1]', type='INPUT')]),
 Net(name='uio_in[2]', bterms=[BTerm(name='uio_in[2]', type='INPUT')]),
 Net(name='uio_in[3]', bterms=[BTerm(name='uio_in[3]', type='INPUT')])]
done
