Reading OpenROAD database at '/workspaces/tt25a_openram_testchip/runs/wokwi/26-odb-applydeftemplate/tt_um_openram_top.odb'…
Reading library file at '/home/vscode/ttsetup/pdk/volare/sky130/versions/0fe599b2afb6708d281543108caf8310912f54af/sky130A/libs.ref/sky130_fd_sc_hd/lib/sky130_fd_sc_hd__tt_025C_1v80.lib'…
Reading design constraints file at 'src/project.sdc'…
[WARNING STA-0441] set_input_delay relative to a clock defined on the same port/pin not allowed.
[WARNING STA-0441] set_input_delay relative to a clock defined on the same port/pin not allowed.
[INFO] No information on clock propagation in input SDC file-- propagating all clocks.
[INFO] Setting RC values…
[INFO] Setting signal min routing layer to: met1 and clock min routing layer to met1. 
[INFO] Setting signal max routing layer to: met4 and clock max routing layer to met4. 
[INFO GPL-0002] DBU: 1000
[INFO GPL-0003] SiteSize: (  0.460  2.720 ) um
[INFO GPL-0004] CoreBBox: (  2.760  2.720 ) ( 332.120 223.040 ) um
[INFO GPL-0006] NumInstances:               848
[INFO GPL-0007] NumPlaceInstances:          418
[INFO GPL-0008] NumFixedInstances:          363
[INFO GPL-0009] NumDummyInstances:           67
[INFO GPL-0010] NumNets:                    470
[INFO GPL-0011] NumPins:                   1724
[INFO GPL-0012] DieBBox:  (  0.000  0.000 ) ( 334.880 225.760 ) um
[INFO GPL-0013] CoreBBox: (  2.760  2.720 ) ( 332.120 223.040 ) um
[INFO GPL-0016] CoreArea:             72564.595 um^2
[INFO GPL-0017] NonPlaceInstsArea:    58282.147 um^2
[INFO GPL-0018] PlaceInstsArea:        6686.413 um^2
[INFO GPL-0019] Util:                    46.816 %
[INFO GPL-0020] StdInstsArea:          6686.413 um^2
[INFO GPL-0021] MacroInstsArea:           0.000 um^2
[InitialPlace]  Iter: 1 CG residual: 0.00000011 HPWL: 52067670
[InitialPlace]  Iter: 2 CG residual: 0.00000010 HPWL: 44502771
[InitialPlace]  Iter: 3 CG residual: 0.00000010 HPWL: 44801570
[InitialPlace]  Iter: 4 CG residual: 0.00000029 HPWL: 44974166
[InitialPlace]  Iter: 5 CG residual: 0.00000011 HPWL: 45122241
[INFO GPL-0031] FillerInit:NumGCells:       535
[INFO GPL-0032] FillerInit:NumGNets:        470
[INFO GPL-0033] FillerInit:NumGPins:       1724
[INFO GPL-0023] TargetDensity:            0.600
[INFO GPL-0024] AvrgPlaceInstArea:       15.996 um^2
[INFO GPL-0025] IdealBinArea:            26.660 um^2
[INFO GPL-0026] IdealBinCnt:               2721
[INFO GPL-0027] TotalBinArea:         72564.595 um^2
[INFO GPL-0028] BinCnt:        32     32
[INFO GPL-0029] BinSize: ( 10.293  6.885 )
[INFO GPL-0030] NumBins: 1024
[NesterovSolve] Iter:    1 overflow: 0.986 HPWL: 6884924
[NesterovSolve] Iter:   10 overflow: 0.987 HPWL: 8104158
[NesterovSolve] Iter:   20 overflow: 0.987 HPWL: 8311253
[NesterovSolve] Iter:   30 overflow: 0.987 HPWL: 8215439
[NesterovSolve] Iter:   40 overflow: 0.987 HPWL: 8225667
[NesterovSolve] Iter:   50 overflow: 0.987 HPWL: 8229503
[NesterovSolve] Iter:   60 overflow: 0.987 HPWL: 8230531
[NesterovSolve] Iter:   70 overflow: 0.987 HPWL: 8230923
[NesterovSolve] Iter:   80 overflow: 0.987 HPWL: 8231294
[NesterovSolve] Iter:   90 overflow: 0.987 HPWL: 8240616
[NesterovSolve] Iter:  100 overflow: 0.987 HPWL: 8255056
[NesterovSolve] Iter:  110 overflow: 0.987 HPWL: 8285318
[NesterovSolve] Iter:  120 overflow: 0.987 HPWL: 8342769
[NesterovSolve] Iter:  130 overflow: 0.987 HPWL: 8439826
[NesterovSolve] Iter:  140 overflow: 0.987 HPWL: 8550584
[NesterovSolve] Iter:  150 overflow: 0.987 HPWL: 8686033
[NesterovSolve] Iter:  160 overflow: 0.987 HPWL: 8521601
[NesterovSolve] Iter:  170 overflow: 0.987 HPWL: 8600192
[NesterovSolve] Iter:  180 overflow: 0.986 HPWL: 8760145
[NesterovSolve] Iter:  190 overflow: 0.986 HPWL: 9099526
[NesterovSolve] Iter:  200 overflow: 0.986 HPWL: 9669641
[NesterovSolve] Iter:  210 overflow: 0.975 HPWL: 10685614
[NesterovSolve] Iter:  220 overflow: 0.940 HPWL: 12612527
[NesterovSolve] Iter:  230 overflow: 0.916 HPWL: 15785307
[NesterovSolve] Iter:  240 overflow: 0.784 HPWL: 18818137
[NesterovSolve] Iter:  250 overflow: 0.742 HPWL: 19681322
[NesterovSolve] Iter:  260 overflow: 0.686 HPWL: 20312253
[NesterovSolve] Iter:  270 overflow: 0.620 HPWL: 21268670
[INFO GPL-0100] Timing-driven: executing resizer for reweighting nets.
[INFO GPL-0101] Timing-driven: worst slack 1e-05
[INFO GPL-0103] Timing-driven: weighted 43 nets.
[NesterovSolve] Snapshot saved at iter = 273
[NesterovSolve] Iter:  280 overflow: 0.551 HPWL: 22104946
[NesterovSolve] Iter:  290 overflow: 0.481 HPWL: 22257591
[INFO GPL-0100] Timing-driven: executing resizer for reweighting nets.
[INFO GPL-0101] Timing-driven: worst slack 1e-05
[INFO GPL-0103] Timing-driven: weighted 43 nets.
[NesterovSolve] Iter:  300 overflow: 0.397 HPWL: 21769597
[NesterovSolve] Iter:  310 overflow: 0.334 HPWL: 22080654
[INFO GPL-0100] Timing-driven: executing resizer for reweighting nets.
[INFO GPL-0101] Timing-driven: worst slack 1e-05
[INFO GPL-0103] Timing-driven: weighted 43 nets.
[INFO GPL-0075] Routability numCall: 1 inflationIterCnt: 1 bloatIterCnt: 0
[INFO GPL-0036] TileBBox: (    0    0 ) ( 6900 6900 ) DBU
[INFO GPL-0038] TileCnt:      48   32
[INFO GPL-0040] NumTiles: 1536
[INFO GPL-0081] TotalRouteOverflow: 25.4275404214859
[INFO GPL-0082] OverflowTileCnt: 903
[INFO GPL-0083] 0.5%RC: 1.078654795885086
[INFO GPL-0084] 1.0%RC: 1.0744778737425804
[INFO GPL-0085] 2.0%RC: 1.0698985245919996
[INFO GPL-0086] 5.0%RC: 1.0633133851088488
[INFO GPL-0087] FinalRC: 1.0765663
[INFO GPL-0078] FinalRC lower than minRC (1e+30), min RC updated.
[INFO GPL-0045] InflatedAreaDelta:      222.563 um^2
[INFO GPL-0046] TargetDensity:            0.600
[INFO GPL-0049] WhiteSpaceArea:       14282.448 um^2
[INFO GPL-0050] NesterovInstsArea:     6686.413 um^2
[INFO GPL-0051] TotalFillerArea:       1883.056 um^2
[INFO GPL-0052] TotalGCellsArea:       8569.469 um^2
[INFO GPL-0053] ExpectedGCellsArea:    8792.032 um^2
[INFO GPL-0054] NewTargetDensity:         0.616
[INFO GPL-0055] NewWhiteSpaceArea:    14282.448 um^2
[INFO GPL-0056] MovableArea:           8792.031 um^2
[INFO GPL-0057] NewNesterovInstArea:   6908.976 um^2
[INFO GPL-0058] NewTotalFillerArea:    1883.056 um^2
[INFO GPL-0059] NewTotalGCellsArea:    8792.031 um^2
[NesterovSolve] Revert back to snapshot coordi
[NesterovSolve] Iter:  320 overflow: 0.550 HPWL: 22133273
[NesterovSolve] Iter:  330 overflow: 0.507 HPWL: 22707685
[NesterovSolve] Iter:  340 overflow: 0.438 HPWL: 22124829
[NesterovSolve] Iter:  350 overflow: 0.382 HPWL: 21789130
[NesterovSolve] Iter:  360 overflow: 0.327 HPWL: 22081022
[INFO GPL-0075] Routability numCall: 2 inflationIterCnt: 2 bloatIterCnt: 0
[INFO GPL-0036] TileBBox: (    0    0 ) ( 6900 6900 ) DBU
[INFO GPL-0038] TileCnt:      48   32
[INFO GPL-0040] NumTiles: 1536
[INFO GPL-0081] TotalRouteOverflow: 22.255229473114014
[INFO GPL-0082] OverflowTileCnt: 880
[INFO GPL-0083] 0.5%RC: 1.1103811413049698
[INFO GPL-0084] 1.0%RC: 1.0944021046161652
[INFO GPL-0085] 2.0%RC: 1.0838788824696695
[INFO GPL-0086] 5.0%RC: 1.0696263235884826
[INFO GPL-0087] FinalRC: 1.1023916
[INFO GPL-0079] MinRC (1.0765663) violation occurred, total count: 1.
[INFO GPL-0045] InflatedAreaDelta:      296.673 um^2
[INFO GPL-0046] TargetDensity:            0.616
[INFO GPL-0049] WhiteSpaceArea:       14282.448 um^2
[INFO GPL-0050] NesterovInstsArea:     6908.976 um^2
[INFO GPL-0051] TotalFillerArea:       1883.056 um^2
[INFO GPL-0052] TotalGCellsArea:       8792.031 um^2
[INFO GPL-0053] ExpectedGCellsArea:    9088.704 um^2
[INFO GPL-0054] NewTargetDensity:         0.636
[INFO GPL-0055] NewWhiteSpaceArea:    14282.448 um^2
[INFO GPL-0056] MovableArea:           9088.703 um^2
[INFO GPL-0057] NewNesterovInstArea:   7205.648 um^2
[INFO GPL-0058] NewTotalFillerArea:    1883.055 um^2
[INFO GPL-0059] NewTotalGCellsArea:    9088.703 um^2
[NesterovSolve] Revert back to snapshot coordi
[NesterovSolve] Iter:  370 overflow: 0.551 HPWL: 22586688
[NesterovSolve] Iter:  380 overflow: 0.476 HPWL: 23137669
[NesterovSolve] Iter:  390 overflow: 0.414 HPWL: 22494888
[NesterovSolve] Iter:  400 overflow: 0.348 HPWL: 22525198
[INFO GPL-0075] Routability numCall: 3 inflationIterCnt: 3 bloatIterCnt: 0
[INFO GPL-0036] TileBBox: (    0    0 ) ( 6900 6900 ) DBU
[INFO GPL-0038] TileCnt:      48   32
[INFO GPL-0040] NumTiles: 1536
[INFO GPL-0081] TotalRouteOverflow: 22.70797288417816
[INFO GPL-0082] OverflowTileCnt: 899
[INFO GPL-0083] 0.5%RC: 1.0777484476566315
[INFO GPL-0084] 1.0%RC: 1.0714145451784134
[INFO GPL-0085] 2.0%RC: 1.0662604262751918
[INFO GPL-0086] 5.0%RC: 1.060168769452479
[INFO GPL-0087] FinalRC: 1.0745815
[INFO GPL-0078] FinalRC lower than minRC (1.0765663), min RC updated.
[INFO GPL-0045] InflatedAreaDelta:      184.337 um^2
[INFO GPL-0046] TargetDensity:            0.636
[INFO GPL-0049] WhiteSpaceArea:       14282.448 um^2
[INFO GPL-0050] NesterovInstsArea:     7205.648 um^2
[INFO GPL-0051] TotalFillerArea:       1883.055 um^2
[INFO GPL-0052] TotalGCellsArea:       9088.703 um^2
[INFO GPL-0053] ExpectedGCellsArea:    9273.040 um^2
[INFO GPL-0054] NewTargetDensity:         0.649
[INFO GPL-0055] NewWhiteSpaceArea:    14282.448 um^2
[INFO GPL-0056] MovableArea:           9273.040 um^2
[INFO GPL-0057] NewNesterovInstArea:   7389.985 um^2
[INFO GPL-0058] NewTotalFillerArea:    1883.055 um^2
[INFO GPL-0059] NewTotalGCellsArea:    9273.040 um^2
[NesterovSolve] Revert back to snapshot coordi
[NesterovSolve] Iter:  410 overflow: 0.620 HPWL: 22122894
[NesterovSolve] Iter:  420 overflow: 0.521 HPWL: 23592652
[NesterovSolve] Iter:  430 overflow: 0.464 HPWL: 23267354
[NesterovSolve] Iter:  440 overflow: 0.386 HPWL: 22944540
[NesterovSolve] Iter:  450 overflow: 0.333 HPWL: 22853938
[INFO GPL-0075] Routability numCall: 4 inflationIterCnt: 4 bloatIterCnt: 0
[INFO GPL-0036] TileBBox: (    0    0 ) ( 6900 6900 ) DBU
[INFO GPL-0038] TileCnt:      48   32
[INFO GPL-0040] NumTiles: 1536
[INFO GPL-0081] TotalRouteOverflow: 20.389809727668762
[INFO GPL-0082] OverflowTileCnt: 854
[INFO GPL-0083] 0.5%RC: 1.0939489603042603
[INFO GPL-0084] 1.0%RC: 1.0873062163591385
[INFO GPL-0085] 2.0%RC: 1.079589274621779
[INFO GPL-0086] 5.0%RC: 1.0653893653448525
[INFO GPL-0087] FinalRC: 1.0906276
[INFO GPL-0079] MinRC (1.0745815) violation occurred, total count: 1.
[INFO GPL-0045] InflatedAreaDelta:      257.346 um^2
[INFO GPL-0046] TargetDensity:            0.649
[INFO GPL-0049] WhiteSpaceArea:       14282.448 um^2
[INFO GPL-0050] NesterovInstsArea:     7389.985 um^2
[INFO GPL-0051] TotalFillerArea:       1883.055 um^2
[INFO GPL-0052] TotalGCellsArea:       9273.040 um^2
[INFO GPL-0053] ExpectedGCellsArea:    9530.386 um^2
[INFO GPL-0054] NewTargetDensity:         0.667
[INFO GPL-0055] NewWhiteSpaceArea:    14282.448 um^2
[INFO GPL-0056] MovableArea:           9530.385 um^2
[INFO GPL-0057] NewNesterovInstArea:   7647.331 um^2
[INFO GPL-0058] NewTotalFillerArea:    1883.055 um^2
[INFO GPL-0059] NewTotalGCellsArea:    9530.385 um^2
[NesterovSolve] Revert back to snapshot coordi
[NesterovSolve] Iter:  460 overflow: 0.536 HPWL: 22847851
[NesterovSolve] Iter:  470 overflow: 0.499 HPWL: 24106441
[NesterovSolve] Iter:  480 overflow: 0.425 HPWL: 22967076
[NesterovSolve] Iter:  490 overflow: 0.390 HPWL: 22545779
[NesterovSolve] Iter:  500 overflow: 0.324 HPWL: 22173992
[INFO GPL-0075] Routability numCall: 5 inflationIterCnt: 0 bloatIterCnt: 1
[INFO GPL-0036] TileBBox: (    0    0 ) ( 6900 6900 ) DBU
[INFO GPL-0038] TileCnt:      48   32
[INFO GPL-0040] NumTiles: 1536
[INFO GPL-0081] TotalRouteOverflow: 28.82679009437561
[INFO GPL-0082] OverflowTileCnt: 931
[INFO GPL-0083] 0.5%RC: 1.0972194224596024
[INFO GPL-0084] 1.0%RC: 1.0898157134652138
[INFO GPL-0085] 2.0%RC: 1.0812409077921221
[INFO GPL-0086] 5.0%RC: 1.0693921764175613
[INFO GPL-0087] FinalRC: 1.0935175
[INFO GPL-0079] MinRC (1.0745815) violation occurred, total count: 2.
[INFO GPL-0045] InflatedAreaDelta:      284.301 um^2
[INFO GPL-0046] TargetDensity:            0.667
[INFO GPL-0049] WhiteSpaceArea:       14282.448 um^2
[INFO GPL-0050] NesterovInstsArea:     7647.331 um^2
[INFO GPL-0051] TotalFillerArea:       1883.055 um^2
[INFO GPL-0052] TotalGCellsArea:       9530.385 um^2
[INFO GPL-0053] ExpectedGCellsArea:    9814.686 um^2
[INFO GPL-0054] NewTargetDensity:         0.687
[INFO GPL-0055] NewWhiteSpaceArea:    14282.448 um^2
[INFO GPL-0056] MovableArea:           9814.687 um^2
[INFO GPL-0057] NewNesterovInstArea:   7931.632 um^2
[INFO GPL-0058] NewTotalFillerArea:    1883.055 um^2
[INFO GPL-0059] NewTotalGCellsArea:    9814.687 um^2
[NesterovSolve] Revert back to snapshot coordi
[NesterovSolve] Iter:  510 overflow: 0.529 HPWL: 22521045
[NesterovSolve] Iter:  520 overflow: 0.472 HPWL: 23519951
[NesterovSolve] Iter:  530 overflow: 0.419 HPWL: 22697524
[NesterovSolve] Iter:  540 overflow: 0.355 HPWL: 22212708
[NesterovSolve] Iter:  550 overflow: 0.293 HPWL: 22337842
[INFO GPL-0075] Routability numCall: 6 inflationIterCnt: 1 bloatIterCnt: 1
[INFO GPL-0036] TileBBox: (    0    0 ) ( 6900 6900 ) DBU
[INFO GPL-0038] TileCnt:      48   32
[INFO GPL-0040] NumTiles: 1536
[INFO GPL-0081] TotalRouteOverflow: 25.125948905944824
[INFO GPL-0082] OverflowTileCnt: 943
[INFO GPL-0083] 0.5%RC: 1.0880081206560135
[INFO GPL-0084] 1.0%RC: 1.0797932222485542
[INFO GPL-0085] 2.0%RC: 1.071286343759106
[INFO GPL-0086] 5.0%RC: 1.0584356258441876
[INFO GPL-0087] FinalRC: 1.0839007
[INFO GPL-0079] MinRC (1.0745815) violation occurred, total count: 3.
[INFO GPL-0045] InflatedAreaDelta:      240.304 um^2
[INFO GPL-0046] TargetDensity:            0.687
Revert Routability Procedure. Target density higher than max, or minRC max violations.
[INFO GPL-0080] minRcViolatedCnt: 3
[INFO GPL-0047] SavedMinRC: 1.0746
[INFO GPL-0048] SavedTargetDensity: 0.6364
[NesterovSolve] Revert back to snapshot coordi
[NesterovSolve] Iter:  560 overflow: 0.505 HPWL: 21896346
[NesterovSolve] Iter:  570 overflow: 0.417 HPWL: 21406828
[NesterovSolve] Iter:  580 overflow: 0.372 HPWL: 21593566
[NesterovSolve] Iter:  590 overflow: 0.316 HPWL: 21898580
[NesterovSolve] Iter:  600 overflow: 0.247 HPWL: 22034004
[NesterovSolve] Iter:  610 overflow: 0.208 HPWL: 22203878
[NesterovSolve] Iter:  620 overflow: 0.168 HPWL: 22177780
[NesterovSolve] Iter:  630 overflow: 0.140 HPWL: 22377723
[INFO GPL-0100] Timing-driven: executing resizer for reweighting nets.
[INFO GPL-0101] Timing-driven: worst slack 1e-05
[INFO GPL-0103] Timing-driven: weighted 44 nets.
[NesterovSolve] Iter:  640 overflow: 0.117 HPWL: 22457875
[NesterovSolve] Finished with Overflow: 0.099396
[INFO] Setting RC values…
Setting global connections for newly added cells…
[INFO] Setting global connections...
SRAM matched with SRAM
Updating metrics…
Cell type report:                       Count       Area
  Macro                                     1   52060.65
  Fill cell                               162     608.08
  Tap cell                                200     250.24
  Buffer                                    2      10.01
  Sequential cell                         144    3783.63
  Multi-Input combinational cell          272    2892.77
  Total                                   781   59605.38
Writing OpenROAD database to '/workspaces/tt25a_openram_testchip/runs/wokwi/27-openroad-globalplacement/tt_um_openram_top.odb'…
Writing netlist to '/workspaces/tt25a_openram_testchip/runs/wokwi/27-openroad-globalplacement/tt_um_openram_top.nl.v'…
Writing powered netlist to '/workspaces/tt25a_openram_testchip/runs/wokwi/27-openroad-globalplacement/tt_um_openram_top.pnl.v'…
Writing layout to '/workspaces/tt25a_openram_testchip/runs/wokwi/27-openroad-globalplacement/tt_um_openram_top.def'…
Writing timing constraints to '/workspaces/tt25a_openram_testchip/runs/wokwi/27-openroad-globalplacement/tt_um_openram_top.sdc'…
