[INFO GRT-0043] No OR_DEFAULT vias defined.
Net: dout\[0\]
  Pin:   _498_/A0 (sky130_fd_sc_hd__mux2_1)
    Layer: mcon
      Partial area ratio:    0.23
      Required ratio:    3.00 (Gate area) 
      Cumulative area ratio:    0.23
      Required ratio:    0.00 (Cumulative area) 

    Layer: met1
      Partial area ratio:    6.36
      Required ratio:    0.00 (Gate area) 
      Cumulative area ratio:    6.36
      Required ratio:    0.00 (Cumulative area) 
      Partial area ratio:   30.35
      Required ratio:  400.00 (Side area) 
      Cumulative area ratio:   30.35
      Required ratio:    0.00 (Cumulative side area) 

    Layer: via
      Partial area ratio:    0.36
      Required ratio:    6.00 (Gate area) 
      Cumulative area ratio:    0.59
      Required ratio:    0.00 (Cumulative area) 

    Layer: met2
      Partial area ratio:   95.69
      Required ratio:    0.00 (Gate area) 
      Cumulative area ratio:  102.05
      Required ratio:    0.00 (Cumulative area) 
      Partial area ratio:  475.14
      Required ratio:  400.00 (Side area) (VIOLATED)
      Cumulative area ratio:  505.49
      Required ratio:    0.00 (Cumulative side area) 

    Layer: via2
      Partial area ratio:    0.32
      Required ratio:    6.00 (Gate area) 
      Cumulative area ratio:    0.90
      Required ratio:    0.00 (Cumulative area) 

    Layer: met3
      Partial area ratio:   17.41
      Required ratio:    0.00 (Gate area) 
      Cumulative area ratio:  119.47
      Required ratio:    0.00 (Cumulative area) 
      Partial area ratio:   96.57
      Required ratio:  400.00 (Side area) 
      Cumulative area ratio:  602.06
      Required ratio:    0.00 (Cumulative side area) 

    Layer: via3
      Partial area ratio:    0.32
      Required ratio:    6.00 (Gate area) 
      Cumulative area ratio:    1.22
      Required ratio:    0.00 (Cumulative area) 

    Layer: met4
      Partial area ratio:   90.28
      Required ratio:    0.00 (Gate area) 
      Cumulative area ratio:  209.75
      Required ratio:    0.00 (Cumulative area) 
      Partial area ratio:  489.02
      Required ratio:  400.00 (Side area) (VIOLATED)
      Cumulative area ratio: 1091.08
      Required ratio:    0.00 (Cumulative side area) 



Net: dout\[10\]
  Pin:   _458_/A0 (sky130_fd_sc_hd__mux2_1)
    Layer: mcon
      Partial area ratio:    0.23
      Required ratio:    3.00 (Gate area) 
      Cumulative area ratio:    0.23
      Required ratio:    0.00 (Cumulative area) 

    Layer: met1
      Partial area ratio:   12.46
      Required ratio:    0.00 (Gate area) 
      Cumulative area ratio:   12.46
      Required ratio:    0.00 (Cumulative area) 
      Partial area ratio:   60.83
      Required ratio:  400.00 (Side area) 
      Cumulative area ratio:   60.83
      Required ratio:    0.00 (Cumulative side area) 

    Layer: via
      Partial area ratio:    0.36
      Required ratio:    6.00 (Gate area) 
      Cumulative area ratio:    0.59
      Required ratio:    0.00 (Cumulative area) 

    Layer: met2
      Partial area ratio:    9.43
      Required ratio:    0.00 (Gate area) 
      Cumulative area ratio:   21.89
      Required ratio:    0.00 (Cumulative area) 
      Partial area ratio:   45.69
      Required ratio:  400.00 (Side area) 
      Cumulative area ratio:  106.53
      Required ratio:    0.00 (Cumulative side area) 

    Layer: via2
      Partial area ratio:    0.32
      Required ratio:    6.00 (Gate area) 
      Cumulative area ratio:    0.90
      Required ratio:    0.00 (Cumulative area) 

    Layer: met3
      Partial area ratio:    0.99
      Required ratio:    0.00 (Gate area) 
      Cumulative area ratio:   22.88
      Required ratio:    0.00 (Cumulative area) 
      Partial area ratio:    9.02
      Required ratio:  400.00 (Side area) 
      Cumulative area ratio:  115.54
      Required ratio:    0.00 (Cumulative side area) 

    Layer: via3
      Partial area ratio:    0.32
      Required ratio:    6.00 (Gate area) 
      Cumulative area ratio:    1.22
      Required ratio:    0.00 (Cumulative area) 

    Layer: met4
      Partial area ratio:   82.26
      Required ratio:    0.00 (Gate area) 
      Cumulative area ratio:  105.14
      Required ratio:    0.00 (Cumulative area) 
      Partial area ratio:  449.27
      Required ratio:  400.00 (Side area) (VIOLATED)
      Cumulative area ratio:  564.81
      Required ratio:    0.00 (Cumulative side area) 



Net: dout\[11\]
  Pin:   _454_/A0 (sky130_fd_sc_hd__mux2_1)
    Layer: mcon
      Partial area ratio:    0.23
      Required ratio:    3.00 (Gate area) 
      Cumulative area ratio:    0.23
      Required ratio:    0.00 (Cumulative area) 

    Layer: met1
      Partial area ratio:    2.73
      Required ratio:    0.00 (Gate area) 
      Cumulative area ratio:    2.73
      Required ratio:    0.00 (Cumulative area) 
      Partial area ratio:   12.18
      Required ratio:  400.00 (Side area) 
      Cumulative area ratio:   12.18
      Required ratio:    0.00 (Cumulative side area) 

    Layer: via
      Partial area ratio:    0.36
      Required ratio:    6.00 (Gate area) 
      Cumulative area ratio:    0.59
      Required ratio:    0.00 (Cumulative area) 

    Layer: met2
      Partial area ratio:  141.69
      Required ratio:    0.00 (Gate area) 
      Cumulative area ratio:  144.42
      Required ratio:    0.00 (Cumulative area) 
      Partial area ratio:  705.14
      Required ratio:  400.00 (Side area) (VIOLATED)
      Cumulative area ratio:  717.32
      Required ratio:    0.00 (Cumulative side area) 

    Layer: via2
      Partial area ratio:    0.32
      Required ratio:    6.00 (Gate area) 
      Cumulative area ratio:    0.90
      Required ratio:    0.00 (Cumulative area) 

    Layer: met3
      Partial area ratio:   17.41
      Required ratio:    0.00 (Gate area) 
      Cumulative area ratio:  161.83
      Required ratio:    0.00 (Cumulative area) 
      Partial area ratio:   96.57
      Required ratio:  400.00 (Side area) 
      Cumulative area ratio:  813.89
      Required ratio:    0.00 (Cumulative side area) 

    Layer: via3
      Partial area ratio:    0.32
      Required ratio:    6.00 (Gate area) 
      Cumulative area ratio:    1.22
      Required ratio:    0.00 (Cumulative area) 

    Layer: met4
      Partial area ratio:  192.69
      Required ratio:    0.00 (Gate area) 
      Cumulative area ratio:  354.52
      Required ratio:    0.00 (Cumulative area) 
      Partial area ratio: 1038.92
      Required ratio:  400.00 (Side area) (VIOLATED)
      Cumulative area ratio: 1852.81
      Required ratio:    0.00 (Cumulative side area) 



Net: dout\[12\]
  Pin:   _450_/A0 (sky130_fd_sc_hd__mux2_1)
    Layer: mcon
      Partial area ratio:    0.23
      Required ratio:    3.00 (Gate area) 
      Cumulative area ratio:    0.23
      Required ratio:    0.00 (Cumulative area) 

    Layer: met1
      Partial area ratio:   10.29
      Required ratio:    0.00 (Gate area) 
      Cumulative area ratio:   10.29
      Required ratio:    0.00 (Cumulative area) 
      Partial area ratio:   50.00
      Required ratio:  400.00 (Side area) 
      Cumulative area ratio:   50.00
      Required ratio:    0.00 (Cumulative side area) 

    Layer: via
      Partial area ratio:    0.36
      Required ratio:    6.00 (Gate area) 
      Cumulative area ratio:    0.59
      Required ratio:    0.00 (Cumulative area) 

    Layer: met2
      Partial area ratio:  186.72
      Required ratio:    0.00 (Gate area) 
      Cumulative area ratio:  197.02
      Required ratio:    0.00 (Cumulative area) 
      Partial area ratio:  931.25
      Required ratio:  400.00 (Side area) (VIOLATED)
      Cumulative area ratio:  981.25
      Required ratio:    0.00 (Cumulative side area) 

    Layer: via2
      Partial area ratio:    0.32
      Required ratio:    6.00 (Gate area) 
      Cumulative area ratio:    0.90
      Required ratio:    0.00 (Cumulative area) 

    Layer: met3
      Partial area ratio:    0.99
      Required ratio:    0.00 (Gate area) 
      Cumulative area ratio:  198.01
      Required ratio:    0.00 (Cumulative area) 
      Partial area ratio:    9.02
      Required ratio:  400.00 (Side area) 
      Cumulative area ratio:  990.27
      Required ratio:    0.00 (Cumulative side area) 

    Layer: via3
      Partial area ratio:    0.32
      Required ratio:    6.00 (Gate area) 
      Cumulative area ratio:    1.22
      Required ratio:    0.00 (Cumulative area) 

    Layer: met4
      Partial area ratio:   85.84
      Required ratio:    0.00 (Gate area) 
      Cumulative area ratio:  283.85
      Required ratio:    0.00 (Cumulative area) 
      Partial area ratio:  472.76
      Required ratio:  400.00 (Side area) (VIOLATED)
      Cumulative area ratio: 1463.03
      Required ratio:    0.00 (Cumulative side area) 



Net: dout\[14\]
  Pin:   _442_/A0 (sky130_fd_sc_hd__mux2_1)
    Layer: mcon
      Partial area ratio:    0.23
      Required ratio:    3.00 (Gate area) 
      Cumulative area ratio:    0.23
      Required ratio:    0.00 (Cumulative area) 

    Layer: met1
      Partial area ratio:   18.51
      Required ratio:    0.00 (Gate area) 
      Cumulative area ratio:   18.51
      Required ratio:    0.00 (Cumulative area) 
      Partial area ratio:   91.06
      Required ratio:  400.00 (Side area) 
      Cumulative area ratio:   91.06
      Required ratio:    0.00 (Cumulative side area) 

    Layer: via
      Partial area ratio:    0.36
      Required ratio:    6.00 (Gate area) 
      Cumulative area ratio:    0.59
      Required ratio:    0.00 (Cumulative area) 

    Layer: met2
      Partial area ratio:    9.43
      Required ratio:    0.00 (Gate area) 
      Cumulative area ratio:   27.93
      Required ratio:    0.00 (Cumulative area) 
      Partial area ratio:   45.69
      Required ratio:  400.00 (Side area) 
      Cumulative area ratio:  136.75
      Required ratio:    0.00 (Cumulative side area) 

    Layer: via2
      Partial area ratio:    0.32
      Required ratio:    6.00 (Gate area) 
      Cumulative area ratio:    0.90
      Required ratio:    0.00 (Cumulative area) 

    Layer: met3
      Partial area ratio:   17.41
      Required ratio:    0.00 (Gate area) 
      Cumulative area ratio:   45.34
      Required ratio:    0.00 (Cumulative area) 
      Partial area ratio:   96.57
      Required ratio:  400.00 (Side area) 
      Cumulative area ratio:  233.32
      Required ratio:    0.00 (Cumulative side area) 

    Layer: via3
      Partial area ratio:    0.32
      Required ratio:    6.00 (Gate area) 
      Cumulative area ratio:    1.22
      Required ratio:    0.00 (Cumulative area) 

    Layer: met4
      Partial area ratio:   77.11
      Required ratio:    0.00 (Gate area) 
      Cumulative area ratio:  122.46
      Required ratio:    0.00 (Cumulative area) 
      Partial area ratio:  415.05
      Required ratio:  400.00 (Side area) (VIOLATED)
      Cumulative area ratio:  648.37
      Required ratio:    0.00 (Cumulative side area) 



Net: dout\[15\]
  Pin:   _438_/A0 (sky130_fd_sc_hd__mux2_1)
    Layer: mcon
      Partial area ratio:    0.23
      Required ratio:    3.00 (Gate area) 
      Cumulative area ratio:    0.23
      Required ratio:    0.00 (Cumulative area) 

    Layer: met1
      Partial area ratio:   23.23
      Required ratio:    0.00 (Gate area) 
      Cumulative area ratio:   23.23
      Required ratio:    0.00 (Cumulative area) 
      Partial area ratio:  114.68
      Required ratio:  400.00 (Side area) 
      Cumulative area ratio:  114.68
      Required ratio:    0.00 (Cumulative side area) 

    Layer: via
      Partial area ratio:    0.36
      Required ratio:    6.00 (Gate area) 
      Cumulative area ratio:    0.59
      Required ratio:    0.00 (Cumulative area) 

    Layer: met2
      Partial area ratio:    1.48
      Required ratio:    0.00 (Gate area) 
      Cumulative area ratio:   24.71
      Required ratio:    0.00 (Cumulative area) 
      Partial area ratio:    6.83
      Required ratio:  400.00 (Side area) 
      Cumulative area ratio:  121.51
      Required ratio:    0.00 (Cumulative side area) 

    Layer: via2
      Partial area ratio:    0.32
      Required ratio:    6.00 (Gate area) 
      Cumulative area ratio:    0.90
      Required ratio:    0.00 (Cumulative area) 

    Layer: met3
      Partial area ratio:   33.84
      Required ratio:    0.00 (Gate area) 
      Cumulative area ratio:   58.55
      Required ratio:    0.00 (Cumulative area) 
      Partial area ratio:  184.19
      Required ratio:  400.00 (Side area) 
      Cumulative area ratio:  305.70
      Required ratio:    0.00 (Cumulative side area) 

    Layer: via3
      Partial area ratio:    0.32
      Required ratio:    6.00 (Gate area) 
      Cumulative area ratio:    1.22
      Required ratio:    0.00 (Cumulative area) 

    Layer: met4
      Partial area ratio:  102.17
      Required ratio:    0.00 (Gate area) 
      Cumulative area ratio:  160.72
      Required ratio:    0.00 (Cumulative area) 
      Partial area ratio:  538.22
      Required ratio:  400.00 (Side area) (VIOLATED)
      Cumulative area ratio:  843.92
      Required ratio:    0.00 (Cumulative side area) 



Net: dout\[16\]
  Pin:   _434_/A0 (sky130_fd_sc_hd__mux2_1)
    Layer: mcon
      Partial area ratio:    0.23
      Required ratio:    3.00 (Gate area) 
      Cumulative area ratio:    0.23
      Required ratio:    0.00 (Cumulative area) 

    Layer: met1
      Partial area ratio:    6.88
      Required ratio:    0.00 (Gate area) 
      Cumulative area ratio:    6.88
      Required ratio:    0.00 (Cumulative area) 
      Partial area ratio:   32.91
      Required ratio:  400.00 (Side area) 
      Cumulative area ratio:   32.91
      Required ratio:    0.00 (Cumulative side area) 

    Layer: via
      Partial area ratio:    0.36
      Required ratio:    6.00 (Gate area) 
      Cumulative area ratio:    0.59
      Required ratio:    0.00 (Cumulative area) 

    Layer: met2
      Partial area ratio:   18.06
      Required ratio:    0.00 (Gate area) 
      Cumulative area ratio:   24.93
      Required ratio:    0.00 (Cumulative area) 
      Partial area ratio:   87.92
      Required ratio:  400.00 (Side area) 
      Cumulative area ratio:  120.82
      Required ratio:    0.00 (Cumulative side area) 

    Layer: via2
      Partial area ratio:    0.32
      Required ratio:    6.00 (Gate area) 
      Cumulative area ratio:    0.90
      Required ratio:    0.00 (Cumulative area) 

    Layer: met3
      Partial area ratio:   66.70
      Required ratio:    0.00 (Gate area) 
      Cumulative area ratio:   91.63
      Required ratio:    0.00 (Cumulative area) 
      Partial area ratio:  359.43
      Required ratio:  400.00 (Side area) 
      Cumulative area ratio:  480.25
      Required ratio:    0.00 (Cumulative side area) 

    Layer: via3
      Partial area ratio:    0.32
      Required ratio:    6.00 (Gate area) 
      Cumulative area ratio:    1.22
      Required ratio:    0.00 (Cumulative area) 

    Layer: met4
      Partial area ratio:  126.10
      Required ratio:    0.00 (Gate area) 
      Cumulative area ratio:  217.74
      Required ratio:    0.00 (Cumulative area) 
      Partial area ratio:  680.06
      Required ratio:  400.00 (Side area) (VIOLATED)
      Cumulative area ratio: 1160.31
      Required ratio:    0.00 (Cumulative side area) 



Net: dout\[17\]
  Pin:   _430_/A0 (sky130_fd_sc_hd__mux2_1)
    Layer: mcon
      Partial area ratio:    0.23
      Required ratio:    3.00 (Gate area) 
      Cumulative area ratio:    0.23
      Required ratio:    0.00 (Cumulative area) 

    Layer: met1
      Partial area ratio:   26.17
      Required ratio:    0.00 (Gate area) 
      Cumulative area ratio:   26.17
      Required ratio:    0.00 (Cumulative area) 
      Partial area ratio:  129.39
      Required ratio:  400.00 (Side area) 
      Cumulative area ratio:  129.39
      Required ratio:    0.00 (Cumulative side area) 

    Layer: via
      Partial area ratio:    0.36
      Required ratio:    6.00 (Gate area) 
      Cumulative area ratio:    0.59
      Required ratio:    0.00 (Cumulative area) 

    Layer: met2
      Partial area ratio:    1.48
      Required ratio:    0.00 (Gate area) 
      Cumulative area ratio:   27.65
      Required ratio:    0.00 (Cumulative area) 
      Partial area ratio:    6.83
      Required ratio:  400.00 (Side area) 
      Cumulative area ratio:  136.22
      Required ratio:    0.00 (Cumulative side area) 

    Layer: via2
      Partial area ratio:    0.32
      Required ratio:    6.00 (Gate area) 
      Cumulative area ratio:    0.90
      Required ratio:    0.00 (Cumulative area) 

    Layer: met3
      Partial area ratio:   66.70
      Required ratio:    0.00 (Gate area) 
      Cumulative area ratio:   94.35
      Required ratio:    0.00 (Cumulative area) 
      Partial area ratio:  359.43
      Required ratio:  400.00 (Side area) 
      Cumulative area ratio:  495.65
      Required ratio:    0.00 (Cumulative side area) 

    Layer: via3
      Partial area ratio:    0.32
      Required ratio:    6.00 (Gate area) 
      Cumulative area ratio:    1.22
      Required ratio:    0.00 (Cumulative area) 

    Layer: met4
      Partial area ratio:   87.45
      Required ratio:    0.00 (Gate area) 
      Cumulative area ratio:  181.80
      Required ratio:    0.00 (Cumulative area) 
      Partial area ratio:  470.16
      Required ratio:  400.00 (Side area) (VIOLATED)
      Cumulative area ratio:  965.81
      Required ratio:    0.00 (Cumulative side area) 



Net: dout\[23\]
  Pin:   _406_/A0 (sky130_fd_sc_hd__mux2_1)
    Layer: mcon
      Partial area ratio:    0.23
      Required ratio:    3.00 (Gate area) 
      Cumulative area ratio:    0.23
      Required ratio:    0.00 (Cumulative area) 

    Layer: met1
      Partial area ratio:   16.86
      Required ratio:    0.00 (Gate area) 
      Cumulative area ratio:   16.86
      Required ratio:    0.00 (Cumulative area) 
      Partial area ratio:   82.83
      Required ratio:  400.00 (Side area) 
      Cumulative area ratio:   82.83
      Required ratio:    0.00 (Cumulative side area) 

    Layer: via
      Partial area ratio:    0.36
      Required ratio:    6.00 (Gate area) 
      Cumulative area ratio:    0.59
      Required ratio:    0.00 (Cumulative area) 

    Layer: met2
      Partial area ratio:  126.08
      Required ratio:    0.00 (Gate area) 
      Cumulative area ratio:  142.94
      Required ratio:    0.00 (Cumulative area) 
      Partial area ratio:  627.94
      Required ratio:  400.00 (Side area) (VIOLATED)
      Cumulative area ratio:  710.78
      Required ratio:    0.00 (Cumulative side area) 

    Layer: via2
      Partial area ratio:    0.32
      Required ratio:    6.00 (Gate area) 
      Cumulative area ratio:    0.90
      Required ratio:    0.00 (Cumulative area) 

    Layer: met3
      Partial area ratio:    0.99
      Required ratio:    0.00 (Gate area) 
      Cumulative area ratio:  143.93
      Required ratio:    0.00 (Cumulative area) 
      Partial area ratio:    9.02
      Required ratio:  400.00 (Side area) 
      Cumulative area ratio:  719.79
      Required ratio:    0.00 (Cumulative side area) 

    Layer: via3
      Partial area ratio:    0.32
      Required ratio:    6.00 (Gate area) 
      Cumulative area ratio:    1.22
      Required ratio:    0.00 (Cumulative area) 

    Layer: met4
      Partial area ratio:    0.86
      Required ratio:    0.00 (Gate area) 
      Cumulative area ratio:  144.80
      Required ratio:    0.00 (Cumulative area) 
      Partial area ratio:    8.38
      Required ratio:  400.00 (Side area) 
      Cumulative area ratio:  728.17
      Required ratio:    0.00 (Cumulative side area) 



Net: dout\[24\]
  Pin:   _402_/A0 (sky130_fd_sc_hd__mux2_1)
    Layer: mcon
      Partial area ratio:    0.23
      Required ratio:    3.00 (Gate area) 
      Cumulative area ratio:    0.23
      Required ratio:    0.00 (Cumulative area) 

    Layer: met1
      Partial area ratio:    6.81
      Required ratio:    0.00 (Gate area) 
      Cumulative area ratio:    6.81
      Required ratio:    0.00 (Cumulative area) 
      Partial area ratio:   32.60
      Required ratio:  400.00 (Side area) 
      Cumulative area ratio:   32.60
      Required ratio:    0.00 (Cumulative side area) 

    Layer: via
      Partial area ratio:    0.36
      Required ratio:    6.00 (Gate area) 
      Cumulative area ratio:    0.59
      Required ratio:    0.00 (Cumulative area) 

    Layer: met2
      Partial area ratio:  181.68
      Required ratio:    0.00 (Gate area) 
      Cumulative area ratio:  188.49
      Required ratio:    0.00 (Cumulative area) 
      Partial area ratio:  904.06
      Required ratio:  400.00 (Side area) (VIOLATED)
      Cumulative area ratio:  936.66
      Required ratio:    0.00 (Cumulative side area) 

    Layer: via2
      Partial area ratio:    0.32
      Required ratio:    6.00 (Gate area) 
      Cumulative area ratio:    0.90
      Required ratio:    0.00 (Cumulative area) 

    Layer: met3
      Partial area ratio:    0.99
      Required ratio:    0.00 (Gate area) 
      Cumulative area ratio:  189.48
      Required ratio:    0.00 (Cumulative area) 
      Partial area ratio:    9.02
      Required ratio:  400.00 (Side area) 
      Cumulative area ratio:  945.67
      Required ratio:    0.00 (Cumulative side area) 

    Layer: via3
      Partial area ratio:    0.32
      Required ratio:    6.00 (Gate area) 
      Cumulative area ratio:    1.22
      Required ratio:    0.00 (Cumulative area) 

    Layer: met4
      Partial area ratio:   78.00
      Required ratio:    0.00 (Gate area) 
      Cumulative area ratio:  267.48
      Required ratio:    0.00 (Cumulative area) 
      Partial area ratio:  427.24
      Required ratio:  400.00 (Side area) (VIOLATED)
      Cumulative area ratio: 1372.91
      Required ratio:    0.00 (Cumulative side area) 



Net: dout\[25\]
  Pin:   _398_/A0 (sky130_fd_sc_hd__mux2_1)
    Layer: mcon
      Partial area ratio:    0.23
      Required ratio:    3.00 (Gate area) 
      Cumulative area ratio:    0.23
      Required ratio:    0.00 (Cumulative area) 

    Layer: met1
      Partial area ratio:    4.04
      Required ratio:    0.00 (Gate area) 
      Cumulative area ratio:    4.04
      Required ratio:    0.00 (Cumulative area) 
      Partial area ratio:   18.74
      Required ratio:  400.00 (Side area) 
      Cumulative area ratio:   18.74
      Required ratio:    0.00 (Cumulative side area) 

    Layer: via
      Partial area ratio:    0.36
      Required ratio:    6.00 (Gate area) 
      Cumulative area ratio:    0.59
      Required ratio:    0.00 (Cumulative area) 

    Layer: met2
      Partial area ratio:    1.48
      Required ratio:    0.00 (Gate area) 
      Cumulative area ratio:    5.52
      Required ratio:    0.00 (Cumulative area) 
      Partial area ratio:    6.83
      Required ratio:  400.00 (Side area) 
      Cumulative area ratio:   25.57
      Required ratio:    0.00 (Cumulative side area) 

    Layer: via2
      Partial area ratio:    0.32
      Required ratio:    6.00 (Gate area) 
      Cumulative area ratio:    0.90
      Required ratio:    0.00 (Cumulative area) 

    Layer: met3
      Partial area ratio:   17.41
      Required ratio:    0.00 (Gate area) 
      Cumulative area ratio:   22.94
      Required ratio:    0.00 (Cumulative area) 
      Partial area ratio:   96.57
      Required ratio:  400.00 (Side area) 
      Cumulative area ratio:  122.14
      Required ratio:    0.00 (Cumulative side area) 

    Layer: via3
      Partial area ratio:    0.32
      Required ratio:    6.00 (Gate area) 
      Cumulative area ratio:    1.22
      Required ratio:    0.00 (Cumulative area) 

    Layer: met4
      Partial area ratio:  332.26
      Required ratio:    0.00 (Gate area) 
      Cumulative area ratio:  355.20
      Required ratio:    0.00 (Cumulative area) 
      Partial area ratio: 1787.05
      Required ratio:  400.00 (Side area) (VIOLATED)
      Cumulative area ratio: 1909.19
      Required ratio:    0.00 (Cumulative side area) 



Net: dout\[26\]
  Pin:   _394_/A0 (sky130_fd_sc_hd__mux2_1)
    Layer: mcon
      Partial area ratio:    0.23
      Required ratio:    3.00 (Gate area) 
      Cumulative area ratio:    0.23
      Required ratio:    0.00 (Cumulative area) 

    Layer: met1
      Partial area ratio:    7.84
      Required ratio:    0.00 (Gate area) 
      Cumulative area ratio:    7.84
      Required ratio:    0.00 (Cumulative area) 
      Partial area ratio:   37.71
      Required ratio:  400.00 (Side area) 
      Cumulative area ratio:   37.71
      Required ratio:    0.00 (Cumulative side area) 

    Layer: via
      Partial area ratio:    0.36
      Required ratio:    6.00 (Gate area) 
      Cumulative area ratio:    0.59
      Required ratio:    0.00 (Cumulative area) 

    Layer: met2
      Partial area ratio:    1.48
      Required ratio:    0.00 (Gate area) 
      Cumulative area ratio:    9.32
      Required ratio:    0.00 (Cumulative area) 
      Partial area ratio:    6.83
      Required ratio:  400.00 (Side area) 
      Cumulative area ratio:   44.54
      Required ratio:    0.00 (Cumulative side area) 

    Layer: via2
      Partial area ratio:    0.32
      Required ratio:    6.00 (Gate area) 
      Cumulative area ratio:    0.90
      Required ratio:    0.00 (Cumulative area) 

    Layer: met3
      Partial area ratio:   33.84
      Required ratio:    0.00 (Gate area) 
      Cumulative area ratio:   43.16
      Required ratio:    0.00 (Cumulative area) 
      Partial area ratio:  184.19
      Required ratio:  400.00 (Side area) 
      Cumulative area ratio:  228.73
      Required ratio:    0.00 (Cumulative side area) 

    Layer: via3
      Partial area ratio:    0.32
      Required ratio:    6.00 (Gate area) 
      Cumulative area ratio:    1.22
      Required ratio:    0.00 (Cumulative area) 

    Layer: met4
      Partial area ratio:  231.81
      Required ratio:    0.00 (Gate area) 
      Cumulative area ratio:  274.97
      Required ratio:    0.00 (Cumulative area) 
      Partial area ratio: 1243.81
      Required ratio:  400.00 (Side area) (VIOLATED)
      Cumulative area ratio: 1472.54
      Required ratio:    0.00 (Cumulative side area) 



Net: dout\[27\]
  Pin:   _390_/A0 (sky130_fd_sc_hd__mux2_1)
    Layer: mcon
      Partial area ratio:    0.23
      Required ratio:    3.00 (Gate area) 
      Cumulative area ratio:    0.23
      Required ratio:    0.00 (Cumulative area) 

    Layer: met1
      Partial area ratio:  231.41
      Required ratio:    0.00 (Gate area) 
      Cumulative area ratio:  231.41
      Required ratio:    0.00 (Cumulative area) 
      Partial area ratio: 1156.12
      Required ratio:  400.00 (Side area) (VIOLATED)
      Cumulative area ratio: 1156.12
      Required ratio:    0.00 (Cumulative side area) 

    Layer: via
      Partial area ratio:    0.36
      Required ratio:    6.00 (Gate area) 
      Cumulative area ratio:    0.59
      Required ratio:    0.00 (Cumulative area) 

    Layer: met2
      Partial area ratio:    1.48
      Required ratio:    0.00 (Gate area) 
      Cumulative area ratio:  232.89
      Required ratio:    0.00 (Cumulative area) 
      Partial area ratio:    6.83
      Required ratio:  400.00 (Side area) 
      Cumulative area ratio: 1162.96
      Required ratio:    0.00 (Cumulative side area) 

    Layer: via2
      Partial area ratio:    0.32
      Required ratio:    6.00 (Gate area) 
      Cumulative area ratio:    0.90
      Required ratio:    0.00 (Cumulative area) 

    Layer: met3
      Partial area ratio:    0.99
      Required ratio:    0.00 (Gate area) 
      Cumulative area ratio:  233.89
      Required ratio:    0.00 (Cumulative area) 
      Partial area ratio:    9.02
      Required ratio:  400.00 (Side area) 
      Cumulative area ratio: 1171.97
      Required ratio:    0.00 (Cumulative side area) 

    Layer: via3
      Partial area ratio:    0.32
      Required ratio:    6.00 (Gate area) 
      Cumulative area ratio:    1.22
      Required ratio:    0.00 (Cumulative area) 

    Layer: met4
      Partial area ratio:    0.86
      Required ratio:    0.00 (Gate area) 
      Cumulative area ratio:  234.75
      Required ratio:    0.00 (Cumulative area) 
      Partial area ratio:    8.38
      Required ratio:  400.00 (Side area) 
      Cumulative area ratio: 1180.35
      Required ratio:    0.00 (Cumulative side area) 



Net: dout\[28\]
  Pin:   _386_/A0 (sky130_fd_sc_hd__mux2_1)
    Layer: mcon
      Partial area ratio:    0.23
      Required ratio:    3.00 (Gate area) 
      Cumulative area ratio:    0.23
      Required ratio:    0.00 (Cumulative area) 

    Layer: met1
      Partial area ratio:   96.35
      Required ratio:    0.00 (Gate area) 
      Cumulative area ratio:   96.35
      Required ratio:    0.00 (Cumulative area) 
      Partial area ratio:  480.28
      Required ratio:  400.00 (Side area) (VIOLATED)
      Cumulative area ratio:  480.28
      Required ratio:    0.00 (Cumulative side area) 

    Layer: via
      Partial area ratio:    0.36
      Required ratio:    6.00 (Gate area) 
      Cumulative area ratio:    0.59
      Required ratio:    0.00 (Cumulative area) 

    Layer: met2
      Partial area ratio:   18.06
      Required ratio:    0.00 (Gate area) 
      Cumulative area ratio:  114.41
      Required ratio:    0.00 (Cumulative area) 
      Partial area ratio:   87.92
      Required ratio:  400.00 (Side area) 
      Cumulative area ratio:  568.19
      Required ratio:    0.00 (Cumulative side area) 

    Layer: via2
      Partial area ratio:    0.32
      Required ratio:    6.00 (Gate area) 
      Cumulative area ratio:    0.90
      Required ratio:    0.00 (Cumulative area) 

    Layer: met3
      Partial area ratio:    0.99
      Required ratio:    0.00 (Gate area) 
      Cumulative area ratio:  115.40
      Required ratio:    0.00 (Cumulative area) 
      Partial area ratio:    9.02
      Required ratio:  400.00 (Side area) 
      Cumulative area ratio:  577.21
      Required ratio:    0.00 (Cumulative side area) 

    Layer: via3
      Partial area ratio:    0.32
      Required ratio:    6.00 (Gate area) 
      Cumulative area ratio:    1.22
      Required ratio:    0.00 (Cumulative area) 

    Layer: met4
      Partial area ratio:    0.86
      Required ratio:    0.00 (Gate area) 
      Cumulative area ratio:  116.26
      Required ratio:    0.00 (Cumulative area) 
      Partial area ratio:    8.38
      Required ratio:  400.00 (Side area) 
      Cumulative area ratio:  585.59
      Required ratio:    0.00 (Cumulative side area) 



Net: dout\[2\]
  Pin:   _490_/A0 (sky130_fd_sc_hd__mux2_1)
    Layer: mcon
      Partial area ratio:    0.23
      Required ratio:    3.00 (Gate area) 
      Cumulative area ratio:    0.23
      Required ratio:    0.00 (Cumulative area) 

    Layer: met1
      Partial area ratio:    4.34
      Required ratio:    0.00 (Gate area) 
      Cumulative area ratio:    4.34
      Required ratio:    0.00 (Cumulative area) 
      Partial area ratio:   19.79
      Required ratio:  400.00 (Side area) 
      Cumulative area ratio:   19.79
      Required ratio:    0.00 (Cumulative side area) 

    Layer: via
      Partial area ratio:    0.36
      Required ratio:    6.00 (Gate area) 
      Cumulative area ratio:    0.59
      Required ratio:    0.00 (Cumulative area) 

    Layer: met2
      Partial area ratio:    1.48
      Required ratio:    0.00 (Gate area) 
      Cumulative area ratio:    5.82
      Required ratio:    0.00 (Cumulative area) 
      Partial area ratio:    6.83
      Required ratio:  400.00 (Side area) 
      Cumulative area ratio:   26.63
      Required ratio:    0.00 (Cumulative side area) 

    Layer: via2
      Partial area ratio:    0.32
      Required ratio:    6.00 (Gate area) 
      Cumulative area ratio:    0.90
      Required ratio:    0.00 (Cumulative area) 

    Layer: met3
      Partial area ratio:  198.13
      Required ratio:    0.00 (Gate area) 
      Cumulative area ratio:  203.95
      Required ratio:    0.00 (Cumulative area) 
      Partial area ratio: 1060.38
      Required ratio:  400.00 (Side area) (VIOLATED)
      Cumulative area ratio: 1087.01
      Required ratio:    0.00 (Cumulative side area) 

    Layer: via3
      Partial area ratio:    0.32
      Required ratio:    6.00 (Gate area) 
      Cumulative area ratio:    1.22
      Required ratio:    0.00 (Cumulative area) 

    Layer: met4
      Partial area ratio:   87.83
      Required ratio:    0.00 (Gate area) 
      Cumulative area ratio:  291.77
      Required ratio:    0.00 (Cumulative area) 
      Partial area ratio:  472.19
      Required ratio:  400.00 (Side area) (VIOLATED)
      Cumulative area ratio: 1559.20
      Required ratio:    0.00 (Cumulative side area) 



Net: dout\[30\]
  Pin:   _378_/A0 (sky130_fd_sc_hd__mux2_1)
    Layer: mcon
      Partial area ratio:    0.23
      Required ratio:    3.00 (Gate area) 
      Cumulative area ratio:    0.23
      Required ratio:    0.00 (Cumulative area) 

    Layer: met1
      Partial area ratio:    3.50
      Required ratio:    0.00 (Gate area) 
      Cumulative area ratio:    3.50
      Required ratio:    0.00 (Cumulative area) 
      Partial area ratio:   16.04
      Required ratio:  400.00 (Side area) 
      Cumulative area ratio:   16.04
      Required ratio:    0.00 (Cumulative side area) 

    Layer: via
      Partial area ratio:    0.36
      Required ratio:    6.00 (Gate area) 
      Cumulative area ratio:    0.59
      Required ratio:    0.00 (Cumulative area) 

    Layer: met2
      Partial area ratio:    1.48
      Required ratio:    0.00 (Gate area) 
      Cumulative area ratio:    4.99
      Required ratio:    0.00 (Cumulative area) 
      Partial area ratio:    6.83
      Required ratio:  400.00 (Side area) 
      Cumulative area ratio:   22.88
      Required ratio:    0.00 (Cumulative side area) 

    Layer: via2
      Partial area ratio:    0.32
      Required ratio:    6.00 (Gate area) 
      Cumulative area ratio:    0.90
      Required ratio:    0.00 (Cumulative area) 

    Layer: met3
      Partial area ratio:  199.07
      Required ratio:    0.00 (Gate area) 
      Cumulative area ratio:  204.06
      Required ratio:    0.00 (Cumulative area) 
      Partial area ratio: 1069.14
      Required ratio:  400.00 (Side area) (VIOLATED)
      Cumulative area ratio: 1092.02
      Required ratio:    0.00 (Cumulative side area) 

    Layer: via3
      Partial area ratio:    0.32
      Required ratio:    6.00 (Gate area) 
      Cumulative area ratio:    1.22
      Required ratio:    0.00 (Cumulative area) 

    Layer: met4
      Partial area ratio:   91.15
      Required ratio:    0.00 (Gate area) 
      Cumulative area ratio:  295.21
      Required ratio:    0.00 (Cumulative area) 
      Partial area ratio:  493.65
      Required ratio:  400.00 (Side area) (VIOLATED)
      Cumulative area ratio: 1585.67
      Required ratio:    0.00 (Cumulative side area) 



Net: dout\[32\]
  Pin:   _370_/A0 (sky130_fd_sc_hd__mux2_1)
    Layer: li1
      Partial area ratio:    0.01
      Required ratio:    0.00 (Gate area) 
      Cumulative area ratio:    0.01
      Required ratio:    0.00 (Cumulative area) 
      Partial area ratio:    0.28
      Required ratio:   75.00 (Side area) 
      Cumulative area ratio:    0.28
      Required ratio:    0.00 (Cumulative side area) 

    Layer: mcon
      Partial area ratio:    0.23
      Required ratio:    3.00 (Gate area) 
      Cumulative area ratio:    0.23
      Required ratio:    0.00 (Cumulative area) 

    Layer: met1
      Partial area ratio:    0.66
      Required ratio:    0.00 (Gate area) 
      Cumulative area ratio:    0.67
      Required ratio:    0.00 (Cumulative area) 
      Partial area ratio:    3.22
      Required ratio:  400.00 (Side area) 
      Cumulative area ratio:    3.50
      Required ratio:    0.00 (Cumulative side area) 

    Layer: via
      Partial area ratio:    0.18
      Required ratio:    6.00 (Gate area) 
      Cumulative area ratio:    0.41
      Required ratio:    0.00 (Cumulative area) 

    Layer: met2
      Partial area ratio:    0.82
      Required ratio:    0.00 (Gate area) 
      Cumulative area ratio:    1.49
      Required ratio:    0.00 (Cumulative area) 
      Partial area ratio:    3.61
      Required ratio:  400.00 (Side area) 
      Cumulative area ratio:    7.11
      Required ratio:    0.00 (Cumulative side area) 

    Layer: via2
      Partial area ratio:    0.32
      Required ratio:    6.00 (Gate area) 
      Cumulative area ratio:    0.73
      Required ratio:    0.00 (Cumulative area) 

    Layer: met3
      Partial area ratio:  183.59
      Required ratio:    0.00 (Gate area) 
      Cumulative area ratio:  185.08
      Required ratio:    0.00 (Cumulative area) 
      Partial area ratio:  990.35
      Required ratio:  400.00 (Side area) (VIOLATED)
      Cumulative area ratio:  997.46
      Required ratio:    0.00 (Cumulative side area) 

    Layer: via3
      Partial area ratio:    0.32
      Required ratio:    6.00 (Gate area) 
      Cumulative area ratio:    1.04
      Required ratio:    0.00 (Cumulative area) 

    Layer: met4
      Partial area ratio:    0.86
      Required ratio:    0.00 (Gate area) 
      Cumulative area ratio:  185.94
      Required ratio:    0.00 (Cumulative area) 
      Partial area ratio:    8.38
      Required ratio:  400.00 (Side area) 
      Cumulative area ratio: 1005.84
      Required ratio:    0.00 (Cumulative side area) 



Net: dout\[3\]
  Pin:   _486_/A0 (sky130_fd_sc_hd__mux2_1)
    Layer: mcon
      Partial area ratio:    0.23
      Required ratio:    3.00 (Gate area) 
      Cumulative area ratio:    0.23
      Required ratio:    0.00 (Cumulative area) 

    Layer: met1
      Partial area ratio:    4.01
      Required ratio:    0.00 (Gate area) 
      Cumulative area ratio:    4.01
      Required ratio:    0.00 (Cumulative area) 
      Partial area ratio:   18.60
      Required ratio:  400.00 (Side area) 
      Cumulative area ratio:   18.60
      Required ratio:    0.00 (Cumulative side area) 

    Layer: via
      Partial area ratio:    0.36
      Required ratio:    6.00 (Gate area) 
      Cumulative area ratio:    0.59
      Required ratio:    0.00 (Cumulative area) 

    Layer: met2
      Partial area ratio:    1.48
      Required ratio:    0.00 (Gate area) 
      Cumulative area ratio:    5.50
      Required ratio:    0.00 (Cumulative area) 
      Partial area ratio:    6.83
      Required ratio:  400.00 (Side area) 
      Cumulative area ratio:   25.43
      Required ratio:    0.00 (Cumulative side area) 

    Layer: via2
      Partial area ratio:    0.32
      Required ratio:    6.00 (Gate area) 
      Cumulative area ratio:    0.90
      Required ratio:    0.00 (Cumulative area) 

    Layer: met3
      Partial area ratio:  199.07
      Required ratio:    0.00 (Gate area) 
      Cumulative area ratio:  204.57
      Required ratio:    0.00 (Cumulative area) 
      Partial area ratio: 1069.14
      Required ratio:  400.00 (Side area) (VIOLATED)
      Cumulative area ratio: 1094.58
      Required ratio:    0.00 (Cumulative side area) 

    Layer: via3
      Partial area ratio:    0.32
      Required ratio:    6.00 (Gate area) 
      Cumulative area ratio:    1.22
      Required ratio:    0.00 (Cumulative area) 

    Layer: met4
      Partial area ratio:   55.88
      Required ratio:    0.00 (Gate area) 
      Cumulative area ratio:  260.44
      Required ratio:    0.00 (Cumulative area) 
      Partial area ratio:  301.78
      Required ratio:  400.00 (Side area) 
      Cumulative area ratio: 1396.35
      Required ratio:    0.00 (Cumulative side area) 



Net: dout\[8\]
  Pin:   _466_/A0 (sky130_fd_sc_hd__mux2_1)
    Layer: mcon
      Partial area ratio:    0.23
      Required ratio:    3.00 (Gate area) 
      Cumulative area ratio:    0.23
      Required ratio:    0.00 (Cumulative area) 

    Layer: met1
      Partial area ratio:   43.13
      Required ratio:    0.00 (Gate area) 
      Cumulative area ratio:   43.13
      Required ratio:    0.00 (Cumulative area) 
      Partial area ratio:  214.17
      Required ratio:  400.00 (Side area) 
      Cumulative area ratio:  214.17
      Required ratio:    0.00 (Cumulative side area) 

    Layer: via
      Partial area ratio:    0.36
      Required ratio:    6.00 (Gate area) 
      Cumulative area ratio:    0.59
      Required ratio:    0.00 (Cumulative area) 

    Layer: met2
      Partial area ratio:   17.09
      Required ratio:    0.00 (Gate area) 
      Cumulative area ratio:   60.22
      Required ratio:    0.00 (Cumulative area) 
      Partial area ratio:   84.03
      Required ratio:  400.00 (Side area) 
      Cumulative area ratio:  298.19
      Required ratio:    0.00 (Cumulative side area) 

    Layer: via2
      Partial area ratio:    0.32
      Required ratio:    6.00 (Gate area) 
      Cumulative area ratio:    0.90
      Required ratio:    0.00 (Cumulative area) 

    Layer: met3
      Partial area ratio:    0.99
      Required ratio:    0.00 (Gate area) 
      Cumulative area ratio:   61.21
      Required ratio:    0.00 (Cumulative area) 
      Partial area ratio:    9.02
      Required ratio:  400.00 (Side area) 
      Cumulative area ratio:  307.21
      Required ratio:    0.00 (Cumulative side area) 

    Layer: via3
      Partial area ratio:    0.32
      Required ratio:    6.00 (Gate area) 
      Cumulative area ratio:    1.22
      Required ratio:    0.00 (Cumulative area) 

    Layer: met4
      Partial area ratio:   77.54
      Required ratio:    0.00 (Gate area) 
      Cumulative area ratio:  138.75
      Required ratio:    0.00 (Cumulative area) 
      Partial area ratio:  417.33
      Required ratio:  400.00 (Side area) (VIOLATED)
      Cumulative area ratio:  724.54
      Required ratio:    0.00 (Cumulative side area) 



Net: scan_chain.scan_cells\[56\].scan_cell.data_in
  Pin:   _293_/A1 (sky130_fd_sc_hd__mux2_1)
    Layer: mcon
      Partial area ratio:    0.23
      Required ratio:    3.00 (Gate area) 
      Cumulative area ratio:    0.23
      Required ratio:    0.00 (Cumulative area) 

    Layer: met1
      Partial area ratio:  143.27
      Required ratio:    0.00 (Gate area) 
      Cumulative area ratio:  143.27
      Required ratio:    0.00 (Cumulative area) 
      Partial area ratio:  714.00
      Required ratio:  400.00 (Side area) (VIOLATED)
      Cumulative area ratio:  714.00
      Required ratio:    0.00 (Cumulative side area) 

    Layer: via
      Partial area ratio:    0.54
      Required ratio:    6.00 (Gate area) 
      Cumulative area ratio:    0.77
      Required ratio:    0.00 (Cumulative area) 

    Layer: met2
      Partial area ratio:   11.89
      Required ratio:    0.00 (Gate area) 
      Cumulative area ratio:  155.16
      Required ratio:    0.00 (Cumulative area) 
      Partial area ratio:   58.31
      Required ratio: 2778.20 (Side area) 
      Cumulative area ratio:  772.31
      Required ratio:    0.00 (Cumulative side area) 

    Layer: via2
      Partial area ratio:    0.11
      Required ratio:   22.04 (Gate area) 
      Cumulative area ratio:    0.87
      Required ratio:    0.00 (Cumulative area) 

    Layer: met3
      Partial area ratio:   27.71
      Required ratio:    0.00 (Gate area) 
      Cumulative area ratio:  182.87
      Required ratio:    0.00 (Cumulative area) 
      Partial area ratio:  149.02
      Required ratio: 2778.20 (Side area) 
      Cumulative area ratio:  921.32
      Required ratio:    0.00 (Cumulative side area) 

    Layer: via3
      Partial area ratio:    0.11
      Required ratio:   22.04 (Gate area) 
      Cumulative area ratio:    0.98
      Required ratio:    0.00 (Cumulative area) 

    Layer: met4
      Partial area ratio:    7.98
      Required ratio:    0.00 (Gate area) 
      Cumulative area ratio:  190.85
      Required ratio:    0.00 (Cumulative area) 
      Partial area ratio:   43.83
      Required ratio: 2778.20 (Side area) 
      Cumulative area ratio:  965.15
      Required ratio:    0.00 (Cumulative side area) 


  Pin:   _296_/A0 (sky130_fd_sc_hd__mux2_1)
    Layer: mcon
      Partial area ratio:    0.23
      Required ratio:    3.00 (Gate area) 
      Cumulative area ratio:    0.23
      Required ratio:    0.00 (Cumulative area) 

    Layer: met1
      Partial area ratio:    3.72
      Required ratio:    0.00 (Gate area) 
      Cumulative area ratio:    3.72
      Required ratio:    0.00 (Cumulative area) 
      Partial area ratio:   17.12
      Required ratio:  400.00 (Side area) 
      Cumulative area ratio:   17.12
      Required ratio:    0.00 (Cumulative side area) 

    Layer: via
      Partial area ratio:    0.36
      Required ratio:    6.00 (Gate area) 
      Cumulative area ratio:    0.59
      Required ratio:    0.00 (Cumulative area) 

    Layer: met2
      Partial area ratio:   11.89
      Required ratio:    0.00 (Gate area) 
      Cumulative area ratio:   15.61
      Required ratio:    0.00 (Cumulative area) 
      Partial area ratio:   58.31
      Required ratio: 2778.20 (Side area) 
      Cumulative area ratio:   75.43
      Required ratio:    0.00 (Cumulative side area) 

    Layer: via2
      Partial area ratio:    0.11
      Required ratio:   22.04 (Gate area) 
      Cumulative area ratio:    0.69
      Required ratio:    0.00 (Cumulative area) 

    Layer: met3
      Partial area ratio:   27.71
      Required ratio:    0.00 (Gate area) 
      Cumulative area ratio:   43.32
      Required ratio:    0.00 (Cumulative area) 
      Partial area ratio:  149.02
      Required ratio: 2778.20 (Side area) 
      Cumulative area ratio:  224.44
      Required ratio:    0.00 (Cumulative side area) 

    Layer: via3
      Partial area ratio:    0.11
      Required ratio:   22.04 (Gate area) 
      Cumulative area ratio:    0.80
      Required ratio:    0.00 (Cumulative area) 

    Layer: met4
      Partial area ratio:    7.98
      Required ratio:    0.00 (Gate area) 
      Cumulative area ratio:   51.30
      Required ratio:    0.00 (Cumulative area) 
      Partial area ratio:   43.83
      Required ratio: 2778.20 (Side area) 
      Cumulative area ratio:  268.27
      Required ratio:    0.00 (Cumulative side area) 


  Pin:   _298_/A1 (sky130_fd_sc_hd__mux2_1)
    Layer: mcon
      Partial area ratio:    0.23
      Required ratio:    3.00 (Gate area) 
      Cumulative area ratio:    0.23
      Required ratio:    0.00 (Cumulative area) 

    Layer: met1
      Partial area ratio:   11.29
      Required ratio:    0.00 (Gate area) 
      Cumulative area ratio:   11.29
      Required ratio:    0.00 (Cumulative area) 
      Partial area ratio:   53.58
      Required ratio: 2778.20 (Side area) 
      Cumulative area ratio:   53.58
      Required ratio:    0.00 (Cumulative side area) 

    Layer: via
      Partial area ratio:    0.54
      Required ratio:   22.04 (Gate area) 
      Cumulative area ratio:    0.77
      Required ratio:    0.00 (Cumulative area) 

    Layer: met2
      Partial area ratio:   11.89
      Required ratio:    0.00 (Gate area) 
      Cumulative area ratio:   23.18
      Required ratio:    0.00 (Cumulative area) 
      Partial area ratio:   58.31
      Required ratio: 2778.20 (Side area) 
      Cumulative area ratio:  111.89
      Required ratio:    0.00 (Cumulative side area) 

    Layer: via2
      Partial area ratio:    0.11
      Required ratio:   22.04 (Gate area) 
      Cumulative area ratio:    0.87
      Required ratio:    0.00 (Cumulative area) 

    Layer: met3
      Partial area ratio:   27.71
      Required ratio:    0.00 (Gate area) 
      Cumulative area ratio:   50.89
      Required ratio:    0.00 (Cumulative area) 
      Partial area ratio:  149.02
      Required ratio: 2778.20 (Side area) 
      Cumulative area ratio:  260.90
      Required ratio:    0.00 (Cumulative side area) 

    Layer: via3
      Partial area ratio:    0.11
      Required ratio:   22.04 (Gate area) 
      Cumulative area ratio:    0.98
      Required ratio:    0.00 (Cumulative area) 

    Layer: met4
      Partial area ratio:    7.98
      Required ratio:    0.00 (Gate area) 
      Cumulative area ratio:   58.87
      Required ratio:    0.00 (Cumulative area) 
      Partial area ratio:   43.83
      Required ratio: 2778.20 (Side area) 
      Cumulative area ratio:  304.74
      Required ratio:    0.00 (Cumulative side area) 



Net: scan_chain.scan_cells\[65\].scan_cell.data_in
  Pin:   _266_/A1 (sky130_fd_sc_hd__mux2_1)
    Layer: mcon
      Partial area ratio:    0.23
      Required ratio:    3.00 (Gate area) 
      Cumulative area ratio:    0.23
      Required ratio:    0.00 (Cumulative area) 

    Layer: met1
      Partial area ratio:  104.84
      Required ratio:    0.00 (Gate area) 
      Cumulative area ratio:  104.84
      Required ratio:    0.00 (Cumulative area) 
      Partial area ratio:  521.89
      Required ratio:  400.00 (Side area) (VIOLATED)
      Cumulative area ratio:  521.89
      Required ratio:    0.00 (Cumulative side area) 

    Layer: via
      Partial area ratio:    0.54
      Required ratio:    6.00 (Gate area) 
      Cumulative area ratio:    0.77
      Required ratio:    0.00 (Cumulative area) 

    Layer: met2
      Partial area ratio:   10.25
      Required ratio:    0.00 (Gate area) 
      Cumulative area ratio:  115.09
      Required ratio:    0.00 (Cumulative area) 
      Partial area ratio:   49.31
      Required ratio:  400.00 (Side area) 
      Cumulative area ratio:  571.19
      Required ratio:    0.00 (Cumulative side area) 

    Layer: via2
      Partial area ratio:    0.63
      Required ratio:    6.00 (Gate area) 
      Cumulative area ratio:    1.40
      Required ratio:    0.00 (Cumulative area) 

    Layer: met3
      Partial area ratio:  143.34
      Required ratio:    0.00 (Gate area) 
      Cumulative area ratio:  258.43
      Required ratio:    0.00 (Cumulative area) 
      Partial area ratio:  768.19
      Required ratio: 2956.40 (Side area) 
      Cumulative area ratio: 1339.38
      Required ratio:    0.00 (Cumulative side area) 

    Layer: via3
      Partial area ratio:    0.11
      Required ratio:   38.08 (Gate area) 
      Cumulative area ratio:    1.51
      Required ratio:    0.00 (Cumulative area) 

    Layer: met4
      Partial area ratio:    7.35
      Required ratio:    0.00 (Gate area) 
      Cumulative area ratio:  265.78
      Required ratio:    0.00 (Cumulative area) 
      Partial area ratio:   40.44
      Required ratio: 2956.40 (Side area) 
      Cumulative area ratio: 1379.83
      Required ratio:    0.00 (Cumulative side area) 


  Pin:   _269_/A0 (sky130_fd_sc_hd__mux2_1)
    Layer: mcon
      Partial area ratio:    0.23
      Required ratio:    3.00 (Gate area) 
      Cumulative area ratio:    0.23
      Required ratio:    0.00 (Cumulative area) 

    Layer: met1
      Partial area ratio:    5.92
      Required ratio:    0.00 (Gate area) 
      Cumulative area ratio:    5.92
      Required ratio:    0.00 (Cumulative area) 
      Partial area ratio:   28.12
      Required ratio:  400.00 (Side area) 
      Cumulative area ratio:   28.12
      Required ratio:    0.00 (Cumulative side area) 

    Layer: via
      Partial area ratio:    0.36
      Required ratio:    6.00 (Gate area) 
      Cumulative area ratio:    0.59
      Required ratio:    0.00 (Cumulative area) 

    Layer: met2
      Partial area ratio:    1.48
      Required ratio:    0.00 (Gate area) 
      Cumulative area ratio:    7.40
      Required ratio:    0.00 (Cumulative area) 
      Partial area ratio:    6.83
      Required ratio:  400.00 (Side area) 
      Cumulative area ratio:   34.96
      Required ratio:    0.00 (Cumulative side area) 

    Layer: via2
      Partial area ratio:    0.32
      Required ratio:    6.00 (Gate area) 
      Cumulative area ratio:    0.90
      Required ratio:    0.00 (Cumulative area) 

    Layer: met3
      Partial area ratio:  143.34
      Required ratio:    0.00 (Gate area) 
      Cumulative area ratio:  150.74
      Required ratio:    0.00 (Cumulative area) 
      Partial area ratio:  768.19
      Required ratio: 2956.40 (Side area) 
      Cumulative area ratio:  803.15
      Required ratio:    0.00 (Cumulative side area) 

    Layer: via3
      Partial area ratio:    0.11
      Required ratio:   38.08 (Gate area) 
      Cumulative area ratio:    1.01
      Required ratio:    0.00 (Cumulative area) 

    Layer: met4
      Partial area ratio:    7.35
      Required ratio:    0.00 (Gate area) 
      Cumulative area ratio:  158.09
      Required ratio:    0.00 (Cumulative area) 
      Partial area ratio:   40.44
      Required ratio: 2956.40 (Side area) 
      Cumulative area ratio:  843.59
      Required ratio:    0.00 (Cumulative side area) 


  Pin:   _271_/A1 (sky130_fd_sc_hd__mux2_1)
    Layer: mcon
      Partial area ratio:    0.23
      Required ratio:    3.00 (Gate area) 
      Cumulative area ratio:    0.23
      Required ratio:    0.00 (Cumulative area) 

    Layer: met1
      Partial area ratio:   16.16
      Required ratio:    0.00 (Gate area) 
      Cumulative area ratio:   16.16
      Required ratio:    0.00 (Cumulative area) 
      Partial area ratio:   77.07
      Required ratio: 2956.40 (Side area) 
      Cumulative area ratio:   77.07
      Required ratio:    0.00 (Cumulative side area) 

    Layer: via
      Partial area ratio:    0.71
      Required ratio:   38.08 (Gate area) 
      Cumulative area ratio:    0.94
      Required ratio:    0.00 (Cumulative area) 

    Layer: met2
      Partial area ratio:    2.97
      Required ratio:    0.00 (Gate area) 
      Cumulative area ratio:   19.12
      Required ratio:    0.00 (Cumulative area) 
      Partial area ratio:   13.67
      Required ratio: 2956.40 (Side area) 
      Cumulative area ratio:   90.73
      Required ratio:    0.00 (Cumulative side area) 

    Layer: via2
      Partial area ratio:    0.63
      Required ratio:   38.08 (Gate area) 
      Cumulative area ratio:    1.58
      Required ratio:    0.00 (Cumulative area) 

    Layer: met3
      Partial area ratio:  143.34
      Required ratio:    0.00 (Gate area) 
      Cumulative area ratio:  162.46
      Required ratio:    0.00 (Cumulative area) 
      Partial area ratio:  768.19
      Required ratio: 2956.40 (Side area) 
      Cumulative area ratio:  858.92
      Required ratio:    0.00 (Cumulative side area) 

    Layer: via3
      Partial area ratio:    0.11
      Required ratio:   38.08 (Gate area) 
      Cumulative area ratio:    1.68
      Required ratio:    0.00 (Cumulative area) 

    Layer: met4
      Partial area ratio:    7.35
      Required ratio:    0.00 (Gate area) 
      Cumulative area ratio:  169.81
      Required ratio:    0.00 (Cumulative area) 
      Partial area ratio:   40.44
      Required ratio: 2956.40 (Side area) 
      Cumulative area ratio:  899.37
      Required ratio:    0.00 (Cumulative side area) 



[INFO ANT-0002] Found 21 net violations.
[INFO ANT-0001] Found 21 pin violations.
