Reading technology LEF file at '/home/vscode/ttsetup/pdk/volare/sky130/versions/0fe599b2afb6708d281543108caf8310912f54af/sky130A/libs.ref/sky130_fd_sc_hd/techlef/sky130_fd_sc_hd__max.tlef'…
[INFO ODB-0227] LEF file: /home/vscode/ttsetup/pdk/volare/sky130/versions/0fe599b2afb6708d281543108caf8310912f54af/sky130A/libs.ref/sky130_fd_sc_hd/techlef/sky130_fd_sc_hd__max.tlef, created 14 layers, 25 vias
Reading cell LEF file at '/home/vscode/ttsetup/pdk/volare/sky130/versions/0fe599b2afb6708d281543108caf8310912f54af/sky130A/libs.ref/sky130_fd_sc_hd/lef/sky130_ef_sc_hd.lef'…
[WARNING ODB-0220] WARNING (LEFPARS-2008): NOWIREEXTENSIONATPIN statement is obsolete in version 5.6 or later.
The NOWIREEXTENSIONATPIN statement will be ignored. See file /home/vscode/ttsetup/pdk/volare/sky130/versions/0fe599b2afb6708d281543108caf8310912f54af/sky130A/libs.ref/sky130_fd_sc_hd/lef/sky130_ef_sc_hd.lef at line 2.

[INFO ODB-0227] LEF file: /home/vscode/ttsetup/pdk/volare/sky130/versions/0fe599b2afb6708d281543108caf8310912f54af/sky130A/libs.ref/sky130_fd_sc_hd/lef/sky130_ef_sc_hd.lef, created 4 library cells
Reading cell LEF file at '/home/vscode/ttsetup/pdk/volare/sky130/versions/0fe599b2afb6708d281543108caf8310912f54af/sky130A/libs.ref/sky130_fd_sc_hd/lef/sky130_fd_sc_hd.lef'…
[WARNING ODB-0220] WARNING (LEFPARS-2008): NOWIREEXTENSIONATPIN statement is obsolete in version 5.6 or later.
The NOWIREEXTENSIONATPIN statement will be ignored. See file /home/vscode/ttsetup/pdk/volare/sky130/versions/0fe599b2afb6708d281543108caf8310912f54af/sky130A/libs.ref/sky130_fd_sc_hd/lef/sky130_fd_sc_hd.lef at line 2.

[INFO ODB-0227] LEF file: /home/vscode/ttsetup/pdk/volare/sky130/versions/0fe599b2afb6708d281543108caf8310912f54af/sky130A/libs.ref/sky130_fd_sc_hd/lef/sky130_fd_sc_hd.lef, created 437 library cells
Reading macro LEF file at '/workspaces/tt25a_openram_testchip/src/sky130_sram_256B_1rw_32x64.lef'…
[WARNING ODB-0220] WARNING (LEFPARS-2008): NOWIREEXTENSIONATPIN statement is obsolete in version 5.6 or later.
The NOWIREEXTENSIONATPIN statement will be ignored. See file /workspaces/tt25a_openram_testchip/src/sky130_sram_256B_1rw_32x64.lef at line 2.

[INFO ODB-0227] LEF file: /workspaces/tt25a_openram_testchip/src/sky130_sram_256B_1rw_32x64.lef, created 1 library cells
Reading extra LEF file at 'src/sky130_sram_256B_1rw_32x64.lef'…
[WARNING ODB-0229] Error: library (sky130_sram_256B_1rw_32x64) already exists
[INFO ODB-0127] Reading DEF file: /workspaces/tt25a_openram_testchip/runs/wokwi/52-odb-cellfrequencytables/tt_um_openram_top.def
[INFO ODB-0128] Design: tt_um_openram_top
[INFO ODB-0130]     Created 45 pins.
[INFO ODB-0131]     Created 1779 components and 8850 component-terminals.
[INFO ODB-0132]     Created 4 special nets and 6714 connections.
[INFO ODB-0133]     Created 658 nets and 2100 connections.
[INFO ODB-0134] Finished DEF file: /workspaces/tt25a_openram_testchip/runs/wokwi/52-odb-cellfrequencytables/tt_um_openram_top.def
Using RCX ruleset '/home/vscode/ttsetup/pdk/volare/sky130/versions/0fe599b2afb6708d281543108caf8310912f54af/sky130A/libs.tech/openlane/rules.openrcx.sky130A.max.calibre'…
[INFO RCX-0431] Defined process_corner CURRENT_CORNER with ext_model_index 0
[INFO RCX-0029] Defined extraction corner CURRENT_CORNER
[INFO RCX-0435] Reading extraction model file /home/vscode/ttsetup/pdk/volare/sky130/versions/0fe599b2afb6708d281543108caf8310912f54af/sky130A/libs.tech/openlane/rules.openrcx.sky130A.max.calibre ...
[INFO RCX-0436] RC segment generation tt_um_openram_top (max_merge_res 50.0) ...
[INFO RCX-0040] Final 3292 rc segments
[INFO RCX-0439] Coupling Cap extraction tt_um_openram_top ...
[INFO RCX-0440] Coupling threshhold is 0.1000 fF, coupling capacitance less than 0.1000 fF will be grounded.
[INFO RCX-0442] 53% of 5148 wires extracted
[INFO RCX-0442] 100% of 5148 wires extracted
[INFO RCX-0045] Extract 660 nets, 3943 rsegs, 3943 caps, 6055 ccs
Setting global connections for newly added cells…
[INFO] Setting global connections...
SRAM matched with SRAM
Updating metrics…
Cell type report:                       Count       Area
  Macro                                     1   52060.65
  Fill cell                               929    6144.64
  Tap cell                                200     250.24
  Antenna cell                             29      72.57
  Standard cell                           620    8673.32
  Total                                  1779   67201.42
Writing extracted parasitics to '/workspaces/tt25a_openram_testchip/runs/wokwi/53-openroad-rcx/max/tt_um_openram_top.max.spef'…
[INFO RCX-0443] 658 nets finished
