                                                                        Cells by Master                                                                         
┏━━━━━━━━━━━━━━━━━━━━━━━━━━━━━━━━━━━━━━━━━━━━━━━━━━━━━━━━━━━━━━━━━━━━━━━━━━━━━━━━━━━━━━━━━━━━━━━━━━━━━━━━━━━━━━━━━━━━━━━━━━━━━━━━━┳━━━━━━━━━━━━━━━━━━━━━━━━━━━━┓
┃ Cell                                                                                                                            ┃ Count                      ┃
┡━━━━━━━━━━━━━━━━━━━━━━━━━━━━━━━━━━━━━━━━━━━━━━━━━━━━━━━━━━━━━━━━━━━━━━━━━━━━━━━━━━━━━━━━━━━━━━━━━━━━━━━━━━━━━━━━━━━━━━━━━━━━━━━━━╇━━━━━━━━━━━━━━━━━━━━━━━━━━━━┩
│ sky130_ef_sc_hd__decap_12                                                                                                       │ 214                        │
│ sky130_fd_sc_hd__buf_1                                                                                                          │ 1                          │
│ sky130_fd_sc_hd__buf_2                                                                                                          │ 6                          │
│ sky130_fd_sc_hd__buf_4                                                                                                          │ 3                          │
│ sky130_fd_sc_hd__bufinv_16                                                                                                      │ 3                          │
│ sky130_fd_sc_hd__clkbuf_1                                                                                                       │ 2                          │
│ sky130_fd_sc_hd__clkbuf_16                                                                                                      │ 18                         │
│ sky130_fd_sc_hd__clkbuf_2                                                                                                       │ 15                         │
│ sky130_fd_sc_hd__clkbuf_4                                                                                                       │ 33                         │
│ sky130_fd_sc_hd__clkinv_2                                                                                                       │ 3                          │
│ sky130_fd_sc_hd__clkinv_4                                                                                                       │ 5                          │
│ sky130_fd_sc_hd__clkinvlp_4                                                                                                     │ 1                          │
│ sky130_fd_sc_hd__conb_1                                                                                                         │ 22                         │
│ sky130_fd_sc_hd__decap_3                                                                                                        │ 246                        │
│ sky130_fd_sc_hd__decap_4                                                                                                        │ 82                         │
│ sky130_fd_sc_hd__decap_6                                                                                                        │ 82                         │
│ sky130_fd_sc_hd__decap_8                                                                                                        │ 55                         │
│ sky130_fd_sc_hd__dfrtp_1                                                                                                        │ 119                        │
│ sky130_fd_sc_hd__dfrtp_2                                                                                                        │ 8                          │
│ sky130_fd_sc_hd__dfrtp_4                                                                                                        │ 17                         │
│ sky130_fd_sc_hd__diode_2                                                                                                        │ 30                         │
│ sky130_fd_sc_hd__dlygate4sd3_1                                                                                                  │ 110                        │
│ sky130_fd_sc_hd__fill_1                                                                                                         │ 187                        │
│ sky130_fd_sc_hd__fill_2                                                                                                         │ 78                         │
│ sky130_fd_sc_hd__inv_6                                                                                                          │ 1                          │
│ sky130_fd_sc_hd__mux2_1                                                                                                         │ 249                        │
│ sky130_fd_sc_hd__nand2_2                                                                                                        │ 1                          │
│ sky130_fd_sc_hd__tapvpwrvgnd_1                                                                                                  │ 200                        │
│ sky130_sram_256B_1rw_32x64                                                                                                      │ 1                          │
└─────────────────────────────────────────────────────────────────────────────────────────────────────────────────────────────────┴────────────────────────────┘
