                                                                       Cells by Function                                                                        
┏━━━━━━━━━━━━━━━━━━━━━━━━━━━━━━━━━━━━━━━━━━━━━━━━━━━━━━━━━━━━━━━━━━━━━━━━━━━━━━━━━━━━━━━━━━━━━━━━━━━━━━━━━━━━━━━━━━━━━━━━━━━━━━━━┳━━━━━━━━━━━━━━━━━━━━━━━━━━━━━┓
┃ Cell Function                                                                                                                  ┃ Count                       ┃
┡━━━━━━━━━━━━━━━━━━━━━━━━━━━━━━━━━━━━━━━━━━━━━━━━━━━━━━━━━━━━━━━━━━━━━━━━━━━━━━━━━━━━━━━━━━━━━━━━━━━━━━━━━━━━━━━━━━━━━━━━━━━━━━━━╇━━━━━━━━━━━━━━━━━━━━━━━━━━━━━┩
│ sky130_ef_sc_hd__decap                                                                                                         │ 223                         │
│ sky130_fd_sc_hd__buf                                                                                                           │ 19                          │
│ sky130_fd_sc_hd__bufinv                                                                                                        │ 1                           │
│ sky130_fd_sc_hd__clkbuf                                                                                                        │ 59                          │
│ sky130_fd_sc_hd__clkinv                                                                                                        │ 4                           │
│ sky130_fd_sc_hd__clkinvlp                                                                                                      │ 5                           │
│ sky130_fd_sc_hd__conb                                                                                                          │ 22                          │
│ sky130_fd_sc_hd__decap                                                                                                         │ 450                         │
│ sky130_fd_sc_hd__dfrtp                                                                                                         │ 144                         │
│ sky130_fd_sc_hd__diode                                                                                                         │ 34                          │
│ sky130_fd_sc_hd__dlygate4sd3                                                                                                   │ 113                         │
│ sky130_fd_sc_hd__fill                                                                                                          │ 249                         │
│ sky130_fd_sc_hd__inv                                                                                                           │ 1                           │
│ sky130_fd_sc_hd__mux2                                                                                                          │ 249                         │
│ sky130_fd_sc_hd__nand2                                                                                                         │ 1                           │
│ sky130_fd_sc_hd__tapvpwrvgnd                                                                                                   │ 200                         │
└────────────────────────────────────────────────────────────────────────────────────────────────────────────────────────────────┴─────────────────────────────┘
