[WARNING ORD-0039] .openroad ignored with -python
                                Cells by Master                                 
┏━━━━━━━━━━━━━━━━━━━━━━━━━━━━━━━━━━━━━━━━━━━━━━━━━━━━━━━━━━━━━━━━┳━━━━━━━━━━━━━┓
┃ Cell                                                           ┃ Count       ┃
┡━━━━━━━━━━━━━━━━━━━━━━━━━━━━━━━━━━━━━━━━━━━━━━━━━━━━━━━━━━━━━━━━╇━━━━━━━━━━━━━┩
│ sky130_ef_sc_hd__decap_12                                      │ 223         │
│ sky130_fd_sc_hd__buf_1                                         │ 1           │
│ sky130_fd_sc_hd__buf_2                                         │ 14          │
│ sky130_fd_sc_hd__buf_4                                         │ 4           │
│ sky130_fd_sc_hd__bufinv_16                                     │ 1           │
│ sky130_fd_sc_hd__clkbuf_1                                      │ 2           │
│ sky130_fd_sc_hd__clkbuf_16                                     │ 18          │
│ sky130_fd_sc_hd__clkbuf_2                                      │ 7           │
│ sky130_fd_sc_hd__clkbuf_4                                      │ 30          │
│ sky130_fd_sc_hd__clkbuf_8                                      │ 2           │
│ sky130_fd_sc_hd__clkinv_2                                      │ 3           │
│ sky130_fd_sc_hd__clkinv_4                                      │ 1           │
│ sky130_fd_sc_hd__clkinvlp_4                                    │ 5           │
│ sky130_fd_sc_hd__conb_1                                        │ 22          │
│ sky130_fd_sc_hd__decap_3                                       │ 236         │
│ sky130_fd_sc_hd__decap_4                                       │ 87          │
│ sky130_fd_sc_hd__decap_6                                       │ 73          │
│ sky130_fd_sc_hd__decap_8                                       │ 54          │
│ sky130_fd_sc_hd__dfrtp_1                                       │ 118         │
│ sky130_fd_sc_hd__dfrtp_2                                       │ 9           │
│ sky130_fd_sc_hd__dfrtp_4                                       │ 17          │
│ sky130_fd_sc_hd__diode_2                                       │ 34          │
│ sky130_fd_sc_hd__dlygate4sd3_1                                 │ 113         │
│ sky130_fd_sc_hd__fill_1                                        │ 182         │
│ sky130_fd_sc_hd__fill_2                                        │ 67          │
│ sky130_fd_sc_hd__inv_6                                         │ 1           │
│ sky130_fd_sc_hd__mux2_1                                        │ 249         │
│ sky130_fd_sc_hd__nand2_2                                       │ 1           │
│ sky130_fd_sc_hd__tapvpwrvgnd_1                                 │ 200         │
│ sky130_sram_128B_1rw_32x32                                     │ 1           │
└────────────────────────────────────────────────────────────────┴─────────────┘
                               Cells by Function                                
┏━━━━━━━━━━━━━━━━━━━━━━━━━━━━━━━━━━━━━━━━━━━━━━━━━━━━━━━━━━━━━━━┳━━━━━━━━━━━━━━┓
┃ Cell Function                                                 ┃ Count        ┃
┡━━━━━━━━━━━━━━━━━━━━━━━━━━━━━━━━━━━━━━━━━━━━━━━━━━━━━━━━━━━━━━━╇━━━━━━━━━━━━━━┩
│ sky130_ef_sc_hd__decap                                        │ 223          │
│ sky130_fd_sc_hd__buf                                          │ 19           │
│ sky130_fd_sc_hd__bufinv                                       │ 1            │
│ sky130_fd_sc_hd__clkbuf                                       │ 59           │
│ sky130_fd_sc_hd__clkinv                                       │ 4            │
│ sky130_fd_sc_hd__clkinvlp                                     │ 5            │
│ sky130_fd_sc_hd__conb                                         │ 22           │
│ sky130_fd_sc_hd__decap                                        │ 450          │
│ sky130_fd_sc_hd__dfrtp                                        │ 144          │
│ sky130_fd_sc_hd__diode                                        │ 34           │
│ sky130_fd_sc_hd__dlygate4sd3                                  │ 113          │
│ sky130_fd_sc_hd__fill                                         │ 249          │
│ sky130_fd_sc_hd__inv                                          │ 1            │
│ sky130_fd_sc_hd__mux2                                         │ 249          │
│ sky130_fd_sc_hd__nand2                                        │ 1            │
│ sky130_fd_sc_hd__tapvpwrvgnd                                  │ 200          │
└───────────────────────────────────────────────────────────────┴──────────────┘
                                  Cells by SCL                                  
┏━━━━━━━━━━━━━━━━━━━━━━━━━━━━━━━━━━━━━━━━━━━━━━━━━━━━━━━┳━━━━━━━━━━━━━━━━━━━━━━┓
┃ SCL                                                   ┃ Count                ┃
┡━━━━━━━━━━━━━━━━━━━━━━━━━━━━━━━━━━━━━━━━━━━━━━━━━━━━━━━╇━━━━━━━━━━━━━━━━━━━━━━┩
│ sky130_ef_sc_hd                                       │ 223                  │
│ sky130_fd_sc_hd                                       │ 1551                 │
└───────────────────────────────────────────────────────┴──────────────────────┘
                             Buffers by Cell Master                             
┏━━━━━━━━━━━━━━━━━━━━━━━━━━━━━━━━━━━━━━━━━━━━━━━━━━━━━━━━━━━━━━━━┳━━━━━━━━━━━━━┓
┃ Buffer                                                         ┃ Count       ┃
┡━━━━━━━━━━━━━━━━━━━━━━━━━━━━━━━━━━━━━━━━━━━━━━━━━━━━━━━━━━━━━━━━╇━━━━━━━━━━━━━┩
│ sky130_fd_sc_hd__buf_1                                         │ 1           │
│ sky130_fd_sc_hd__buf_2                                         │ 14          │
│ sky130_fd_sc_hd__buf_4                                         │ 4           │
│ sky130_fd_sc_hd__clkbuf_1                                      │ 2           │
│ sky130_fd_sc_hd__clkbuf_16                                     │ 18          │
│ sky130_fd_sc_hd__clkbuf_2                                      │ 7           │
│ sky130_fd_sc_hd__clkbuf_4                                      │ 30          │
│ sky130_fd_sc_hd__clkbuf_8                                      │ 2           │
│ sky130_fd_sc_hd__dlygate4sd3_1                                 │ 113         │
└────────────────────────────────────────────────────────────────┴─────────────┘
