Reading OpenROAD database at '/workspaces/tt25a_openram_testchip/runs/wokwi/17-openroad-cutrows/tt_um_openram_top.odb'…
Reading library file at '/home/vscode/ttsetup/pdk/volare/sky130/versions/0fe599b2afb6708d281543108caf8310912f54af/sky130A/libs.ref/sky130_fd_sc_hd/lib/sky130_fd_sc_hd__tt_025C_1v80.lib'…
Reading design constraints file at 'src/project.sdc'…
[WARNING STA-0441] set_input_delay relative to a clock defined on the same port/pin not allowed.
[WARNING STA-0441] set_input_delay relative to a clock defined on the same port/pin not allowed.
[INFO] No information on clock propagation in input SDC file-- propagating all clocks.
[INFO ODB-0303] The initial 81 rows (12101 sites) were cut with 1 shapes for a total of 81 rows (12101 sites).
[INFO TAP-0004] Inserted 162 endcaps.
[INFO TAP-0005] Inserted 200 tapcells.
Setting global connections for newly added cells…
[INFO] Setting global connections...
SRAM matched with SRAM
Updating metrics…
Cell type report:                       Count       Area
  Macro                                     1   52060.65
  Fill cell                               162     608.08
  Tap cell                                200     250.24
  Buffer                                    2      10.01
  Sequential cell                         144    3783.63
  Multi-Input combinational cell          272    2892.77
  Total                                   781   59605.38
Writing OpenROAD database to '/workspaces/tt25a_openram_testchip/runs/wokwi/18-openroad-tapendcapinsertion/tt_um_openram_top.odb'…
Writing netlist to '/workspaces/tt25a_openram_testchip/runs/wokwi/18-openroad-tapendcapinsertion/tt_um_openram_top.nl.v'…
Writing powered netlist to '/workspaces/tt25a_openram_testchip/runs/wokwi/18-openroad-tapendcapinsertion/tt_um_openram_top.pnl.v'…
Writing layout to '/workspaces/tt25a_openram_testchip/runs/wokwi/18-openroad-tapendcapinsertion/tt_um_openram_top.def'…
Writing timing constraints to '/workspaces/tt25a_openram_testchip/runs/wokwi/18-openroad-tapendcapinsertion/tt_um_openram_top.sdc'…
