Reading library file at '/home/vscode/ttsetup/pdk/volare/sky130/versions/0fe599b2afb6708d281543108caf8310912f54af/sky130A/libs.ref/sky130_fd_sc_hd/lib/sky130_fd_sc_hd__tt_025C_1v80.lib'…
Reading technology LEF file at '/home/vscode/ttsetup/pdk/volare/sky130/versions/0fe599b2afb6708d281543108caf8310912f54af/sky130A/libs.ref/sky130_fd_sc_hd/techlef/sky130_fd_sc_hd__nom.tlef'…
[INFO ODB-0227] LEF file: /home/vscode/ttsetup/pdk/volare/sky130/versions/0fe599b2afb6708d281543108caf8310912f54af/sky130A/libs.ref/sky130_fd_sc_hd/techlef/sky130_fd_sc_hd__nom.tlef, created 14 layers, 25 vias
Reading cell LEF file at '/home/vscode/ttsetup/pdk/volare/sky130/versions/0fe599b2afb6708d281543108caf8310912f54af/sky130A/libs.ref/sky130_fd_sc_hd/lef/sky130_ef_sc_hd.lef'…
[WARNING ODB-0220] WARNING (LEFPARS-2008): NOWIREEXTENSIONATPIN statement is obsolete in version 5.6 or later.
The NOWIREEXTENSIONATPIN statement will be ignored. See file /home/vscode/ttsetup/pdk/volare/sky130/versions/0fe599b2afb6708d281543108caf8310912f54af/sky130A/libs.ref/sky130_fd_sc_hd/lef/sky130_ef_sc_hd.lef at line 2.

[INFO ODB-0227] LEF file: /home/vscode/ttsetup/pdk/volare/sky130/versions/0fe599b2afb6708d281543108caf8310912f54af/sky130A/libs.ref/sky130_fd_sc_hd/lef/sky130_ef_sc_hd.lef, created 4 library cells
Reading cell LEF file at '/home/vscode/ttsetup/pdk/volare/sky130/versions/0fe599b2afb6708d281543108caf8310912f54af/sky130A/libs.ref/sky130_fd_sc_hd/lef/sky130_fd_sc_hd.lef'…
[WARNING ODB-0220] WARNING (LEFPARS-2008): NOWIREEXTENSIONATPIN statement is obsolete in version 5.6 or later.
The NOWIREEXTENSIONATPIN statement will be ignored. See file /home/vscode/ttsetup/pdk/volare/sky130/versions/0fe599b2afb6708d281543108caf8310912f54af/sky130A/libs.ref/sky130_fd_sc_hd/lef/sky130_fd_sc_hd.lef at line 2.

[INFO ODB-0227] LEF file: /home/vscode/ttsetup/pdk/volare/sky130/versions/0fe599b2afb6708d281543108caf8310912f54af/sky130A/libs.ref/sky130_fd_sc_hd/lef/sky130_fd_sc_hd.lef, created 437 library cells
Reading macro LEF file at '/workspaces/tt25a_openram_testchip/src/sky130_sram_256B_1rw_32x64.lef'…
[WARNING ODB-0220] WARNING (LEFPARS-2008): NOWIREEXTENSIONATPIN statement is obsolete in version 5.6 or later.
The NOWIREEXTENSIONATPIN statement will be ignored. See file /workspaces/tt25a_openram_testchip/src/sky130_sram_256B_1rw_32x64.lef at line 2.

[INFO ODB-0227] LEF file: /workspaces/tt25a_openram_testchip/src/sky130_sram_256B_1rw_32x64.lef, created 1 library cells
Reading extra LEF file at 'src/sky130_sram_256B_1rw_32x64.lef'…
[WARNING ODB-0229] Error: library (sky130_sram_256B_1rw_32x64) already exists
Reading top-level netlist at '/workspaces/tt25a_openram_testchip/runs/wokwi/06-yosys-synthesis/tt_um_openram_top.nl.v'…
Linking design 'tt_um_openram_top' from netlist…
[WARNING ORD-2011] LEF master sky130_sram_256B_1rw_32x64 has no liberty cell.
Reading design constraints file at 'src/project.sdc'…
[WARNING STA-0441] set_input_delay relative to a clock defined on the same port/pin not allowed.
[WARNING STA-0441] set_input_delay relative to a clock defined on the same port/pin not allowed.
[INFO] No information on clock propagation in input SDC file-- propagating all clocks.
Using site height: 2.72 and site width: 0.46…
[INFO] Using absolute sizing for the floorplan.
[INFO IFP-0001] Added 81 rows of 716 site unithd.
[INFO IFP-0030] Inserted 0 tiecells using sky130_fd_sc_hd__conb_1/LO.
[INFO IFP-0030] Inserted 0 tiecells using sky130_fd_sc_hd__conb_1/HI.
[INFO] Extracting DIE_AREA and CORE_AREA from the floorplan
[INFO] Floorplanned on a die area of 0.0 0.0 334.88 225.76 (µm).
[INFO] Floorplanned on a core area of 2.76 2.72 332.12 223.04 (µm).
Writing metric design__die__bbox: 0.0 0.0 334.88 225.76
Writing metric design__core__bbox: 2.76 2.72 332.12 223.04
Setting global connections for newly added cells…
[INFO] Setting global connections...
SRAM matched with SRAM
Updating metrics…
Cell type report:                       Count       Area
  Macro                                     1   52060.65
  Buffer                                    2      10.01
  Sequential cell                         144    3783.63
  Multi-Input combinational cell          272    2892.77
  Total                                   419   58747.06
Writing OpenROAD database to '/workspaces/tt25a_openram_testchip/runs/wokwi/13-openroad-floorplan/tt_um_openram_top.odb'…
Writing netlist to '/workspaces/tt25a_openram_testchip/runs/wokwi/13-openroad-floorplan/tt_um_openram_top.nl.v'…
Writing powered netlist to '/workspaces/tt25a_openram_testchip/runs/wokwi/13-openroad-floorplan/tt_um_openram_top.pnl.v'…
Writing layout to '/workspaces/tt25a_openram_testchip/runs/wokwi/13-openroad-floorplan/tt_um_openram_top.def'…
Writing timing constraints to '/workspaces/tt25a_openram_testchip/runs/wokwi/13-openroad-floorplan/tt_um_openram_top.sdc'…
