
===========================================================================
report_checks -unconstrained
===========================================================================
======================= min_tt_025C_1v80 Corner ===================================

Startpoint: rst_n (input port clocked by sclkb)
Endpoint: _513_ (recovery check against rising-edge clock sclkb)
Path Group: asynchronous
Path Type: max

Fanout         Cap        Slew       Delay        Time   Description
---------------------------------------------------------------------------------------------
                                  0.000000    0.000000   clock sclkb (rise edge)
                                  0.000000    0.000000   clock network delay (propagated)
                                  0.000000    0.000000 ^ input external delay
     1    0.002744    0.019494    0.010101    0.010101 ^ rst_n (in)
                                                         rst_n (net)
                      0.019494    0.000000    0.010101 ^ hold1/A (sky130_fd_sc_hd__dlygate4sd3_1)
     1    0.003698    0.060446    0.534323    0.544424 ^ hold1/X (sky130_fd_sc_hd__dlygate4sd3_1)
                                                         net78 (net)
                      0.060446    0.000047    0.544471 ^ input1/A (sky130_fd_sc_hd__clkbuf_1)
     1    0.002628    0.042284    0.083868    0.628339 ^ input1/X (sky130_fd_sc_hd__clkbuf_1)
                                                         net1 (net)
                      0.042284    0.000030    0.628369 ^ hold2/A (sky130_fd_sc_hd__dlygate4sd3_1)
     1    0.003916    0.062922    0.543567    1.171936 ^ hold2/X (sky130_fd_sc_hd__dlygate4sd3_1)
                                                         net79 (net)
                      0.062922    0.000041    1.171977 ^ fanout55/A (sky130_fd_sc_hd__clkbuf_2)
     5    0.033536    0.185141    0.210401    1.382378 ^ fanout55/X (sky130_fd_sc_hd__clkbuf_2)
                                                         net55 (net)
                      0.185143    0.000547    1.382925 ^ fanout54/A (sky130_fd_sc_hd__buf_4)
     6    0.062691    0.176805    0.250940    1.633865 ^ fanout54/X (sky130_fd_sc_hd__buf_4)
                                                         net54 (net)
                      0.176909    0.003580    1.637444 ^ fanout53/A (sky130_fd_sc_hd__buf_2)
     6    0.045525    0.223544    0.276725    1.914169 ^ fanout53/X (sky130_fd_sc_hd__buf_2)
                                                         net53 (net)
                      0.223544    0.000091    1.914260 ^ fanout52/A (sky130_fd_sc_hd__clkbuf_4)
    10    0.052321    0.162301    0.284540    2.198800 ^ fanout52/X (sky130_fd_sc_hd__clkbuf_4)
                                                         net52 (net)
                      0.162302    0.000953    2.199753 ^ fanout51/A (sky130_fd_sc_hd__clkbuf_4)
    10    0.046825    0.147786    0.253213    2.452966 ^ fanout51/X (sky130_fd_sc_hd__clkbuf_4)
                                                         net51 (net)
                      0.147788    0.000843    2.453809 ^ _513_/RESET_B (sky130_fd_sc_hd__dfrtp_4)
                                              2.453809   data arrival time

                               10000.000000 10000.000000   clock sclkb (rise edge)
                                  0.000000 10000.000000   clock source latency
     1    0.022554    0.107131    0.073669 10000.073242 ^ ui_in[4] (in)
                                                         ui_in[4] (net)
                      0.107143    0.000000 10000.073242 ^ clkbuf_0_ui_in[4]/A (sky130_fd_sc_hd__clkbuf_16)
     8    0.121708    0.135204    0.221917 10000.295898 ^ clkbuf_0_ui_in[4]/X (sky130_fd_sc_hd__clkbuf_16)
                                                         clknet_0_ui_in[4] (net)
                      0.135946    0.008185 10000.303711 ^ clkbuf_3_4__f_ui_in[4]/A (sky130_fd_sc_hd__clkbuf_16)
     8    0.039642    0.059674    0.173713 10000.477539 ^ clkbuf_3_4__f_ui_in[4]/X (sky130_fd_sc_hd__clkbuf_16)
                                                         clknet_3_4__leaf_ui_in[4] (net)
                      0.059760    0.001819 10000.479492 ^ _513_/CLK (sky130_fd_sc_hd__dfrtp_4)
                                 -0.250000 10000.229492   clock uncertainty
                                  0.000000 10000.229492   clock reconvergence pessimism
                                  0.188555 10000.417969   library recovery time
                                           10000.417969   data required time
---------------------------------------------------------------------------------------------
                                           10000.417969   data required time
                                             -2.453809   data arrival time
---------------------------------------------------------------------------------------------
                                           9997.963867   slack (MET)


Startpoint: _508_ (rising edge-triggered flip-flop clocked by sclka)
Endpoint: _508_ (rising edge-triggered flip-flop clocked by sclka)
Path Group: sclka
Path Type: max

Fanout         Cap        Slew       Delay        Time   Description
---------------------------------------------------------------------------------------------
                                  0.000000    0.000000   clock sclka (rise edge)
                                  0.000000    0.000000   clock source latency
     1    0.017889    0.086302    0.059145    0.059145 ^ ui_in[3] (in)
                                                         ui_in[3] (net)
                      0.086308    0.000000    0.059145 ^ clkbuf_0_ui_in[3]/A (sky130_fd_sc_hd__clkbuf_16)
     8    0.118143    0.131752    0.211621    0.270766 ^ clkbuf_0_ui_in[3]/X (sky130_fd_sc_hd__clkbuf_16)
                                                         clknet_0_ui_in[3] (net)
                      0.131921    0.003821    0.274587 ^ clkbuf_3_2__f_ui_in[3]/A (sky130_fd_sc_hd__clkbuf_16)
    11    0.044373    0.063888    0.176252    0.450839 ^ clkbuf_3_2__f_ui_in[3]/X (sky130_fd_sc_hd__clkbuf_16)
                                                         clknet_3_2__leaf_ui_in[3] (net)
                      0.063927    0.001416    0.452255 ^ _508_/CLK (sky130_fd_sc_hd__dfrtp_1)
     2    0.006104    0.054123    0.378648    0.830904 v _508_/Q (sky130_fd_sc_hd__dfrtp_1)
                                                         scan_chain.scan_cells[67].scan_cell.primary_ff (net)
                      0.054123    0.000092    0.830996 v hold89/A (sky130_fd_sc_hd__dlygate4sd3_1)
     1    0.003294    0.056217    0.556293    1.387289 v hold89/X (sky130_fd_sc_hd__dlygate4sd3_1)
                                                         net166 (net)
                      0.056217    0.000043    1.387333 v _264_/A0 (sky130_fd_sc_hd__mux2_1)
     1    0.004287    0.062812    0.291883    1.679216 v _264_/X (sky130_fd_sc_hd__mux2_1)
                                                         _034_ (net)
                      0.062812    0.000068    1.679284 v _508_/D (sky130_fd_sc_hd__dfrtp_1)
                                              1.679284   data arrival time

                               10000.000000 10000.000000   clock sclka (rise edge)
                                  0.000000 10000.000000   clock source latency
     1    0.017889    0.086302    0.059117 10000.059570 ^ ui_in[3] (in)
                                                         ui_in[3] (net)
                      0.086308    0.000000 10000.059570 ^ clkbuf_0_ui_in[3]/A (sky130_fd_sc_hd__clkbuf_16)
     8    0.118143    0.131752    0.211912 10000.271484 ^ clkbuf_0_ui_in[3]/X (sky130_fd_sc_hd__clkbuf_16)
                                                         clknet_0_ui_in[3] (net)
                      0.131921    0.003638 10000.274414 ^ clkbuf_3_2__f_ui_in[3]/A (sky130_fd_sc_hd__clkbuf_16)
    11    0.044373    0.063888    0.176442 10000.451172 ^ clkbuf_3_2__f_ui_in[3]/X (sky130_fd_sc_hd__clkbuf_16)
                                                         clknet_3_2__leaf_ui_in[3] (net)
                      0.063927    0.000909 10000.452148 ^ _508_/CLK (sky130_fd_sc_hd__dfrtp_1)
                                 -0.250000 10000.202148   clock uncertainty
                                  0.000000 10000.202148   clock reconvergence pessimism
                                 -0.117706 10000.084961   library setup time
                                           10000.084961   data required time
---------------------------------------------------------------------------------------------
                                           10000.084961   data required time
                                             -1.679284   data arrival time
---------------------------------------------------------------------------------------------
                                           9998.405273   slack (MET)


Startpoint: ui_in[2] (input port clocked by sclkb)
Endpoint: _643_ (rising edge-triggered flip-flop clocked by sclkb)
Path Group: sclkb
Path Type: max

Fanout         Cap        Slew       Delay        Time   Description
---------------------------------------------------------------------------------------------
                                  0.000000    0.000000   clock sclkb (rise edge)
                                  0.000000    0.000000   clock network delay (propagated)
                                  0.000000    0.000000 ^ input external delay
     1    0.003993    0.024909    0.014484    0.014484 ^ ui_in[2] (in)
                                                         ui_in[2] (net)
                      0.024909    0.000000    0.014484 ^ hold6/A (sky130_fd_sc_hd__dlygate4sd3_1)
     1    0.004629    0.068859    0.543339    0.557823 ^ hold6/X (sky130_fd_sc_hd__dlygate4sd3_1)
                                                         net83 (net)
                      0.068859    0.000081    0.557904 ^ input4/A (sky130_fd_sc_hd__buf_1)
     2    0.017770    0.213699    0.206651    0.764555 ^ input4/X (sky130_fd_sc_hd__buf_1)
                                                         net4 (net)
                      0.213700    0.000375    0.764929 ^ fanout16/A (sky130_fd_sc_hd__clkbuf_2)
     5    0.022952    0.130888    0.218237    0.983167 ^ fanout16/X (sky130_fd_sc_hd__clkbuf_2)
                                                         net16 (net)
                      0.130888    0.000194    0.983361 ^ fanout12/A (sky130_fd_sc_hd__clkbuf_2)
     5    0.029783    0.165841    0.220746    1.204106 ^ fanout12/X (sky130_fd_sc_hd__clkbuf_2)
                                                         net12 (net)
                      0.165841    0.000268    1.204374 ^ fanout11/A (sky130_fd_sc_hd__clkbuf_2)
     5    0.024640    0.139293    0.211495    1.415869 ^ fanout11/X (sky130_fd_sc_hd__clkbuf_2)
                                                         net11 (net)
                      0.139293    0.000456    1.416324 ^ _498_/S (sky130_fd_sc_hd__mux2_1)
     1    0.002310    0.053939    0.327579    1.743903 v _498_/X (sky130_fd_sc_hd__mux2_1)
                                                         _249_ (net)
                      0.053939    0.000014    1.743917 v _499_/A1 (sky130_fd_sc_hd__mux2_1)
     1    0.003793    0.060757    0.298442    2.042359 v _499_/X (sky130_fd_sc_hd__mux2_1)
                                                         _025_ (net)
                      0.060757    0.000061    2.042420 v hold4/A (sky130_fd_sc_hd__dlygate4sd3_1)
     1    0.003973    0.058830    0.563960    2.606380 v hold4/X (sky130_fd_sc_hd__dlygate4sd3_1)
                                                         net81 (net)
                      0.058830    0.000063    2.606443 v _643_/D (sky130_fd_sc_hd__dfrtp_1)
                                              2.606443   data arrival time

                               10000.000000 10000.000000   clock sclkb (rise edge)
                                  0.000000 10000.000000   clock source latency
     1    0.022554    0.107131    0.073669 10000.073242 ^ ui_in[4] (in)
                                                         ui_in[4] (net)
                      0.107143    0.000000 10000.073242 ^ clkbuf_0_ui_in[4]/A (sky130_fd_sc_hd__clkbuf_16)
     8    0.121708    0.135204    0.221917 10000.295898 ^ clkbuf_0_ui_in[4]/X (sky130_fd_sc_hd__clkbuf_16)
                                                         clknet_0_ui_in[4] (net)
                      0.135501    0.004547 10000.299805 ^ clkbuf_3_3__f_ui_in[4]/A (sky130_fd_sc_hd__clkbuf_16)
    12    0.044728    0.064310    0.178261 10000.478516 ^ clkbuf_3_3__f_ui_in[4]/X (sky130_fd_sc_hd__clkbuf_16)
                                                         clknet_3_3__leaf_ui_in[4] (net)
                      0.064310    0.000000 10000.478516 ^ _643_/CLK (sky130_fd_sc_hd__dfrtp_1)
                                 -0.250000 10000.228516   clock uncertainty
                                  0.000000 10000.228516   clock reconvergence pessimism
                                 -0.115882 10000.113281   library setup time
                                           10000.113281   data required time
---------------------------------------------------------------------------------------------
                                           10000.113281   data required time
                                             -2.606443   data arrival time
---------------------------------------------------------------------------------------------
                                           9997.505859   slack (MET)




===========================================================================
report_checks --slack_max -0.01
============================================================================
======================= min_tt_025C_1v80 Corner ===================================

No paths found.


===========================================================================
 report_check_types -max_slew -max_cap -max_fanout -violators
============================================================================
======================= min_tt_025C_1v80 Corner ===================================

max fanout

Pin                                   Limit Fanout  Slack
---------------------------------------------------------
clkbuf_3_3__f_ui_in[3]/X                 10     13     -3 (VIOLATED)
clkbuf_3_2__f_ui_in[4]/X                 10     12     -2 (VIOLATED)
clkbuf_3_3__f_ui_in[4]/X                 10     12     -2 (VIOLATED)
clkbuf_3_6__f_ui_in[3]/X                 10     12     -2 (VIOLATED)
clkbuf_3_2__f_ui_in[3]/X                 10     11        (VIOLATED)
clkbuf_3_7__f_ui_in[4]/X                 10     11        (VIOLATED)



===========================================================================
report_parasitic_annotation -report_unannotated
============================================================================
Found 42 unannotated drivers.
 clk
 ena
 uio_in[4]
 uio_in[5]
 uio_in[6]
 uio_in[7]
 clkload0/Y
 clkload1/Y
 clkload10/Y
 clkload11/Y
 clkload12/Y
 clkload13/X
 clkload2/Y
 clkload3/Y
 clkload4/Y
 clkload5/X
 clkload6/Y
 clkload7/Y
 clkload8/Y
 clkload9/X
 tt_um_openram_top_56/HI
 tt_um_openram_top_57/HI
 tt_um_openram_top_58/HI
 tt_um_openram_top_59/HI
 tt_um_openram_top_60/HI
 tt_um_openram_top_61/HI
 tt_um_openram_top_62/HI
 tt_um_openram_top_63/HI
 tt_um_openram_top_64/HI
 tt_um_openram_top_65/HI
 tt_um_openram_top_66/HI
 tt_um_openram_top_67/HI
 tt_um_openram_top_68/HI
 tt_um_openram_top_69/HI
 tt_um_openram_top_70/HI
 tt_um_openram_top_71/HI
 tt_um_openram_top_72/HI
 tt_um_openram_top_73/HI
 tt_um_openram_top_74/HI
 tt_um_openram_top_75/HI
 tt_um_openram_top_76/HI
 tt_um_openram_top_77/HI
Found 42 partially unannotated drivers.
 uio_in[0]
  SRAM/wmask0[3]
 uio_in[1]
  SRAM/wmask0[2]
 uio_in[2]
  SRAM/wmask0[1]
 uio_in[3]
  SRAM/wmask0[0]
 _501_/Q
  SRAM/addr0[0]
 _503_/Q
  SRAM/addr0[1]
 _505_/Q
  SRAM/addr0[2]
 _507_/Q
  SRAM/addr0[3]
 _509_/Q
  SRAM/addr0[4]
 _511_/Q
  SRAM/addr0[5]
 _513_/Q
  SRAM/din0[0]
 _515_/Q
  SRAM/din0[1]
 _517_/Q
  SRAM/din0[2]
 _519_/Q
  SRAM/din0[3]
 _521_/Q
  SRAM/din0[4]
 _523_/Q
  SRAM/din0[5]
 _525_/Q
  SRAM/din0[6]
 _527_/Q
  SRAM/din0[7]
 _529_/Q
  SRAM/din0[8]
 _531_/Q
  SRAM/din0[9]
 _533_/Q
  SRAM/din0[10]
 _535_/Q
  SRAM/din0[11]
 _537_/Q
  SRAM/din0[12]
 _539_/Q
  SRAM/din0[13]
 _541_/Q
  SRAM/din0[14]
 _543_/Q
  SRAM/din0[15]
 _547_/Q
  SRAM/din0[17]
 _549_/Q
  SRAM/din0[18]
 _551_/Q
  SRAM/din0[19]
 _553_/Q
  SRAM/din0[20]
 _555_/Q
  SRAM/din0[21]
 _557_/Q
  SRAM/din0[22]
 _559_/Q
  SRAM/din0[23]
 _561_/Q
  SRAM/din0[24]
 _563_/Q
  SRAM/din0[25]
 _565_/Q
  SRAM/din0[26]
 _567_/Q
  SRAM/din0[27]
 _569_/Q
  SRAM/din0[28]
 _571_/Q
  SRAM/din0[29]
 _573_/Q
  SRAM/din0[30]
 _575_/Q
  SRAM/din0[31]
 _577_/Q
  SRAM/din0[32]

===========================================================================
max slew violation count 0
max fanout violation count 6
max cap violation count 0
============================================================================

===========================================================================
check_setup -verbose -unconstrained_endpoints -multiple_clock -no_clock -no_input_delay -loops -generated_clocks
===========================================================================
Warning: There are 22 unconstrained endpoints.
  uio_oe[0]
  uio_oe[1]
  uio_oe[2]
  uio_oe[3]
  uio_oe[4]
  uio_oe[5]
  uio_oe[6]
  uio_oe[7]
  uio_out[0]
  uio_out[1]
  uio_out[2]
  uio_out[3]
  uio_out[4]
  uio_out[5]
  uio_out[6]
  uio_out[7]
  uo_out[2]
  uo_out[3]
  uo_out[4]
  uo_out[5]
  uo_out[6]
  uo_out[7]
