
===========================================================================
report_checks -unconstrained
===========================================================================
======================= nom_ss_100C_1v60 Corner ===================================

Startpoint: rst_n (input port clocked by sclkb)
Endpoint: _501_ (recovery check against rising-edge clock sclkb)
Path Group: asynchronous
Path Type: max

Fanout         Cap        Slew       Delay        Time   Description
---------------------------------------------------------------------------------------------
                      0.150000    0.000000    0.000000   clock sclkb (rise edge)
                                  0.000000    0.000000   clock network delay (ideal)
                                  0.000000    0.000000 ^ input external delay
   144    0.469871    3.321301    2.341703    2.341703 ^ rst_n (in)
                                                         rst_n (net)
                      3.321301    0.000000    2.341703 ^ _501_/RESET_B (sky130_fd_sc_hd__dfrtp_2)
                                              2.341703   data arrival time

                      0.150000 10000.000000 10000.000000   clock sclkb (rise edge)
                                  0.000000 10000.000000   clock network delay (ideal)
                                 -0.250000 9999.750000   clock uncertainty
                                  0.000000 9999.750000   clock reconvergence pessimism
                                           9999.750000 ^ _501_/CLK (sky130_fd_sc_hd__dfrtp_2)
                                 -0.935004 9998.815430   library recovery time
                                           9998.815430   data required time
---------------------------------------------------------------------------------------------
                                           9998.815430   data required time
                                             -2.341703   data arrival time
---------------------------------------------------------------------------------------------
                                           9996.472656   slack (MET)


Startpoint: _500_ (rising edge-triggered flip-flop clocked by sclka)
Endpoint: _500_ (rising edge-triggered flip-flop clocked by sclka)
Path Group: sclka
Path Type: max

Fanout         Cap        Slew       Delay        Time   Description
---------------------------------------------------------------------------------------------
                      0.150000    0.000000    0.000000   clock sclka (rise edge)
                                  0.000000    0.000000   clock network delay (ideal)
                      0.150000    0.000000    0.000000 ^ _500_/CLK (sky130_fd_sc_hd__dfrtp_2)
     2    0.003223    0.078273    0.831979    0.831979 v _500_/Q (sky130_fd_sc_hd__dfrtp_2)
                                                         scan_chain.scan_cells[9].scan_cell.primary_ff (net)
                      0.078273    0.000000    0.831979 v _251_/A0 (sky130_fd_sc_hd__mux2_1)
     1    0.001838    0.108000    0.614355    1.446334 v _251_/X (sky130_fd_sc_hd__mux2_1)
                                                         _026_ (net)
                      0.108000    0.000000    1.446334 v _500_/D (sky130_fd_sc_hd__dfrtp_2)
                                              1.446334   data arrival time

                      0.150000 10000.000000 10000.000000   clock sclka (rise edge)
                                  0.000000 10000.000000   clock network delay (ideal)
                                 -0.250000 9999.750000   clock uncertainty
                                  0.000000 9999.750000   clock reconvergence pessimism
                                           9999.750000 ^ _500_/CLK (sky130_fd_sc_hd__dfrtp_2)
                                 -0.271142 9999.478516   library setup time
                                           9999.478516   data required time
---------------------------------------------------------------------------------------------
                                           9999.478516   data required time
                                             -1.446334   data arrival time
---------------------------------------------------------------------------------------------
                                           9998.033203   slack (MET)


Startpoint: ui_in[2] (input port clocked by sclkb)
Endpoint: _501_ (rising edge-triggered flip-flop clocked by sclkb)
Path Group: sclkb
Path Type: max

Fanout         Cap        Slew       Delay        Time   Description
---------------------------------------------------------------------------------------------
                      0.150000    0.000000    0.000000   clock sclkb (rise edge)
                                  0.000000    0.000000   clock network delay (ideal)
                                  0.000000    0.000000 ^ input external delay
   106    0.356926    2.533271    1.782263    1.782263 ^ ui_in[2] (in)
                                                         ui_in[2] (net)
                      2.533271    0.000000    1.782263 ^ _252_/A (sky130_fd_sc_hd__nand2_2)
    39    0.123825    1.275047    1.736319    3.518582 v _252_/Y (sky130_fd_sc_hd__nand2_2)
                                                         _145_ (net)
                      1.275047    0.000000    3.518582 v _253_/S (sky130_fd_sc_hd__mux2_1)
     1    0.001838    0.107054    1.159018    4.677600 v _253_/X (sky130_fd_sc_hd__mux2_1)
                                                         _027_ (net)
                      0.107054    0.000000    4.677600 v _501_/D (sky130_fd_sc_hd__dfrtp_2)
                                              4.677600   data arrival time

                      0.150000 10000.000000 10000.000000   clock sclkb (rise edge)
                                  0.000000 10000.000000   clock network delay (ideal)
                                 -0.250000 9999.750000   clock uncertainty
                                  0.000000 9999.750000   clock reconvergence pessimism
                                           9999.750000 ^ _501_/CLK (sky130_fd_sc_hd__dfrtp_2)
                                 -0.270747 9999.478516   library setup time
                                           9999.478516   data required time
---------------------------------------------------------------------------------------------
                                           9999.478516   data required time
                                             -4.677600   data arrival time
---------------------------------------------------------------------------------------------
                                           9994.801758   slack (MET)




===========================================================================
report_checks --slack_max -0.01
============================================================================
======================= nom_ss_100C_1v60 Corner ===================================

No paths found.


===========================================================================
 report_check_types -max_slew -max_cap -max_fanout -violators
============================================================================
======================= nom_ss_100C_1v60 Corner ===================================

max slew

Pin                                        Limit        Slew       Slack
------------------------------------------------------------------------
rst_n                                   1.498289    3.321301   -1.823012 (VIOLATED)
_500_/RESET_B                           1.500000    3.321301   -1.821301 (VIOLATED)
_501_/RESET_B                           1.500000    3.321301   -1.821301 (VIOLATED)
_502_/RESET_B                           1.500000    3.321301   -1.821301 (VIOLATED)
_503_/RESET_B                           1.500000    3.321301   -1.821301 (VIOLATED)
_504_/RESET_B                           1.500000    3.321301   -1.821301 (VIOLATED)
_505_/RESET_B                           1.500000    3.321301   -1.821301 (VIOLATED)
_506_/RESET_B                           1.500000    3.321301   -1.821301 (VIOLATED)
_507_/RESET_B                           1.500000    3.321301   -1.821301 (VIOLATED)
_508_/RESET_B                           1.500000    3.321301   -1.821301 (VIOLATED)
_509_/RESET_B                           1.500000    3.321301   -1.821301 (VIOLATED)
_510_/RESET_B                           1.500000    3.321301   -1.821301 (VIOLATED)
_511_/RESET_B                           1.500000    3.321301   -1.821301 (VIOLATED)
_512_/RESET_B                           1.500000    3.321301   -1.821301 (VIOLATED)
_513_/RESET_B                           1.500000    3.321301   -1.821301 (VIOLATED)
_514_/RESET_B                           1.500000    3.321301   -1.821301 (VIOLATED)
_515_/RESET_B                           1.500000    3.321301   -1.821301 (VIOLATED)
_516_/RESET_B                           1.500000    3.321301   -1.821301 (VIOLATED)
_517_/RESET_B                           1.500000    3.321301   -1.821301 (VIOLATED)
_518_/RESET_B                           1.500000    3.321301   -1.821301 (VIOLATED)
_519_/RESET_B                           1.500000    3.321301   -1.821301 (VIOLATED)
_520_/RESET_B                           1.500000    3.321301   -1.821301 (VIOLATED)
_521_/RESET_B                           1.500000    3.321301   -1.821301 (VIOLATED)
_522_/RESET_B                           1.500000    3.321301   -1.821301 (VIOLATED)
_523_/RESET_B                           1.500000    3.321301   -1.821301 (VIOLATED)
_524_/RESET_B                           1.500000    3.321301   -1.821301 (VIOLATED)
_525_/RESET_B                           1.500000    3.321301   -1.821301 (VIOLATED)
_526_/RESET_B                           1.500000    3.321301   -1.821301 (VIOLATED)
_527_/RESET_B                           1.500000    3.321301   -1.821301 (VIOLATED)
_528_/RESET_B                           1.500000    3.321301   -1.821301 (VIOLATED)
_529_/RESET_B                           1.500000    3.321301   -1.821301 (VIOLATED)
_530_/RESET_B                           1.500000    3.321301   -1.821301 (VIOLATED)
_531_/RESET_B                           1.500000    3.321301   -1.821301 (VIOLATED)
_532_/RESET_B                           1.500000    3.321301   -1.821301 (VIOLATED)
_533_/RESET_B                           1.500000    3.321301   -1.821301 (VIOLATED)
_534_/RESET_B                           1.500000    3.321301   -1.821301 (VIOLATED)
_535_/RESET_B                           1.500000    3.321301   -1.821301 (VIOLATED)
_536_/RESET_B                           1.500000    3.321301   -1.821301 (VIOLATED)
_537_/RESET_B                           1.500000    3.321301   -1.821301 (VIOLATED)
_538_/RESET_B                           1.500000    3.321301   -1.821301 (VIOLATED)
_539_/RESET_B                           1.500000    3.321301   -1.821301 (VIOLATED)
_540_/RESET_B                           1.500000    3.321301   -1.821301 (VIOLATED)
_541_/RESET_B                           1.500000    3.321301   -1.821301 (VIOLATED)
_542_/RESET_B                           1.500000    3.321301   -1.821301 (VIOLATED)
_543_/RESET_B                           1.500000    3.321301   -1.821301 (VIOLATED)
_544_/RESET_B                           1.500000    3.321301   -1.821301 (VIOLATED)
_545_/RESET_B                           1.500000    3.321301   -1.821301 (VIOLATED)
_546_/RESET_B                           1.500000    3.321301   -1.821301 (VIOLATED)
_547_/RESET_B                           1.500000    3.321301   -1.821301 (VIOLATED)
_548_/RESET_B                           1.500000    3.321301   -1.821301 (VIOLATED)
_549_/RESET_B                           1.500000    3.321301   -1.821301 (VIOLATED)
_550_/RESET_B                           1.500000    3.321301   -1.821301 (VIOLATED)
_551_/RESET_B                           1.500000    3.321301   -1.821301 (VIOLATED)
_552_/RESET_B                           1.500000    3.321301   -1.821301 (VIOLATED)
_553_/RESET_B                           1.500000    3.321301   -1.821301 (VIOLATED)
_554_/RESET_B                           1.500000    3.321301   -1.821301 (VIOLATED)
_555_/RESET_B                           1.500000    3.321301   -1.821301 (VIOLATED)
_556_/RESET_B                           1.500000    3.321301   -1.821301 (VIOLATED)
_557_/RESET_B                           1.500000    3.321301   -1.821301 (VIOLATED)
_558_/RESET_B                           1.500000    3.321301   -1.821301 (VIOLATED)
_559_/RESET_B                           1.500000    3.321301   -1.821301 (VIOLATED)
_560_/RESET_B                           1.500000    3.321301   -1.821301 (VIOLATED)
_561_/RESET_B                           1.500000    3.321301   -1.821301 (VIOLATED)
_562_/RESET_B                           1.500000    3.321301   -1.821301 (VIOLATED)
_563_/RESET_B                           1.500000    3.321301   -1.821301 (VIOLATED)
_564_/RESET_B                           1.500000    3.321301   -1.821301 (VIOLATED)
_565_/RESET_B                           1.500000    3.321301   -1.821301 (VIOLATED)
_566_/RESET_B                           1.500000    3.321301   -1.821301 (VIOLATED)
_567_/RESET_B                           1.500000    3.321301   -1.821301 (VIOLATED)
_568_/RESET_B                           1.500000    3.321301   -1.821301 (VIOLATED)
_569_/RESET_B                           1.500000    3.321301   -1.821301 (VIOLATED)
_570_/RESET_B                           1.500000    3.321301   -1.821301 (VIOLATED)
_571_/RESET_B                           1.500000    3.321301   -1.821301 (VIOLATED)
_572_/RESET_B                           1.500000    3.321301   -1.821301 (VIOLATED)
_573_/RESET_B                           1.500000    3.321301   -1.821301 (VIOLATED)
_574_/RESET_B                           1.500000    3.321301   -1.821301 (VIOLATED)
_575_/RESET_B                           1.500000    3.321301   -1.821301 (VIOLATED)
_576_/RESET_B                           1.500000    3.321301   -1.821301 (VIOLATED)
_577_/RESET_B                           1.500000    3.321301   -1.821301 (VIOLATED)
_578_/RESET_B                           1.500000    3.321301   -1.821301 (VIOLATED)
_579_/RESET_B                           1.500000    3.321301   -1.821301 (VIOLATED)
_580_/RESET_B                           1.500000    3.321301   -1.821301 (VIOLATED)
_581_/RESET_B                           1.500000    3.321301   -1.821301 (VIOLATED)
_582_/RESET_B                           1.500000    3.321301   -1.821301 (VIOLATED)
_583_/RESET_B                           1.500000    3.321301   -1.821301 (VIOLATED)
_584_/RESET_B                           1.500000    3.321301   -1.821301 (VIOLATED)
_585_/RESET_B                           1.500000    3.321301   -1.821301 (VIOLATED)
_586_/RESET_B                           1.500000    3.321301   -1.821301 (VIOLATED)
_587_/RESET_B                           1.500000    3.321301   -1.821301 (VIOLATED)
_588_/RESET_B                           1.500000    3.321301   -1.821301 (VIOLATED)
_589_/RESET_B                           1.500000    3.321301   -1.821301 (VIOLATED)
_590_/RESET_B                           1.500000    3.321301   -1.821301 (VIOLATED)
_591_/RESET_B                           1.500000    3.321301   -1.821301 (VIOLATED)
_592_/RESET_B                           1.500000    3.321301   -1.821301 (VIOLATED)
_593_/RESET_B                           1.500000    3.321301   -1.821301 (VIOLATED)
_594_/RESET_B                           1.500000    3.321301   -1.821301 (VIOLATED)
_595_/RESET_B                           1.500000    3.321301   -1.821301 (VIOLATED)
_596_/RESET_B                           1.500000    3.321301   -1.821301 (VIOLATED)
_597_/RESET_B                           1.500000    3.321301   -1.821301 (VIOLATED)
_598_/RESET_B                           1.500000    3.321301   -1.821301 (VIOLATED)
_599_/RESET_B                           1.500000    3.321301   -1.821301 (VIOLATED)
_600_/RESET_B                           1.500000    3.321301   -1.821301 (VIOLATED)
_601_/RESET_B                           1.500000    3.321301   -1.821301 (VIOLATED)
_602_/RESET_B                           1.500000    3.321301   -1.821301 (VIOLATED)
_603_/RESET_B                           1.500000    3.321301   -1.821301 (VIOLATED)
_604_/RESET_B                           1.500000    3.321301   -1.821301 (VIOLATED)
_605_/RESET_B                           1.500000    3.321301   -1.821301 (VIOLATED)
_606_/RESET_B                           1.500000    3.321301   -1.821301 (VIOLATED)
_607_/RESET_B                           1.500000    3.321301   -1.821301 (VIOLATED)
_608_/RESET_B                           1.500000    3.321301   -1.821301 (VIOLATED)
_609_/RESET_B                           1.500000    3.321301   -1.821301 (VIOLATED)
_610_/RESET_B                           1.500000    3.321301   -1.821301 (VIOLATED)
_611_/RESET_B                           1.500000    3.321301   -1.821301 (VIOLATED)
_612_/RESET_B                           1.500000    3.321301   -1.821301 (VIOLATED)
_613_/RESET_B                           1.500000    3.321301   -1.821301 (VIOLATED)
_614_/RESET_B                           1.500000    3.321301   -1.821301 (VIOLATED)
_615_/RESET_B                           1.500000    3.321301   -1.821301 (VIOLATED)
_616_/RESET_B                           1.500000    3.321301   -1.821301 (VIOLATED)
_617_/RESET_B                           1.500000    3.321301   -1.821301 (VIOLATED)
_618_/RESET_B                           1.500000    3.321301   -1.821301 (VIOLATED)
_619_/RESET_B                           1.500000    3.321301   -1.821301 (VIOLATED)
_620_/RESET_B                           1.500000    3.321301   -1.821301 (VIOLATED)
_621_/RESET_B                           1.500000    3.321301   -1.821301 (VIOLATED)
_622_/RESET_B                           1.500000    3.321301   -1.821301 (VIOLATED)
_623_/RESET_B                           1.500000    3.321301   -1.821301 (VIOLATED)
_624_/RESET_B                           1.500000    3.321301   -1.821301 (VIOLATED)
_625_/RESET_B                           1.500000    3.321301   -1.821301 (VIOLATED)
_626_/RESET_B                           1.500000    3.321301   -1.821301 (VIOLATED)
_627_/RESET_B                           1.500000    3.321301   -1.821301 (VIOLATED)
_628_/RESET_B                           1.500000    3.321301   -1.821301 (VIOLATED)
_629_/RESET_B                           1.500000    3.321301   -1.821301 (VIOLATED)
_630_/RESET_B                           1.500000    3.321301   -1.821301 (VIOLATED)
_631_/RESET_B                           1.500000    3.321301   -1.821301 (VIOLATED)
_632_/RESET_B                           1.500000    3.321301   -1.821301 (VIOLATED)
_633_/RESET_B                           1.500000    3.321301   -1.821301 (VIOLATED)
_634_/RESET_B                           1.500000    3.321301   -1.821301 (VIOLATED)
_635_/RESET_B                           1.500000    3.321301   -1.821301 (VIOLATED)
_636_/RESET_B                           1.500000    3.321301   -1.821301 (VIOLATED)
_637_/RESET_B                           1.500000    3.321301   -1.821301 (VIOLATED)
_638_/RESET_B                           1.500000    3.321301   -1.821301 (VIOLATED)
_639_/RESET_B                           1.500000    3.321301   -1.821301 (VIOLATED)
_640_/RESET_B                           1.500000    3.321301   -1.821301 (VIOLATED)
_641_/RESET_B                           1.500000    3.321301   -1.821301 (VIOLATED)
_642_/RESET_B                           1.500000    3.321301   -1.821301 (VIOLATED)
_643_/RESET_B                           1.500000    3.321301   -1.821301 (VIOLATED)
ui_in[1]                                1.498289    2.533766   -1.035477 (VIOLATED)
ui_in[2]                                1.498289    2.533271   -1.034982 (VIOLATED)
_251_/S                                 1.500000    2.533766   -1.033766 (VIOLATED)
_252_/B                                 1.500000    2.533766   -1.033766 (VIOLATED)
_255_/S                                 1.500000    2.533766   -1.033766 (VIOLATED)
_258_/S                                 1.500000    2.533766   -1.033766 (VIOLATED)
_261_/S                                 1.500000    2.533766   -1.033766 (VIOLATED)
_264_/S                                 1.500000    2.533766   -1.033766 (VIOLATED)
_267_/S                                 1.500000    2.533766   -1.033766 (VIOLATED)
_270_/S                                 1.500000    2.533766   -1.033766 (VIOLATED)
_273_/S                                 1.500000    2.533766   -1.033766 (VIOLATED)
_276_/S                                 1.500000    2.533766   -1.033766 (VIOLATED)
_279_/S                                 1.500000    2.533766   -1.033766 (VIOLATED)
_282_/S                                 1.500000    2.533766   -1.033766 (VIOLATED)
_285_/S                                 1.500000    2.533766   -1.033766 (VIOLATED)
_288_/S                                 1.500000    2.533766   -1.033766 (VIOLATED)
_291_/S                                 1.500000    2.533766   -1.033766 (VIOLATED)
_294_/S                                 1.500000    2.533766   -1.033766 (VIOLATED)
_297_/S                                 1.500000    2.533766   -1.033766 (VIOLATED)
_300_/S                                 1.500000    2.533766   -1.033766 (VIOLATED)
_303_/S                                 1.500000    2.533766   -1.033766 (VIOLATED)
_306_/S                                 1.500000    2.533766   -1.033766 (VIOLATED)
_309_/S                                 1.500000    2.533766   -1.033766 (VIOLATED)
_312_/S                                 1.500000    2.533766   -1.033766 (VIOLATED)
_315_/S                                 1.500000    2.533766   -1.033766 (VIOLATED)
_318_/S                                 1.500000    2.533766   -1.033766 (VIOLATED)
_321_/S                                 1.500000    2.533766   -1.033766 (VIOLATED)
_324_/S                                 1.500000    2.533766   -1.033766 (VIOLATED)
_327_/S                                 1.500000    2.533766   -1.033766 (VIOLATED)
_330_/S                                 1.500000    2.533766   -1.033766 (VIOLATED)
_333_/S                                 1.500000    2.533766   -1.033766 (VIOLATED)
_336_/S                                 1.500000    2.533766   -1.033766 (VIOLATED)
_339_/S                                 1.500000    2.533766   -1.033766 (VIOLATED)
_342_/S                                 1.500000    2.533766   -1.033766 (VIOLATED)
_345_/S                                 1.500000    2.533766   -1.033766 (VIOLATED)
_348_/S                                 1.500000    2.533766   -1.033766 (VIOLATED)
_351_/S                                 1.500000    2.533766   -1.033766 (VIOLATED)
_354_/S                                 1.500000    2.533766   -1.033766 (VIOLATED)
_357_/S                                 1.500000    2.533766   -1.033766 (VIOLATED)
_360_/S                                 1.500000    2.533766   -1.033766 (VIOLATED)
_363_/S                                 1.500000    2.533766   -1.033766 (VIOLATED)
_366_/S                                 1.500000    2.533766   -1.033766 (VIOLATED)
_369_/S                                 1.500000    2.533766   -1.033766 (VIOLATED)
_371_/S                                 1.500000    2.533766   -1.033766 (VIOLATED)
_373_/S                                 1.500000    2.533766   -1.033766 (VIOLATED)
_375_/S                                 1.500000    2.533766   -1.033766 (VIOLATED)
_377_/S                                 1.500000    2.533766   -1.033766 (VIOLATED)
_379_/S                                 1.500000    2.533766   -1.033766 (VIOLATED)
_381_/S                                 1.500000    2.533766   -1.033766 (VIOLATED)
_383_/S                                 1.500000    2.533766   -1.033766 (VIOLATED)
_385_/S                                 1.500000    2.533766   -1.033766 (VIOLATED)
_387_/S                                 1.500000    2.533766   -1.033766 (VIOLATED)
_389_/S                                 1.500000    2.533766   -1.033766 (VIOLATED)
_391_/S                                 1.500000    2.533766   -1.033766 (VIOLATED)
_393_/S                                 1.500000    2.533766   -1.033766 (VIOLATED)
_395_/S                                 1.500000    2.533766   -1.033766 (VIOLATED)
_397_/S                                 1.500000    2.533766   -1.033766 (VIOLATED)
_399_/S                                 1.500000    2.533766   -1.033766 (VIOLATED)
_401_/S                                 1.500000    2.533766   -1.033766 (VIOLATED)
_403_/S                                 1.500000    2.533766   -1.033766 (VIOLATED)
_405_/S                                 1.500000    2.533766   -1.033766 (VIOLATED)
_407_/S                                 1.500000    2.533766   -1.033766 (VIOLATED)
_409_/S                                 1.500000    2.533766   -1.033766 (VIOLATED)
_411_/S                                 1.500000    2.533766   -1.033766 (VIOLATED)
_413_/S                                 1.500000    2.533766   -1.033766 (VIOLATED)
_415_/S                                 1.500000    2.533766   -1.033766 (VIOLATED)
_417_/S                                 1.500000    2.533766   -1.033766 (VIOLATED)
_419_/S                                 1.500000    2.533766   -1.033766 (VIOLATED)
_421_/S                                 1.500000    2.533766   -1.033766 (VIOLATED)
_423_/S                                 1.500000    2.533766   -1.033766 (VIOLATED)
_425_/S                                 1.500000    2.533766   -1.033766 (VIOLATED)
_427_/S                                 1.500000    2.533766   -1.033766 (VIOLATED)
_429_/S                                 1.500000    2.533766   -1.033766 (VIOLATED)
_431_/S                                 1.500000    2.533766   -1.033766 (VIOLATED)
_433_/S                                 1.500000    2.533766   -1.033766 (VIOLATED)
_435_/S                                 1.500000    2.533766   -1.033766 (VIOLATED)
_437_/S                                 1.500000    2.533766   -1.033766 (VIOLATED)
_439_/S                                 1.500000    2.533766   -1.033766 (VIOLATED)
_441_/S                                 1.500000    2.533766   -1.033766 (VIOLATED)
_443_/S                                 1.500000    2.533766   -1.033766 (VIOLATED)
_445_/S                                 1.500000    2.533766   -1.033766 (VIOLATED)
_447_/S                                 1.500000    2.533766   -1.033766 (VIOLATED)
_449_/S                                 1.500000    2.533766   -1.033766 (VIOLATED)
_451_/S                                 1.500000    2.533766   -1.033766 (VIOLATED)
_453_/S                                 1.500000    2.533766   -1.033766 (VIOLATED)
_455_/S                                 1.500000    2.533766   -1.033766 (VIOLATED)
_457_/S                                 1.500000    2.533766   -1.033766 (VIOLATED)
_459_/S                                 1.500000    2.533766   -1.033766 (VIOLATED)
_461_/S                                 1.500000    2.533766   -1.033766 (VIOLATED)
_463_/S                                 1.500000    2.533766   -1.033766 (VIOLATED)
_465_/S                                 1.500000    2.533766   -1.033766 (VIOLATED)
_467_/S                                 1.500000    2.533766   -1.033766 (VIOLATED)
_469_/S                                 1.500000    2.533766   -1.033766 (VIOLATED)
_471_/S                                 1.500000    2.533766   -1.033766 (VIOLATED)
_473_/S                                 1.500000    2.533766   -1.033766 (VIOLATED)
_475_/S                                 1.500000    2.533766   -1.033766 (VIOLATED)
_477_/S                                 1.500000    2.533766   -1.033766 (VIOLATED)
_479_/S                                 1.500000    2.533766   -1.033766 (VIOLATED)
_481_/S                                 1.500000    2.533766   -1.033766 (VIOLATED)
_483_/S                                 1.500000    2.533766   -1.033766 (VIOLATED)
_485_/S                                 1.500000    2.533766   -1.033766 (VIOLATED)
_487_/S                                 1.500000    2.533766   -1.033766 (VIOLATED)
_489_/S                                 1.500000    2.533766   -1.033766 (VIOLATED)
_491_/S                                 1.500000    2.533766   -1.033766 (VIOLATED)
_493_/S                                 1.500000    2.533766   -1.033766 (VIOLATED)
_495_/S                                 1.500000    2.533766   -1.033766 (VIOLATED)
_497_/S                                 1.500000    2.533766   -1.033766 (VIOLATED)
_499_/S                                 1.500000    2.533766   -1.033766 (VIOLATED)
_250_/S                                 1.500000    2.533271   -1.033271 (VIOLATED)
_252_/A                                 1.500000    2.533271   -1.033271 (VIOLATED)
_254_/S                                 1.500000    2.533271   -1.033271 (VIOLATED)
_257_/S                                 1.500000    2.533271   -1.033271 (VIOLATED)
_260_/S                                 1.500000    2.533271   -1.033271 (VIOLATED)
_263_/S                                 1.500000    2.533271   -1.033271 (VIOLATED)
_266_/S                                 1.500000    2.533271   -1.033271 (VIOLATED)
_269_/S                                 1.500000    2.533271   -1.033271 (VIOLATED)
_272_/S                                 1.500000    2.533271   -1.033271 (VIOLATED)
_275_/S                                 1.500000    2.533271   -1.033271 (VIOLATED)
_278_/S                                 1.500000    2.533271   -1.033271 (VIOLATED)
_281_/S                                 1.500000    2.533271   -1.033271 (VIOLATED)
_284_/S                                 1.500000    2.533271   -1.033271 (VIOLATED)
_287_/S                                 1.500000    2.533271   -1.033271 (VIOLATED)
_290_/S                                 1.500000    2.533271   -1.033271 (VIOLATED)
_293_/S                                 1.500000    2.533271   -1.033271 (VIOLATED)
_296_/S                                 1.500000    2.533271   -1.033271 (VIOLATED)
_299_/S                                 1.500000    2.533271   -1.033271 (VIOLATED)
_302_/S                                 1.500000    2.533271   -1.033271 (VIOLATED)
_305_/S                                 1.500000    2.533271   -1.033271 (VIOLATED)
_308_/S                                 1.500000    2.533271   -1.033271 (VIOLATED)
_311_/S                                 1.500000    2.533271   -1.033271 (VIOLATED)
_314_/S                                 1.500000    2.533271   -1.033271 (VIOLATED)
_317_/S                                 1.500000    2.533271   -1.033271 (VIOLATED)
_320_/S                                 1.500000    2.533271   -1.033271 (VIOLATED)
_323_/S                                 1.500000    2.533271   -1.033271 (VIOLATED)
_326_/S                                 1.500000    2.533271   -1.033271 (VIOLATED)
_329_/S                                 1.500000    2.533271   -1.033271 (VIOLATED)
_332_/S                                 1.500000    2.533271   -1.033271 (VIOLATED)
_335_/S                                 1.500000    2.533271   -1.033271 (VIOLATED)
_338_/S                                 1.500000    2.533271   -1.033271 (VIOLATED)
_341_/S                                 1.500000    2.533271   -1.033271 (VIOLATED)
_344_/S                                 1.500000    2.533271   -1.033271 (VIOLATED)
_347_/S                                 1.500000    2.533271   -1.033271 (VIOLATED)
_350_/S                                 1.500000    2.533271   -1.033271 (VIOLATED)
_353_/S                                 1.500000    2.533271   -1.033271 (VIOLATED)
_356_/S                                 1.500000    2.533271   -1.033271 (VIOLATED)
_359_/S                                 1.500000    2.533271   -1.033271 (VIOLATED)
_362_/S                                 1.500000    2.533271   -1.033271 (VIOLATED)
_365_/S                                 1.500000    2.533271   -1.033271 (VIOLATED)
_368_/S                                 1.500000    2.533271   -1.033271 (VIOLATED)
_370_/S                                 1.500000    2.533271   -1.033271 (VIOLATED)
_372_/S                                 1.500000    2.533271   -1.033271 (VIOLATED)
_374_/S                                 1.500000    2.533271   -1.033271 (VIOLATED)
_376_/S                                 1.500000    2.533271   -1.033271 (VIOLATED)
_378_/S                                 1.500000    2.533271   -1.033271 (VIOLATED)
_380_/S                                 1.500000    2.533271   -1.033271 (VIOLATED)
_382_/S                                 1.500000    2.533271   -1.033271 (VIOLATED)
_384_/S                                 1.500000    2.533271   -1.033271 (VIOLATED)
_386_/S                                 1.500000    2.533271   -1.033271 (VIOLATED)
_388_/S                                 1.500000    2.533271   -1.033271 (VIOLATED)
_390_/S                                 1.500000    2.533271   -1.033271 (VIOLATED)
_392_/S                                 1.500000    2.533271   -1.033271 (VIOLATED)
_394_/S                                 1.500000    2.533271   -1.033271 (VIOLATED)
_396_/S                                 1.500000    2.533271   -1.033271 (VIOLATED)
_398_/S                                 1.500000    2.533271   -1.033271 (VIOLATED)
_400_/S                                 1.500000    2.533271   -1.033271 (VIOLATED)
_402_/S                                 1.500000    2.533271   -1.033271 (VIOLATED)
_404_/S                                 1.500000    2.533271   -1.033271 (VIOLATED)
_406_/S                                 1.500000    2.533271   -1.033271 (VIOLATED)
_408_/S                                 1.500000    2.533271   -1.033271 (VIOLATED)
_410_/S                                 1.500000    2.533271   -1.033271 (VIOLATED)
_412_/S                                 1.500000    2.533271   -1.033271 (VIOLATED)
_414_/S                                 1.500000    2.533271   -1.033271 (VIOLATED)
_416_/S                                 1.500000    2.533271   -1.033271 (VIOLATED)
_418_/S                                 1.500000    2.533271   -1.033271 (VIOLATED)
_420_/S                                 1.500000    2.533271   -1.033271 (VIOLATED)
_422_/S                                 1.500000    2.533271   -1.033271 (VIOLATED)
_424_/S                                 1.500000    2.533271   -1.033271 (VIOLATED)
_426_/S                                 1.500000    2.533271   -1.033271 (VIOLATED)
_428_/S                                 1.500000    2.533271   -1.033271 (VIOLATED)
_430_/S                                 1.500000    2.533271   -1.033271 (VIOLATED)
_432_/S                                 1.500000    2.533271   -1.033271 (VIOLATED)
_434_/S                                 1.500000    2.533271   -1.033271 (VIOLATED)
_436_/S                                 1.500000    2.533271   -1.033271 (VIOLATED)
_438_/S                                 1.500000    2.533271   -1.033271 (VIOLATED)
_440_/S                                 1.500000    2.533271   -1.033271 (VIOLATED)
_442_/S                                 1.500000    2.533271   -1.033271 (VIOLATED)
_444_/S                                 1.500000    2.533271   -1.033271 (VIOLATED)
_446_/S                                 1.500000    2.533271   -1.033271 (VIOLATED)
_448_/S                                 1.500000    2.533271   -1.033271 (VIOLATED)
_450_/S                                 1.500000    2.533271   -1.033271 (VIOLATED)
_452_/S                                 1.500000    2.533271   -1.033271 (VIOLATED)
_454_/S                                 1.500000    2.533271   -1.033271 (VIOLATED)
_456_/S                                 1.500000    2.533271   -1.033271 (VIOLATED)
_458_/S                                 1.500000    2.533271   -1.033271 (VIOLATED)
_460_/S                                 1.500000    2.533271   -1.033271 (VIOLATED)
_462_/S                                 1.500000    2.533271   -1.033271 (VIOLATED)
_464_/S                                 1.500000    2.533271   -1.033271 (VIOLATED)
_466_/S                                 1.500000    2.533271   -1.033271 (VIOLATED)
_468_/S                                 1.500000    2.533271   -1.033271 (VIOLATED)
_470_/S                                 1.500000    2.533271   -1.033271 (VIOLATED)
_472_/S                                 1.500000    2.533271   -1.033271 (VIOLATED)
_474_/S                                 1.500000    2.533271   -1.033271 (VIOLATED)
_476_/S                                 1.500000    2.533271   -1.033271 (VIOLATED)
_478_/S                                 1.500000    2.533271   -1.033271 (VIOLATED)
_480_/S                                 1.500000    2.533271   -1.033271 (VIOLATED)
_482_/S                                 1.500000    2.533271   -1.033271 (VIOLATED)
_484_/S                                 1.500000    2.533271   -1.033271 (VIOLATED)
_486_/S                                 1.500000    2.533271   -1.033271 (VIOLATED)
_488_/S                                 1.500000    2.533271   -1.033271 (VIOLATED)
_490_/S                                 1.500000    2.533271   -1.033271 (VIOLATED)
_492_/S                                 1.500000    2.533271   -1.033271 (VIOLATED)
_494_/S                                 1.500000    2.533271   -1.033271 (VIOLATED)
_496_/S                                 1.500000    2.533271   -1.033271 (VIOLATED)
_498_/S                                 1.500000    2.533271   -1.033271 (VIOLATED)

max fanout

Pin                                   Limit Fanout  Slack
---------------------------------------------------------
rst_n                                    10    144   -134 (VIOLATED)
ui_in[1]                                 10    106    -96 (VIOLATED)
ui_in[2]                                 10    106    -96 (VIOLATED)
_252_/Y                                  10     39    -29 (VIOLATED)

max capacitance

Pin                                        Limit         Cap       Slack
------------------------------------------------------------------------
rst_n                                   0.209666    0.488593   -0.278927 (VIOLATED)
ui_in[1]                                0.209666    0.356997   -0.147331 (VIOLATED)
ui_in[2]                                0.209666    0.356926   -0.147260 (VIOLATED)



===========================================================================
report_parasitic_annotation -report_unannotated
============================================================================
Found 459 unannotated drivers.
 clk
 ena
 rst_n
 ui_in[0]
 ui_in[1]
 ui_in[2]
 ui_in[3]
 ui_in[4]
 ui_in[5]
 ui_in[6]
 ui_in[7]
 uio_in[0]
 uio_in[1]
 uio_in[2]
 uio_in[3]
 uio_in[4]
 uio_in[5]
 uio_in[6]
 uio_in[7]
 _250_/X
 _251_/X
 _252_/Y
 _253_/X
 _254_/X
 _255_/X
 _256_/X
 _257_/X
 _258_/X
 _259_/X
 _260_/X
 _261_/X
 _262_/X
 _263_/X
 _264_/X
 _265_/X
 _266_/X
 _267_/X
 _268_/X
 _269_/X
 _270_/X
 _271_/X
 _272_/X
 _273_/X
 _274_/X
 _275_/X
 _276_/X
 _277_/X
 _278_/X
 _279_/X
 _280_/X
 _281_/X
 _282_/X
 _283_/X
 _284_/X
 _285_/X
 _286_/X
 _287_/X
 _288_/X
 _289_/X
 _290_/X
 _291_/X
 _292_/X
 _293_/X
 _294_/X
 _295_/X
 _296_/X
 _297_/X
 _298_/X
 _299_/X
 _300_/X
 _301_/X
 _302_/X
 _303_/X
 _304_/X
 _305_/X
 _306_/X
 _307_/X
 _308_/X
 _309_/X
 _310_/X
 _311_/X
 _312_/X
 _313_/X
 _314_/X
 _315_/X
 _316_/X
 _317_/X
 _318_/X
 _319_/X
 _320_/X
 _321_/X
 _322_/X
 _323_/X
 _324_/X
 _325_/X
 _326_/X
 _327_/X
 _328_/X
 _329_/X
 _330_/X
 _331_/X
 _332_/X
 _333_/X
 _334_/X
 _335_/X
 _336_/X
 _337_/X
 _338_/X
 _339_/X
 _340_/X
 _341_/X
 _342_/X
 _343_/X
 _344_/X
 _345_/X
 _346_/X
 _347_/X
 _348_/X
 _349_/X
 _350_/X
 _351_/X
 _352_/X
 _353_/X
 _354_/X
 _355_/X
 _356_/X
 _357_/X
 _358_/X
 _359_/X
 _360_/X
 _361_/X
 _362_/X
 _363_/X
 _364_/X
 _365_/X
 _366_/X
 _367_/X
 _368_/X
 _369_/X
 _370_/X
 _371_/X
 _372_/X
 _373_/X
 _374_/X
 _375_/X
 _376_/X
 _377_/X
 _378_/X
 _379_/X
 _380_/X
 _381_/X
 _382_/X
 _383_/X
 _384_/X
 _385_/X
 _386_/X
 _387_/X
 _388_/X
 _389_/X
 _390_/X
 _391_/X
 _392_/X
 _393_/X
 _394_/X
 _395_/X
 _396_/X
 _397_/X
 _398_/X
 _399_/X
 _400_/X
 _401_/X
 _402_/X
 _403_/X
 _404_/X
 _405_/X
 _406_/X
 _407_/X
 _408_/X
 _409_/X
 _410_/X
 _411_/X
 _412_/X
 _413_/X
 _414_/X
 _415_/X
 _416_/X
 _417_/X
 _418_/X
 _419_/X
 _420_/X
 _421_/X
 _422_/X
 _423_/X
 _424_/X
 _425_/X
 _426_/X
 _427_/X
 _428_/X
 _429_/X
 _430_/X
 _431_/X
 _432_/X
 _433_/X
 _434_/X
 _435_/X
 _436_/X
 _437_/X
 _438_/X
 _439_/X
 _440_/X
 _441_/X
 _442_/X
 _443_/X
 _444_/X
 _445_/X
 _446_/X
 _447_/X
 _448_/X
 _449_/X
 _450_/X
 _451_/X
 _452_/X
 _453_/X
 _454_/X
 _455_/X
 _456_/X
 _457_/X
 _458_/X
 _459_/X
 _460_/X
 _461_/X
 _462_/X
 _463_/X
 _464_/X
 _465_/X
 _466_/X
 _467_/X
 _468_/X
 _469_/X
 _470_/X
 _471_/X
 _472_/X
 _473_/X
 _474_/X
 _475_/X
 _476_/X
 _477_/X
 _478_/X
 _479_/X
 _480_/X
 _481_/X
 _482_/X
 _483_/X
 _484_/X
 _485_/X
 _486_/X
 _487_/X
 _488_/X
 _489_/X
 _490_/X
 _491_/X
 _492_/X
 _493_/X
 _494_/X
 _495_/X
 _496_/X
 _497_/X
 _498_/X
 _499_/X
 _500_/Q
 _501_/Q
 _502_/Q
 _503_/Q
 _504_/Q
 _505_/Q
 _506_/Q
 _507_/Q
 _508_/Q
 _509_/Q
 _510_/Q
 _511_/Q
 _512_/Q
 _513_/Q
 _514_/Q
 _515_/Q
 _516_/Q
 _517_/Q
 _518_/Q
 _519_/Q
 _520_/Q
 _521_/Q
 _522_/Q
 _523_/Q
 _524_/Q
 _525_/Q
 _526_/Q
 _527_/Q
 _528_/Q
 _529_/Q
 _530_/Q
 _531_/Q
 _532_/Q
 _533_/Q
 _534_/Q
 _535_/Q
 _536_/Q
 _537_/Q
 _538_/Q
 _539_/Q
 _540_/Q
 _541_/Q
 _542_/Q
 _543_/Q
 _544_/Q
 _545_/Q
 _546_/Q
 _547_/Q
 _548_/Q
 _549_/Q
 _550_/Q
 _551_/Q
 _552_/Q
 _553_/Q
 _554_/Q
 _555_/Q
 _556_/Q
 _557_/Q
 _558_/Q
 _559_/Q
 _560_/Q
 _561_/Q
 _562_/Q
 _563_/Q
 _564_/Q
 _565_/Q
 _566_/Q
 _567_/Q
 _568_/Q
 _569_/Q
 _570_/Q
 _571_/Q
 _572_/Q
 _573_/Q
 _574_/Q
 _575_/Q
 _576_/Q
 _577_/Q
 _578_/Q
 _579_/Q
 _580_/Q
 _581_/Q
 _582_/Q
 _583_/Q
 _584_/Q
 _585_/Q
 _586_/Q
 _587_/Q
 _588_/Q
 _589_/Q
 _590_/Q
 _591_/Q
 _592_/Q
 _593_/Q
 _594_/Q
 _595_/Q
 _596_/Q
 _597_/Q
 _598_/Q
 _599_/Q
 _600_/Q
 _601_/Q
 _602_/Q
 _603_/Q
 _604_/Q
 _605_/Q
 _606_/Q
 _607_/Q
 _608_/Q
 _609_/Q
 _610_/Q
 _611_/Q
 _612_/Q
 _613_/Q
 _614_/Q
 _615_/Q
 _616_/Q
 _617_/Q
 _618_/Q
 _619_/Q
 _620_/Q
 _621_/Q
 _622_/Q
 _623_/Q
 _624_/Q
 _625_/Q
 _626_/Q
 _627_/Q
 _628_/Q
 _629_/Q
 _630_/Q
 _631_/Q
 _632_/Q
 _633_/Q
 _634_/Q
 _635_/Q
 _636_/Q
 _637_/Q
 _638_/Q
 _639_/Q
 _640_/Q
 _641_/Q
 _642_/Q
 _643_/Q
 _644_/HI
 _644_/LO
 _645_/HI
 _645_/LO
 _646_/HI
 _646_/LO
 _647_/HI
 _647_/LO
 _648_/HI
 _648_/LO
 _649_/HI
 _649_/LO
 _650_/HI
 _650_/LO
 _651_/HI
 _651_/LO
 _652_/HI
 _652_/LO
 _653_/HI
 _653_/LO
 _654_/HI
 _654_/LO
 _655_/HI
 _655_/LO
 _656_/HI
 _656_/LO
 _657_/HI
 _657_/LO
 _658_/HI
 _658_/LO
 _659_/HI
 _659_/LO
 _660_/HI
 _660_/LO
 _661_/HI
 _661_/LO
 _662_/HI
 _662_/LO
 _663_/HI
 _663_/LO
 _664_/HI
 _664_/LO
 _665_/HI
 _665_/LO
 _666_/X
 _667_/X
Found 0 partially unannotated drivers.

===========================================================================
max slew violation count 359
max fanout violation count 4
max cap violation count 3
============================================================================

===========================================================================
check_setup -verbose -unconstrained_endpoints -multiple_clock -no_clock -no_input_delay -loops -generated_clocks
===========================================================================
Warning: There are 22 unconstrained endpoints.
  uio_oe[0]
  uio_oe[1]
  uio_oe[2]
  uio_oe[3]
  uio_oe[4]
  uio_oe[5]
  uio_oe[6]
  uio_oe[7]
  uio_out[0]
  uio_out[1]
  uio_out[2]
  uio_out[3]
  uio_out[4]
  uio_out[5]
  uio_out[6]
  uio_out[7]
  uo_out[2]
  uo_out[3]
  uo_out[4]
  uo_out[5]
  uo_out[6]
  uo_out[7]
