Clock: sclka
Sources: ui_in[3] 
Generated: no
Virtual: yes
Propagated: no
Period: 10000.000000

===========================================================================
report_clock_properties
============================================================================
Clock                   Period          Waveform
----------------------------------------------------
sclka               10000.000000    0.0000005000.000000

===========================================================================
report_clock_latency
============================================================================
Clock sclka
rise -> rise
    min     max
0.000000 0.000000 source latency
0.398355         network latency _500_/CLK
        0.406643 network latency _575_/CLK
---------------
0.398355 0.406643 latency
        0.008288 skew

rise -> fall
    min     max
0.000000 0.000000 source latency
0.366885         network latency _607_/CLK
        0.372934 network latency _575_/CLK
---------------
0.366885 0.372934 latency
        0.006048 skew

fall -> fall
    min     max
0.000000 0.000000 source latency
0.366981         network latency _500_/CLK
        0.371983 network latency _592_/CLK
---------------
0.366981 0.371983 latency
        0.005002 skew



===========================================================================
report_clock_min_period
============================================================================
sclka period_min = 1.56 fmax = 639.25
Clock: sclkb
Sources: ui_in[4] 
Generated: no
Virtual: yes
Propagated: no
Period: 10000.000000

===========================================================================
report_clock_properties
============================================================================
Clock                   Period          Waveform
----------------------------------------------------
sclkb               10000.000000    0.0000005000.000000

===========================================================================
report_clock_latency
============================================================================
Clock sclkb
rise -> rise
    min     max
0.000000 0.000000 source latency
0.398355         network latency _500_/CLK
        0.406643 network latency _575_/CLK
---------------
0.398355 0.406643 latency
        0.008288 skew

rise -> fall
    min     max
0.000000 0.000000 source latency
0.367152         network latency _500_/CLK
        0.371719 network latency _618_/CLK
---------------
0.367152 0.371719 latency
        0.004567 skew

fall -> fall
    min     max
0.000000 0.000000 source latency
0.366981         network latency _547_/CLK
        0.372893 network latency _513_/CLK
---------------
0.366981 0.372893 latency
        0.005912 skew



===========================================================================
report_clock_min_period
============================================================================
sclkb period_min = 1.61 fmax = 621.54
