
===========================================================================
report_checks -unconstrained
===========================================================================
======================= nom_tt_025C_1v80 Corner ===================================

Startpoint: rst_n (input port clocked by sclkb)
Endpoint: _513_ (recovery check against rising-edge clock sclkb)
Path Group: asynchronous
Path Type: max

Fanout         Cap        Slew       Delay        Time   Description
---------------------------------------------------------------------------------------------
                                  0.000000    0.000000   clock sclkb (rise edge)
                                  0.000000    0.000000   clock network delay (propagated)
                                  0.000000    0.000000 ^ input external delay
     1    0.002827    0.019849    0.010416    0.010416 ^ rst_n (in)
                                                         rst_n (net)
                      0.019849    0.000000    0.010416 ^ hold1/A (sky130_fd_sc_hd__dlygate4sd3_1)
     1    0.003893    0.062686    0.535918    0.546334 ^ hold1/X (sky130_fd_sc_hd__dlygate4sd3_1)
                                                         net78 (net)
                      0.062686    0.000126    0.546460 ^ input1/A (sky130_fd_sc_hd__clkbuf_1)
     1    0.002732    0.043423    0.085293    0.631753 ^ input1/X (sky130_fd_sc_hd__clkbuf_1)
                                                         net1 (net)
                      0.043423    0.000084    0.631837 ^ hold2/A (sky130_fd_sc_hd__dlygate4sd3_1)
     1    0.004103    0.064470    0.545355    1.177192 ^ hold2/X (sky130_fd_sc_hd__dlygate4sd3_1)
                                                         net79 (net)
                      0.064470    0.000109    1.177301 ^ fanout55/A (sky130_fd_sc_hd__clkbuf_2)
     5    0.036350    0.199870    0.220797    1.398098 ^ fanout55/X (sky130_fd_sc_hd__clkbuf_2)
                                                         net55 (net)
                      0.199878    0.001111    1.399209 ^ fanout54/A (sky130_fd_sc_hd__buf_4)
     6    0.067580    0.189702    0.261978    1.661187 ^ fanout54/X (sky130_fd_sc_hd__buf_4)
                                                         net54 (net)
                      0.189938    0.005586    1.666773 ^ fanout53/A (sky130_fd_sc_hd__buf_2)
     6    0.048271    0.235627    0.288506    1.955279 ^ fanout53/X (sky130_fd_sc_hd__buf_2)
                                                         net53 (net)
                      0.235629    0.000499    1.955778 ^ fanout52/A (sky130_fd_sc_hd__clkbuf_4)
    10    0.054255    0.167285    0.291792    2.247570 ^ fanout52/X (sky130_fd_sc_hd__clkbuf_4)
                                                         net52 (net)
                      0.167300    0.001802    2.249372 ^ fanout51/A (sky130_fd_sc_hd__clkbuf_4)
    10    0.047980    0.151165    0.256851    2.506223 ^ fanout51/X (sky130_fd_sc_hd__clkbuf_4)
                                                         net51 (net)
                      0.151180    0.001584    2.507807 ^ _513_/RESET_B (sky130_fd_sc_hd__dfrtp_4)
                                              2.507807   data arrival time

                               10000.000000 10000.000000   clock sclkb (rise edge)
                                  0.000000 10000.000000   clock source latency
     1    0.024301    0.114972    0.079126 10000.079102 ^ ui_in[4] (in)
                                                         ui_in[4] (net)
                      0.114998    0.000000 10000.079102 ^ clkbuf_0_ui_in[4]/A (sky130_fd_sc_hd__clkbuf_16)
     8    0.128867    0.141927    0.228283 10000.307617 ^ clkbuf_0_ui_in[4]/X (sky130_fd_sc_hd__clkbuf_16)
                                                         clknet_0_ui_in[4] (net)
                      0.143442    0.010914 10000.318359 ^ clkbuf_3_4__f_ui_in[4]/A (sky130_fd_sc_hd__clkbuf_16)
     8    0.041493    0.061557    0.177351 10000.496094 ^ clkbuf_3_4__f_ui_in[4]/X (sky130_fd_sc_hd__clkbuf_16)
                                                         clknet_3_4__leaf_ui_in[4] (net)
                      0.061839    0.002728 10000.498047 ^ _513_/CLK (sky130_fd_sc_hd__dfrtp_4)
                                 -0.250000 10000.248047   clock uncertainty
                                  0.000000 10000.248047   clock reconvergence pessimism
                                  0.188114 10000.436523   library recovery time
                                           10000.436523   data required time
---------------------------------------------------------------------------------------------
                                           10000.436523   data required time
                                             -2.507807   data arrival time
---------------------------------------------------------------------------------------------
                                           9997.928711   slack (MET)


Startpoint: _508_ (rising edge-triggered flip-flop clocked by sclka)
Endpoint: _508_ (rising edge-triggered flip-flop clocked by sclka)
Path Group: sclka
Path Type: max

Fanout         Cap        Slew       Delay        Time   Description
---------------------------------------------------------------------------------------------
                                  0.000000    0.000000   clock sclka (rise edge)
                                  0.000000    0.000000   clock source latency
     1    0.018973    0.091154    0.062680    0.062680 ^ ui_in[3] (in)
                                                         ui_in[3] (net)
                      0.091165    0.000000    0.062680 ^ clkbuf_0_ui_in[3]/A (sky130_fd_sc_hd__clkbuf_16)
     8    0.124382    0.137541    0.215655    0.278335 ^ clkbuf_0_ui_in[3]/X (sky130_fd_sc_hd__clkbuf_16)
                                                         clknet_0_ui_in[3] (net)
                      0.137994    0.006388    0.284724 ^ clkbuf_3_2__f_ui_in[3]/A (sky130_fd_sc_hd__clkbuf_16)
    11    0.046655    0.066011    0.179427    0.464150 ^ clkbuf_3_2__f_ui_in[3]/X (sky130_fd_sc_hd__clkbuf_16)
                                                         clknet_3_2__leaf_ui_in[3] (net)
                      0.066138    0.002489    0.466639 ^ _508_/CLK (sky130_fd_sc_hd__dfrtp_1)
     2    0.006458    0.055844    0.381317    0.847956 v _508_/Q (sky130_fd_sc_hd__dfrtp_1)
                                                         scan_chain.scan_cells[67].scan_cell.primary_ff (net)
                      0.055844    0.000208    0.848164 v hold89/A (sky130_fd_sc_hd__dlygate4sd3_1)
     1    0.003539    0.057329    0.558886    1.407050 v hold89/X (sky130_fd_sc_hd__dlygate4sd3_1)
                                                         net166 (net)
                      0.057329    0.000113    1.407163 v _264_/A0 (sky130_fd_sc_hd__mux2_1)
     1    0.004554    0.063927    0.294030    1.701193 v _264_/X (sky130_fd_sc_hd__mux2_1)
                                                         _034_ (net)
                      0.063927    0.000155    1.701348 v _508_/D (sky130_fd_sc_hd__dfrtp_1)
                                              1.701348   data arrival time

                               10000.000000 10000.000000   clock sclka (rise edge)
                                  0.000000 10000.000000   clock source latency
     1    0.018973    0.091154    0.062755 10000.062500 ^ ui_in[3] (in)
                                                         ui_in[3] (net)
                      0.091165    0.000000 10000.062500 ^ clkbuf_0_ui_in[3]/A (sky130_fd_sc_hd__clkbuf_16)
     8    0.124382    0.137541    0.215550 10000.278320 ^ clkbuf_0_ui_in[3]/X (sky130_fd_sc_hd__clkbuf_16)
                                                         clknet_0_ui_in[3] (net)
                      0.137994    0.006366 10000.285156 ^ clkbuf_3_2__f_ui_in[3]/A (sky130_fd_sc_hd__clkbuf_16)
    11    0.046655    0.066011    0.179170 10000.463867 ^ clkbuf_3_2__f_ui_in[3]/X (sky130_fd_sc_hd__clkbuf_16)
                                                         clknet_3_2__leaf_ui_in[3] (net)
                      0.066138    0.002728 10000.466797 ^ _508_/CLK (sky130_fd_sc_hd__dfrtp_1)
                                 -0.250000 10000.216797   clock uncertainty
                                  0.000000 10000.216797   clock reconvergence pessimism
                                 -0.117685 10000.099609   library setup time
                                           10000.099609   data required time
---------------------------------------------------------------------------------------------
                                           10000.099609   data required time
                                             -1.701348   data arrival time
---------------------------------------------------------------------------------------------
                                           9998.397461   slack (MET)


Startpoint: ui_in[1] (input port clocked by sclkb)
Endpoint: _501_ (rising edge-triggered flip-flop clocked by sclkb)
Path Group: sclkb
Path Type: max

Fanout         Cap        Slew       Delay        Time   Description
---------------------------------------------------------------------------------------------
                                  0.000000    0.000000   clock sclkb (rise edge)
                                  0.000000    0.000000   clock network delay (propagated)
                                  0.000000    0.000000 ^ input external delay
     1    0.002579    0.018789    0.009546    0.009546 ^ ui_in[1] (in)
                                                         ui_in[1] (net)
                      0.018789    0.000000    0.009546 ^ hold3/A (sky130_fd_sc_hd__dlygate4sd3_1)
     1    0.002526    0.050525    0.523594    0.533141 ^ hold3/X (sky130_fd_sc_hd__dlygate4sd3_1)
                                                         net80 (net)
                      0.050525    0.000071    0.533212 ^ input3/A (sky130_fd_sc_hd__clkbuf_2)
     4    0.031021    0.172076    0.196507    0.729719 ^ input3/X (sky130_fd_sc_hd__clkbuf_2)
                                                         net3 (net)
                      0.172084    0.000987    0.730706 ^ fanout36/A (sky130_fd_sc_hd__buf_4)
     7    0.074779    0.209603    0.266383    0.997089 ^ fanout36/X (sky130_fd_sc_hd__buf_4)
                                                         net36 (net)
                      0.210082    0.008302    1.005391 ^ fanout35/A (sky130_fd_sc_hd__buf_2)
     7    0.046741    0.228504    0.288975    1.294367 ^ fanout35/X (sky130_fd_sc_hd__buf_2)
                                                         net35 (net)
                      0.228509    0.000872    1.295238 ^ fanout34/A (sky130_fd_sc_hd__clkbuf_4)
    10    0.064072    0.195899    0.309473    1.604711 ^ fanout34/X (sky130_fd_sc_hd__clkbuf_4)
                                                         net34 (net)
                      0.195914    0.001872    1.606583 ^ _252_/B (sky130_fd_sc_hd__nand2_2)
     3    0.038836    0.166900    0.188498    1.795082 v _252_/Y (sky130_fd_sc_hd__nand2_2)
                                                         _145_ (net)
                      0.166919    0.001453    1.796535 v fanout6/A (sky130_fd_sc_hd__clkbuf_4)
    10    0.061155    0.125022    0.275695    2.072230 v fanout6/X (sky130_fd_sc_hd__clkbuf_4)
                                                         net6 (net)
                      0.125234    0.004549    2.076779 v fanout5/A (sky130_fd_sc_hd__clkbuf_4)
    10    0.053243    0.110589    0.246849    2.323628 v fanout5/X (sky130_fd_sc_hd__clkbuf_4)
                                                         net5 (net)
                      0.110596    0.001026    2.324654 v _253_/S (sky130_fd_sc_hd__mux2_1)
     1    0.002389    0.053009    0.323400    2.648054 v _253_/X (sky130_fd_sc_hd__mux2_1)
                                                         _027_ (net)
                      0.053009    0.000067    2.648121 v _501_/D (sky130_fd_sc_hd__dfrtp_4)
                                              2.648121   data arrival time

                               10000.000000 10000.000000   clock sclkb (rise edge)
                                  0.000000 10000.000000   clock source latency
     1    0.024301    0.114972    0.079126 10000.079102 ^ ui_in[4] (in)
                                                         ui_in[4] (net)
                      0.114998    0.000000 10000.079102 ^ clkbuf_0_ui_in[4]/A (sky130_fd_sc_hd__clkbuf_16)
     8    0.128867    0.141927    0.228283 10000.307617 ^ clkbuf_0_ui_in[4]/X (sky130_fd_sc_hd__clkbuf_16)
                                                         clknet_0_ui_in[4] (net)
                      0.142747    0.008185 10000.315430 ^ clkbuf_3_2__f_ui_in[4]/A (sky130_fd_sc_hd__clkbuf_16)
    12    0.038467    0.058889    0.174623 10000.490234 ^ clkbuf_3_2__f_ui_in[4]/X (sky130_fd_sc_hd__clkbuf_16)
                                                         clknet_3_2__leaf_ui_in[4] (net)
                      0.058941    0.001819 10000.492188 ^ _501_/CLK (sky130_fd_sc_hd__dfrtp_4)
                                 -0.250000 10000.242188   clock uncertainty
                                  0.000000 10000.242188   clock reconvergence pessimism
                                 -0.114575 10000.126953   library setup time
                                           10000.126953   data required time
---------------------------------------------------------------------------------------------
                                           10000.126953   data required time
                                             -2.648121   data arrival time
---------------------------------------------------------------------------------------------
                                           9997.478516   slack (MET)




===========================================================================
report_checks --slack_max -0.01
============================================================================
======================= nom_tt_025C_1v80 Corner ===================================

No paths found.


===========================================================================
 report_check_types -max_slew -max_cap -max_fanout -violators
============================================================================
======================= nom_tt_025C_1v80 Corner ===================================

max fanout

Pin                                   Limit Fanout  Slack
---------------------------------------------------------
clkbuf_3_3__f_ui_in[3]/X                 10     13     -3 (VIOLATED)
clkbuf_3_2__f_ui_in[4]/X                 10     12     -2 (VIOLATED)
clkbuf_3_3__f_ui_in[4]/X                 10     12     -2 (VIOLATED)
clkbuf_3_6__f_ui_in[3]/X                 10     12     -2 (VIOLATED)
clkbuf_3_2__f_ui_in[3]/X                 10     11        (VIOLATED)
clkbuf_3_7__f_ui_in[4]/X                 10     11        (VIOLATED)



===========================================================================
report_parasitic_annotation -report_unannotated
============================================================================
Found 42 unannotated drivers.
 clk
 ena
 uio_in[4]
 uio_in[5]
 uio_in[6]
 uio_in[7]
 clkload0/Y
 clkload1/Y
 clkload10/Y
 clkload11/Y
 clkload12/Y
 clkload13/X
 clkload2/Y
 clkload3/Y
 clkload4/Y
 clkload5/X
 clkload6/Y
 clkload7/Y
 clkload8/Y
 clkload9/X
 tt_um_openram_top_56/HI
 tt_um_openram_top_57/HI
 tt_um_openram_top_58/HI
 tt_um_openram_top_59/HI
 tt_um_openram_top_60/HI
 tt_um_openram_top_61/HI
 tt_um_openram_top_62/HI
 tt_um_openram_top_63/HI
 tt_um_openram_top_64/HI
 tt_um_openram_top_65/HI
 tt_um_openram_top_66/HI
 tt_um_openram_top_67/HI
 tt_um_openram_top_68/HI
 tt_um_openram_top_69/HI
 tt_um_openram_top_70/HI
 tt_um_openram_top_71/HI
 tt_um_openram_top_72/HI
 tt_um_openram_top_73/HI
 tt_um_openram_top_74/HI
 tt_um_openram_top_75/HI
 tt_um_openram_top_76/HI
 tt_um_openram_top_77/HI
Found 42 partially unannotated drivers.
 uio_in[0]
  SRAM/wmask0[3]
 uio_in[1]
  SRAM/wmask0[2]
 uio_in[2]
  SRAM/wmask0[1]
 uio_in[3]
  SRAM/wmask0[0]
 _501_/Q
  SRAM/addr0[0]
 _503_/Q
  SRAM/addr0[1]
 _505_/Q
  SRAM/addr0[2]
 _507_/Q
  SRAM/addr0[3]
 _509_/Q
  SRAM/addr0[4]
 _511_/Q
  SRAM/addr0[5]
 _513_/Q
  SRAM/din0[0]
 _515_/Q
  SRAM/din0[1]
 _517_/Q
  SRAM/din0[2]
 _519_/Q
  SRAM/din0[3]
 _521_/Q
  SRAM/din0[4]
 _523_/Q
  SRAM/din0[5]
 _525_/Q
  SRAM/din0[6]
 _527_/Q
  SRAM/din0[7]
 _529_/Q
  SRAM/din0[8]
 _531_/Q
  SRAM/din0[9]
 _533_/Q
  SRAM/din0[10]
 _535_/Q
  SRAM/din0[11]
 _537_/Q
  SRAM/din0[12]
 _539_/Q
  SRAM/din0[13]
 _541_/Q
  SRAM/din0[14]
 _543_/Q
  SRAM/din0[15]
 _547_/Q
  SRAM/din0[17]
 _549_/Q
  SRAM/din0[18]
 _551_/Q
  SRAM/din0[19]
 _553_/Q
  SRAM/din0[20]
 _555_/Q
  SRAM/din0[21]
 _557_/Q
  SRAM/din0[22]
 _559_/Q
  SRAM/din0[23]
 _561_/Q
  SRAM/din0[24]
 _563_/Q
  SRAM/din0[25]
 _565_/Q
  SRAM/din0[26]
 _567_/Q
  SRAM/din0[27]
 _569_/Q
  SRAM/din0[28]
 _571_/Q
  SRAM/din0[29]
 _573_/Q
  SRAM/din0[30]
 _575_/Q
  SRAM/din0[31]
 _577_/Q
  SRAM/din0[32]

===========================================================================
max slew violation count 0
max fanout violation count 6
max cap violation count 0
============================================================================

===========================================================================
check_setup -verbose -unconstrained_endpoints -multiple_clock -no_clock -no_input_delay -loops -generated_clocks
===========================================================================
Warning: There are 22 unconstrained endpoints.
  uio_oe[0]
  uio_oe[1]
  uio_oe[2]
  uio_oe[3]
  uio_oe[4]
  uio_oe[5]
  uio_oe[6]
  uio_oe[7]
  uio_out[0]
  uio_out[1]
  uio_out[2]
  uio_out[3]
  uio_out[4]
  uio_out[5]
  uio_out[6]
  uio_out[7]
  uo_out[2]
  uo_out[3]
  uo_out[4]
  uo_out[5]
  uo_out[6]
  uo_out[7]
