Clock: sclka
Sources: ui_in[3] 
Generated: no
Virtual: yes
Propagated: no
Period: 10000.000000

===========================================================================
report_clock_properties
============================================================================
Clock                   Period          Waveform
----------------------------------------------------
sclka               10000.000000    0.0000005000.000000

===========================================================================
report_clock_latency
============================================================================
Clock sclka
rise -> rise
    min     max
0.000000 0.000000 source latency
0.467888         network latency _546_/CLK
        0.507400 network latency _621_/CLK
---------------
0.467888 0.507400 latency
        0.039512 skew

rise -> fall
    min     max
0.000000 0.000000 source latency
0.429675         network latency _611_/CLK
        0.439409 network latency _621_/CLK
---------------
0.429675 0.439409 latency
        0.009734 skew

fall -> fall
    min     max
0.000000 0.000000 source latency
0.414275         network latency _546_/CLK
        0.427008 network latency _592_/CLK
---------------
0.414275 0.427008 latency
        0.012733 skew



===========================================================================
report_clock_min_period
============================================================================
sclka period_min = 1.63 fmax = 614.25
Clock: sclkb
Sources: ui_in[4] 
Generated: no
Virtual: yes
Propagated: no
Period: 10000.000000

===========================================================================
report_clock_properties
============================================================================
Clock                   Period          Waveform
----------------------------------------------------
sclkb               10000.000000    0.0000005000.000000

===========================================================================
report_clock_latency
============================================================================
Clock sclkb
rise -> rise
    min     max
0.000000 0.000000 source latency
0.467888         network latency _546_/CLK
        0.507400 network latency _621_/CLK
---------------
0.467888 0.507400 latency
        0.039512 skew

rise -> fall
    min     max
0.000000 0.000000 source latency
0.414209         network latency _546_/CLK
        0.426949 network latency _618_/CLK
---------------
0.414209 0.426949 latency
        0.012740 skew

fall -> fall
    min     max
0.000000 0.000000 source latency
0.429282         network latency _611_/CLK
        0.438831 network latency _595_/CLK
---------------
0.429282 0.438831 latency
        0.009550 skew



===========================================================================
report_clock_min_period
============================================================================
sclkb period_min = 1.66 fmax = 601.15
