
===========================================================================
report_checks -unconstrained
===========================================================================
======================= min_ss_100C_1v60 Corner ===================================

Startpoint: rst_n (input port clocked by sclkb)
Endpoint: _513_ (recovery check against rising-edge clock sclkb)
Path Group: asynchronous
Path Type: max

Fanout         Cap        Slew       Delay        Time   Description
---------------------------------------------------------------------------------------------
                                  0.000000    0.000000   clock sclkb (rise edge)
                                  0.000000    0.000000   clock network delay (propagated)
                                  0.000000    0.000000 ^ input external delay
     1    0.002646    0.031241    0.014957    0.014957 ^ rst_n (in)
                                                         rst_n (net)
                      0.031241    0.000000    0.014957 ^ hold1/A (sky130_fd_sc_hd__dlygate4sd3_1)
     1    0.003632    0.103353    1.036813    1.051770 ^ hold1/X (sky130_fd_sc_hd__dlygate4sd3_1)
                                                         net78 (net)
                      0.103353    0.000046    1.051816 ^ input1/A (sky130_fd_sc_hd__clkbuf_1)
     1    0.002530    0.068081    0.160759    1.212575 ^ input1/X (sky130_fd_sc_hd__clkbuf_1)
                                                         net1 (net)
                      0.068081    0.000028    1.212604 ^ hold2/A (sky130_fd_sc_hd__dlygate4sd3_1)
     1    0.003894    0.105708    1.056787    2.269391 ^ hold2/X (sky130_fd_sc_hd__dlygate4sd3_1)
                                                         net79 (net)
                      0.105708    0.000041    2.269432 ^ fanout55/A (sky130_fd_sc_hd__clkbuf_2)
     5    0.033307    0.286712    0.363961    2.633393 ^ fanout55/X (sky130_fd_sc_hd__clkbuf_2)
                                                         net55 (net)
                      0.286712    0.000545    2.633938 ^ fanout54/A (sky130_fd_sc_hd__buf_4)
     6    0.061835    0.279069    0.456825    3.090763 ^ fanout54/X (sky130_fd_sc_hd__buf_4)
                                                         net54 (net)
                      0.279265    0.003531    3.094294 ^ fanout53/A (sky130_fd_sc_hd__buf_2)
     6    0.043683    0.342966    0.485571    3.579865 ^ fanout53/X (sky130_fd_sc_hd__buf_2)
                                                         net53 (net)
                      0.342966    0.000088    3.579953 ^ fanout52/A (sky130_fd_sc_hd__clkbuf_4)
    10    0.048996    0.244685    0.499034    4.078988 ^ fanout52/X (sky130_fd_sc_hd__clkbuf_4)
                                                         net52 (net)
                      0.244685    0.000894    4.079882 ^ fanout51/A (sky130_fd_sc_hd__clkbuf_4)
    10    0.043135    0.218298    0.437569    4.517450 ^ fanout51/X (sky130_fd_sc_hd__clkbuf_4)
                                                         net51 (net)
                      0.218298    0.000778    4.518229 ^ _513_/RESET_B (sky130_fd_sc_hd__dfrtp_4)
                                              4.518229   data arrival time

                               10000.000000 10000.000000   clock sclkb (rise edge)
                                  0.000000 10000.000000   clock source latency
     1    0.022554    0.167802    0.114596 10000.114258 ^ ui_in[4] (in)
                                                         ui_in[4] (net)
                      0.167810    0.000000 10000.114258 ^ clkbuf_0_ui_in[4]/A (sky130_fd_sc_hd__clkbuf_16)
     8    0.121708    0.206559    0.381988 10000.497070 ^ clkbuf_0_ui_in[4]/X (sky130_fd_sc_hd__clkbuf_16)
                                                         clknet_0_ui_in[4] (net)
                      0.207137    0.007276 10000.503906 ^ clkbuf_3_4__f_ui_in[4]/A (sky130_fd_sc_hd__clkbuf_16)
     8    0.038810    0.092804    0.311047 10000.814453 ^ clkbuf_3_4__f_ui_in[4]/X (sky130_fd_sc_hd__clkbuf_16)
                                                         clknet_3_4__leaf_ui_in[4] (net)
                      0.092843    0.001819 10000.816406 ^ _513_/CLK (sky130_fd_sc_hd__dfrtp_4)
                                 -0.250000 10000.566406   clock uncertainty
                                  0.000000 10000.566406   clock reconvergence pessimism
                                  0.382106 10000.948242   library recovery time
                                           10000.948242   data required time
---------------------------------------------------------------------------------------------
                                           10000.948242   data required time
                                             -4.518229   data arrival time
---------------------------------------------------------------------------------------------
                                           9996.430664   slack (MET)


Startpoint: _508_ (rising edge-triggered flip-flop clocked by sclka)
Endpoint: _508_ (rising edge-triggered flip-flop clocked by sclka)
Path Group: sclka
Path Type: max

Fanout         Cap        Slew       Delay        Time   Description
---------------------------------------------------------------------------------------------
                                  0.000000    0.000000   clock sclka (rise edge)
                                  0.000000    0.000000   clock source latency
     1    0.017889    0.135337    0.091702    0.091702 ^ ui_in[3] (in)
                                                         ui_in[3] (net)
                      0.135340    0.000000    0.091702 ^ clkbuf_0_ui_in[3]/A (sky130_fd_sc_hd__clkbuf_16)
     8    0.118143    0.201658    0.362516    0.454218 ^ clkbuf_0_ui_in[3]/X (sky130_fd_sc_hd__clkbuf_16)
                                                         clknet_0_ui_in[3] (net)
                      0.201765    0.003825    0.458043 ^ clkbuf_3_2__f_ui_in[3]/A (sky130_fd_sc_hd__clkbuf_16)
    11    0.043346    0.098255    0.314471    0.772515 ^ clkbuf_3_2__f_ui_in[3]/X (sky130_fd_sc_hd__clkbuf_16)
                                                         clknet_3_2__leaf_ui_in[3] (net)
                      0.098308    0.001375    0.773890 ^ _508_/CLK (sky130_fd_sc_hd__dfrtp_1)
     2    0.006008    0.103330    0.779539    1.553429 v _508_/Q (sky130_fd_sc_hd__dfrtp_1)
                                                         scan_chain.scan_cells[67].scan_cell.primary_ff (net)
                      0.103330    0.000091    1.553520 v hold89/A (sky130_fd_sc_hd__dlygate4sd3_1)
     1    0.003249    0.109622    1.146684    2.700204 v hold89/X (sky130_fd_sc_hd__dlygate4sd3_1)
                                                         net166 (net)
                      0.109622    0.000043    2.700247 v _264_/A0 (sky130_fd_sc_hd__mux2_1)
     1    0.004176    0.125527    0.666675    3.366922 v _264_/X (sky130_fd_sc_hd__mux2_1)
                                                         _034_ (net)
                      0.125527    0.000066    3.366988 v _508_/D (sky130_fd_sc_hd__dfrtp_1)
                                              3.366988   data arrival time

                               10000.000000 10000.000000   clock sclka (rise edge)
                                  0.000000 10000.000000   clock source latency
     1    0.017889    0.135337    0.091859 10000.091797 ^ ui_in[3] (in)
                                                         ui_in[3] (net)
                      0.135340    0.000000 10000.091797 ^ clkbuf_0_ui_in[3]/A (sky130_fd_sc_hd__clkbuf_16)
     8    0.118143    0.201658    0.361979 10000.454102 ^ clkbuf_0_ui_in[3]/X (sky130_fd_sc_hd__clkbuf_16)
                                                         clknet_0_ui_in[3] (net)
                      0.201765    0.004547 10000.458008 ^ clkbuf_3_2__f_ui_in[3]/A (sky130_fd_sc_hd__clkbuf_16)
    11    0.043346    0.098255    0.313776 10000.772461 ^ clkbuf_3_2__f_ui_in[3]/X (sky130_fd_sc_hd__clkbuf_16)
                                                         clknet_3_2__leaf_ui_in[3] (net)
                      0.098308    0.001819 10000.774414 ^ _508_/CLK (sky130_fd_sc_hd__dfrtp_1)
                                 -0.250000 10000.523438   clock uncertainty
                                  0.000000 10000.523438   clock reconvergence pessimism
                                 -0.292167 10000.232422   library setup time
                                           10000.232422   data required time
---------------------------------------------------------------------------------------------
                                           10000.232422   data required time
                                             -3.366988   data arrival time
---------------------------------------------------------------------------------------------
                                           9996.865234   slack (MET)


Startpoint: ui_in[2] (input port clocked by sclkb)
Endpoint: _643_ (rising edge-triggered flip-flop clocked by sclkb)
Path Group: sclkb
Path Type: max

Fanout         Cap        Slew       Delay        Time   Description
---------------------------------------------------------------------------------------------
                                  0.000000    0.000000   clock sclkb (rise edge)
                                  0.000000    0.000000   clock network delay (propagated)
                                  0.000000    0.000000 ^ input external delay
     1    0.003895    0.039606    0.021555    0.021555 ^ ui_in[2] (in)
                                                         ui_in[2] (net)
                      0.039606    0.000000    0.021555 ^ hold6/A (sky130_fd_sc_hd__dlygate4sd3_1)
     1    0.004563    0.114815    1.054211    1.075767 ^ hold6/X (sky130_fd_sc_hd__dlygate4sd3_1)
                                                         net83 (net)
                      0.114815    0.000080    1.075846 ^ input4/A (sky130_fd_sc_hd__buf_1)
     2    0.017735    0.342538    0.364241    1.440087 ^ input4/X (sky130_fd_sc_hd__buf_1)
                                                         net4 (net)
                      0.342628    0.000374    1.440461 ^ fanout16/A (sky130_fd_sc_hd__clkbuf_2)
     5    0.022573    0.201162    0.402836    1.843297 ^ fanout16/X (sky130_fd_sc_hd__clkbuf_2)
                                                         net16 (net)
                      0.201162    0.000189    1.843486 ^ fanout12/A (sky130_fd_sc_hd__clkbuf_2)
     5    0.029262    0.254238    0.384683    2.228169 ^ fanout12/X (sky130_fd_sc_hd__clkbuf_2)
                                                         net12 (net)
                      0.254238    0.000263    2.228432 ^ fanout11/A (sky130_fd_sc_hd__clkbuf_2)
     5    0.023977    0.211738    0.376849    2.605281 ^ fanout11/X (sky130_fd_sc_hd__clkbuf_2)
                                                         net11 (net)
                      0.211738    0.000442    2.605723 ^ _498_/S (sky130_fd_sc_hd__mux2_1)
     1    0.002268    0.107237    0.741426    3.347150 v _498_/X (sky130_fd_sc_hd__mux2_1)
                                                         _249_ (net)
                      0.107237    0.000014    3.347163 v _499_/A1 (sky130_fd_sc_hd__mux2_1)
     1    0.003742    0.120096    0.680235    4.027399 v _499_/X (sky130_fd_sc_hd__mux2_1)
                                                         _025_ (net)
                      0.120096    0.000060    4.027459 v hold4/A (sky130_fd_sc_hd__dlygate4sd3_1)
     1    0.003862    0.116902    1.165223    5.192682 v hold4/X (sky130_fd_sc_hd__dlygate4sd3_1)
                                                         net81 (net)
                      0.116902    0.000061    5.192743 v _643_/D (sky130_fd_sc_hd__dfrtp_1)
                                              5.192743   data arrival time

                               10000.000000 10000.000000   clock sclkb (rise edge)
                                  0.000000 10000.000000   clock source latency
     1    0.022554    0.167802    0.114596 10000.114258 ^ ui_in[4] (in)
                                                         ui_in[4] (net)
                      0.167810    0.000000 10000.114258 ^ clkbuf_0_ui_in[4]/A (sky130_fd_sc_hd__clkbuf_16)
     8    0.121708    0.206559    0.381988 10000.497070 ^ clkbuf_0_ui_in[4]/X (sky130_fd_sc_hd__clkbuf_16)
                                                         clknet_0_ui_in[4] (net)
                      0.206853    0.004547 10000.500977 ^ clkbuf_3_3__f_ui_in[4]/A (sky130_fd_sc_hd__clkbuf_16)
    12    0.043486    0.098504    0.317414 10000.818359 ^ clkbuf_3_3__f_ui_in[4]/X (sky130_fd_sc_hd__clkbuf_16)
                                                         clknet_3_3__leaf_ui_in[4] (net)
                      0.098504    0.000000 10000.818359 ^ _643_/CLK (sky130_fd_sc_hd__dfrtp_1)
                                 -0.250000 10000.568359   clock uncertainty
                                  0.000000 10000.568359   clock reconvergence pessimism
                                 -0.288519 10000.280273   library setup time
                                           10000.280273   data required time
---------------------------------------------------------------------------------------------
                                           10000.280273   data required time
                                             -5.192743   data arrival time
---------------------------------------------------------------------------------------------
                                           9995.087891   slack (MET)




===========================================================================
report_checks --slack_max -0.01
============================================================================
======================= min_ss_100C_1v60 Corner ===================================

No paths found.


===========================================================================
 report_check_types -max_slew -max_cap -max_fanout -violators
============================================================================
======================= min_ss_100C_1v60 Corner ===================================

max fanout

Pin                                   Limit Fanout  Slack
---------------------------------------------------------
clkbuf_3_3__f_ui_in[3]/X                 10     13     -3 (VIOLATED)
clkbuf_3_2__f_ui_in[4]/X                 10     12     -2 (VIOLATED)
clkbuf_3_3__f_ui_in[4]/X                 10     12     -2 (VIOLATED)
clkbuf_3_6__f_ui_in[3]/X                 10     12     -2 (VIOLATED)
clkbuf_3_2__f_ui_in[3]/X                 10     11        (VIOLATED)
clkbuf_3_7__f_ui_in[4]/X                 10     11        (VIOLATED)



===========================================================================
report_parasitic_annotation -report_unannotated
============================================================================
Found 42 unannotated drivers.
 clk
 ena
 uio_in[4]
 uio_in[5]
 uio_in[6]
 uio_in[7]
 clkload0/Y
 clkload1/Y
 clkload10/Y
 clkload11/Y
 clkload12/Y
 clkload13/X
 clkload2/Y
 clkload3/Y
 clkload4/Y
 clkload5/X
 clkload6/Y
 clkload7/Y
 clkload8/Y
 clkload9/X
 tt_um_openram_top_56/HI
 tt_um_openram_top_57/HI
 tt_um_openram_top_58/HI
 tt_um_openram_top_59/HI
 tt_um_openram_top_60/HI
 tt_um_openram_top_61/HI
 tt_um_openram_top_62/HI
 tt_um_openram_top_63/HI
 tt_um_openram_top_64/HI
 tt_um_openram_top_65/HI
 tt_um_openram_top_66/HI
 tt_um_openram_top_67/HI
 tt_um_openram_top_68/HI
 tt_um_openram_top_69/HI
 tt_um_openram_top_70/HI
 tt_um_openram_top_71/HI
 tt_um_openram_top_72/HI
 tt_um_openram_top_73/HI
 tt_um_openram_top_74/HI
 tt_um_openram_top_75/HI
 tt_um_openram_top_76/HI
 tt_um_openram_top_77/HI
Found 42 partially unannotated drivers.
 uio_in[0]
  SRAM/wmask0[3]
 uio_in[1]
  SRAM/wmask0[2]
 uio_in[2]
  SRAM/wmask0[1]
 uio_in[3]
  SRAM/wmask0[0]
 _501_/Q
  SRAM/addr0[0]
 _503_/Q
  SRAM/addr0[1]
 _505_/Q
  SRAM/addr0[2]
 _507_/Q
  SRAM/addr0[3]
 _509_/Q
  SRAM/addr0[4]
 _511_/Q
  SRAM/addr0[5]
 _513_/Q
  SRAM/din0[0]
 _515_/Q
  SRAM/din0[1]
 _517_/Q
  SRAM/din0[2]
 _519_/Q
  SRAM/din0[3]
 _521_/Q
  SRAM/din0[4]
 _523_/Q
  SRAM/din0[5]
 _525_/Q
  SRAM/din0[6]
 _527_/Q
  SRAM/din0[7]
 _529_/Q
  SRAM/din0[8]
 _531_/Q
  SRAM/din0[9]
 _533_/Q
  SRAM/din0[10]
 _535_/Q
  SRAM/din0[11]
 _537_/Q
  SRAM/din0[12]
 _539_/Q
  SRAM/din0[13]
 _541_/Q
  SRAM/din0[14]
 _543_/Q
  SRAM/din0[15]
 _547_/Q
  SRAM/din0[17]
 _549_/Q
  SRAM/din0[18]
 _551_/Q
  SRAM/din0[19]
 _553_/Q
  SRAM/din0[20]
 _555_/Q
  SRAM/din0[21]
 _557_/Q
  SRAM/din0[22]
 _559_/Q
  SRAM/din0[23]
 _561_/Q
  SRAM/din0[24]
 _563_/Q
  SRAM/din0[25]
 _565_/Q
  SRAM/din0[26]
 _567_/Q
  SRAM/din0[27]
 _569_/Q
  SRAM/din0[28]
 _571_/Q
  SRAM/din0[29]
 _573_/Q
  SRAM/din0[30]
 _575_/Q
  SRAM/din0[31]
 _577_/Q
  SRAM/din0[32]

===========================================================================
max slew violation count 0
max fanout violation count 6
max cap violation count 0
============================================================================

===========================================================================
check_setup -verbose -unconstrained_endpoints -multiple_clock -no_clock -no_input_delay -loops -generated_clocks
===========================================================================
Warning: There are 22 unconstrained endpoints.
  uio_oe[0]
  uio_oe[1]
  uio_oe[2]
  uio_oe[3]
  uio_oe[4]
  uio_oe[5]
  uio_oe[6]
  uio_oe[7]
  uio_out[0]
  uio_out[1]
  uio_out[2]
  uio_out[3]
  uio_out[4]
  uio_out[5]
  uio_out[6]
  uio_out[7]
  uo_out[2]
  uo_out[3]
  uo_out[4]
  uo_out[5]
  uo_out[6]
  uo_out[7]
