Clock: sclka
Sources: ui_in[3] 
Generated: no
Virtual: yes
Propagated: no
Period: 10000.000000

===========================================================================
report_clock_properties
============================================================================
Clock                   Period          Waveform
----------------------------------------------------
sclka               10000.000000    0.0000005000.000000

===========================================================================
report_clock_latency
============================================================================
Clock sclka
rise -> rise
    min     max
0.000000 0.000000 source latency
0.777837         network latency _546_/CLK
        0.828324 network latency _621_/CLK
---------------
0.777837 0.828324 latency
        0.050487 skew

rise -> fall
    min     max
0.000000 0.000000 source latency
0.736761         network latency _625_/CLK
        0.747512 network latency _621_/CLK
---------------
0.736761 0.747512 latency
        0.010751 skew

fall -> fall
    min     max
0.000000 0.000000 source latency
0.713044         network latency _546_/CLK
        0.726232 network latency _592_/CLK
---------------
0.713044 0.726232 latency
        0.013188 skew



===========================================================================
report_clock_min_period
============================================================================
sclka period_min = 3.18 fmax = 314.24
Clock: sclkb
Sources: ui_in[4] 
Generated: no
Virtual: yes
Propagated: no
Period: 10000.000000

===========================================================================
report_clock_properties
============================================================================
Clock                   Period          Waveform
----------------------------------------------------
sclkb               10000.000000    0.0000005000.000000

===========================================================================
report_clock_latency
============================================================================
Clock sclkb
rise -> rise
    min     max
0.000000 0.000000 source latency
0.777837         network latency _546_/CLK
        0.828324 network latency _621_/CLK
---------------
0.777837 0.828324 latency
        0.050487 skew

rise -> fall
    min     max
0.000000 0.000000 source latency
0.713056         network latency _546_/CLK
        0.726143 network latency _618_/CLK
---------------
0.713056 0.726143 latency
        0.013087 skew

fall -> fall
    min     max
0.000000 0.000000 source latency
0.736691         network latency _625_/CLK
        0.747605 network latency _593_/CLK
---------------
0.736691 0.747605 latency
        0.010914 skew



===========================================================================
report_clock_min_period
============================================================================
sclkb period_min = 3.26 fmax = 307.21
