
 /----------------------------------------------------------------------------\
 |  yosys -- Yosys Open SYnthesis Suite                                       |
 |  Copyright (C) 2012 - 2024  Claire Xenia Wolf <claire@yosyshq.com>         |
 |  Distributed under an ISC-like license, type "license" to see terms        |
 \----------------------------------------------------------------------------/
 Yosys 0.46 (git sha1 e97731b9dda91fa5fa53ed87df7c34163ba59a41, clang++ 17.0.6 -fPIC -O3)
Loaded SDC plugin

-- Running command `
                    verilog_defines -DSCL_sky130_fd_sc_hd;
verilog_defines -DPDK_sky130A;
verilog_defines -DUSE_POWER_PINS;
verilog_defines -D__openlane__;
verilog_defines -D__pnr__;
read_verilog -sv -lib /workspaces/tt25a_openram_testchip/runs/wokwi/tmp/73c3bdb742d944d89b0929ad1238ced8.bb.v;

                    blackbox;
                    write_verilog -noattr -noexpr -nohex -nodec -defparam -blackboxes /workspaces/tt25a_openram_testchip/runs/wokwi/tmp/73c3bdb742d944d89b0929ad1238ced8.bb.v;
                    ' --

1. Executing Verilog-2005 frontend: /workspaces/tt25a_openram_testchip/runs/wokwi/tmp/73c3bdb742d944d89b0929ad1238ced8.bb.v
Parsing SystemVerilog input from `/workspaces/tt25a_openram_testchip/runs/wokwi/tmp/73c3bdb742d944d89b0929ad1238ced8.bb.v' to AST representation.
Generating RTLIL representation for module `\sky130_sram_128B_1rw_32x32'.
Successfully finished Verilog frontend.

2. Executing Verilog backend.
Dumping module `\sky130_sram_128B_1rw_32x32'.

End of script. Logfile hash: a5e75aac39, CPU: user 0.03s system 0.01s, MEM: 52.98 MB peak
Yosys 0.46 (git sha1 e97731b9dda91fa5fa53ed87df7c34163ba59a41, clang++ 17.0.6 -fPIC -O3)
Time spent: 79% 2x read_verilog (0 sec), 9% 1x clean_zerowidth (0 sec), ...
