Clock: sclka
Sources: ui_in[3] 
Generated: no
Virtual: no
Propagated: no
Period: 10000.000000

===========================================================================
report_clock_properties
============================================================================
Clock                   Period          Waveform
----------------------------------------------------
sclka               10000.000000    0.0000005000.000000

===========================================================================
report_clock_latency
============================================================================
Clock sclka
rise -> rise
    min     max
0.000000 0.000000 source latency
0.326629         network latency _500_/CLK
        0.326629 network latency _500_/CLK
---------------
0.326629 0.326629 latency
        0.000000 skew

rise -> fall
    min     max
0.000000 0.000000 source latency
0.144697         network latency _501_/CLK
        0.144697 network latency _501_/CLK
---------------
0.144697 0.144697 latency
        0.000000 skew

fall -> fall
    min     max
0.000000 0.000000 source latency
0.144610         network latency _500_/CLK
        0.144610 network latency _500_/CLK
---------------
0.144610 0.144610 latency
        0.000000 skew



===========================================================================
report_clock_min_period
============================================================================
sclka period_min = 0.72 fmax = 1395.32
Clock: sclkb
Sources: ui_in[4] 
Generated: no
Virtual: no
Propagated: no
Period: 10000.000000

===========================================================================
report_clock_properties
============================================================================
Clock                   Period          Waveform
----------------------------------------------------
sclkb               10000.000000    0.0000005000.000000

===========================================================================
report_clock_latency
============================================================================
Clock sclkb
rise -> rise
    min     max
0.000000 0.000000 source latency
0.326629         network latency _500_/CLK
        0.326629 network latency _500_/CLK
---------------
0.326629 0.326629 latency
        0.000000 skew

rise -> fall
    min     max
0.000000 0.000000 source latency
0.144697         network latency _500_/CLK
        0.144697 network latency _500_/CLK
---------------
0.144697 0.144697 latency
        0.000000 skew

fall -> fall
    min     max
0.000000 0.000000 source latency
0.144610         network latency _501_/CLK
        0.144610 network latency _501_/CLK
---------------
0.144610 0.144610 latency
        0.000000 skew



===========================================================================
report_clock_min_period
============================================================================
sclkb period_min = 0.73 fmax = 1369.25
