
===========================================================================
report_checks -unconstrained
===========================================================================
======================= max_ff_n40C_1v95 Corner ===================================

Startpoint: rst_n (input port clocked by sclkb)
Endpoint: _517_ (recovery check against rising-edge clock sclkb)
Path Group: asynchronous
Path Type: max

Fanout         Cap        Slew       Delay        Time   Description
---------------------------------------------------------------------------------------------
                                  0.000000    0.000000   clock sclkb (rise edge)
                                  0.000000    0.000000   clock network delay (propagated)
                                  0.000000    0.000000 ^ input external delay
     1    0.003815    0.017566    0.009968    0.009968 ^ rst_n (in)
                                                         rst_n (net)
                      0.017569    0.000000    0.009968 ^ hold1/A (sky130_fd_sc_hd__dlygate4sd3_1)
     1    0.003801    0.044278    0.374042    0.384009 ^ hold1/X (sky130_fd_sc_hd__dlygate4sd3_1)
                                                         net80 (net)
                      0.044278    0.000169    0.384179 ^ input1/A (sky130_fd_sc_hd__clkbuf_1)
     1    0.003209    0.035552    0.056780    0.440959 ^ input1/X (sky130_fd_sc_hd__clkbuf_1)
                                                         net1 (net)
                      0.035553    0.000205    0.441163 ^ hold2/A (sky130_fd_sc_hd__dlygate4sd3_1)
     1    0.002997    0.038541    0.372951    0.814114 ^ hold2/X (sky130_fd_sc_hd__dlygate4sd3_1)
                                                         net81 (net)
                      0.039014    0.000224    0.814339 ^ fanout57/A (sky130_fd_sc_hd__clkbuf_2)
     5    0.033995    0.144153    0.146295    0.960633 ^ fanout57/X (sky130_fd_sc_hd__clkbuf_2)
                                                         net57 (net)
                      0.144198    0.002087    0.962720 ^ fanout56/A (sky130_fd_sc_hd__clkbuf_4)
     7    0.066400    0.154609    0.195158    1.157878 ^ fanout56/X (sky130_fd_sc_hd__clkbuf_4)
                                                         net56 (net)
                      0.155932    0.011619    1.169496 ^ fanout55/A (sky130_fd_sc_hd__buf_2)
     7    0.052925    0.195262    0.203085    1.372581 ^ fanout55/X (sky130_fd_sc_hd__buf_2)
                                                         net55 (net)
                      0.195361    0.003703    1.376284 ^ fanout54/A (sky130_fd_sc_hd__clkbuf_4)
    10    0.062602    0.145632    0.204759    1.581043 ^ fanout54/X (sky130_fd_sc_hd__clkbuf_4)
                                                         net54 (net)
                      0.145664    0.001795    1.582838 ^ fanout53/A (sky130_fd_sc_hd__clkbuf_4)
    10    0.049633    0.117959    0.176374    1.759212 ^ fanout53/X (sky130_fd_sc_hd__clkbuf_4)
                                                         net53 (net)
                      0.118278    0.004998    1.764210 ^ _517_/RESET_B (sky130_fd_sc_hd__dfrtp_4)
                                              1.764210   data arrival time

                               10000.000000 10000.000000   clock sclkb (rise edge)
                                  0.000000 10000.000000   clock source latency
     1    0.027694    0.097301    0.067303 10000.067383 ^ ui_in[4] (in)
                                                         ui_in[4] (net)
                      0.097348    0.000000 10000.067383 ^ clkbuf_0_ui_in[4]/A (sky130_fd_sc_hd__clkbuf_16)
     8    0.133025    0.113214    0.159162 10000.226562 ^ clkbuf_0_ui_in[4]/X (sky130_fd_sc_hd__clkbuf_16)
                                                         clknet_0_ui_in[4] (net)
                      0.116576    0.015461 10000.242188 ^ clkbuf_3_4__f_ui_in[4]/A (sky130_fd_sc_hd__clkbuf_16)
     9    0.043331    0.048115    0.120963 10000.363281 ^ clkbuf_3_4__f_ui_in[4]/X (sky130_fd_sc_hd__clkbuf_16)
                                                         clknet_3_4__leaf_ui_in[4] (net)
                      0.048371    0.002728 10000.365234 ^ _517_/CLK (sky130_fd_sc_hd__dfrtp_4)
                                 -0.250000 10000.115234   clock uncertainty
                                  0.000000 10000.115234   clock reconvergence pessimism
                                  0.106343 10000.221680   library recovery time
                                           10000.221680   data required time
---------------------------------------------------------------------------------------------
                                           10000.221680   data required time
                                             -1.764210   data arrival time
---------------------------------------------------------------------------------------------
                                           9998.458008   slack (MET)


Startpoint: _614_ (rising edge-triggered flip-flop clocked by sclka)
Endpoint: _614_ (rising edge-triggered flip-flop clocked by sclka)
Path Group: sclka
Path Type: max

Fanout         Cap        Slew       Delay        Time   Description
---------------------------------------------------------------------------------------------
                                  0.000000    0.000000   clock sclka (rise edge)
                                  0.000000    0.000000   clock source latency
     1    0.020842    0.074546    0.051412    0.051412 ^ ui_in[3] (in)
                                                         ui_in[3] (net)
                      0.074581    0.000000    0.051412 ^ clkbuf_0_ui_in[3]/A (sky130_fd_sc_hd__clkbuf_16)
     8    0.131568    0.112118    0.150612    0.202023 ^ clkbuf_0_ui_in[3]/X (sky130_fd_sc_hd__clkbuf_16)
                                                         clknet_0_ui_in[3] (net)
                      0.112843    0.007338    0.209361 ^ clkbuf_3_1__f_ui_in[3]/A (sky130_fd_sc_hd__clkbuf_16)
     9    0.042980    0.047881    0.120235    0.329596 ^ clkbuf_3_1__f_ui_in[3]/X (sky130_fd_sc_hd__clkbuf_16)
                                                         clknet_3_1__leaf_ui_in[3] (net)
                      0.048076    0.002091    0.331687 ^ _614_/CLK (sky130_fd_sc_hd__dfrtp_1)
     2    0.011515    0.054537    0.257474    0.589161 v _614_/Q (sky130_fd_sc_hd__dfrtp_1)
                                                         scan_chain.scan_cells[14].scan_cell.primary_ff (net)
                      0.054548    0.000774    0.589935 v hold98/A (sky130_fd_sc_hd__dlygate4sd3_1)
     1    0.003838    0.042362    0.374882    0.964817 v hold98/X (sky130_fd_sc_hd__dlygate4sd3_1)
                                                         net177 (net)
                      0.042362    0.000235    0.965052 v _441_/A0 (sky130_fd_sc_hd__mux2_1)
     1    0.004458    0.044434    0.153060    1.118112 v _441_/X (sky130_fd_sc_hd__mux2_1)
                                                         _140_ (net)
                      0.044434    0.000172    1.118284 v _614_/D (sky130_fd_sc_hd__dfrtp_1)
                                              1.118284   data arrival time

                               10000.000000 10000.000000   clock sclka (rise edge)
                                  0.000000 10000.000000   clock source latency
     1    0.020842    0.074546    0.051841 10000.051758 ^ ui_in[3] (in)
                                                         ui_in[3] (net)
                      0.074581    0.000000 10000.051758 ^ clkbuf_0_ui_in[3]/A (sky130_fd_sc_hd__clkbuf_16)
     8    0.131568    0.112118    0.150067 10000.202148 ^ clkbuf_0_ui_in[3]/X (sky130_fd_sc_hd__clkbuf_16)
                                                         clknet_0_ui_in[3] (net)
                      0.112843    0.007276 10000.208984 ^ clkbuf_3_1__f_ui_in[3]/A (sky130_fd_sc_hd__clkbuf_16)
     9    0.042980    0.047881    0.120053 10000.329102 ^ clkbuf_3_1__f_ui_in[3]/X (sky130_fd_sc_hd__clkbuf_16)
                                                         clknet_3_1__leaf_ui_in[3] (net)
                      0.048076    0.002728 10000.332031 ^ _614_/CLK (sky130_fd_sc_hd__dfrtp_1)
                                 -0.250000 10000.082031   clock uncertainty
                                  0.000000 10000.082031   clock reconvergence pessimism
                                 -0.075335 10000.006836   library setup time
                                           10000.006836   data required time
---------------------------------------------------------------------------------------------
                                           10000.006836   data required time
                                             -1.118284   data arrival time
---------------------------------------------------------------------------------------------
                                           9998.887695   slack (MET)


Startpoint: ui_in[1] (input port clocked by sclkb)
Endpoint: _569_ (rising edge-triggered flip-flop clocked by sclkb)
Path Group: sclkb
Path Type: max

Fanout         Cap        Slew       Delay        Time   Description
---------------------------------------------------------------------------------------------
                                  0.000000    0.000000   clock sclkb (rise edge)
                                  0.000000    0.000000   clock network delay (propagated)
                                  0.000000    0.000000 ^ input external delay
     1    0.003130    0.015101    0.008154    0.008154 ^ ui_in[1] (in)
                                                         ui_in[1] (net)
                      0.015103    0.000000    0.008154 ^ hold3/A (sky130_fd_sc_hd__dlygate4sd3_1)
     1    0.004130    0.046391    0.375237    0.383391 ^ hold3/X (sky130_fd_sc_hd__dlygate4sd3_1)
                                                         net82 (net)
                      0.046391    0.000181    0.383572 ^ input3/A (sky130_fd_sc_hd__clkbuf_1)
     1    0.008141    0.076911    0.086154    0.469727 ^ input3/X (sky130_fd_sc_hd__clkbuf_1)
                                                         net3 (net)
                      0.076915    0.000458    0.470185 ^ fanout37/A (sky130_fd_sc_hd__clkbuf_4)
     6    0.096762    0.220977    0.220012    0.690196 ^ fanout37/X (sky130_fd_sc_hd__clkbuf_4)
                                                         net37 (net)
                      0.222407    0.014611    0.704807 ^ fanout36/A (sky130_fd_sc_hd__clkbuf_2)
     5    0.039098    0.165226    0.187819    0.892626 ^ fanout36/X (sky130_fd_sc_hd__clkbuf_2)
                                                         net36 (net)
                      0.165599    0.006377    0.899003 ^ fanout35/A (sky130_fd_sc_hd__buf_2)
     7    0.051783    0.191002    0.202391    1.101395 ^ fanout35/X (sky130_fd_sc_hd__buf_2)
                                                         net35 (net)
                      0.191035    0.002101    1.103495 ^ fanout34/A (sky130_fd_sc_hd__clkbuf_4)
    10    0.062681    0.145773    0.202159    1.305654 ^ fanout34/X (sky130_fd_sc_hd__clkbuf_4)
                                                         net34 (net)
                      0.146497    0.008333    1.313987 ^ _252_/B (sky130_fd_sc_hd__nand2_2)
     3    0.045971    0.127499    0.126288    1.440275 v _252_/Y (sky130_fd_sc_hd__nand2_2)
                                                         _145_ (net)
                      0.127778    0.004851    1.445125 v fanout6/A (sky130_fd_sc_hd__clkbuf_4)
    10    0.061215    0.089898    0.184867    1.629992 v fanout6/X (sky130_fd_sc_hd__clkbuf_4)
                                                         net6 (net)
                      0.093052    0.013274    1.643266 v fanout5/A (sky130_fd_sc_hd__clkbuf_4)
    10    0.055402    0.084459    0.167351    1.810616 v fanout5/X (sky130_fd_sc_hd__clkbuf_4)
                                                         net5 (net)
                      0.084544    0.001561    1.812177 v _355_/S (sky130_fd_sc_hd__mux2_1)
     1    0.004168    0.043611    0.202636    2.014813 v _355_/X (sky130_fd_sc_hd__mux2_1)
                                                         _095_ (net)
                      0.043611    0.000278    2.015092 v _569_/D (sky130_fd_sc_hd__dfrtp_1)
                                              2.015092   data arrival time

                               10000.000000 10000.000000   clock sclkb (rise edge)
                                  0.000000 10000.000000   clock source latency
     1    0.027694    0.097301    0.067303 10000.067383 ^ ui_in[4] (in)
                                                         ui_in[4] (net)
                      0.097348    0.000000 10000.067383 ^ clkbuf_0_ui_in[4]/A (sky130_fd_sc_hd__clkbuf_16)
     8    0.133025    0.113214    0.159162 10000.226562 ^ clkbuf_0_ui_in[4]/X (sky130_fd_sc_hd__clkbuf_16)
                                                         clknet_0_ui_in[4] (net)
                      0.114517    0.010004 10000.236328 ^ clkbuf_3_2__f_ui_in[4]/A (sky130_fd_sc_hd__clkbuf_16)
    10    0.041310    0.046452    0.119144 10000.355469 ^ clkbuf_3_2__f_ui_in[4]/X (sky130_fd_sc_hd__clkbuf_16)
                                                         clknet_3_2__leaf_ui_in[4] (net)
                      0.046816    0.001819 10000.357422 ^ _569_/CLK (sky130_fd_sc_hd__dfrtp_1)
                                 -0.250000 10000.107422   clock uncertainty
                                  0.000000 10000.107422   clock reconvergence pessimism
                                 -0.075163 10000.032227   library setup time
                                           10000.032227   data required time
---------------------------------------------------------------------------------------------
                                           10000.032227   data required time
                                             -2.015092   data arrival time
---------------------------------------------------------------------------------------------
                                           9998.016602   slack (MET)




===========================================================================
report_checks --slack_max -0.01
============================================================================
======================= max_ff_n40C_1v95 Corner ===================================

No paths found.


===========================================================================
 report_check_types -max_slew -max_cap -max_fanout -violators
============================================================================
======================= max_ff_n40C_1v95 Corner ===================================

max fanout

Pin                                   Limit Fanout  Slack
---------------------------------------------------------
clkbuf_3_3__f_ui_in[3]/X                 10     13     -3 (VIOLATED)
clkbuf_3_3__f_ui_in[4]/X                 10     13     -3 (VIOLATED)
clkbuf_3_6__f_ui_in[3]/X                 10     13     -3 (VIOLATED)
clkbuf_3_6__f_ui_in[4]/X                 10     12     -2 (VIOLATED)
clkbuf_3_2__f_ui_in[3]/X                 10     11        (VIOLATED)



===========================================================================
report_parasitic_annotation -report_unannotated
============================================================================
Found 42 unannotated drivers.
 clk
 ena
 uio_in[4]
 uio_in[5]
 uio_in[6]
 uio_in[7]
 clkload0/Y
 clkload1/Y
 clkload10/X
 clkload11/Y
 clkload12/Y
 clkload13/Y
 clkload2/Y
 clkload3/Y
 clkload4/Y
 clkload5/X
 clkload6/Y
 clkload7/Y
 clkload8/Y
 clkload9/Y
 tt_um_openram_top_58/HI
 tt_um_openram_top_59/HI
 tt_um_openram_top_60/HI
 tt_um_openram_top_61/HI
 tt_um_openram_top_62/HI
 tt_um_openram_top_63/HI
 tt_um_openram_top_64/HI
 tt_um_openram_top_65/HI
 tt_um_openram_top_66/HI
 tt_um_openram_top_67/HI
 tt_um_openram_top_68/HI
 tt_um_openram_top_69/HI
 tt_um_openram_top_70/HI
 tt_um_openram_top_71/HI
 tt_um_openram_top_72/HI
 tt_um_openram_top_73/HI
 tt_um_openram_top_74/HI
 tt_um_openram_top_75/HI
 tt_um_openram_top_76/HI
 tt_um_openram_top_77/HI
 tt_um_openram_top_78/HI
 tt_um_openram_top_79/HI
Found 42 partially unannotated drivers.
 uio_in[0]
  SRAM/wmask0[3]
 uio_in[1]
  SRAM/wmask0[2]
 uio_in[2]
  SRAM/wmask0[1]
 uio_in[3]
  SRAM/wmask0[0]
 _501_/Q
  SRAM/addr0[0]
 _503_/Q
  SRAM/addr0[1]
 _505_/Q
  SRAM/addr0[2]
 _507_/Q
  SRAM/addr0[3]
 _509_/Q
  SRAM/addr0[4]
 _511_/Q
  SRAM/addr0[5]
 _513_/Q
  SRAM/din0[0]
 _515_/Q
  SRAM/din0[1]
 _517_/Q
  SRAM/din0[2]
 _519_/Q
  SRAM/din0[3]
 _521_/Q
  SRAM/din0[4]
 _523_/Q
  SRAM/din0[5]
 _525_/Q
  SRAM/din0[6]
 _527_/Q
  SRAM/din0[7]
 _529_/Q
  SRAM/din0[8]
 _531_/Q
  SRAM/din0[9]
 _533_/Q
  SRAM/din0[10]
 _535_/Q
  SRAM/din0[11]
 _537_/Q
  SRAM/din0[12]
 _539_/Q
  SRAM/din0[13]
 _541_/Q
  SRAM/din0[14]
 _543_/Q
  SRAM/din0[15]
 _547_/Q
  SRAM/din0[17]
 _549_/Q
  SRAM/din0[18]
 _551_/Q
  SRAM/din0[19]
 _553_/Q
  SRAM/din0[20]
 _555_/Q
  SRAM/din0[21]
 _557_/Q
  SRAM/din0[22]
 _559_/Q
  SRAM/din0[23]
 _561_/Q
  SRAM/din0[24]
 _563_/Q
  SRAM/din0[25]
 _565_/Q
  SRAM/din0[26]
 _567_/Q
  SRAM/din0[27]
 _569_/Q
  SRAM/din0[28]
 _571_/Q
  SRAM/din0[29]
 _573_/Q
  SRAM/din0[30]
 _575_/Q
  SRAM/din0[31]
 _577_/Q
  SRAM/din0[32]

===========================================================================
max slew violation count 0
max fanout violation count 5
max cap violation count 0
============================================================================

===========================================================================
check_setup -verbose -unconstrained_endpoints -multiple_clock -no_clock -no_input_delay -loops -generated_clocks
===========================================================================
Warning: There are 22 unconstrained endpoints.
  uio_oe[0]
  uio_oe[1]
  uio_oe[2]
  uio_oe[3]
  uio_oe[4]
  uio_oe[5]
  uio_oe[6]
  uio_oe[7]
  uio_out[0]
  uio_out[1]
  uio_out[2]
  uio_out[3]
  uio_out[4]
  uio_out[5]
  uio_out[6]
  uio_out[7]
  uo_out[2]
  uo_out[3]
  uo_out[4]
  uo_out[5]
  uo_out[6]
  uo_out[7]
