Clock: sclka
Sources: ui_in[3] 
Generated: no
Virtual: yes
Propagated: no
Period: 10000.000000

===========================================================================
report_clock_properties
============================================================================
Clock                   Period          Waveform
----------------------------------------------------
sclka               10000.000000    0.0000005000.000000

===========================================================================
report_clock_latency
============================================================================
Clock sclka
rise -> rise
    min     max
0.000000 0.000000 source latency
0.331073         network latency _608_/CLK
        0.371371 network latency _621_/CLK
---------------
0.331073 0.371371 latency
        0.040298 skew

rise -> fall
    min     max
0.000000 0.000000 source latency
0.301139         network latency _631_/CLK
        0.317858 network latency _621_/CLK
---------------
0.301139 0.317858 latency
        0.016719 skew

fall -> fall
    min     max
0.000000 0.000000 source latency
0.288310         network latency _608_/CLK
        0.309228 network latency _618_/CLK
---------------
0.288310 0.309228 latency
        0.020918 skew



===========================================================================
report_clock_min_period
============================================================================
sclka period_min = 1.12 fmax = 891.74
Clock: sclkb
Sources: ui_in[4] 
Generated: no
Virtual: yes
Propagated: no
Period: 10000.000000

===========================================================================
report_clock_properties
============================================================================
Clock                   Period          Waveform
----------------------------------------------------
sclkb               10000.000000    0.0000005000.000000

===========================================================================
report_clock_latency
============================================================================
Clock sclkb
rise -> rise
    min     max
0.000000 0.000000 source latency
0.331073         network latency _608_/CLK
        0.371371 network latency _621_/CLK
---------------
0.331073 0.371371 latency
        0.040298 skew

rise -> fall
    min     max
0.000000 0.000000 source latency
0.288086         network latency _608_/CLK
        0.308811 network latency _618_/CLK
---------------
0.288086 0.308811 latency
        0.020725 skew

fall -> fall
    min     max
0.000000 0.000000 source latency
0.300588         network latency _625_/CLK
        0.317414 network latency _621_/CLK
---------------
0.300588 0.317414 latency
        0.016826 skew



===========================================================================
report_clock_min_period
============================================================================
sclkb period_min = 1.22 fmax = 821.76
